<?xml version="1.0" encoding="UTF-8"?>
<!-- Generated by org.testng.reporters.JUnitReportReporter -->
<testsuite ignored="0" hostname="fc3c13788461" failures="0" tests="2" name="org.artifactory.addon.replication.core.push.incremental.PushReplicationStateManagerTest" time="2.563" errors="0" timestamp="25 Oct 2021 16:10:00 GMT" skipped="0">
  <testcase classname="org.artifactory.addon.replication.core.push.incremental.PushReplicationStateManagerTest" name="testSigChangeByDelete" time="2.561"/>
  <testcase classname="org.artifactory.addon.replication.core.push.incremental.PushReplicationStateManagerTest" name="testSigChangeByIncludePattern" time="0.002"/>
</testsuite> <!-- org.artifactory.addon.replication.core.push.incremental.PushReplicationStateManagerTest -->
