<?xml version="1.0" encoding="UTF-8"?>
<!-- Generated by org.testng.reporters.JUnitReportReporter -->
<testsuite ignored="0" hostname="fc3c13788461" failures="0" tests="3" name="org.artifactory.addon.vcs.repo.expirable.GitResourceIndexCheckerTest" time="0.046" errors="0" timestamp="25 Oct 2021 16:06:00 GMT" skipped="0">
  <testcase classname="org.artifactory.addon.vcs.repo.expirable.GitResourceIndexCheckerTest" name="testBitBucketExpirable" time="0.037"/>
  <testcase classname="org.artifactory.addon.vcs.repo.expirable.GitResourceIndexCheckerTest" name="testGitHubExpirable" time="0.007"/>
  <testcase classname="org.artifactory.addon.vcs.repo.expirable.GitResourceIndexCheckerTest" name="testNotManagedVcsGitProvider" time="0.002"/>
</testsuite> <!-- org.artifactory.addon.vcs.repo.expirable.GitResourceIndexCheckerTest -->
