<?xml version="1.0" encoding="UTF-8"?>
<!-- Generated by org.testng.reporters.JUnitReportReporter -->
<testsuite ignored="0" hostname="fc3c13788461" failures="0" tests="2" name="org.artifactory.addon.webstart.JnlpTransformerTest" time="0.939" errors="0" timestamp="25 Oct 2021 16:03:40 GMT" skipped="0">
  <testcase classname="org.artifactory.addon.webstart.JnlpTransformerTest" name="transformJnlpFileWithNoJnlpHref" time="0.010"/>
  <testcase classname="org.artifactory.addon.webstart.JnlpTransformerTest" name="transformCommonJnlpFile" time="0.929"/>
</testsuite> <!-- org.artifactory.addon.webstart.JnlpTransformerTest -->
