<?xml version="1.0" encoding="UTF-8"?>
<!-- Generated by org.testng.reporters.JUnitReportReporter -->
<testsuite ignored="0" hostname="fc3c13788461" failures="0" tests="6" name="org.artifactory.addon.filestore.type.s3.S3AwsArchiveBinaryProviderTest" time="0.466" errors="0" timestamp="25 Oct 2021 16:05:49 GMT" skipped="0">
  <testcase classname="org.artifactory.addon.filestore.type.s3.S3AwsArchiveBinaryProviderTest" name="doNotSupportsRedirection" time="0.108"/>
  <testcase classname="org.artifactory.addon.filestore.type.s3.S3AwsArchiveBinaryProviderTest" name="testInvalidObjectExpirationProp" time="0.073"/>
  <testcase classname="org.artifactory.addon.filestore.type.s3.S3AwsArchiveBinaryProviderTest" name="testMissedRetrievalTierProp" time="0.054"/>
  <testcase classname="org.artifactory.addon.filestore.type.s3.S3AwsArchiveBinaryProviderTest" name="testInvalidObjectExpirationProp" time="0.079"/>
  <testcase classname="org.artifactory.addon.filestore.type.s3.S3AwsArchiveBinaryProviderTest" name="testDelete" time="0.095"/>
  <testcase classname="org.artifactory.addon.filestore.type.s3.S3AwsArchiveBinaryProviderTest" name="testInvalidRetrievalTierProp" time="0.057"/>
</testsuite> <!-- org.artifactory.addon.filestore.type.s3.S3AwsArchiveBinaryProviderTest -->
