<?xml version="1.0" encoding="UTF-8"?>
<!-- Generated by org.testng.reporters.JUnitReportReporter -->
<testsuite ignored="0" hostname="fc3c13788461" failures="0" tests="30" name="org.artifactory.addon.filestore.multiple.strategy.write.ZoneFreeSpacePercentageWriteStrategyTest" time="19.014" errors="0" timestamp="25 Oct 2021 16:05:38 GMT" skipped="0">
  <testcase classname="org.artifactory.addon.filestore.multiple.strategy.write.ZoneFreeSpacePercentageWriteStrategyTest" name="testGetProvidersWithWriteDisabled" time="0.153"/>
  <testcase classname="org.artifactory.addon.filestore.multiple.strategy.write.ZoneFreeSpacePercentageWriteStrategyTest" name="testGetProvidersWithWriteDisabled" time="0.224"/>
  <testcase classname="org.artifactory.addon.filestore.multiple.strategy.write.ZoneFreeSpacePercentageWriteStrategyTest" name="testGetProvidersWithWriteDisabled" time="0.184"/>
  <testcase classname="org.artifactory.addon.filestore.multiple.strategy.write.ZoneFreeSpacePercentageWriteStrategyTest" name="testGetProviders" time="0.431"/>
  <testcase classname="org.artifactory.addon.filestore.multiple.strategy.write.ZoneFreeSpacePercentageWriteStrategyTest" name="testGetProvidersWithWriteDisabled" time="0.106"/>
  <testcase classname="org.artifactory.addon.filestore.multiple.strategy.write.ZoneFreeSpacePercentageWriteStrategyTest" name="testGetProvidersWithWriteDisabled" time="0.385"/>
  <testcase classname="org.artifactory.addon.filestore.multiple.strategy.write.ZoneFreeSpacePercentageWriteStrategyTest" name="testGetProvidersWithWriteDisabled" time="0.120"/>
  <testcase classname="org.artifactory.addon.filestore.multiple.strategy.write.ZoneFreeSpacePercentageWriteStrategyTest" name="testGetProviders" time="0.073"/>
  <testcase classname="org.artifactory.addon.filestore.multiple.strategy.write.ZoneFreeSpacePercentageWriteStrategyTest" name="testGetProvidersWithWriteDisabled" time="0.317"/>
  <testcase classname="org.artifactory.addon.filestore.multiple.strategy.write.ZoneFreeSpacePercentageWriteStrategyTest" name="testValidation" time="0.077"/>
  <testcase classname="org.artifactory.addon.filestore.multiple.strategy.write.ZoneFreeSpacePercentageWriteStrategyTest" name="testValidation" time="0.026"/>
  <testcase classname="org.artifactory.addon.filestore.multiple.strategy.write.ZoneFreeSpacePercentageWriteStrategyTest" name="testGetProviders" time="0.291"/>
  <testcase classname="org.artifactory.addon.filestore.multiple.strategy.write.ZoneFreeSpacePercentageWriteStrategyTest" name="testGetProvidersWithWriteDisabled" time="0.067"/>
  <testcase classname="org.artifactory.addon.filestore.multiple.strategy.write.ZoneFreeSpacePercentageWriteStrategyTest" name="testGetProviders" time="0.384"/>
  <testcase classname="org.artifactory.addon.filestore.multiple.strategy.write.ZoneFreeSpacePercentageWriteStrategyTest" name="testGetProvidersWithWriteDisabled" time="0.122"/>
  <testcase classname="org.artifactory.addon.filestore.multiple.strategy.write.ZoneFreeSpacePercentageWriteStrategyTest" name="testGetProviders" time="0.102"/>
  <testcase classname="org.artifactory.addon.filestore.multiple.strategy.write.ZoneFreeSpacePercentageWriteStrategyTest" name="testGetProviders" time="0.186"/>
  <testcase classname="org.artifactory.addon.filestore.multiple.strategy.write.ZoneFreeSpacePercentageWriteStrategyTest" name="testGetProvidersWithWriteDisabled" time="0.063"/>
  <testcase classname="org.artifactory.addon.filestore.multiple.strategy.write.ZoneFreeSpacePercentageWriteStrategyTest" name="testGetProviders" time="0.279"/>
  <testcase classname="org.artifactory.addon.filestore.multiple.strategy.write.ZoneFreeSpacePercentageWriteStrategyTest" name="testGetProvidersWithWriteDisabled" time="0.147"/>
  <testcase classname="org.artifactory.addon.filestore.multiple.strategy.write.ZoneFreeSpacePercentageWriteStrategyTest" name="testValidation" time="0.023"/>
  <testcase classname="org.artifactory.addon.filestore.multiple.strategy.write.ZoneFreeSpacePercentageWriteStrategyTest" name="testGetProvidersWithWriteDisabled" time="0.108"/>
  <testcase classname="org.artifactory.addon.filestore.multiple.strategy.write.ZoneFreeSpacePercentageWriteStrategyTest" name="testGetProviders" time="13.618"/>
  <testcase classname="org.artifactory.addon.filestore.multiple.strategy.write.ZoneFreeSpacePercentageWriteStrategyTest" name="testGetProvidersWithWriteDisabled" time="0.110"/>
  <testcase classname="org.artifactory.addon.filestore.multiple.strategy.write.ZoneFreeSpacePercentageWriteStrategyTest" name="testGetProviders" time="0.321"/>
  <testcase classname="org.artifactory.addon.filestore.multiple.strategy.write.ZoneFreeSpacePercentageWriteStrategyTest" name="testGetProviders" time="0.277"/>
  <testcase classname="org.artifactory.addon.filestore.multiple.strategy.write.ZoneFreeSpacePercentageWriteStrategyTest" name="testValidation" time="0.062"/>
  <testcase classname="org.artifactory.addon.filestore.multiple.strategy.write.ZoneFreeSpacePercentageWriteStrategyTest" name="testGetProviders" time="0.364"/>
  <testcase classname="org.artifactory.addon.filestore.multiple.strategy.write.ZoneFreeSpacePercentageWriteStrategyTest" name="testGetProviders" time="0.171"/>
  <testcase classname="org.artifactory.addon.filestore.multiple.strategy.write.ZoneFreeSpacePercentageWriteStrategyTest" name="testGetProviders" time="0.223"/>
</testsuite> <!-- org.artifactory.addon.filestore.multiple.strategy.write.ZoneFreeSpacePercentageWriteStrategyTest -->
