<?xml version="1.0" encoding="UTF-8"?>
<!-- Generated by org.testng.reporters.JUnitReportReporter -->
<testsuite ignored="0" hostname="fc3c13788461" failures="0" tests="5" name="org.artifactory.addon.yum.virtual.merge.YumFilelistsIndexMergerTest" time="7.698" errors="0" timestamp="25 Oct 2021 16:04:40 GMT" skipped="0">
  <testcase classname="org.artifactory.addon.yum.virtual.merge.YumFilelistsIndexMergerTest" name="testMergeTwoTagsOnSameLine" time="0.216"/>
  <testcase classname="org.artifactory.addon.yum.virtual.merge.YumFilelistsIndexMergerTest" name="testMerge" time="1.605"/>
  <testcase classname="org.artifactory.addon.yum.virtual.merge.YumFilelistsIndexMergerTest" name="testReplaceIndexTagOpenerPattern" time="5.751"/>
  <testcase classname="org.artifactory.addon.yum.virtual.merge.YumFilelistsIndexMergerTest" name="testReplaceIndexTagCloserPattern" time="0.052"/>
  <testcase classname="org.artifactory.addon.yum.virtual.merge.YumFilelistsIndexMergerTest" name="testReplaceIndexTagCloserPatternWithNewLine" time="0.074"/>
</testsuite> <!-- org.artifactory.addon.yum.virtual.merge.YumFilelistsIndexMergerTest -->
