<?xml version="1.0" encoding="UTF-8"?>
<!-- Generated by org.testng.reporters.JUnitReportReporter -->
<testsuite ignored="0" hostname="fc3c13788461" failures="0" tests="5" name="org.artifactory.addon.license.strategy.MavenLicenseLocatorStrategyTest" time="2.183" errors="0" timestamp="25 Oct 2021 16:03:53 GMT" skipped="0">
  <testcase classname="org.artifactory.addon.license.strategy.MavenLicenseLocatorStrategyTest" name="pomWithLicenseNoInConfiguredLicensesList" time="0.102"/>
  <testcase classname="org.artifactory.addon.license.strategy.MavenLicenseLocatorStrategyTest" name="pomWithOneLicense" time="1.797"/>
  <testcase classname="org.artifactory.addon.license.strategy.MavenLicenseLocatorStrategyTest" name="pomNameForClassifiersIsOK" time="0.078"/>
  <testcase classname="org.artifactory.addon.license.strategy.MavenLicenseLocatorStrategyTest" name="mavenLicenseLocatorTestWrongModel" time="0.186"/>
  <testcase classname="org.artifactory.addon.license.strategy.MavenLicenseLocatorStrategyTest" name="pomWithNoLicenseInformation" time="0.020"/>
</testsuite> <!-- org.artifactory.addon.license.strategy.MavenLicenseLocatorStrategyTest -->
