<?xml version="1.0" encoding="UTF-8"?>
<!-- Generated by org.testng.reporters.JUnitReportReporter -->
<testsuite ignored="0" hostname="fc3c13788461" failures="0" tests="10" name="org.artifactory.addon.jfevent.service.JfEventServiceImplTest" time="6.512" errors="0" timestamp="25 Oct 2021 16:08:57 GMT" skipped="0">
  <testcase classname="org.artifactory.addon.jfevent.service.JfEventServiceImplTest" name="testInitWithSupportingLicense" time="2.385"/>
  <testcase classname="org.artifactory.addon.jfevent.service.JfEventServiceImplTest" name="testProcessAsyncWhenNotPassingFiltering" time="0.340"/>
  <testcase classname="org.artifactory.addon.jfevent.service.JfEventServiceImplTest" name="testValidateSubscriptionWithOneMatchingValidator" time="0.051"/>
  <testcase classname="org.artifactory.addon.jfevent.service.JfEventServiceImplTest" name="testInitWithNoSupportingLicense" time="0.394"/>
  <testcase classname="org.artifactory.addon.jfevent.service.JfEventServiceImplTest" name="testOnLicenseLoadedWithLicenseInstalled" time="0.091"/>
  <testcase classname="org.artifactory.addon.jfevent.service.JfEventServiceImplTest" name="testOnLicenseLoadedWithNotSupportingLicenseInstalled" time="0.060"/>
  <testcase classname="org.artifactory.addon.jfevent.service.JfEventServiceImplTest" name="testValidateSubscriptionForNonMatchingValidators" time="2.696"/>
  <testcase classname="org.artifactory.addon.jfevent.service.JfEventServiceImplTest" name="testValidateSubscriptionSeveralValidatorsWithErrors" time="0.105"/>
  <testcase classname="org.artifactory.addon.jfevent.service.JfEventServiceImplTest" name="testOnAccessClientBeforeCloseEventWithNoSupportingLicense" time="0.144"/>
  <testcase classname="org.artifactory.addon.jfevent.service.JfEventServiceImplTest" name="testProcessAsyncWhenPassingFiltering" time="0.246"/>
</testsuite> <!-- org.artifactory.addon.jfevent.service.JfEventServiceImplTest -->
