<?xml version="1.0" encoding="UTF-8"?>
<!-- Generated by org.testng.reporters.JUnitReportReporter -->
<testsuite ignored="0" hostname="fc3c13788461" failures="0" tests="8" name="org.artifactory.addon.distribution.strategy.DirectDeployDistributionStrategyTest" time="10.937" errors="0" timestamp="25 Oct 2021 16:07:10 GMT" skipped="0">
  <testcase classname="org.artifactory.addon.distribution.strategy.DirectDeployDistributionStrategyTest" name="testReloadProxyInDeployDistributionStrategy" time="5.541"/>
  <testcase classname="org.artifactory.addon.distribution.strategy.DirectDeployDistributionStrategyTest" name="testDeployCreatedResponse" time="0.372"/>
  <testcase classname="org.artifactory.addon.distribution.strategy.DirectDeployDistributionStrategyTest" name="testWriteToTrafficLog" time="0.075"/>
  <testcase classname="org.artifactory.addon.distribution.strategy.DirectDeployDistributionStrategyTest" name="testDeployBadResponse" time="1.257"/>
  <testcase classname="org.artifactory.addon.distribution.strategy.DirectDeployDistributionStrategyTest" name="testDistributeArtifactViaChecksumDeploy" time="0.122"/>
  <testcase classname="org.artifactory.addon.distribution.strategy.DirectDeployDistributionStrategyTest" name="testDistributeArtifact" time="3.267"/>
  <testcase classname="org.artifactory.addon.distribution.strategy.DirectDeployDistributionStrategyTest" name="testWriteToTrafficLogWrongPath" time="0.122"/>
  <testcase classname="org.artifactory.addon.distribution.strategy.DirectDeployDistributionStrategyTest" name="testDeployCreatedResponseWithoutTrafficLog" time="0.181"/>
</testsuite> <!-- org.artifactory.addon.distribution.strategy.DirectDeployDistributionStrategyTest -->
