<?xml version="1.0" encoding="UTF-8"?>
<!-- Generated by org.testng.reporters.JUnitReportReporter -->
<testsuite ignored="0" hostname="fc3c13788461" failures="0" tests="15" name="org.jfrog.storage.binstore.client.RemoteBinaryProviderTest" time="3.662" errors="0" timestamp="25 Oct 2021 16:05:59 GMT" skipped="0">
  <testcase classname="org.jfrog.storage.binstore.client.RemoteBinaryProviderTest" name="testExecute" time="0.074"/>
  <testcase classname="org.jfrog.storage.binstore.client.RemoteBinaryProviderTest" name="testExecuteWithSkipFederatedHeader" time="0.035"/>
  <testcase classname="org.jfrog.storage.binstore.client.RemoteBinaryProviderTest" name="testExecuteWithSkipFederatedHeader" time="0.011"/>
  <testcase classname="org.jfrog.storage.binstore.client.RemoteBinaryProviderTest" name="testExecute" time="0.053"/>
  <testcase classname="org.jfrog.storage.binstore.client.RemoteBinaryProviderTest" name="testCollectFilesWithRepoKeyHeader" time="0.290"/>
  <testcase classname="org.jfrog.storage.binstore.client.RemoteBinaryProviderTest" name="testExecute" time="0.013"/>
  <testcase classname="org.jfrog.storage.binstore.client.RemoteBinaryProviderTest" name="testClientWithProxy" time="0.555"/>
  <testcase classname="org.jfrog.storage.binstore.client.RemoteBinaryProviderTest" name="testAddStreamInternalWithHeader" time="0.554"/>
  <testcase classname="org.jfrog.storage.binstore.client.RemoteBinaryProviderTest" name="testExecuteWithSkipFederatedHeader" time="0.033"/>
  <testcase classname="org.jfrog.storage.binstore.client.RemoteBinaryProviderTest" name="testExecute" time="0.013"/>
  <testcase classname="org.jfrog.storage.binstore.client.RemoteBinaryProviderTest" name="testClientNoProxy" time="0.216"/>
  <testcase classname="org.jfrog.storage.binstore.client.RemoteBinaryProviderTest" name="testExecute" time="0.512"/>
  <testcase classname="org.jfrog.storage.binstore.client.RemoteBinaryProviderTest" name="testExecuteWithSkipFederatedHeader" time="0.025"/>
  <testcase classname="org.jfrog.storage.binstore.client.RemoteBinaryProviderTest" name="accessClientRenewal" time="1.203"/>
  <testcase classname="org.jfrog.storage.binstore.client.RemoteBinaryProviderTest" name="testExecuteWithSkipFederatedHeader" time="0.075"/>
</testsuite> <!-- org.jfrog.storage.binstore.client.RemoteBinaryProviderTest -->
