<?xml version="1.0" encoding="UTF-8"?>
<!-- Generated by org.testng.reporters.JUnitReportReporter -->
<testsuite ignored="0" hostname="fc3c13788461" failures="0" tests="2" name="org.artifactory.addon.gems.model.GemDependencyEntryTest" time="0.303" errors="0" timestamp="25 Oct 2021 16:05:28 GMT" skipped="0">
  <testcase classname="org.artifactory.addon.gems.model.GemDependencyEntryTest" name="parseDependency" time="0.303"/>
  <testcase classname="org.artifactory.addon.gems.model.GemDependencyEntryTest" name="parseDependencyMultipleValues" time="0.000"/>
</testsuite> <!-- org.artifactory.addon.gems.model.GemDependencyEntryTest -->
