<?xml version="1.0" encoding="UTF-8"?>
<!-- Generated by org.testng.reporters.JUnitReportReporter -->
<testsuite ignored="0" hostname="fc3c13788461" failures="0" tests="8" name="org.artifactory.addon.projects.ProjectStorageQuotaNotificationJobTest" time="2.719" errors="0" timestamp="25 Oct 2021 16:04:18 GMT" skipped="0">
  <testcase classname="org.artifactory.addon.projects.ProjectStorageQuotaNotificationJobTest" name="testOnExecuteAlwaysSoftLimitWhenAol" time="0.102"/>
  <testcase classname="org.artifactory.addon.projects.ProjectStorageQuotaNotificationJobTest" name="testOnExecuteWithExcludingRecentlyNotifiedProject" time="0.044"/>
  <testcase classname="org.artifactory.addon.projects.ProjectStorageQuotaNotificationJobTest" name="testOnExecuteProjectWithSoftLimit" time="0.891"/>
  <testcase classname="org.artifactory.addon.projects.ProjectStorageQuotaNotificationJobTest" name="testOnExecuteWithUnlimitedStorageProjects" time="0.059"/>
  <testcase classname="org.artifactory.addon.projects.ProjectStorageQuotaNotificationJobTest" name="testOnExecuteProjectWithHardLimit" time="1.524"/>
  <testcase classname="org.artifactory.addon.projects.ProjectStorageQuotaNotificationJobTest" name="testOnExecuteForDefaultProject" time="0.039"/>
  <testcase classname="org.artifactory.addon.projects.ProjectStorageQuotaNotificationJobTest" name="testOnExecuteWithoutNotificationEnabledProjects" time="0.030"/>
  <testcase classname="org.artifactory.addon.projects.ProjectStorageQuotaNotificationJobTest" name="testOnExecuteWithNoProjects" time="0.030"/>
</testsuite> <!-- org.artifactory.addon.projects.ProjectStorageQuotaNotificationJobTest -->
