<?xml version="1.0" encoding="UTF-8"?>
<!-- Generated by org.testng.reporters.JUnitReportReporter -->
<testsuite ignored="0" hostname="fc3c13788461" failures="0" tests="9" name="org.artifactory.addon.filestore.type.s3.S3AwsArchiveBinaryProviderExistTest" time="5.066" errors="0" timestamp="25 Oct 2021 16:05:45 GMT" skipped="0">
  <testcase classname="org.artifactory.addon.filestore.type.s3.S3AwsArchiveBinaryProviderExistTest" name="testInvalidIsObjectWarmHeader" time="0.074"/>
  <testcase classname="org.artifactory.addon.filestore.type.s3.S3AwsArchiveBinaryProviderExistTest" name="testExistInWarmStorageWhenObjectInStandardStorage" time="0.152"/>
  <testcase classname="org.artifactory.addon.filestore.type.s3.S3AwsArchiveBinaryProviderExistTest" name="testInvalidIsObjectWarmHeader" time="0.051"/>
  <testcase classname="org.artifactory.addon.filestore.type.s3.S3AwsArchiveBinaryProviderExistTest" name="testExistDefaultBehaviorWhenObjectDoesNotExist" time="3.618"/>
  <testcase classname="org.artifactory.addon.filestore.type.s3.S3AwsArchiveBinaryProviderExistTest" name="testExistInWarmStorageWhenObjectInGlacierAndRestoreCompleted" time="0.686"/>
  <testcase classname="org.artifactory.addon.filestore.type.s3.S3AwsArchiveBinaryProviderExistTest" name="testExistDefaultBehavior" time="0.223"/>
  <testcase classname="org.artifactory.addon.filestore.type.s3.S3AwsArchiveBinaryProviderExistTest" name="testExistInWarmStorageWhenObjectInGlacierAndRestoreInProgress" time="0.090"/>
  <testcase classname="org.artifactory.addon.filestore.type.s3.S3AwsArchiveBinaryProviderExistTest" name="testExistInWarmStorageWhenObjectInGlacierAndRestoreNotInitiated" time="0.104"/>
  <testcase classname="org.artifactory.addon.filestore.type.s3.S3AwsArchiveBinaryProviderExistTest" name="testExistInWarmStorageWhenObjectInUnsupportedStorage" time="0.068"/>
</testsuite> <!-- org.artifactory.addon.filestore.type.s3.S3AwsArchiveBinaryProviderExistTest -->
