<?xml version="1.0" encoding="UTF-8"?>
<!-- Generated by org.testng.reporters.JUnitReportReporter -->
<testsuite ignored="0" hostname="fc3c13788461" failures="0" tests="2" name="org.artifactory.addon.ldap.LdapGroupAddonImplTest" time="2.527" errors="0" timestamp="25 Oct 2021 16:03:33 GMT" skipped="0">
  <testcase classname="org.artifactory.addon.ldap.LdapGroupAddonImplTest" name="importLdapGroupsToArtifactoryExceptionDuringUpdateVerifyNotBreak" time="2.430"/>
  <testcase classname="org.artifactory.addon.ldap.LdapGroupAddonImplTest" name="importLdapGroupsToArtifactoryExceptionDuringCreateVerifyNotBreak" time="0.097"/>
</testsuite> <!-- org.artifactory.addon.ldap.LdapGroupAddonImplTest -->
