<?xml version="1.0" encoding="UTF-8"?>
<!-- Generated by org.testng.reporters.JUnitReportReporter -->
<testsuite ignored="0" hostname="fc3c13788461" failures="0" tests="21" name="org.artifactory.addon.conda.repo.interceptor.CondaMetadataInterceptorTest" time="6.389" errors="0" timestamp="25 Oct 2021 16:07:28 GMT" skipped="0">
  <testcase classname="org.artifactory.addon.conda.repo.interceptor.CondaMetadataInterceptorTest" name="testIsCondaPackageFalse" time="0.002"/>
  <testcase classname="org.artifactory.addon.conda.repo.interceptor.CondaMetadataInterceptorTest" name="shouldTakeActionOnCondaPackage" time="0.342"/>
  <testcase classname="org.artifactory.addon.conda.repo.interceptor.CondaMetadataInterceptorTest" name="testIsRepoDataJsonFalse" time="0.068"/>
  <testcase classname="org.artifactory.addon.conda.repo.interceptor.CondaMetadataInterceptorTest" name="testDeleteCondaPackageCalledAfterDelete" time="0.109"/>
  <testcase classname="org.artifactory.addon.conda.repo.interceptor.CondaMetadataInterceptorTest" name="testAddCondaPackageCalledAfterCreate" time="0.022"/>
  <testcase classname="org.artifactory.addon.conda.repo.interceptor.CondaMetadataInterceptorTest" name="shouldTakeActionOnNonCondaRepo" time="0.038"/>
  <testcase classname="org.artifactory.addon.conda.repo.interceptor.CondaMetadataInterceptorTest" name="testDeleteCondaPackageTriggeredByMove" time="0.012"/>
  <testcase classname="org.artifactory.addon.conda.repo.interceptor.CondaMetadataInterceptorTest" name="testIsRepoDataJsonTrue" time="0.014"/>
  <testcase classname="org.artifactory.addon.conda.repo.interceptor.CondaMetadataInterceptorTest" name="shouldTakeActionOnCondaPackage" time="0.004"/>
  <testcase classname="org.artifactory.addon.conda.repo.interceptor.CondaMetadataInterceptorTest" name="shouldTakeActionOnNullDescriptor" time="0.012"/>
  <testcase classname="org.artifactory.addon.conda.repo.interceptor.CondaMetadataInterceptorTest" name="testRemoveAndAddCondaPackageCalledAfterMove" time="0.007"/>
  <testcase classname="org.artifactory.addon.conda.repo.interceptor.CondaMetadataInterceptorTest" name="shouldTakeActionOnRemoteCondaRepo" time="0.016"/>
  <testcase classname="org.artifactory.addon.conda.repo.interceptor.CondaMetadataInterceptorTest" name="testAddCondaPackageCalledAfterCopy" time="0.219"/>
  <testcase classname="org.artifactory.addon.conda.repo.interceptor.CondaMetadataInterceptorTest" name="testIsRepoDataJsonFalseWithNullInfo" time="0.002"/>
  <testcase classname="org.artifactory.addon.conda.repo.interceptor.CondaMetadataInterceptorTest" name="testAddCondaPackageCalledAfterImport" time="0.005"/>
  <testcase classname="org.artifactory.addon.conda.repo.interceptor.CondaMetadataInterceptorTest" name="testAddCondaPackageCalledAfterCopy" time="0.023"/>
  <testcase classname="org.artifactory.addon.conda.repo.interceptor.CondaMetadataInterceptorTest" name="testIsCondaPackageTrue" time="0.004"/>
  <testcase classname="org.artifactory.addon.conda.repo.interceptor.CondaMetadataInterceptorTest" name="shouldTakeActionOnNonCondaPackage" time="4.578"/>
  <testcase classname="org.artifactory.addon.conda.repo.interceptor.CondaMetadataInterceptorTest" name="testIsRepoDataJsonTrue" time="0.003"/>
  <testcase classname="org.artifactory.addon.conda.repo.interceptor.CondaMetadataInterceptorTest" name="testRemoveAndAddCondaPackageCalledAfterMove" time="0.012"/>
  <testcase classname="org.artifactory.addon.conda.repo.interceptor.CondaMetadataInterceptorTest" name="shouldTakeActionOnRemoteCondaRepo" time="0.897"/>
</testsuite> <!-- org.artifactory.addon.conda.repo.interceptor.CondaMetadataInterceptorTest -->
