<?xml version="1.0" encoding="UTF-8"?>
<!-- Generated by org.testng.reporters.JUnitReportReporter -->
<testsuite ignored="0" hostname="fc3c13788461" failures="0" tests="4" name="org.artifactory.addon.npm.NpmAddonImplTest" time="1.203" errors="0" timestamp="25 Oct 2021 16:09:07 GMT" skipped="0">
  <testcase classname="org.artifactory.addon.npm.NpmAddonImplTest" name="testValidateNpmPackageJson" time="0.012"/>
  <testcase classname="org.artifactory.addon.npm.NpmAddonImplTest" name="testFailMissingNameNpmPackageJson" time="0.484"/>
  <testcase classname="org.artifactory.addon.npm.NpmAddonImplTest" name="testFailOnHtml" time="0.002"/>
  <testcase classname="org.artifactory.addon.npm.NpmAddonImplTest" name="testFailCorruptNpmPackageJsonStructure" time="0.705"/>
</testsuite> <!-- org.artifactory.addon.npm.NpmAddonImplTest -->
