<?xml version="1.0" encoding="UTF-8"?>
<!-- Generated by org.testng.reporters.JUnitReportReporter -->
<testsuite ignored="0" hostname="fc3c13788461" failures="0" tests="4" name="org.artifactory.addon.replication.core.ReplicationServiceImplTest" time="1.494" errors="0" timestamp="25 Oct 2021 16:10:13 GMT" skipped="0">
  <testcase classname="org.artifactory.addon.replication.core.ReplicationServiceImplTest" name="testSeparatedEventsReachingQueueSizeThrows" time="0.036"/>
  <testcase classname="org.artifactory.addon.replication.core.ReplicationServiceImplTest" name="testAggregatedEventsReachingQueueSizeThrows" time="0.059"/>
  <testcase classname="org.artifactory.addon.replication.core.ReplicationServiceImplTest" name="testSeparateEventsProcessedInExecutorSeriallyPerRepo" time="0.940"/>
  <testcase classname="org.artifactory.addon.replication.core.ReplicationServiceImplTest" name="testAggregatedEventsProcessedInExecutorSeriallyPerRepo" time="0.459"/>
</testsuite> <!-- org.artifactory.addon.replication.core.ReplicationServiceImplTest -->
