<?xml version="1.0" encoding="UTF-8"?>
<!-- Generated by org.testng.reporters.JUnitReportReporter -->
<testsuite ignored="0" hostname="fc3c13788461" failures="0" tests="24" name="org.artifactory.addon.conan.interceptor.ConanLocalInterceptorTest" time="10.053" errors="0" timestamp="25 Oct 2021 16:06:42 GMT" skipped="0">
  <testcase classname="org.artifactory.addon.conan.interceptor.ConanLocalInterceptorTest" name="testIsIndexFile" time="0.001"/>
  <testcase classname="org.artifactory.addon.conan.interceptor.ConanLocalInterceptorTest" name="testBeforeCreate" time="0.027"/>
  <testcase classname="org.artifactory.addon.conan.interceptor.ConanLocalInterceptorTest" name="testBeforeCreate" time="0.018"/>
  <testcase classname="org.artifactory.addon.conan.interceptor.ConanLocalInterceptorTest" name="testBeforeCreate" time="9.442"/>
  <testcase classname="org.artifactory.addon.conan.interceptor.ConanLocalInterceptorTest" name="testIsIndexFile" time="0.000"/>
  <testcase classname="org.artifactory.addon.conan.interceptor.ConanLocalInterceptorTest" name="testIsCopyOrMoveAllowed" time="0.009"/>
  <testcase classname="org.artifactory.addon.conan.interceptor.ConanLocalInterceptorTest" name="testBeforeCreate" time="0.275"/>
  <testcase classname="org.artifactory.addon.conan.interceptor.ConanLocalInterceptorTest" name="testIsIndexFile" time="0.001"/>
  <testcase classname="org.artifactory.addon.conan.interceptor.ConanLocalInterceptorTest" name="testBeforeCreate" time="0.033"/>
  <testcase classname="org.artifactory.addon.conan.interceptor.ConanLocalInterceptorTest" name="testIsCopyOrMoveAllowed" time="0.020"/>
  <testcase classname="org.artifactory.addon.conan.interceptor.ConanLocalInterceptorTest" name="testIsCopyOrMoveAllowed" time="0.014"/>
  <testcase classname="org.artifactory.addon.conan.interceptor.ConanLocalInterceptorTest" name="testIsIndexFile" time="0.001"/>
  <testcase classname="org.artifactory.addon.conan.interceptor.ConanLocalInterceptorTest" name="testIsCopyOrMoveAllowed" time="0.004"/>
  <testcase classname="org.artifactory.addon.conan.interceptor.ConanLocalInterceptorTest" name="testBeforeCreate" time="0.018"/>
  <testcase classname="org.artifactory.addon.conan.interceptor.ConanLocalInterceptorTest" name="testIsIndexFile" time="0.014"/>
  <testcase classname="org.artifactory.addon.conan.interceptor.ConanLocalInterceptorTest" name="testIsIndexFile" time="0.000"/>
  <testcase classname="org.artifactory.addon.conan.interceptor.ConanLocalInterceptorTest" name="testIsCopyOrMoveAllowed" time="0.011"/>
  <testcase classname="org.artifactory.addon.conan.interceptor.ConanLocalInterceptorTest" name="testIsIndexFile" time="0.002"/>
  <testcase classname="org.artifactory.addon.conan.interceptor.ConanLocalInterceptorTest" name="testBeforeCreate" time="0.022"/>
  <testcase classname="org.artifactory.addon.conan.interceptor.ConanLocalInterceptorTest" name="testBeforeCreate" time="0.018"/>
  <testcase classname="org.artifactory.addon.conan.interceptor.ConanLocalInterceptorTest" name="testIsIndexFile" time="0.000"/>
  <testcase classname="org.artifactory.addon.conan.interceptor.ConanLocalInterceptorTest" name="testBeforeCreateNonConanRepo" time="0.003"/>
  <testcase classname="org.artifactory.addon.conan.interceptor.ConanLocalInterceptorTest" name="testIsIndexFile" time="0.000"/>
  <testcase classname="org.artifactory.addon.conan.interceptor.ConanLocalInterceptorTest" name="testIsCopyOrMoveAllowed" time="0.120"/>
</testsuite> <!-- org.artifactory.addon.conan.interceptor.ConanLocalInterceptorTest -->
