<?xml version="1.0" encoding="UTF-8"?>
<!-- Generated by org.testng.reporters.JUnitReportReporter -->
<testsuite ignored="0" hostname="fc3c13788461" failures="0" tests="6" name="org.artifactory.addon.conan.ConanCERepoValidationInterceptorTest" time="0.788" errors="0" timestamp="25 Oct 2021 16:03:03 GMT" skipped="0">
  <testcase classname="org.artifactory.addon.conan.ConanCERepoValidationInterceptorTest" name="testCreationWithFederatedRepositoryBeforeSave" time="0.703"/>
  <testcase classname="org.artifactory.addon.conan.ConanCERepoValidationInterceptorTest" name="testCreationOfConanLocalRepositoryOnBeforeSave" time="0.025"/>
  <testcase classname="org.artifactory.addon.conan.ConanCERepoValidationInterceptorTest" name="testCreationOfGenericLocalRepositoryOnBeforeSave" time="0.006"/>
  <testcase classname="org.artifactory.addon.conan.ConanCERepoValidationInterceptorTest" name="testCreationOfMavenRemoteRepositoryOnBeforeSave" time="0.007"/>
  <testcase classname="org.artifactory.addon.conan.ConanCERepoValidationInterceptorTest" name="testCreationOfGenericRemoteRepositoryOnBeforeSave" time="0.002"/>
  <testcase classname="org.artifactory.addon.conan.ConanCERepoValidationInterceptorTest" name="testCreationOfMavenLocalRepositoryOnBeforeSave" time="0.045"/>
</testsuite> <!-- org.artifactory.addon.conan.ConanCERepoValidationInterceptorTest -->
