<?xml version="1.0" encoding="UTF-8"?>
<!-- Generated by org.testng.reporters.JUnitReportReporter -->
<testsuite ignored="0" hostname="fc3c13788461" failures="0" tests="6" name="org.artifactory.addon.ha.SessionRepositoryFactoryTest" time="5.930" errors="0" timestamp="25 Oct 2021 16:11:37 GMT" skipped="0">
  <testcase classname="org.artifactory.addon.ha.SessionRepositoryFactoryTest" name="testDefaultNonHa" time="0.011"/>
  <testcase classname="org.artifactory.addon.ha.SessionRepositoryFactoryTest" name="testDefaultHa" time="0.010"/>
  <testcase classname="org.artifactory.addon.ha.SessionRepositoryFactoryTest" name="testDbHa" time="0.044"/>
  <testcase classname="org.artifactory.addon.ha.SessionRepositoryFactoryTest" name="testJvmHa" time="0.004"/>
  <testcase classname="org.artifactory.addon.ha.SessionRepositoryFactoryTest" name="testIllegalEnumHa" time="5.836"/>
  <testcase classname="org.artifactory.addon.ha.SessionRepositoryFactoryTest" name="testDistributedHa" time="0.025"/>
</testsuite> <!-- org.artifactory.addon.ha.SessionRepositoryFactoryTest -->
