<?xml version="1.0" encoding="UTF-8"?>
<!-- Generated by org.testng.reporters.JUnitReportReporter -->
<testsuite ignored="0" hostname="fc3c13788461" failures="0" tests="8" name="org.artifactory.addon.xray.indexer.XrayEventHandlerImplTest" time="1.524" errors="0" timestamp="25 Oct 2021 16:04:10 GMT" skipped="0">
  <testcase classname="org.artifactory.addon.xray.indexer.XrayEventHandlerImplTest" name="shouldSendRepoEvent" time="0.023"/>
  <testcase classname="org.artifactory.addon.xray.indexer.XrayEventHandlerImplTest" name="testCreateXrayEvents" time="0.076"/>
  <testcase classname="org.artifactory.addon.xray.indexer.XrayEventHandlerImplTest" name="testSendIndexEventXrayProjectsSupportCustomRepoEventSent" time="0.039"/>
  <testcase classname="org.artifactory.addon.xray.indexer.XrayEventHandlerImplTest" name="testSendIndexEventBuildRepoNullEventSent" time="0.481"/>
  <testcase classname="org.artifactory.addon.xray.indexer.XrayEventHandlerImplTest" name="testSendIndexEventXrayNoProjectsSupportCustomRepoNoEventSent" time="0.019"/>
  <testcase classname="org.artifactory.addon.xray.indexer.XrayEventHandlerImplTest" name="testSendIndexEventXrayNoProjectsSupportDefaultRepoEventSent" time="0.039"/>
  <testcase classname="org.artifactory.addon.xray.indexer.XrayEventHandlerImplTest" name="shouldFailToSendNonRepoEvent" time="0.002"/>
  <testcase classname="org.artifactory.addon.xray.indexer.XrayEventHandlerImplTest" name="testEventsShouldNotBeDuplicated" time="0.845"/>
</testsuite> <!-- org.artifactory.addon.xray.indexer.XrayEventHandlerImplTest -->
