<?xml version="1.0" encoding="UTF-8"?>
<!-- Generated by org.testng.reporters.JUnitReportReporter -->
<testsuite ignored="0" hostname="fc3c13788461" failures="0" tests="6" name="org.artifactory.addon.jfevent.service.filter.build.BuildSubscriptionFilterStrategyTest" time="0.098" errors="0" timestamp="25 Oct 2021 16:08:51 GMT" skipped="0">
  <testcase classname="org.artifactory.addon.jfevent.service.filter.build.BuildSubscriptionFilterStrategyTest" name="testMatchesForIncludePatterns" time="0.041"/>
  <testcase classname="org.artifactory.addon.jfevent.service.filter.build.BuildSubscriptionFilterStrategyTest" name="testMatchesForAllConditionsEmpty" time="0.007"/>
  <testcase classname="org.artifactory.addon.jfevent.service.filter.build.BuildSubscriptionFilterStrategyTest" name="testMatchesForAnyBuild" time="0.024"/>
  <testcase classname="org.artifactory.addon.jfevent.service.filter.build.BuildSubscriptionFilterStrategyTest" name="testMatchesForIncludeExcludePatterns" time="0.021"/>
  <testcase classname="org.artifactory.addon.jfevent.service.filter.build.BuildSubscriptionFilterStrategyTest" name="testNotMatchesFilterConfigNull" time="0.002"/>
  <testcase classname="org.artifactory.addon.jfevent.service.filter.build.BuildSubscriptionFilterStrategyTest" name="testMatchesForSelectedBuilds" time="0.003"/>
</testsuite> <!-- org.artifactory.addon.jfevent.service.filter.build.BuildSubscriptionFilterStrategyTest -->
