<?xml version="1.0" encoding="UTF-8"?>
<!-- Generated by org.testng.reporters.JUnitReportReporter -->
<testsuite ignored="0" hostname="fc3c13788461" failures="0" tests="16" name="org.artifactory.addon.vcs.rest.VcsHeadGetTest" time="2.131" errors="0" timestamp="25 Oct 2021 16:06:01 GMT" skipped="0">
  <testcase classname="org.artifactory.addon.vcs.rest.VcsHeadGetTest" name="testDownloadTagFile" time="0.008"/>
  <testcase classname="org.artifactory.addon.vcs.rest.VcsHeadGetTest" name="testDownloadTag" time="0.005"/>
  <testcase classname="org.artifactory.addon.vcs.rest.VcsHeadGetTest" name="testDownloadVcsFile" time="0.014"/>
  <testcase classname="org.artifactory.addon.vcs.rest.VcsHeadGetTest" name="testDownloadCommit" time="0.023"/>
  <testcase classname="org.artifactory.addon.vcs.rest.VcsHeadGetTest" name="testDownloadBranch" time="0.331"/>
  <testcase classname="org.artifactory.addon.vcs.rest.VcsHeadGetTest" name="testDownloadCommit" time="0.004"/>
  <testcase classname="org.artifactory.addon.vcs.rest.VcsHeadGetTest" name="testDownloadTag" time="0.004"/>
  <testcase classname="org.artifactory.addon.vcs.rest.VcsHeadGetTest" name="testDownloadRelease" time="0.007"/>
  <testcase classname="org.artifactory.addon.vcs.rest.VcsHeadGetTest" name="testDownloadBranchFile" time="0.017"/>
  <testcase classname="org.artifactory.addon.vcs.rest.VcsHeadGetTest" name="testDownloadVcsFile" time="1.686"/>
  <testcase classname="org.artifactory.addon.vcs.rest.VcsHeadGetTest" name="testDownloadBranch" time="0.009"/>
  <testcase classname="org.artifactory.addon.vcs.rest.VcsHeadGetTest" name="testDownloadFile" time="0.002"/>
  <testcase classname="org.artifactory.addon.vcs.rest.VcsHeadGetTest" name="testDownloadBranchFile" time="0.008"/>
  <testcase classname="org.artifactory.addon.vcs.rest.VcsHeadGetTest" name="testDownloadFile" time="0.002"/>
  <testcase classname="org.artifactory.addon.vcs.rest.VcsHeadGetTest" name="testDownloadTagFile" time="0.008"/>
  <testcase classname="org.artifactory.addon.vcs.rest.VcsHeadGetTest" name="testDownloadRelease" time="0.003"/>
</testsuite> <!-- org.artifactory.addon.vcs.rest.VcsHeadGetTest -->
