<?xml version="1.0" encoding="UTF-8"?>
<!-- Generated by org.testng.reporters.JUnitReportReporter -->
<testsuite ignored="0" hostname="fc3c13788461" failures="0" tests="7" name="org.artifactory.addon.jfevent.service.validator.SubscriptionArtifactValidatorTest" time="2.027" errors="0" timestamp="25 Oct 2021 16:08:50 GMT" skipped="0">
  <testcase classname="org.artifactory.addon.jfevent.service.validator.SubscriptionArtifactValidatorTest" name="testCanValidateForDomain" time="0.117"/>
  <testcase classname="org.artifactory.addon.jfevent.service.validator.SubscriptionArtifactValidatorTest" name="testValidateWithMismatchedInput" time="0.192"/>
  <testcase classname="org.artifactory.addon.jfevent.service.validator.SubscriptionArtifactValidatorTest" name="testValidateWithNotExistingRepoKeys" time="0.135"/>
  <testcase classname="org.artifactory.addon.jfevent.service.validator.SubscriptionArtifactValidatorTest" name="testCanValidateForUnsupportedDomain" time="0.006"/>
  <testcase classname="org.artifactory.addon.jfevent.service.validator.SubscriptionArtifactValidatorTest" name="testValidateWithProperEventTypes" time="1.568"/>
  <testcase classname="org.artifactory.addon.jfevent.service.validator.SubscriptionArtifactValidatorTest" name="testValidateWithNotImproperCriteriaStructure" time="0.004"/>
  <testcase classname="org.artifactory.addon.jfevent.service.validator.SubscriptionArtifactValidatorTest" name="testValidateWithWrongEventTypes" time="0.005"/>
</testsuite> <!-- org.artifactory.addon.jfevent.service.validator.SubscriptionArtifactValidatorTest -->
