<?xml version="1.0" encoding="UTF-8"?>
<!-- Generated by org.testng.reporters.JUnitReportReporter -->
<testsuite ignored="0" hostname="fc3c13788461" failures="0" tests="13" name="org.artifactory.addon.filestore.eventual.cluster.EventualStorageTest" time="0.201" errors="0" timestamp="25 Oct 2021 16:05:54 GMT" skipped="0">
  <testcase classname="org.artifactory.addon.filestore.eventual.cluster.EventualStorageTest" name="getAndDeleteActionForChecksum" time="0.036"/>
  <testcase classname="org.artifactory.addon.filestore.eventual.cluster.EventualStorageTest" name="getFileByName" time="0.000"/>
  <testcase classname="org.artifactory.addon.filestore.eventual.cluster.EventualStorageTest" name="testAddBinaryQueueFilename" time="0.007"/>
  <testcase classname="org.artifactory.addon.filestore.eventual.cluster.EventualStorageTest" name="getAllActionsSingleChecksum" time="0.011"/>
  <testcase classname="org.artifactory.addon.filestore.eventual.cluster.EventualStorageTest" name="getFileByAction" time="0.001"/>
  <testcase classname="org.artifactory.addon.filestore.eventual.cluster.EventualStorageTest" name="defaultConstructor" time="0.001"/>
  <testcase classname="org.artifactory.addon.filestore.eventual.cluster.EventualStorageTest" name="targetAddPath" time="0.001"/>
  <testcase classname="org.artifactory.addon.filestore.eventual.cluster.EventualStorageTest" name="failedAddStreamCleanupTempFile" time="0.055"/>
  <testcase classname="org.artifactory.addon.filestore.eventual.cluster.EventualStorageTest" name="getAllActionsMultipleChecksums" time="0.066"/>
  <testcase classname="org.artifactory.addon.filestore.eventual.cluster.EventualStorageTest" name="targetDeletePath" time="0.001"/>
  <testcase classname="org.artifactory.addon.filestore.eventual.cluster.EventualStorageTest" name="testDeleteBinaryQueueFilename" time="0.001"/>
  <testcase classname="org.artifactory.addon.filestore.eventual.cluster.EventualStorageTest" name="getAllActionsOnEmptyFileSystem" time="0.001"/>
  <testcase classname="org.artifactory.addon.filestore.eventual.cluster.EventualStorageTest" name="getAllActionsWithoutBadOne" time="0.020"/>
</testsuite> <!-- org.artifactory.addon.filestore.eventual.cluster.EventualStorageTest -->
