<?xml version="1.0" encoding="UTF-8"?>
<!-- Generated by org.testng.reporters.JUnitReportReporter -->
<testsuite ignored="0" hostname="fc3c13788461" failures="0" tests="5" name="org.artifactory.addon.mirror.internal.MirrorServiceUpdateTest" time="21.169" errors="0" timestamp="25 Oct 2021 16:11:19 GMT" skipped="0">
  <testcase classname="org.artifactory.addon.mirror.internal.MirrorServiceUpdateTest" name="testCreate" time="10.236"/>
  <testcase classname="org.artifactory.addon.mirror.internal.MirrorServiceUpdateTest" name="testRemovedFromFederation" time="0.518"/>
  <testcase classname="org.artifactory.addon.mirror.internal.MirrorServiceUpdateTest" name="testUpdateFederation" time="0.207"/>
  <testcase classname="org.artifactory.addon.mirror.internal.MirrorServiceUpdateTest" name="testUpdateByReload" time="9.860"/>
  <testcase classname="org.artifactory.addon.mirror.internal.MirrorServiceUpdateTest" name="testRemovedByReload" time="0.348"/>
</testsuite> <!-- org.artifactory.addon.mirror.internal.MirrorServiceUpdateTest -->
