<?xml version="1.0" encoding="UTF-8"?>
<!-- Generated by org.testng.reporters.JUnitReportReporter -->
<testsuite ignored="0" hostname="fc3c13788461" failures="0" tests="6" name="org.artifactory.addon.RepositoryConfigurationTest" time="9.077" errors="0" timestamp="25 Oct 2021 16:08:13 GMT" skipped="0">
  <testcase classname="org.artifactory.addon.RepositoryConfigurationTest" name="copyConstructorReflectionEqualityRemoteRepository" time="0.299"/>
  <testcase classname="org.artifactory.addon.RepositoryConfigurationTest" name="shouldNotSetGitProviderArtifactoryForConan" time="0.002"/>
  <testcase classname="org.artifactory.addon.RepositoryConfigurationTest" name="copyConstructorReflectionEqualityVirtualRepository" time="6.742"/>
  <testcase classname="org.artifactory.addon.RepositoryConfigurationTest" name="shouldSetGitProviderArtifactoryForCocoaPods" time="0.222"/>
  <testcase classname="org.artifactory.addon.RepositoryConfigurationTest" name="checkChecksumPolicyType" time="0.080"/>
  <testcase classname="org.artifactory.addon.RepositoryConfigurationTest" name="copyConstructorReflectionEqualityLocalRepository" time="1.732"/>
</testsuite> <!-- org.artifactory.addon.RepositoryConfigurationTest -->
