<?xml version="1.0" encoding="UTF-8"?>
<!-- Generated by org.testng.reporters.JUnitReportReporter -->
<testsuite ignored="0" hostname="fc3c13788461" failures="0" tests="4" name="org.artifactory.addon.filestore.eventual.cluster.EventualConfigTest" time="0.016" errors="0" timestamp="25 Oct 2021 16:05:54 GMT" skipped="0">
  <testcase classname="org.artifactory.addon.filestore.eventual.cluster.EventualConfigTest" name="dataDirPrecedesBaseDir" time="0.015"/>
  <testcase classname="org.artifactory.addon.filestore.eventual.cluster.EventualConfigTest" name="dataDirFromBaseDir" time="0.000"/>
  <testcase classname="org.artifactory.addon.filestore.eventual.cluster.EventualConfigTest" name="getDefaultGracePeriod" time="0.000"/>
  <testcase classname="org.artifactory.addon.filestore.eventual.cluster.EventualConfigTest" name="mandatoryDataDir" time="0.001"/>
</testsuite> <!-- org.artifactory.addon.filestore.eventual.cluster.EventualConfigTest -->
