<?xml version="1.0" encoding="UTF-8"?>
<!-- Generated by org.testng.reporters.JUnitReportReporter -->
<testsuite ignored="0" hostname="fc3c13788461" failures="0" tests="2" name="org.artifactory.addon.npm.expirable.NpmIndexCheckerTest" time="1.106" errors="0" timestamp="25 Oct 2021 16:09:05 GMT" skipped="0">
  <testcase classname="org.artifactory.addon.npm.expirable.NpmIndexCheckerTest" name="testsShouldExcludePropertyFromMirroring" time="0.000"/>
  <testcase classname="org.artifactory.addon.npm.expirable.NpmIndexCheckerTest" name="testIsPathExpirable" time="1.106"/>
</testsuite> <!-- org.artifactory.addon.npm.expirable.NpmIndexCheckerTest -->
