<?xml version="1.0" encoding="UTF-8"?>
<!-- Generated by org.testng.reporters.JUnitReportReporter -->
<testsuite ignored="0" hostname="fc3c13788461" failures="0" tests="3" name="org.artifactory.addon.replication.core.filelist.FileListInputStreamProviderTest" time="1.644" errors="0" timestamp="25 Oct 2021 16:09:56 GMT" skipped="0">
  <testcase classname="org.artifactory.addon.replication.core.filelist.FileListInputStreamProviderTest" name="testCreateFileListStreamSaveLocallyDisabled" time="0.047"/>
  <testcase classname="org.artifactory.addon.replication.core.filelist.FileListInputStreamProviderTest" name="testCreateFileListStreamNotEnoughDiskSpace" time="1.582"/>
  <testcase classname="org.artifactory.addon.replication.core.filelist.FileListInputStreamProviderTest" name="testCreateFileListStreamSaveLocally" time="0.015"/>
</testsuite> <!-- org.artifactory.addon.replication.core.filelist.FileListInputStreamProviderTest -->
