<?xml version="1.0" encoding="UTF-8"?>
<!-- Generated by org.testng.reporters.JUnitReportReporter -->
<testsuite ignored="0" hostname="fc3c13788461" failures="0" tests="11" name="org.artifactory.addon.replication.core.remote.runnable.RemoteReplicationFileRunnableTest" time="2.052" errors="0" timestamp="25 Oct 2021 16:10:16 GMT" skipped="0">
  <testcase classname="org.artifactory.addon.replication.core.remote.runnable.RemoteReplicationFileRunnableTest" name="testIsChecksumDeploySuccessfulSuccessful" time="0.080"/>
  <testcase classname="org.artifactory.addon.replication.core.remote.runnable.RemoteReplicationFileRunnableTest" name="testPrepareChecksumDeployRequest" time="0.022"/>
  <testcase classname="org.artifactory.addon.replication.core.remote.runnable.RemoteReplicationFileRunnableTest" name="testHandleFileChecksumDeployMinSizeKb" time="0.118"/>
  <testcase classname="org.artifactory.addon.replication.core.remote.runnable.RemoteReplicationFileRunnableTest" name="testIsChecksumDeploySuccessfulResponseSuccessful" time="0.125"/>
  <testcase classname="org.artifactory.addon.replication.core.remote.runnable.RemoteReplicationFileRunnableTest" name="testIsChecksumDeploySuccessfulResponseUnsuccessful" time="0.045"/>
  <testcase classname="org.artifactory.addon.replication.core.remote.runnable.RemoteReplicationFileRunnableTest" name="testHandleFileChecksumDeploy" time="1.209"/>
  <testcase classname="org.artifactory.addon.replication.core.remote.runnable.RemoteReplicationFileRunnableTest" name="testHandleFileChecksumDeployBinaryNotFound" time="0.168"/>
  <testcase classname="org.artifactory.addon.replication.core.remote.runnable.RemoteReplicationFileRunnableTest" name="testIsChecksumDeploySuccessfulUnsuccessful" time="0.038"/>
  <testcase classname="org.artifactory.addon.replication.core.remote.runnable.RemoteReplicationFileRunnableTest" name="testCanDoChecksumDeployBinaryNotFound" time="0.059"/>
  <testcase classname="org.artifactory.addon.replication.core.remote.runnable.RemoteReplicationFileRunnableTest" name="testCanDoChecksumDeployMinSizeKb" time="0.132"/>
  <testcase classname="org.artifactory.addon.replication.core.remote.runnable.RemoteReplicationFileRunnableTest" name="testIsChecksumDeploySuccessfulException" time="0.056"/>
</testsuite> <!-- org.artifactory.addon.replication.core.remote.runnable.RemoteReplicationFileRunnableTest -->
