<?xml version="1.0" encoding="UTF-8"?>
<!-- Generated by org.testng.reporters.JUnitReportReporter -->
<testsuite ignored="0" hostname="fc3c13788461" failures="0" tests="5" name="org.artifactory.addon.ha.provider.MapProviderTypeEnumTest" time="4.734" errors="0" timestamp="25 Oct 2021 16:11:39 GMT" skipped="0">
  <testcase classname="org.artifactory.addon.ha.provider.MapProviderTypeEnumTest" name="testHaWithUnknownSystemPropertyValue" time="0.080"/>
  <testcase classname="org.artifactory.addon.ha.provider.MapProviderTypeEnumTest" name="testWithoutHaPropertiesFileOssOverrideDefaultValue" time="3.154"/>
  <testcase classname="org.artifactory.addon.ha.provider.MapProviderTypeEnumTest" name="testHaWithoutDefaultMapProvider" time="0.062"/>
  <testcase classname="org.artifactory.addon.ha.provider.MapProviderTypeEnumTest" name="testHaWithSystemPropertyMapProvider" time="1.357"/>
  <testcase classname="org.artifactory.addon.ha.provider.MapProviderTypeEnumTest" name="testWithoutHaPropertiesFileOss" time="0.081"/>
</testsuite> <!-- org.artifactory.addon.ha.provider.MapProviderTypeEnumTest -->
