<?xml version="1.0" encoding="UTF-8"?>
<!-- Generated by org.testng.reporters.JUnitReportReporter -->
<testsuite ignored="0" hostname="fc3c13788461" failures="0" tests="4" name="org.artifactory.addon.filtered.adapters.ArtifactoryTemplateAdapterTest" time="2.553" errors="0" timestamp="25 Oct 2021 16:03:48 GMT" skipped="0">
  <testcase classname="org.artifactory.addon.filtered.adapters.ArtifactoryTemplateAdapterTest" name="testGetNonWhitelistedProperty" time="2.423"/>
  <testcase classname="org.artifactory.addon.filtered.adapters.ArtifactoryTemplateAdapterTest" name="testGetSuccess" time="0.011"/>
  <testcase classname="org.artifactory.addon.filtered.adapters.ArtifactoryTemplateAdapterTest" name="testGetNonWhitelistedClass" time="0.114"/>
  <testcase classname="org.artifactory.addon.filtered.adapters.ArtifactoryTemplateAdapterTest" name="testMethodIsBlackListed" time="0.005"/>
</testsuite> <!-- org.artifactory.addon.filtered.adapters.ArtifactoryTemplateAdapterTest -->
