<?xml version="1.0" encoding="UTF-8"?>
<!-- Generated by org.testng.reporters.JUnitReportReporter -->
<testsuite ignored="0" hostname="fc3c13788461" failures="0" tests="1" name="org.artifactory.addon.debian.DebianCacheCoordinatesServiceTest" time="6.898" errors="0" timestamp="25 Oct 2021 16:08:36 GMT" skipped="0">
  <testcase classname="org.artifactory.addon.debian.DebianCacheCoordinatesServiceTest" name="testCalculateCachedDebianCoordinates" time="6.898"/>
</testsuite> <!-- org.artifactory.addon.debian.DebianCacheCoordinatesServiceTest -->
