<?xml version="1.0" encoding="UTF-8"?>
<!-- Generated by org.testng.reporters.JUnitReportReporter -->
<testsuite ignored="0" hostname="fc3c13788461" failures="0" tests="1" name="org.artifactory.addon.go.repo.remote.fetcher.registry.GoRemoteRegistryFetcherTest" time="1.907" errors="0" timestamp="25 Oct 2021 16:09:29 GMT" skipped="0">
  <testcase classname="org.artifactory.addon.go.repo.remote.fetcher.registry.GoRemoteRegistryFetcherTest" name="testGoRemoteRegistryFetcherTest" time="1.907"/>
</testsuite> <!-- org.artifactory.addon.go.repo.remote.fetcher.registry.GoRemoteRegistryFetcherTest -->
