<?xml version="1.0" encoding="UTF-8"?>
<!-- Generated by org.testng.reporters.JUnitReportReporter -->
<testsuite ignored="0" hostname="fc3c13788461" failures="0" tests="6" name="org.artifactory.addon.debian.interceptor.DebianRepoConfigurationInterceptorTest" time="0.286" errors="0" timestamp="25 Oct 2021 16:08:36 GMT" skipped="0">
  <testcase classname="org.artifactory.addon.debian.interceptor.DebianRepoConfigurationInterceptorTest" name="testOnBeforeSaveVirtualHasNoBadFederatedAssociations" time="0.002"/>
  <testcase classname="org.artifactory.addon.debian.interceptor.DebianRepoConfigurationInterceptorTest" name="testOnBeforeSaveVirtualHasNoBadLocalAssociations" time="0.002"/>
  <testcase classname="org.artifactory.addon.debian.interceptor.DebianRepoConfigurationInterceptorTest" name="testOnBeforeSaveFederatedVirtualWithTrivialLayout" time="0.021"/>
  <testcase classname="org.artifactory.addon.debian.interceptor.DebianRepoConfigurationInterceptorTest" name="testOnBeforeSaveFederatedRepoHasNoBadAssociations" time="0.055"/>
  <testcase classname="org.artifactory.addon.debian.interceptor.DebianRepoConfigurationInterceptorTest" name="testOnBeforeSaveLocalVirtualWithTrivialLayout" time="0.003"/>
  <testcase classname="org.artifactory.addon.debian.interceptor.DebianRepoConfigurationInterceptorTest" name="testOnBeforeSaveLocalRepoHasNoBadAssociations" time="0.203"/>
</testsuite> <!-- org.artifactory.addon.debian.interceptor.DebianRepoConfigurationInterceptorTest -->
