<?xml version="1.0" encoding="UTF-8"?>
<!-- Generated by org.testng.reporters.JUnitReportReporter -->
<testsuite ignored="0" hostname="fc3c13788461" failures="0" tests="2" name="org.artifactory.addon.jfevent.model.payload.BuildPromotedPayloadTest" time="2.565" errors="0" timestamp="25 Oct 2021 16:08:45 GMT" skipped="0">
  <testcase classname="org.artifactory.addon.jfevent.model.payload.BuildPromotedPayloadTest" name="shouldSerializeBuildPayload" time="2.331"/>
  <testcase classname="org.artifactory.addon.jfevent.model.payload.BuildPromotedPayloadTest" name="shouldBuildPayloadProperly" time="0.234"/>
</testsuite> <!-- org.artifactory.addon.jfevent.model.payload.BuildPromotedPayloadTest -->
