<?xml version="1.0" encoding="UTF-8"?>
<!-- Generated by org.testng.reporters.JUnitReportReporter -->
<testsuite ignored="0" hostname="fc3c13788461" failures="0" tests="2" name="org.artifactory.addon.cran.repomd.CranArtifactoryServiceTest" time="7.261" errors="0" timestamp="25 Oct 2021 16:07:24 GMT" skipped="0">
  <testcase classname="org.artifactory.addon.cran.repomd.CranArtifactoryServiceTest" name="testCanWriteWhenOverrideNeeded" time="0.061"/>
  <testcase classname="org.artifactory.addon.cran.repomd.CranArtifactoryServiceTest" name="testCanWrite" time="7.200"/>
</testsuite> <!-- org.artifactory.addon.cran.repomd.CranArtifactoryServiceTest -->
