<?xml version="1.0" encoding="UTF-8"?>
<!-- Generated by org.testng.reporters.JUnitReportReporter -->
<testsuite ignored="0" hostname="fc3c13788461" failures="0" tests="8" name="org.artifactory.addon.replication.core.service.ReplicationEventTypeConverterTest" time="0.007" errors="0" timestamp="25 Oct 2021 16:10:13 GMT" skipped="0">
  <testcase classname="org.artifactory.addon.replication.core.service.ReplicationEventTypeConverterTest" name="testToReplicationEventTypeByEventTypeAndPath" time="0.000"/>
  <testcase classname="org.artifactory.addon.replication.core.service.ReplicationEventTypeConverterTest" name="testToEventTypeByEmptyEnum" time="0.001"/>
  <testcase classname="org.artifactory.addon.replication.core.service.ReplicationEventTypeConverterTest" name="testToEventType" time="0.004"/>
  <testcase classname="org.artifactory.addon.replication.core.service.ReplicationEventTypeConverterTest" name="testToEventTypeByStatsEnum" time="0.002"/>
  <testcase classname="org.artifactory.addon.replication.core.service.ReplicationEventTypeConverterTest" name="testToReplicationEventTypeByNullPath" time="0.000"/>
  <testcase classname="org.artifactory.addon.replication.core.service.ReplicationEventTypeConverterTest" name="testToReplicationEventTypeByNullEnum" time="0.000"/>
  <testcase classname="org.artifactory.addon.replication.core.service.ReplicationEventTypeConverterTest" name="testToEventTypeByNullEnumNullPointerException" time="0.000"/>
  <testcase classname="org.artifactory.addon.replication.core.service.ReplicationEventTypeConverterTest" name="testToReplicationEventTypeByEventInfo" time="0.000"/>
</testsuite> <!-- org.artifactory.addon.replication.core.service.ReplicationEventTypeConverterTest -->
