<?xml version="1.0" encoding="UTF-8"?>
<!-- Generated by org.testng.reporters.JUnitReportReporter -->
<testsuite ignored="0" hostname="fc3c13788461" failures="0" tests="4" name="org.artifactory.addon.xray.client.XrayClientConfigHelperTest" time="3.280" errors="0" timestamp="25 Oct 2021 16:04:12 GMT" skipped="0">
  <testcase classname="org.artifactory.addon.xray.client.XrayClientConfigHelperTest" name="testGetSupportedTypesCacheLocation" time="0.053"/>
  <testcase classname="org.artifactory.addon.xray.client.XrayClientConfigHelperTest" name="testGetSupportedTypesCacheLocation" time="0.037"/>
  <testcase classname="org.artifactory.addon.xray.client.XrayClientConfigHelperTest" name="testGetSupportedTypesCacheLocation" time="3.135"/>
  <testcase classname="org.artifactory.addon.xray.client.XrayClientConfigHelperTest" name="testGetSupportedTypesCacheLocation" time="0.055"/>
</testsuite> <!-- org.artifactory.addon.xray.client.XrayClientConfigHelperTest -->
