<?xml version="1.0" encoding="UTF-8"?>
<!-- Generated by org.testng.reporters.JUnitReportReporter -->
<testsuite ignored="0" hostname="fc3c13788461" failures="0" tests="3" name="org.artifactory.addon.sso.saml.SamlLogoutRequestTest" time="1.062" errors="0" timestamp="25 Oct 2021 16:08:07 GMT" skipped="0">
  <testcase classname="org.artifactory.addon.sso.saml.SamlLogoutRequestTest" name="xmlLogoutRequestGeneration" time="0.122"/>
  <testcase classname="org.artifactory.addon.sso.saml.SamlLogoutRequestTest" name="redirectionLogoutRequestGenerationTest" time="0.221"/>
  <testcase classname="org.artifactory.addon.sso.saml.SamlLogoutRequestTest" name="encodedLogoutRequestGeneration" time="0.719"/>
</testsuite> <!-- org.artifactory.addon.sso.saml.SamlLogoutRequestTest -->
