<?xml version="1.0" encoding="UTF-8"?>
<!-- Generated by org.testng.reporters.JUnitReportReporter -->
<testsuite ignored="0" hostname="fc3c13788461" failures="0" tests="20" name="org.artifactory.addon.federated.federation.UnidirectionalFullReplicationVisitorTest" time="4.527" errors="0" timestamp="25 Oct 2021 16:11:18 GMT" skipped="0">
  <testcase classname="org.artifactory.addon.federated.federation.UnidirectionalFullReplicationVisitorTest" name="localAndRemoteSamePathSameSha2RemoteIsNewer" time="0.118"/>
  <testcase classname="org.artifactory.addon.federated.federation.UnidirectionalFullReplicationVisitorTest" name="sameFilesDifferentPropertiesLocalNewer" time="0.136"/>
  <testcase classname="org.artifactory.addon.federated.federation.UnidirectionalFullReplicationVisitorTest" name="sameFilesDifferentChecksumsAndPropertiesSameModification" time="0.175"/>
  <testcase classname="org.artifactory.addon.federated.federation.UnidirectionalFullReplicationVisitorTest" name="sameFilesDifferentPathAndChecksumsAndPropertiesSameModification" time="0.127"/>
  <testcase classname="org.artifactory.addon.federated.federation.UnidirectionalFullReplicationVisitorTest" name="sameFilesDifferentChecksumsAndPropertiesRemoteNewer" time="0.135"/>
  <testcase classname="org.artifactory.addon.federated.federation.UnidirectionalFullReplicationVisitorTest" name="localAndRemoteDifferentPathLocalNewer" time="1.853"/>
  <testcase classname="org.artifactory.addon.federated.federation.UnidirectionalFullReplicationVisitorTest" name="localAndRemoteDifferentPathRemoteNewer" time="0.238"/>
  <testcase classname="org.artifactory.addon.federated.federation.UnidirectionalFullReplicationVisitorTest" name="localFullRemoteEmpty" time="0.116"/>
  <testcase classname="org.artifactory.addon.federated.federation.UnidirectionalFullReplicationVisitorTest" name="sameContentLocalIsNewer" time="0.153"/>
  <testcase classname="org.artifactory.addon.federated.federation.UnidirectionalFullReplicationVisitorTest" name="localAndRemoteSamePathDifferentSha2LocalIsNewer" time="0.116"/>
  <testcase classname="org.artifactory.addon.federated.federation.UnidirectionalFullReplicationVisitorTest" name="sameFilesDifferentPathAndChecksumsAndPropertiesRemoteIsNewer" time="0.120"/>
  <testcase classname="org.artifactory.addon.federated.federation.UnidirectionalFullReplicationVisitorTest" name="sameFilesDifferentPropertiesRemoteNewer" time="0.112"/>
  <testcase classname="org.artifactory.addon.federated.federation.UnidirectionalFullReplicationVisitorTest" name="sameContentLocalIsRemote" time="0.159"/>
  <testcase classname="org.artifactory.addon.federated.federation.UnidirectionalFullReplicationVisitorTest" name="localAndRemoteSamePathDifferentSha2SameModification" time="0.121"/>
  <testcase classname="org.artifactory.addon.federated.federation.UnidirectionalFullReplicationVisitorTest" name="sameContent" time="0.123"/>
  <testcase classname="org.artifactory.addon.federated.federation.UnidirectionalFullReplicationVisitorTest" name="localAndRemoteSamePathDifferentSha2RemoteIsNewer" time="0.116"/>
  <testcase classname="org.artifactory.addon.federated.federation.UnidirectionalFullReplicationVisitorTest" name="sameFilesDifferentChecksumsAndPropertiesLocalNewer" time="0.135"/>
  <testcase classname="org.artifactory.addon.federated.federation.UnidirectionalFullReplicationVisitorTest" name="sameFilesDifferentPathAndChecksumsAndPropertiesLocalNewer" time="0.228"/>
  <testcase classname="org.artifactory.addon.federated.federation.UnidirectionalFullReplicationVisitorTest" name="sameFilesDifferentPropertiesRemoteAndSameModification" time="0.127"/>
  <testcase classname="org.artifactory.addon.federated.federation.UnidirectionalFullReplicationVisitorTest" name="localAndRemoteDifferentPathSameModification" time="0.119"/>
</testsuite> <!-- org.artifactory.addon.federated.federation.UnidirectionalFullReplicationVisitorTest -->
