<?xml version="1.0" encoding="UTF-8"?>
<!-- Generated by org.testng.reporters.JUnitReportReporter -->
<testsuite ignored="0" hostname="fc3c13788461" failures="0" tests="24" name="org.artifactory.addon.sso.saml.SamlHandlerImplTest" time="19.665" errors="0" timestamp="25 Oct 2021 16:08:19 GMT" skipped="0">
  <testcase classname="org.artifactory.addon.sso.saml.SamlHandlerImplTest" name="testRedirectWithEmptyRelayState" time="0.196"/>
  <testcase classname="org.artifactory.addon.sso.saml.SamlHandlerImplTest" name="userGroupsCaseInsensitiveMap" time="0.014"/>
  <testcase classname="org.artifactory.addon.sso.saml.SamlHandlerImplTest" name="inResponseToPositiveTest" time="0.565"/>
  <testcase classname="org.artifactory.addon.sso.saml.SamlHandlerImplTest" name="testWhenUserEmailChangedThenUserAndLoginDateUpdated" time="0.165"/>
  <testcase classname="org.artifactory.addon.sso.saml.SamlHandlerImplTest" name="testOldFlowCallbackResponseFromIdpWithRelayStateWithoutClientId" time="0.500"/>
  <testcase classname="org.artifactory.addon.sso.saml.SamlHandlerImplTest" name="updateUserGroupsCaseInsensitive" time="0.130"/>
  <testcase classname="org.artifactory.addon.sso.saml.SamlHandlerImplTest" name="noSamlSessionIndex" time="3.407"/>
  <testcase classname="org.artifactory.addon.sso.saml.SamlHandlerImplTest" name="updateUserGroupsUserHasNoGroups" time="0.021"/>
  <testcase classname="org.artifactory.addon.sso.saml.SamlHandlerImplTest" name="testGetServerIdFromLoginId" time="0.012"/>
  <testcase classname="org.artifactory.addon.sso.saml.SamlHandlerImplTest" name="updateUserGroupsUserNotAllGroupsInArtifactory" time="0.011"/>
  <testcase classname="org.artifactory.addon.sso.saml.SamlHandlerImplTest" name="testRedirectWithoutRelayState" time="0.121"/>
  <testcase classname="org.artifactory.addon.sso.saml.SamlHandlerImplTest" name="inResponseToNegativeTest" time="0.922"/>
  <testcase classname="org.artifactory.addon.sso.saml.SamlHandlerImplTest" name="testWhenUserNotChangedOnlyLastLoginDateUpdated" time="0.159"/>
  <testcase classname="org.artifactory.addon.sso.saml.SamlHandlerImplTest" name="testRedirectWithRelayState" time="0.168"/>
  <testcase classname="org.artifactory.addon.sso.saml.SamlHandlerImplTest" name="updateUserGroupsUserHasAdminGroups" time="0.011"/>
  <testcase classname="org.artifactory.addon.sso.saml.SamlHandlerImplTest" name="signedAssertionLoginTest" time="0.465"/>
  <testcase classname="org.artifactory.addon.sso.saml.SamlHandlerImplTest" name="inResponseToNegativeTest" time="9.347"/>
  <testcase classname="org.artifactory.addon.sso.saml.SamlHandlerImplTest" name="testNewFlowCallbackResponseFromIdpWithRelayStateWithClientId" time="1.123"/>
  <testcase classname="org.artifactory.addon.sso.saml.SamlHandlerImplTest" name="testCallbackResponseFromIdpWithoutRelayState" time="0.276"/>
  <testcase classname="org.artifactory.addon.sso.saml.SamlHandlerImplTest" name="testWhenUserRealmChangedThenUserAndLoginDateUpdated" time="0.132"/>
  <testcase classname="org.artifactory.addon.sso.saml.SamlHandlerImplTest" name="testCallbackResponseFromIdpWithInvalidRelayState" time="0.616"/>
  <testcase classname="org.artifactory.addon.sso.saml.SamlHandlerImplTest" name="inResponseToPositiveTest" time="1.270"/>
  <testcase classname="org.artifactory.addon.sso.saml.SamlHandlerImplTest" name="updateUserGroupsUserHasOnlyAdminGroup" time="0.023"/>
  <testcase classname="org.artifactory.addon.sso.saml.SamlHandlerImplTest" name="updateUserGroupsUserWithoutAdminGroups" time="0.011"/>
</testsuite> <!-- org.artifactory.addon.sso.saml.SamlHandlerImplTest -->
