<?xml version="1.0" encoding="UTF-8"?>
<!-- Generated by org.testng.reporters.JUnitReportReporter -->
<testsuite ignored="0" hostname="fc3c13788461" failures="0" tests="12" name="org.artifactory.addon.xray.interceptor.XrayIndexingEventInterceptorTest" time="4.903" errors="0" timestamp="25 Oct 2021 16:04:11 GMT" skipped="0">
  <testcase classname="org.artifactory.addon.xray.interceptor.XrayIndexingEventInterceptorTest" name="testAfterMove" time="0.054"/>
  <testcase classname="org.artifactory.addon.xray.interceptor.XrayIndexingEventInterceptorTest" name="testAfterCopy" time="0.009"/>
  <testcase classname="org.artifactory.addon.xray.interceptor.XrayIndexingEventInterceptorTest" name="testAfterCreate" time="4.528"/>
  <testcase classname="org.artifactory.addon.xray.interceptor.XrayIndexingEventInterceptorTest" name="testAfterCreate" time="0.008"/>
  <testcase classname="org.artifactory.addon.xray.interceptor.XrayIndexingEventInterceptorTest" name="testAfterCreate" time="0.005"/>
  <testcase classname="org.artifactory.addon.xray.interceptor.XrayIndexingEventInterceptorTest" name="testAfterCopy" time="0.175"/>
  <testcase classname="org.artifactory.addon.xray.interceptor.XrayIndexingEventInterceptorTest" name="testAfterCopy" time="0.039"/>
  <testcase classname="org.artifactory.addon.xray.interceptor.XrayIndexingEventInterceptorTest" name="testAfterCopy" time="0.032"/>
  <testcase classname="org.artifactory.addon.xray.interceptor.XrayIndexingEventInterceptorTest" name="testAfterMove" time="0.013"/>
  <testcase classname="org.artifactory.addon.xray.interceptor.XrayIndexingEventInterceptorTest" name="testAfterMove" time="0.006"/>
  <testcase classname="org.artifactory.addon.xray.interceptor.XrayIndexingEventInterceptorTest" name="testAfterCreate" time="0.017"/>
  <testcase classname="org.artifactory.addon.xray.interceptor.XrayIndexingEventInterceptorTest" name="testAfterMove" time="0.017"/>
</testsuite> <!-- org.artifactory.addon.xray.interceptor.XrayIndexingEventInterceptorTest -->
