<?xml version="1.0" encoding="UTF-8"?>
<!-- Generated by org.testng.reporters.JUnitReportReporter -->
<testsuite ignored="0" hostname="fc3c13788461" failures="0" tests="4" name="org.artifactory.addon.ha.manager.HaRoleManagerServiceImplTest" time="5.065" errors="0" timestamp="25 Oct 2021 16:11:39 GMT" skipped="0">
  <testcase classname="org.artifactory.addon.ha.manager.HaRoleManagerServiceImplTest" name="testUpdateAffinityRoleWhenYamlContains" time="4.754"/>
  <testcase classname="org.artifactory.addon.ha.manager.HaRoleManagerServiceImplTest" name="testUpdateAffinityRoleWhenYamlContains" time="0.087"/>
  <testcase classname="org.artifactory.addon.ha.manager.HaRoleManagerServiceImplTest" name="testUpdateAffinityRoleWhenYamlContains" time="0.108"/>
  <testcase classname="org.artifactory.addon.ha.manager.HaRoleManagerServiceImplTest" name="testUpdateAffinityRoleWhenYamlContains" time="0.116"/>
</testsuite> <!-- org.artifactory.addon.ha.manager.HaRoleManagerServiceImplTest -->
