<?xml version="1.0" encoding="UTF-8"?>
<!-- Generated by org.testng.reporters.JUnitReportReporter -->
<testsuite ignored="0" hostname="fc3c13788461" failures="0" tests="2" name="org.artifactory.addon.composer.helpers.Merger.ComposerDownloadPackageMergerTest" time="8.020" errors="0" timestamp="25 Oct 2021 16:09:27 GMT" skipped="0">
  <testcase classname="org.artifactory.addon.composer.helpers.Merger.ComposerDownloadPackageMergerTest" name="testDownloadVcs" time="7.002"/>
  <testcase classname="org.artifactory.addon.composer.helpers.Merger.ComposerDownloadPackageMergerTest" name="testDownloadPackage" time="1.018"/>
</testsuite> <!-- org.artifactory.addon.composer.helpers.Merger.ComposerDownloadPackageMergerTest -->
