<?xml version="1.0" encoding="UTF-8"?>
<!-- Generated by org.testng.reporters.JUnitReportReporter -->
<testsuite ignored="0" hostname="fc3c13788461" failures="0" tests="6" name="org.artifactory.addon.filestore.type.s3.S3AwEndpointBinaryProviderTest" time="7.480" errors="0" timestamp="25 Oct 2021 16:05:53 GMT" skipped="0">
  <testcase classname="org.artifactory.addon.filestore.type.s3.S3AwEndpointBinaryProviderTest" name="testEndpointWithoutPort" time="0.070"/>
  <testcase classname="org.artifactory.addon.filestore.type.s3.S3AwEndpointBinaryProviderTest" name="testEndpointProtocolIgnore" time="0.055"/>
  <testcase classname="org.artifactory.addon.filestore.type.s3.S3AwEndpointBinaryProviderTest" name="testEndpointProtocolIgnore" time="7.134"/>
  <testcase classname="org.artifactory.addon.filestore.type.s3.S3AwEndpointBinaryProviderTest" name="testEndpointProtocolIgnore" time="0.027"/>
  <testcase classname="org.artifactory.addon.filestore.type.s3.S3AwEndpointBinaryProviderTest" name="testEndpointProtocolIgnore" time="0.144"/>
  <testcase classname="org.artifactory.addon.filestore.type.s3.S3AwEndpointBinaryProviderTest" name="testEndpointWithPort" time="0.050"/>
</testsuite> <!-- org.artifactory.addon.filestore.type.s3.S3AwEndpointBinaryProviderTest -->
