<?xml version="1.0" encoding="UTF-8"?>
<!-- Generated by org.testng.reporters.JUnitReportReporter -->
<testsuite ignored="0" hostname="fc3c13788461" failures="0" tests="3" name="org.artifactory.addon.debian.remote.DebianIndexCheckerTest" time="1.024" errors="0" timestamp="25 Oct 2021 16:08:37 GMT" skipped="0">
  <testcase classname="org.artifactory.addon.debian.remote.DebianIndexCheckerTest" name="testIsPathExpirable" time="0.907"/>
  <testcase classname="org.artifactory.addon.debian.remote.DebianIndexCheckerTest" name="testShouldExcludePropertyFromMirroring" time="0.053"/>
  <testcase classname="org.artifactory.addon.debian.remote.DebianIndexCheckerTest" name="testIsLocalGenerated" time="0.064"/>
</testsuite> <!-- org.artifactory.addon.debian.remote.DebianIndexCheckerTest -->
