<?xml version="1.0" encoding="UTF-8"?>
<!-- Generated by org.testng.reporters.JUnitReportReporter -->
<testsuite ignored="0" hostname="fc3c13788461" failures="0" tests="4" name="org.artifactory.addon.yum.interceptor.YumCalculationInterceptorTest" time="2.830" errors="0" timestamp="25 Oct 2021 16:04:31 GMT" skipped="0">
  <testcase classname="org.artifactory.addon.yum.interceptor.YumCalculationInterceptorTest" name="testRpmGroupFile" time="0.002"/>
  <testcase classname="org.artifactory.addon.yum.interceptor.YumCalculationInterceptorTest" name="testNoneCalculatingRepo" time="0.000"/>
  <testcase classname="org.artifactory.addon.yum.interceptor.YumCalculationInterceptorTest" name="testCalculatingRepo" time="2.071"/>
  <testcase classname="org.artifactory.addon.yum.interceptor.YumCalculationInterceptorTest" name="testNoneRpmFile" time="0.757"/>
</testsuite> <!-- org.artifactory.addon.yum.interceptor.YumCalculationInterceptorTest -->
