<?xml version="1.0" encoding="UTF-8"?>
<!-- Generated by org.testng.reporters.JUnitReportReporter -->
<testsuite ignored="0" hostname="fc3c13788461" failures="0" tests="2" name="org.artifactory.addon.support.SupportBundleServiceImplTest" time="2.164" errors="0" timestamp="25 Oct 2021 16:04:03 GMT" skipped="0">
  <testcase classname="org.artifactory.addon.support.SupportBundleServiceImplTest" name="testCollectAndUpload" time="2.072"/>
  <testcase classname="org.artifactory.addon.support.SupportBundleServiceImplTest" name="testGetAliveMicroServices" time="0.092"/>
</testsuite> <!-- org.artifactory.addon.support.SupportBundleServiceImplTest -->
