<?xml version="1.0" encoding="UTF-8"?>
<!-- Generated by org.testng.reporters.JUnitReportReporter -->
<testsuite ignored="0" hostname="fc3c13788461" failures="0" tests="13" name="org.artifactory.addon.nuget.auth.NuGetAuthenticationFilterTest" time="3.149" errors="0" timestamp="25 Oct 2021 16:04:54 GMT" skipped="0">
  <testcase classname="org.artifactory.addon.nuget.auth.NuGetAuthenticationFilterTest" name="testRequiresReAuthenticationClearApiKeyHeaderAndDifferentExistingPrincipal" time="0.016"/>
  <testcase classname="org.artifactory.addon.nuget.auth.NuGetAuthenticationFilterTest" name="testAcceptFilterBase64ApiKeyHeader" time="0.243"/>
  <testcase classname="org.artifactory.addon.nuget.auth.NuGetAuthenticationFilterTest" name="testDoFilterNoApiKeyHeader" time="0.003"/>
  <testcase classname="org.artifactory.addon.nuget.auth.NuGetAuthenticationFilterTest" name="testDoFilterBase64ApiKeyHeader" time="0.033"/>
  <testcase classname="org.artifactory.addon.nuget.auth.NuGetAuthenticationFilterTest" name="testAcceptFilterNoApiKeyHeader" time="0.008"/>
  <testcase classname="org.artifactory.addon.nuget.auth.NuGetAuthenticationFilterTest" name="testAcceptFilterClearApiKeyHeader" time="0.008"/>
  <testcase classname="org.artifactory.addon.nuget.auth.NuGetAuthenticationFilterTest" name="testDoFilterClearApiKeyHeader" time="0.003"/>
  <testcase classname="org.artifactory.addon.nuget.auth.NuGetAuthenticationFilterTest" name="testRequiresReAuthenticationBase64ApiKeyHeaderAndEmptyExistingPrincipal" time="0.014"/>
  <testcase classname="org.artifactory.addon.nuget.auth.NuGetAuthenticationFilterTest" name="testRequiresReAuthenticationBase64ApiKeyHeaderAndSameExistingPrincipal" time="0.014"/>
  <testcase classname="org.artifactory.addon.nuget.auth.NuGetAuthenticationFilterTest" name="testRequiresReAuthenticationBase64ApiKeyHeaderAndDifferentExistingPrincipal" time="0.082"/>
  <testcase classname="org.artifactory.addon.nuget.auth.NuGetAuthenticationFilterTest" name="testRequiresReAuthenticationClearApiKeyHeaderAndSameExistingPrincipal" time="0.012"/>
  <testcase classname="org.artifactory.addon.nuget.auth.NuGetAuthenticationFilterTest" name="testRequiresReAuthenticationClearApiKeyHeaderAndEmptyExistingPrincipal" time="2.701"/>
  <testcase classname="org.artifactory.addon.nuget.auth.NuGetAuthenticationFilterTest" name="testRequiresReAuthenticationNoApiKeyHeader" time="0.012"/>
</testsuite> <!-- org.artifactory.addon.nuget.auth.NuGetAuthenticationFilterTest -->
