<?xml version="1.0" encoding="UTF-8"?>
<!-- Generated by org.testng.reporters.JUnitReportReporter -->
<testsuite ignored="0" hostname="fc3c13788461" failures="0" tests="2" name="org.artifactory.addon.alpine.repo.AlpineIndexCheckerTest" time="0.125" errors="0" timestamp="25 Oct 2021 16:07:35 GMT" skipped="0">
  <testcase classname="org.artifactory.addon.alpine.repo.AlpineIndexCheckerTest" name="testShouldExcludePropertyFromMirroring" time="0.000"/>
  <testcase classname="org.artifactory.addon.alpine.repo.AlpineIndexCheckerTest" name="testIsMetaData" time="0.125"/>
</testsuite> <!-- org.artifactory.addon.alpine.repo.AlpineIndexCheckerTest -->
