<?xml version="1.0" encoding="UTF-8"?>
<!-- Generated by org.testng.reporters.JUnitReportReporter -->
<testsuite ignored="0" hostname="fc3c13788461" failures="0" tests="4" name="org.artifactory.support.core.collectors.configfiles.SupportBundleCollectorServiceImplTest" time="0.049" errors="0" timestamp="25 Oct 2021 16:04:01 GMT" skipped="0">
  <testcase classname="org.artifactory.support.core.collectors.configfiles.SupportBundleCollectorServiceImplTest" name="verifyInvalidAzureBinaryStore" time="0.005"/>
  <testcase classname="org.artifactory.support.core.collectors.configfiles.SupportBundleCollectorServiceImplTest" name="verifyValidAzureBinaryStore" time="0.004"/>
  <testcase classname="org.artifactory.support.core.collectors.configfiles.SupportBundleCollectorServiceImplTest" name="verifyInvalidAwsBinaryStore" time="0.037"/>
  <testcase classname="org.artifactory.support.core.collectors.configfiles.SupportBundleCollectorServiceImplTest" name="verifyValidAwsBinaryStore" time="0.003"/>
</testsuite> <!-- org.artifactory.support.core.collectors.configfiles.SupportBundleCollectorServiceImplTest -->
