<?xml version="1.0" encoding="UTF-8"?>
<!-- Generated by org.testng.reporters.JUnitReportReporter -->
<testsuite ignored="0" hostname="fc3c13788461" failures="0" tests="4" name="org.artifactory.addon.yum.virtual.index.YumVirtualIndexesCollectorTest" time="3.808" errors="0" timestamp="25 Oct 2021 16:04:39 GMT" skipped="0">
  <testcase classname="org.artifactory.addon.yum.virtual.index.YumVirtualIndexesCollectorTest" name="testAcceptHeaderPresence" time="0.174"/>
  <testcase classname="org.artifactory.addon.yum.virtual.index.YumVirtualIndexesCollectorTest" name="collectorSkipsRepoWhenSingleIndexIsMissing" time="0.405"/>
  <testcase classname="org.artifactory.addon.yum.virtual.index.YumVirtualIndexesCollectorTest" name="testCollection" time="1.920"/>
  <testcase classname="org.artifactory.addon.yum.virtual.index.YumVirtualIndexesCollectorTest" name="noCollectionWhenOnlyOneResult" time="1.309"/>
</testsuite> <!-- org.artifactory.addon.yum.virtual.index.YumVirtualIndexesCollectorTest -->
