<?xml version="1.0" encoding="UTF-8"?>
<!-- Generated by org.testng.reporters.JUnitReportReporter -->
<testsuite ignored="0" hostname="fc3c13788461" failures="0" tests="6" name="org.artifactory.addon.filestore.type.s3.S3AwsArchiveBinaryProviderGetStreamTest" time="7.052" errors="0" timestamp="25 Oct 2021 16:05:48 GMT" skipped="0">
  <testcase classname="org.artifactory.addon.filestore.type.s3.S3AwsArchiveBinaryProviderGetStreamTest" name="testGetSteamWhenObjectInGlacierAndRestoreNotInitiatedOrInProgress" time="1.991"/>
  <testcase classname="org.artifactory.addon.filestore.type.s3.S3AwsArchiveBinaryProviderGetStreamTest" name="testTriggerRestoreWhenObjectInGlacierAndRestoreNotInitiatedOrAlreadyRestored" time="0.222"/>
  <testcase classname="org.artifactory.addon.filestore.type.s3.S3AwsArchiveBinaryProviderGetStreamTest" name="testTriggerRestoreWhenObjectInStandardStorage" time="0.101"/>
  <testcase classname="org.artifactory.addon.filestore.type.s3.S3AwsArchiveBinaryProviderGetStreamTest" name="testInvalidInitiateRestoreHeader" time="0.056"/>
  <testcase classname="org.artifactory.addon.filestore.type.s3.S3AwsArchiveBinaryProviderGetStreamTest" name="testInvalidInitiateRestoreHeader" time="4.102"/>
  <testcase classname="org.artifactory.addon.filestore.type.s3.S3AwsArchiveBinaryProviderGetStreamTest" name="testGetStreamDefaultBehavior" time="0.580"/>
</testsuite> <!-- org.artifactory.addon.filestore.type.s3.S3AwsArchiveBinaryProviderGetStreamTest -->
