<?xml version="1.0" encoding="UTF-8"?>
<!-- Generated by org.testng.reporters.JUnitReportReporter -->
<testsuite ignored="0" hostname="fc3c13788461" failures="0" tests="5" name="org.artifactory.addon.federated.FederatedRepoMirrorCallBackOnBeforeTest" time="3.396" errors="0" timestamp="25 Oct 2021 16:11:17 GMT" skipped="0">
  <testcase classname="org.artifactory.addon.federated.FederatedRepoMirrorCallBackOnBeforeTest" name="testOnBeforeSaveWhenNewBaseUrlIsRemoved" time="3.173"/>
  <testcase classname="org.artifactory.addon.federated.FederatedRepoMirrorCallBackOnBeforeTest" name="testOnBeforeSaveWhenOldBaseArtifactoryContextIsRemoved" time="0.024"/>
  <testcase classname="org.artifactory.addon.federated.FederatedRepoMirrorCallBackOnBeforeTest" name="testOnBeforeSaveWhenOldBaseArtifactoryContextIsAdded" time="0.107"/>
  <testcase classname="org.artifactory.addon.federated.FederatedRepoMirrorCallBackOnBeforeTest" name="testOnBeforeSaveWhenOldBaseUrlIsNotChanged" time="0.011"/>
  <testcase classname="org.artifactory.addon.federated.FederatedRepoMirrorCallBackOnBeforeTest" name="testOnBeforeSaveWhenOldBaseUrlIsChanged" time="0.081"/>
</testsuite> <!-- org.artifactory.addon.federated.FederatedRepoMirrorCallBackOnBeforeTest -->
