<?xml version="1.0" encoding="UTF-8"?>
<!-- Generated by org.testng.reporters.JUnitReportReporter -->
<testsuite ignored="0" hostname="fc3c13788461" failures="0" tests="6" name="org.artifactory.ldap.LdapGroupAttributeHelperTest" time="0.490" errors="0" timestamp="25 Oct 2021 16:03:30 GMT" skipped="0">
  <testcase classname="org.artifactory.ldap.LdapGroupAttributeHelperTest" name="extractGroupNameFromDnEmpty" time="0.017"/>
  <testcase classname="org.artifactory.ldap.LdapGroupAttributeHelperTest" name="extractGroupNameFromDnMalformed" time="0.000"/>
  <testcase classname="org.artifactory.ldap.LdapGroupAttributeHelperTest" name="getDnFromRealmAttributes" time="0.005"/>
  <testcase classname="org.artifactory.ldap.LdapGroupAttributeHelperTest" name="getDnFromRealmAttributesMalformed" time="0.000"/>
  <testcase classname="org.artifactory.ldap.LdapGroupAttributeHelperTest" name="extractGroupNameFromDn" time="0.455"/>
  <testcase classname="org.artifactory.ldap.LdapGroupAttributeHelperTest" name="getDnFromRealmAttributesEmpty" time="0.013"/>
</testsuite> <!-- org.artifactory.ldap.LdapGroupAttributeHelperTest -->
