<?xml version="1.0" encoding="UTF-8"?>
<!-- Generated by org.testng.reporters.JUnitReportReporter -->
<testsuite ignored="1" hostname="fc3c13788461" failures="0" tests="10" name="org.artifactory.addon.docker.DockerHttpRepoTest" time="0.803" errors="0" timestamp="25 Oct 2021 16:05:04 GMT" skipped="0">
  <testcase classname="org.artifactory.addon.docker.DockerHttpRepoTest" name="testReturnUnfoundResource" time="0.026"/>
  <testcase classname="org.artifactory.addon.docker.DockerHttpRepoTest" name="testReturnUnfoundResource" time="0.044"/>
  <testcase classname="org.artifactory.addon.docker.DockerHttpRepoTest" name="testSuffixCreateHttpClient" time="0.239"/>
  <testcase classname="org.artifactory.addon.docker.DockerHttpRepoTest" name="testReturnUnfoundResource" time="0.022"/>
  <testcase classname="org.artifactory.addon.docker.DockerHttpRepoTest" name="testReturnUnfoundResource" time="0.022"/>
  <testcase classname="org.artifactory.addon.docker.DockerHttpRepoTest" name="testReturnUnfoundResource" time="0.017"/>
  <testcase classname="org.artifactory.addon.docker.DockerHttpRepoTest" name="testReturnUnfoundResource" time="0.028"/>
  <testcase classname="org.artifactory.addon.docker.DockerHttpRepoTest" name="testReturnUnfoundResource" time="0.019"/>
  <testcase classname="org.artifactory.addon.docker.DockerHttpRepoTest" name="testReturnUnfoundResource" time="0.359"/>
  <testcase classname="org.artifactory.addon.docker.DockerHttpRepoTest" name="testReturnUnfoundResource" time="0.027"/>
  <testcase classname="org.artifactory.addon.docker.indexer.CatalogIndexWorkItemTest" name="testDupWorkItemsHandledOnlyOnceMultithreaded">
    <skipped/>
  </testcase> <!-- testDupWorkItemsHandledOnlyOnceMultithreaded -->
</testsuite> <!-- org.artifactory.addon.docker.DockerHttpRepoTest -->
