<?xml version="1.0" encoding="UTF-8"?>
<!-- Generated by org.testng.reporters.JUnitReportReporter -->
<testsuite ignored="0" hostname="fc3c13788461" failures="0" tests="29" name="org.artifactory.addon.aol.ConfigurationChangesValidationInterceptorTest" time="6.437" errors="0" timestamp="25 Oct 2021 16:11:54 GMT" skipped="0">
  <testcase classname="org.artifactory.addon.aol.ConfigurationChangesValidationInterceptorTest" name="testSamlProviderSettingsDisabledWithPropertyInConfig" time="0.046"/>
  <testcase classname="org.artifactory.addon.aol.ConfigurationChangesValidationInterceptorTest" name="testAolConfigurationWithReverseProxy" time="0.043"/>
  <testcase classname="org.artifactory.addon.aol.ConfigurationChangesValidationInterceptorTest" name="testSamlProviderSettingsDisabled" time="0.029"/>
  <testcase classname="org.artifactory.addon.aol.ConfigurationChangesValidationInterceptorTest" name="testDisableIntegrationIfNotAllowedByConstantValues" time="0.048"/>
  <testcase classname="org.artifactory.addon.aol.ConfigurationChangesValidationInterceptorTest" name="testDisableIntegrationSettingsForAddonIfNotAllowedNonBlockedSubscription" time="0.030"/>
  <testcase classname="org.artifactory.addon.aol.ConfigurationChangesValidationInterceptorTest" name="testHasSubscriptionChanged" time="0.013"/>
  <testcase classname="org.artifactory.addon.aol.ConfigurationChangesValidationInterceptorTest" name="testIsUpdateSystemPropertiesAllowed" time="0.016"/>
  <testcase classname="org.artifactory.addon.aol.ConfigurationChangesValidationInterceptorTest" name="testOAuthProviderSettingsUnchanged" time="3.661"/>
  <testcase classname="org.artifactory.addon.aol.ConfigurationChangesValidationInterceptorTest" name="testOAuthProviderSettingsDisabled" time="0.051"/>
  <testcase classname="org.artifactory.addon.aol.ConfigurationChangesValidationInterceptorTest" name="testOnContextCreatedNonDefaultAddons" time="0.013"/>
  <testcase classname="org.artifactory.addon.aol.ConfigurationChangesValidationInterceptorTest" name="testDisableIntegrationSettingsForAddonIfNotAllowedBlockedSubscription" time="1.860"/>
  <testcase classname="org.artifactory.addon.aol.ConfigurationChangesValidationInterceptorTest" name="testIsPartOfBlockedSubscription" time="0.039"/>
  <testcase classname="org.artifactory.addon.aol.ConfigurationChangesValidationInterceptorTest" name="testSetSystemProperties" time="0.027"/>
  <testcase classname="org.artifactory.addon.aol.ConfigurationChangesValidationInterceptorTest" name="testSamlProviderSettingsUnchanged" time="0.013"/>
  <testcase classname="org.artifactory.addon.aol.ConfigurationChangesValidationInterceptorTest" name="testCrowdProviderSettingsUnchanged" time="0.054"/>
  <testcase classname="org.artifactory.addon.aol.ConfigurationChangesValidationInterceptorTest" name="testAolConfigurationSecondRun" time="0.041"/>
  <testcase classname="org.artifactory.addon.aol.ConfigurationChangesValidationInterceptorTest" name="testOAuthProviderSettingsDisabledWithPropertyInConfig" time="0.037"/>
  <testcase classname="org.artifactory.addon.aol.ConfigurationChangesValidationInterceptorTest" name="testCrowdProviderSettingsUnchanged" time="0.044"/>
  <testcase classname="org.artifactory.addon.aol.ConfigurationChangesValidationInterceptorTest" name="httpSsoFlagIsTrueTest" time="0.019"/>
  <testcase classname="org.artifactory.addon.aol.ConfigurationChangesValidationInterceptorTest" name="testSendDockerEventForAllRepoTypes" time="0.040"/>
  <testcase classname="org.artifactory.addon.aol.ConfigurationChangesValidationInterceptorTest" name="testSamlProviderSettingsUnchanged" time="0.032"/>
  <testcase classname="org.artifactory.addon.aol.ConfigurationChangesValidationInterceptorTest" name="testOAuthProviderSettingsUnchanged" time="0.040"/>
  <testcase classname="org.artifactory.addon.aol.ConfigurationChangesValidationInterceptorTest" name="testCrowdProviderSettingsDisabledWithPropertyInConfig" time="0.036"/>
  <testcase classname="org.artifactory.addon.aol.ConfigurationChangesValidationInterceptorTest" name="testShouldBlockBySubscription" time="0.053"/>
  <testcase classname="org.artifactory.addon.aol.ConfigurationChangesValidationInterceptorTest" name="testCrowdProviderSettingsDisabled" time="0.024"/>
  <testcase classname="org.artifactory.addon.aol.ConfigurationChangesValidationInterceptorTest" name="testDisableIntegrationSettingsNonBlockedSubscriptionFromConstantValues" time="0.034"/>
  <testcase classname="org.artifactory.addon.aol.ConfigurationChangesValidationInterceptorTest" name="testAolConfigurationFirstRun" time="0.023"/>
  <testcase classname="org.artifactory.addon.aol.ConfigurationChangesValidationInterceptorTest" name="httpSsoFlagIsFalseTest" time="0.054"/>
  <testcase classname="org.artifactory.addon.aol.ConfigurationChangesValidationInterceptorTest" name="testOnContextCreated" time="0.017"/>
</testsuite> <!-- org.artifactory.addon.aol.ConfigurationChangesValidationInterceptorTest -->
