<?xml version="1.0" encoding="UTF-8"?>
<!-- Generated by org.testng.reporters.JUnitReportReporter -->
<testsuite ignored="0" hostname="fc3c13788461" failures="0" tests="6" name="org.artifactory.addon.rest.reverseproxy.TemplateProviderTest" time="11.902" errors="0" timestamp="25 Oct 2021 16:08:17 GMT" skipped="0">
  <testcase classname="org.artifactory.addon.rest.reverseproxy.TemplateProviderTest" name="testNginxTemplateSubDomainWithRouter" time="0.098"/>
  <testcase classname="org.artifactory.addon.rest.reverseproxy.TemplateProviderTest" name="testApacheTemplateSubDomainWithRouter" time="0.142"/>
  <testcase classname="org.artifactory.addon.rest.reverseproxy.TemplateProviderTest" name="testNginxTemplateSubDomainWithRouter" time="7.361"/>
  <testcase classname="org.artifactory.addon.rest.reverseproxy.TemplateProviderTest" name="testApacheDockerPort" time="4.062"/>
  <testcase classname="org.artifactory.addon.rest.reverseproxy.TemplateProviderTest" name="testApacheTemplateSubDomainWithRouter" time="0.190"/>
  <testcase classname="org.artifactory.addon.rest.reverseproxy.TemplateProviderTest" name="testNginxDockerPort" time="0.049"/>
</testsuite> <!-- org.artifactory.addon.rest.reverseproxy.TemplateProviderTest -->
