<?xml version="1.0" encoding="UTF-8"?>
<!-- Generated by org.testng.reporters.JUnitReportReporter -->
<testsuite ignored="0" hostname="fc3c13788461" failures="0" tests="1" name="org.artifactory.addon.helm.PathUniqueArtifactTest" time="0.911" errors="0" timestamp="25 Oct 2021 16:06:51 GMT" skipped="0">
  <testcase classname="org.artifactory.addon.helm.PathUniqueArtifactTest" name="testUniquePathArtifact" time="0.911"/>
</testsuite> <!-- org.artifactory.addon.helm.PathUniqueArtifactTest -->
