<?xml version="1.0" encoding="UTF-8"?>
<!-- Generated by org.testng.reporters.JUnitReportReporter -->
<testsuite ignored="0" hostname="fc3c13788461" failures="0" tests="7" name="org.artifactory.addon.gems.GemsServiceTest" time="1.369" errors="0" timestamp="25 Oct 2021 16:05:41 GMT" skipped="0">
  <testcase classname="org.artifactory.addon.gems.GemsServiceTest" name="testCalculateEtags" time="0.416"/>
  <testcase classname="org.artifactory.addon.gems.GemsServiceTest" name="testPackageInfoChecksums" time="0.032"/>
  <testcase classname="org.artifactory.addon.gems.GemsServiceTest" name="testCalculatePackageInfo" time="0.060"/>
  <testcase classname="org.artifactory.addon.gems.GemsServiceTest" name="testUpdateEtags" time="0.264"/>
  <testcase classname="org.artifactory.addon.gems.GemsServiceTest" name="testCalculateRepositoryInfo" time="0.014"/>
  <testcase classname="org.artifactory.addon.gems.GemsServiceTest" name="testEtags" time="0.407"/>
  <testcase classname="org.artifactory.addon.gems.GemsServiceTest" name="testUpdateRepositoryInfo" time="0.176"/>
</testsuite> <!-- org.artifactory.addon.gems.GemsServiceTest -->
