<?xml version="1.0" encoding="UTF-8"?>
<!-- Generated by org.testng.reporters.JUnitReportReporter -->
<testsuite ignored="0" hostname="fc3c13788461" failures="0" tests="46" name="org.artifactory.addon.federated.FederatedRepoMirrorCallbackImplTest" time="13.774" errors="0" timestamp="25 Oct 2021 16:11:22 GMT" skipped="0">
  <testcase classname="org.artifactory.addon.federated.FederatedRepoMirrorCallbackImplTest" name="testFederatedRepoUrlBaseOrDefault" time="0.003"/>
  <testcase classname="org.artifactory.addon.federated.FederatedRepoMirrorCallbackImplTest" name="testIsFullSyncEnabled" time="0.026"/>
  <testcase classname="org.artifactory.addon.federated.FederatedRepoMirrorCallbackImplTest" name="testPropsWithError" time="0.021"/>
  <testcase classname="org.artifactory.addon.federated.FederatedRepoMirrorCallbackImplTest" name="testOnBeforeSaveAndModificationDateUpdateWhenNewRepoIsAdded" time="0.041"/>
  <testcase classname="org.artifactory.addon.federated.FederatedRepoMirrorCallbackImplTest" name="testInitWithMembers" time="7.180"/>
  <testcase classname="org.artifactory.addon.federated.FederatedRepoMirrorCallbackImplTest" name="testHandleNewEvent" time="0.014"/>
  <testcase classname="org.artifactory.addon.federated.FederatedRepoMirrorCallbackImplTest" name="testIsFullSyncEnabled" time="0.005"/>
  <testcase classname="org.artifactory.addon.federated.FederatedRepoMirrorCallbackImplTest" name="testUploadWithErrorStatusCodeBothChecksumAndNonChecksumDeploy" time="0.040"/>
  <testcase classname="org.artifactory.addon.federated.FederatedRepoMirrorCallbackImplTest" name="testValidateMessageError" time="0.063"/>
  <testcase classname="org.artifactory.addon.federated.FederatedRepoMirrorCallbackImplTest" name="testHandleNewEvent" time="0.040"/>
  <testcase classname="org.artifactory.addon.federated.FederatedRepoMirrorCallbackImplTest" name="testUploadWithErrorStatusCodeOnChecksumDeploy" time="0.032"/>
  <testcase classname="org.artifactory.addon.federated.FederatedRepoMirrorCallbackImplTest" name="testEventsFilter" time="0.987"/>
  <testcase classname="org.artifactory.addon.federated.FederatedRepoMirrorCallbackImplTest" name="testHandleQueueEvent" time="0.017"/>
  <testcase classname="org.artifactory.addon.federated.FederatedRepoMirrorCallbackImplTest" name="testUpdateConfig" time="0.086"/>
  <testcase classname="org.artifactory.addon.federated.FederatedRepoMirrorCallbackImplTest" name="testHandleNewEvent" time="0.035"/>
  <testcase classname="org.artifactory.addon.federated.FederatedRepoMirrorCallbackImplTest" name="testHandleQueueEvent" time="0.336"/>
  <testcase classname="org.artifactory.addon.federated.FederatedRepoMirrorCallbackImplTest" name="testHandleQueueEvent" time="0.010"/>
  <testcase classname="org.artifactory.addon.federated.FederatedRepoMirrorCallbackImplTest" name="testResetValuesExistingFedRepo" time="0.050"/>
  <testcase classname="org.artifactory.addon.federated.FederatedRepoMirrorCallbackImplTest" name="testReloadOnRemovedFedRepo" time="0.013"/>
  <testcase classname="org.artifactory.addon.federated.FederatedRepoMirrorCallbackImplTest" name="testDeleteWithErrors" time="0.448"/>
  <testcase classname="org.artifactory.addon.federated.FederatedRepoMirrorCallbackImplTest" name="testHandleQueueWithLicenseNotSupported" time="0.017"/>
  <testcase classname="org.artifactory.addon.federated.FederatedRepoMirrorCallbackImplTest" name="testFederatedRepoUrlBaseOrDefault" time="0.020"/>
  <testcase classname="org.artifactory.addon.federated.FederatedRepoMirrorCallbackImplTest" name="testHandleQueueEventErrorOmitError" time="0.011"/>
  <testcase classname="org.artifactory.addon.federated.FederatedRepoMirrorCallbackImplTest" name="testHandleNewEvent" time="0.016"/>
  <testcase classname="org.artifactory.addon.federated.FederatedRepoMirrorCallbackImplTest" name="testHandleNewEvent" time="0.018"/>
  <testcase classname="org.artifactory.addon.federated.FederatedRepoMirrorCallbackImplTest" name="testHandleQueueEvent" time="0.027"/>
  <testcase classname="org.artifactory.addon.federated.FederatedRepoMirrorCallbackImplTest" name="testHandleNewEvent" time="0.023"/>
  <testcase classname="org.artifactory.addon.federated.FederatedRepoMirrorCallbackImplTest" name="testGetProperties" time="0.169"/>
  <testcase classname="org.artifactory.addon.federated.FederatedRepoMirrorCallbackImplTest" name="testHandleQueueEventErrorOmitError" time="0.016"/>
  <testcase classname="org.artifactory.addon.federated.FederatedRepoMirrorCallbackImplTest" name="testGetRepoLayoutDefaultsToSimpleLayoutWhenLayoutIsMissing" time="0.504"/>
  <testcase classname="org.artifactory.addon.federated.FederatedRepoMirrorCallbackImplTest" name="testHandleQueueEventErrorOmitError" time="0.147"/>
  <testcase classname="org.artifactory.addon.federated.FederatedRepoMirrorCallbackImplTest" name="testUpdateConfigFlow" time="0.031"/>
  <testcase classname="org.artifactory.addon.federated.FederatedRepoMirrorCallbackImplTest" name="testConvertConfigError" time="1.808"/>
  <testcase classname="org.artifactory.addon.federated.FederatedRepoMirrorCallbackImplTest" name="testHandleQueueEvent" time="0.009"/>
  <testcase classname="org.artifactory.addon.federated.FederatedRepoMirrorCallbackImplTest" name="testFederatedRepoUrlBaseOrDefault" time="0.014"/>
  <testcase classname="org.artifactory.addon.federated.FederatedRepoMirrorCallbackImplTest" name="testOnBeforeSaveAndModificationDateShouldNotUpdate" time="0.044"/>
  <testcase classname="org.artifactory.addon.federated.FederatedRepoMirrorCallbackImplTest" name="testFederatedRepoUrlBaseOrDefault" time="0.032"/>
  <testcase classname="org.artifactory.addon.federated.FederatedRepoMirrorCallbackImplTest" name="testReloadOnMirrorMemberChange" time="0.233"/>
  <testcase classname="org.artifactory.addon.federated.FederatedRepoMirrorCallbackImplTest" name="testCustomExecutor" time="0.496"/>
  <testcase classname="org.artifactory.addon.federated.FederatedRepoMirrorCallbackImplTest" name="testHandleQueueEventErrorOmitError" time="0.034"/>
  <testcase classname="org.artifactory.addon.federated.FederatedRepoMirrorCallbackImplTest" name="testOnBeforeSaveModificationDateShouldUpdateWhenSameRepoIsModified" time="0.056"/>
  <testcase classname="org.artifactory.addon.federated.FederatedRepoMirrorCallbackImplTest" name="testUpdateConfigFlow" time="0.485"/>
  <testcase classname="org.artifactory.addon.federated.FederatedRepoMirrorCallbackImplTest" name="testSaveDescriptor" time="0.008"/>
  <testcase classname="org.artifactory.addon.federated.FederatedRepoMirrorCallbackImplTest" name="testReloadOnNewFedRepo" time="0.081"/>
  <testcase classname="org.artifactory.addon.federated.FederatedRepoMirrorCallbackImplTest" name="testUploadWithErrorStatusCode" time="0.023"/>
  <testcase classname="org.artifactory.addon.federated.FederatedRepoMirrorCallbackImplTest" name="testResetValuesNewFedRepo" time="0.005"/>
</testsuite> <!-- org.artifactory.addon.federated.FederatedRepoMirrorCallbackImplTest -->
