<?xml version="1.0" encoding="UTF-8"?>
<!-- Generated by org.testng.reporters.JUnitReportReporter -->
<testsuite ignored="1" hostname="fc3c13788461" failures="0" tests="7" name="org.artifactory.addon.docker.rest.v2.repo.interceptor.DockerCatalogIndexInterceptorTest" time="0.144" errors="0" timestamp="25 Oct 2021 16:05:04 GMT" skipped="0">
  <testcase classname="org.artifactory.addon.docker.rest.v2.repo.interceptor.DockerCatalogIndexInterceptorTest" name="afterCreateFsItemIsNotManifestNotHandled" time="0.028"/>
  <testcase classname="org.artifactory.addon.docker.rest.v2.repo.interceptor.DockerCatalogIndexInterceptorTest" name="afterCreateExecuteAsyncCatalogIndex" time="0.109"/>
  <testcase classname="org.artifactory.addon.docker.rest.v2.repo.interceptor.DockerCatalogIndexInterceptorTest" name="afterCreateRepoTypeNotDockerNotHandled" time="0.001"/>
  <testcase classname="org.artifactory.addon.docker.rest.v2.repo.interceptor.DockerCatalogIndexInterceptorTest" name="afterCreateLocalRepoDoesntExistNotHandled" time="0.002"/>
  <testcase classname="org.artifactory.addon.docker.rest.v2.repo.interceptor.DockerCatalogIndexInterceptorTest" name="afterCreateFsItemIsFolderNotHandled" time="0.002"/>
  <testcase classname="org.artifactory.addon.docker.rest.v2.repo.interceptor.DockerCatalogIndexInterceptorTest" name="afterCreateRepoDockerApiVerNot2NotHandled" time="0.001"/>
  <testcase classname="org.artifactory.addon.docker.rest.v2.repo.interceptor.DockerCatalogIndexInterceptorTest" name="afterCreateFsItemIsFatManifestExecuteIndex" time="0.001"/>
  <testcase classname="org.artifactory.addon.docker.indexer.CatalogIndexWorkItemTest" name="testDupWorkItemsHandledOnlyOnceMultithreaded">
    <skipped/>
  </testcase> <!-- testDupWorkItemsHandledOnlyOnceMultithreaded -->
</testsuite> <!-- org.artifactory.addon.docker.rest.v2.repo.interceptor.DockerCatalogIndexInterceptorTest -->
