<?xml version="1.0" encoding="UTF-8"?>
<!-- Generated by org.testng.reporters.JUnitReportReporter -->
<testsuite ignored="0" hostname="fc3c13788461" failures="0" tests="4" name="org.artifactory.addon.sso.ArtifactoryCrowdClientImplTest" time="9.921" errors="0" timestamp="25 Oct 2021 16:07:59 GMT" skipped="0">
  <testcase classname="org.artifactory.addon.sso.ArtifactoryCrowdClientImplTest" name="testCrowdIsAvailableWhenTestConnectionSuccess" time="0.246"/>
  <testcase classname="org.artifactory.addon.sso.ArtifactoryCrowdClientImplTest" name="testCrowdNotAvailableWhenTestConnectionFail" time="0.407"/>
  <testcase classname="org.artifactory.addon.sso.ArtifactoryCrowdClientImplTest" name="profileShouldBeUpdatableUponAdminCreation" time="5.458"/>
  <testcase classname="org.artifactory.addon.sso.ArtifactoryCrowdClientImplTest" name="profileShouldNotBeUpdatableUponNonAdminCreation" time="3.810"/>
</testsuite> <!-- org.artifactory.addon.sso.ArtifactoryCrowdClientImplTest -->
