<?xml version="1.0" encoding="UTF-8"?>
<!-- Generated by org.testng.reporters.JUnitReportReporter -->
<testsuite ignored="0" hostname="fc3c13788461" failures="0" tests="2" name="org.artifactory.addon.gems.helpers.FinderHelperTest" time="10.449" errors="0" timestamp="25 Oct 2021 16:05:37 GMT" skipped="0">
  <testcase classname="org.artifactory.addon.gems.helpers.FinderHelperTest" name="testBuildNameVersionPlatformRequirementsTuples" time="8.705"/>
  <testcase classname="org.artifactory.addon.gems.helpers.FinderHelperTest" name="testGetAllWithAnyExactNames" time="1.744"/>
</testsuite> <!-- org.artifactory.addon.gems.helpers.FinderHelperTest -->
