<?xml version="1.0" encoding="UTF-8"?>
<!-- Generated by org.testng.reporters.JUnitReportReporter -->
<testsuite ignored="0" hostname="fc3c13788461" failures="0" tests="11" name="org.artifactory.addon.mirror.internal.MirrorReplicationHttpUtilsTest" time="4.859" errors="0" timestamp="25 Oct 2021 16:09:43 GMT" skipped="0">
  <testcase classname="org.artifactory.addon.mirror.internal.MirrorReplicationHttpUtilsTest" name="testExecuteRequestWithErrorResponse" time="0.003"/>
  <testcase classname="org.artifactory.addon.mirror.internal.MirrorReplicationHttpUtilsTest" name="testValidateRemoteServerUponCoTException" time="0.024"/>
  <testcase classname="org.artifactory.addon.mirror.internal.MirrorReplicationHttpUtilsTest" name="testExecuteRequestWithSuccessfulResponse" time="0.826"/>
  <testcase classname="org.artifactory.addon.mirror.internal.MirrorReplicationHttpUtilsTest" name="testExecuteRequestWithErrorResponse" time="3.913"/>
  <testcase classname="org.artifactory.addon.mirror.internal.MirrorReplicationHttpUtilsTest" name="testExecuteRequestWithErrorResponse" time="0.007"/>
  <testcase classname="org.artifactory.addon.mirror.internal.MirrorReplicationHttpUtilsTest" name="testExecuteRequestWithSuccessfulResponse" time="0.051"/>
  <testcase classname="org.artifactory.addon.mirror.internal.MirrorReplicationHttpUtilsTest" name="testExecuteRequestWithSuccessfulResponse" time="0.027"/>
  <testcase classname="org.artifactory.addon.mirror.internal.MirrorReplicationHttpUtilsTest" name="testExecuteRequestWithErrorResponse" time="0.002"/>
  <testcase classname="org.artifactory.addon.mirror.internal.MirrorReplicationHttpUtilsTest" name="testExecuteRequestWithErrorResponse" time="0.002"/>
  <testcase classname="org.artifactory.addon.mirror.internal.MirrorReplicationHttpUtilsTest" name="testExecuteRequestWithServiceUnavailableResponse" time="0.002"/>
  <testcase classname="org.artifactory.addon.mirror.internal.MirrorReplicationHttpUtilsTest" name="testExecuteRequestWithErrorResponse" time="0.002"/>
</testsuite> <!-- org.artifactory.addon.mirror.internal.MirrorReplicationHttpUtilsTest -->
