<?xml version="1.0" encoding="UTF-8"?>
<!-- Generated by org.testng.reporters.JUnitReportReporter -->
<testsuite ignored="0" hostname="fc3c13788461" failures="0" tests="10" name="org.artifactory.addon.yum.expirable.YumIndexCheckerTest" time="0.685" errors="0" timestamp="25 Oct 2021 16:04:39 GMT" skipped="0">
  <testcase classname="org.artifactory.addon.yum.expirable.YumIndexCheckerTest" name="testIsLocalGeneratedThreadSafe" time="0.121"/>
  <testcase classname="org.artifactory.addon.yum.expirable.YumIndexCheckerTest" name="testShouldExcludePropertyOnReplication" time="0.000"/>
  <testcase classname="org.artifactory.addon.yum.expirable.YumIndexCheckerTest" name="testIsLocalGeneratedThreadSafe" time="0.097"/>
  <testcase classname="org.artifactory.addon.yum.expirable.YumIndexCheckerTest" name="testLocalGenerated" time="0.000"/>
  <testcase classname="org.artifactory.addon.yum.expirable.YumIndexCheckerTest" name="testIsLocalGeneratedThreadSafe" time="0.218"/>
  <testcase classname="org.artifactory.addon.yum.expirable.YumIndexCheckerTest" name="testIsLocalGeneratedThreadSafe" time="0.098"/>
  <testcase classname="org.artifactory.addon.yum.expirable.YumIndexCheckerTest" name="testIsLocalGeneratedThreadSafe" time="0.058"/>
  <testcase classname="org.artifactory.addon.yum.expirable.YumIndexCheckerTest" name="testIsPathExpirable" time="0.000"/>
  <testcase classname="org.artifactory.addon.yum.expirable.YumIndexCheckerTest" name="testIsLocalGeneratedThreadSafe" time="0.092"/>
  <testcase classname="org.artifactory.addon.yum.expirable.YumIndexCheckerTest" name="testIsNullPathExpirable" time="0.001"/>
</testsuite> <!-- org.artifactory.addon.yum.expirable.YumIndexCheckerTest -->
