<?xml version="1.0" encoding="UTF-8"?>
<!-- Generated by org.testng.reporters.JUnitReportReporter -->
<testsuite ignored="0" hostname="fc3c13788461" failures="0" tests="2" name="org.artifactory.addon.filestore.type.jets3t.s3.S3JetS3tBinaryProviderTest" time="2.342" errors="0" timestamp="25 Oct 2021 16:05:40 GMT" skipped="0">
  <testcase classname="org.artifactory.addon.filestore.type.jets3t.s3.S3JetS3tBinaryProviderTest" name="testSupportsRedirection" time="2.255"/>
  <testcase classname="org.artifactory.addon.filestore.type.jets3t.s3.S3JetS3tBinaryProviderTest" name="testNormalizeTest" time="0.087"/>
</testsuite> <!-- org.artifactory.addon.filestore.type.jets3t.s3.S3JetS3tBinaryProviderTest -->
