<?xml version="1.0" encoding="UTF-8"?>
<!-- Generated by org.testng.reporters.JUnitReportReporter -->
<testsuite ignored="0" hostname="fc3c13788461" failures="0" tests="7" name="org.artifactory.addon.filestore.hdfs.HdfsBinaryProviderTest" time="0.065" errors="0" timestamp="25 Oct 2021 16:05:50 GMT" skipped="0">
  <testcase classname="org.artifactory.addon.filestore.hdfs.HdfsBinaryProviderTest" name="testRequestUrlCombining1" time="0.056"/>
  <testcase classname="org.artifactory.addon.filestore.hdfs.HdfsBinaryProviderTest" name="testRequestUrlCombining4" time="0.000"/>
  <testcase classname="org.artifactory.addon.filestore.hdfs.HdfsBinaryProviderTest" name="testRequestUrlWithNoCombining3" time="0.003"/>
  <testcase classname="org.artifactory.addon.filestore.hdfs.HdfsBinaryProviderTest" name="testRequestUrlCombining2" time="0.000"/>
  <testcase classname="org.artifactory.addon.filestore.hdfs.HdfsBinaryProviderTest" name="testRequestUrlCombining3" time="0.000"/>
  <testcase classname="org.artifactory.addon.filestore.hdfs.HdfsBinaryProviderTest" name="testRequestUrlWithNoCombining2" time="0.005"/>
  <testcase classname="org.artifactory.addon.filestore.hdfs.HdfsBinaryProviderTest" name="testRequestUrlWithNoCombining1" time="0.001"/>
</testsuite> <!-- org.artifactory.addon.filestore.hdfs.HdfsBinaryProviderTest -->
