<?xml version="1.0" encoding="UTF-8"?>
<!-- Generated by org.testng.reporters.JUnitReportReporter -->
<testsuite ignored="0" hostname="fc3c13788461" failures="0" tests="10" name="org.artifactory.addon.projects.interceptor.ProjectRepoConfigurationInterceptorTest" time="2.552" errors="0" timestamp="25 Oct 2021 16:04:18 GMT" skipped="0">
  <testcase classname="org.artifactory.addon.projects.interceptor.ProjectRepoConfigurationInterceptorTest" name="testOnBeforeSaveWithNullMaps" time="0.047"/>
  <testcase classname="org.artifactory.addon.projects.interceptor.ProjectRepoConfigurationInterceptorTest" name="testOnBeforeSaveWhenNeedToRemoveFromRemoteAndVirtual" time="0.015"/>
  <testcase classname="org.artifactory.addon.projects.interceptor.ProjectRepoConfigurationInterceptorTest" name="testOnBeforeSaveWhenNeedToRemoveFromFederatedOnly" time="0.395"/>
  <testcase classname="org.artifactory.addon.projects.interceptor.ProjectRepoConfigurationInterceptorTest" name="testOnBeforeSaveWhenNeedToRemoveFromLocalAndRemote" time="0.038"/>
  <testcase classname="org.artifactory.addon.projects.interceptor.ProjectRepoConfigurationInterceptorTest" name="testNPEFromAccess" time="0.038"/>
  <testcase classname="org.artifactory.addon.projects.interceptor.ProjectRepoConfigurationInterceptorTest" name="testOnBeforeSaveWhenNeedToRemoveFromLocalAndVirtual" time="1.650"/>
  <testcase classname="org.artifactory.addon.projects.interceptor.ProjectRepoConfigurationInterceptorTest" name="testOnBeforeSaveWhenThereNoNeedToRemove" time="0.044"/>
  <testcase classname="org.artifactory.addon.projects.interceptor.ProjectRepoConfigurationInterceptorTest" name="testAccessClientExceptionFromAccess" time="0.213"/>
  <testcase classname="org.artifactory.addon.projects.interceptor.ProjectRepoConfigurationInterceptorTest" name="testOnBeforeSaveWithNullDescriptors" time="0.049"/>
  <testcase classname="org.artifactory.addon.projects.interceptor.ProjectRepoConfigurationInterceptorTest" name="testOnBeforeSaveWhenNeedToRemoveFromLocalOnly" time="0.063"/>
</testsuite> <!-- org.artifactory.addon.projects.interceptor.ProjectRepoConfigurationInterceptorTest -->
