<?xml version="1.0" encoding="UTF-8"?>
<!-- Generated by org.testng.reporters.JUnitReportReporter -->
<testsuite ignored="0" hostname="fc3c13788461" failures="0" tests="1" name="org.artifactory.addon.retention.core.job.ArtifactRetentionArchiveJobTest" time="10.929" errors="0" timestamp="25 Oct 2021 16:10:39 GMT" skipped="0">
  <testcase classname="org.artifactory.addon.retention.core.job.ArtifactRetentionArchiveJobTest" name="testLockName" time="10.929"/>
</testsuite> <!-- org.artifactory.addon.retention.core.job.ArtifactRetentionArchiveJobTest -->
