<?xml version="1.0" encoding="UTF-8"?>
<!-- Generated by org.testng.reporters.JUnitReportReporter -->
<testsuite ignored="0" hostname="fc3c13788461" failures="0" tests="29" name="org.artifactory.addon.retention.core.util.ArtifactRetentionUtilsTest" time="6.412" errors="0" timestamp="25 Oct 2021 16:10:32 GMT" skipped="0">
  <testcase classname="org.artifactory.addon.retention.core.util.ArtifactRetentionUtilsTest" name="calculateMaxErrorCount" time="0.000"/>
  <testcase classname="org.artifactory.addon.retention.core.util.ArtifactRetentionUtilsTest" name="calculateMaxErrorCount" time="0.016"/>
  <testcase classname="org.artifactory.addon.retention.core.util.ArtifactRetentionUtilsTest" name="calculateMaxErrorCount" time="0.007"/>
  <testcase classname="org.artifactory.addon.retention.core.util.ArtifactRetentionUtilsTest" name="calculateMaxErrorCount" time="0.001"/>
  <testcase classname="org.artifactory.addon.retention.core.util.ArtifactRetentionUtilsTest" name="testProgressWithMigrationStatus" time="0.006"/>
  <testcase classname="org.artifactory.addon.retention.core.util.ArtifactRetentionUtilsTest" name="testCalculateSuccessPercentage" time="0.043"/>
  <testcase classname="org.artifactory.addon.retention.core.util.ArtifactRetentionUtilsTest" name="calculateNumberOfThreadsByFileSizeTest" time="0.001"/>
  <testcase classname="org.artifactory.addon.retention.core.util.ArtifactRetentionUtilsTest" name="calculateNumberOfThreadsByFileSizeTest" time="0.001"/>
  <testcase classname="org.artifactory.addon.retention.core.util.ArtifactRetentionUtilsTest" name="calculateNumberOfThreadsByFileSizeTest" time="0.009"/>
  <testcase classname="org.artifactory.addon.retention.core.util.ArtifactRetentionUtilsTest" name="testProgressNoMigrationStatus" time="0.019"/>
  <testcase classname="org.artifactory.addon.retention.core.util.ArtifactRetentionUtilsTest" name="testCalculateSuccessPercentage" time="0.019"/>
  <testcase classname="org.artifactory.addon.retention.core.util.ArtifactRetentionUtilsTest" name="testProgressWithMigrationStatus" time="0.005"/>
  <testcase classname="org.artifactory.addon.retention.core.util.ArtifactRetentionUtilsTest" name="testProgressWithMigrationStatus" time="0.009"/>
  <testcase classname="org.artifactory.addon.retention.core.util.ArtifactRetentionUtilsTest" name="calculateNumberOfThreadsByFileSizeTest" time="5.893"/>
  <testcase classname="org.artifactory.addon.retention.core.util.ArtifactRetentionUtilsTest" name="testProgressNoMigrationStatus" time="0.108"/>
  <testcase classname="org.artifactory.addon.retention.core.util.ArtifactRetentionUtilsTest" name="printArchiveEndingMessageLog" time="0.208"/>
  <testcase classname="org.artifactory.addon.retention.core.util.ArtifactRetentionUtilsTest" name="testGetArchiveExpirationDate" time="0.002"/>
  <testcase classname="org.artifactory.addon.retention.core.util.ArtifactRetentionUtilsTest" name="testGetArchiveExpirationDate" time="0.001"/>
  <testcase classname="org.artifactory.addon.retention.core.util.ArtifactRetentionUtilsTest" name="calculateMaxErrorCount" time="0.018"/>
  <testcase classname="org.artifactory.addon.retention.core.util.ArtifactRetentionUtilsTest" name="testCalculateSuccessPercentage" time="0.016"/>
  <testcase classname="org.artifactory.addon.retention.core.util.ArtifactRetentionUtilsTest" name="testCalculateSuccessPercentage" time="0.001"/>
  <testcase classname="org.artifactory.addon.retention.core.util.ArtifactRetentionUtilsTest" name="testProgressWithMigrationStatus" time="0.004"/>
  <testcase classname="org.artifactory.addon.retention.core.util.ArtifactRetentionUtilsTest" name="printRestoreEndingMessageLog" time="0.010"/>
  <testcase classname="org.artifactory.addon.retention.core.util.ArtifactRetentionUtilsTest" name="testProgressWithMigrationStatus" time="0.006"/>
  <testcase classname="org.artifactory.addon.retention.core.util.ArtifactRetentionUtilsTest" name="testProgressWithMigrationStatus" time="0.001"/>
  <testcase classname="org.artifactory.addon.retention.core.util.ArtifactRetentionUtilsTest" name="testGetArchiveExpirationDate" time="0.002"/>
  <testcase classname="org.artifactory.addon.retention.core.util.ArtifactRetentionUtilsTest" name="calculateNumberOfThreadsByFileSizeTest" time="0.001"/>
  <testcase classname="org.artifactory.addon.retention.core.util.ArtifactRetentionUtilsTest" name="calculateMaxErrorCount" time="0.003"/>
  <testcase classname="org.artifactory.addon.retention.core.util.ArtifactRetentionUtilsTest" name="calculateNumberOfThreadsByFileSizeTest" time="0.002"/>
</testsuite> <!-- org.artifactory.addon.retention.core.util.ArtifactRetentionUtilsTest -->
