<?xml version="1.0" encoding="UTF-8"?>
<!-- Generated by org.testng.reporters.JUnitReportReporter -->
<testsuite ignored="0" hostname="fc3c13788461" failures="0" tests="7" name="org.artifactory.addon.conda.CondaResourceTest" time="5.963" errors="0" timestamp="25 Oct 2021 16:07:31 GMT" skipped="0">
  <testcase classname="org.artifactory.addon.conda.CondaResourceTest" name="testVirtualHandlerReturned" time="0.030"/>
  <testcase classname="org.artifactory.addon.conda.CondaResourceTest" name="testRemoteHandlerReturned" time="0.020"/>
  <testcase classname="org.artifactory.addon.conda.CondaResourceTest" name="testReindexSync" time="1.456"/>
  <testcase classname="org.artifactory.addon.conda.CondaResourceTest" name="testCreateRepo" time="4.089"/>
  <testcase classname="org.artifactory.addon.conda.CondaResourceTest" name="testReindeAsync" time="0.247"/>
  <testcase classname="org.artifactory.addon.conda.CondaResourceTest" name="testUnsupportedHandlerThrown" time="0.036"/>
  <testcase classname="org.artifactory.addon.conda.CondaResourceTest" name="testLocalHandlerReturned" time="0.085"/>
</testsuite> <!-- org.artifactory.addon.conda.CondaResourceTest -->
