<?xml version="1.0" encoding="UTF-8"?>
<!-- Generated by org.testng.reporters.JUnitReportReporter -->
<testsuite ignored="0" hostname="fc3c13788461" failures="0" tests="10" name="org.artifactory.addon.go.repo.remote.GoHeadGetTest" time="5.356" errors="0" timestamp="25 Oct 2021 16:09:36 GMT" skipped="0">
  <testcase classname="org.artifactory.addon.go.repo.remote.GoHeadGetTest" name="testHandleGoFileRequestFromLocal" time="0.282"/>
  <testcase classname="org.artifactory.addon.go.repo.remote.GoHeadGetTest" name="testPullModZipAndInfoArtifactExists" time="0.055"/>
  <testcase classname="org.artifactory.addon.go.repo.remote.GoHeadGetTest" name="testPullModZinAndInfoArtifactNotExists" time="1.396"/>
  <testcase classname="org.artifactory.addon.go.repo.remote.GoHeadGetTest" name="testListOfVersionsAndVersionInfoFromRemote" time="3.385"/>
  <testcase classname="org.artifactory.addon.go.repo.remote.GoHeadGetTest" name="testPullModZinAndInfoArtifactNotExists" time="0.030"/>
  <testcase classname="org.artifactory.addon.go.repo.remote.GoHeadGetTest" name="testPullModZinAndInfoArtifactNotExists" time="0.047"/>
  <testcase classname="org.artifactory.addon.go.repo.remote.GoHeadGetTest" name="testPullModZipAndInfoArtifactExists" time="0.019"/>
  <testcase classname="org.artifactory.addon.go.repo.remote.GoHeadGetTest" name="testListOfVersionsAndVersionInfoFromRemote" time="0.043"/>
  <testcase classname="org.artifactory.addon.go.repo.remote.GoHeadGetTest" name="testHandleGoFileRequestFromLocal" time="0.038"/>
  <testcase classname="org.artifactory.addon.go.repo.remote.GoHeadGetTest" name="testPullModZinAndInfoArtifactNotExists" time="0.061"/>
</testsuite> <!-- org.artifactory.addon.go.repo.remote.GoHeadGetTest -->
