<?xml version="1.0" encoding="UTF-8"?>
<!-- Generated by org.testng.reporters.JUnitReportReporter -->
<testsuite ignored="0" hostname="fc3c13788461" failures="0" tests="18" name="org.artifactory.addon.npm.rest.NpmRequestHelperTest" time="3.607" errors="0" timestamp="25 Oct 2021 16:09:09 GMT" skipped="0">
  <testcase classname="org.artifactory.addon.npm.rest.NpmRequestHelperTest" name="testAudit" time="0.052"/>
  <testcase classname="org.artifactory.addon.npm.rest.NpmRequestHelperTest" name="testCreateAuthResponseForUser" time="0.072"/>
  <testcase classname="org.artifactory.addon.npm.rest.NpmRequestHelperTest" name="testRepoIsNonVirtual" time="0.092"/>
  <testcase classname="org.artifactory.addon.npm.rest.NpmRequestHelperTest" name="testAuth" time="0.039"/>
  <testcase classname="org.artifactory.addon.npm.rest.NpmRequestHelperTest" name="testCreateAuthResponseForAccessTokenUser" time="0.129"/>
  <testcase classname="org.artifactory.addon.npm.rest.NpmRequestHelperTest" name="testAudit" time="0.083"/>
  <testcase classname="org.artifactory.addon.npm.rest.NpmRequestHelperTest" name="testAudit" time="0.038"/>
  <testcase classname="org.artifactory.addon.npm.rest.NpmRequestHelperTest" name="testScopeAuth" time="2.279"/>
  <testcase classname="org.artifactory.addon.npm.rest.NpmRequestHelperTest" name="testScopeAuthResponseForAccessTokenUser" time="0.018"/>
  <testcase classname="org.artifactory.addon.npm.rest.NpmRequestHelperTest" name="testVirtualRepoIsNonNpm" time="0.039"/>
  <testcase classname="org.artifactory.addon.npm.rest.NpmRequestHelperTest" name="testAudit" time="0.042"/>
  <testcase classname="org.artifactory.addon.npm.rest.NpmRequestHelperTest" name="testCreateAuth" time="0.050"/>
  <testcase classname="org.artifactory.addon.npm.rest.NpmRequestHelperTest" name="testScopeAuthResponseForUser" time="0.096"/>
  <testcase classname="org.artifactory.addon.npm.rest.NpmRequestHelperTest" name="testAudit" time="0.014"/>
  <testcase classname="org.artifactory.addon.npm.rest.NpmRequestHelperTest" name="testRepoNotFound" time="0.016"/>
  <testcase classname="org.artifactory.addon.npm.rest.NpmRequestHelperTest" name="testAudit" time="0.164"/>
  <testcase classname="org.artifactory.addon.npm.rest.NpmRequestHelperTest" name="testCreateScopeAuth" time="0.243"/>
  <testcase classname="org.artifactory.addon.npm.rest.NpmRequestHelperTest" name="testNpmOverrideBaseUrl" time="0.141"/>
</testsuite> <!-- org.artifactory.addon.npm.rest.NpmRequestHelperTest -->
