<?xml version="1.0" encoding="UTF-8"?>
<!-- Generated by org.testng.reporters.JUnitReportReporter -->
<testsuite ignored="0" hostname="fc3c13788461" failures="0" tests="20" name="org.artifactory.addon.filestore.type.azureblobstorage.v1.AzureBlobStorageBinaryProviderTest" time="4.770" errors="0" timestamp="25 Oct 2021 16:05:43 GMT" skipped="0">
  <testcase classname="org.artifactory.addon.filestore.type.azureblobstorage.v1.AzureBlobStorageBinaryProviderTest" name="testDeleteWithException" time="0.087"/>
  <testcase classname="org.artifactory.addon.filestore.type.azureblobstorage.v1.AzureBlobStorageBinaryProviderTest" name="testAddWithBigStream" time="0.056"/>
  <testcase classname="org.artifactory.addon.filestore.type.azureblobstorage.v1.AzureBlobStorageBinaryProviderTest" name="testDoesContainerNotExists" time="0.037"/>
  <testcase classname="org.artifactory.addon.filestore.type.azureblobstorage.v1.AzureBlobStorageBinaryProviderTest" name="testDoesContainerExists" time="0.006"/>
  <testcase classname="org.artifactory.addon.filestore.type.azureblobstorage.v1.AzureBlobStorageBinaryProviderTest" name="noContainerName" time="0.004"/>
  <testcase classname="org.artifactory.addon.filestore.type.azureblobstorage.v1.AzureBlobStorageBinaryProviderTest" name="testDefaults" time="0.017"/>
  <testcase classname="org.artifactory.addon.filestore.type.azureblobstorage.v1.AzureBlobStorageBinaryProviderTest" name="testAddStreamWithStreamNoLength" time="1.606"/>
  <testcase classname="org.artifactory.addon.filestore.type.azureblobstorage.v1.AzureBlobStorageBinaryProviderTest" name="testAddWithBadChecksum" time="0.037"/>
  <testcase classname="org.artifactory.addon.filestore.type.azureblobstorage.v1.AzureBlobStorageBinaryProviderTest" name="testAddWithStream" time="0.067"/>
  <testcase classname="org.artifactory.addon.filestore.type.azureblobstorage.v1.AzureBlobStorageBinaryProviderTest" name="testDoesContainerExistsFails" time="0.057"/>
  <testcase classname="org.artifactory.addon.filestore.type.azureblobstorage.v1.AzureBlobStorageBinaryProviderTest" name="noAccountKey" time="1.838"/>
  <testcase classname="org.artifactory.addon.filestore.type.azureblobstorage.v1.AzureBlobStorageBinaryProviderTest" name="testGetStreamWithStorageException" time="0.012"/>
  <testcase classname="org.artifactory.addon.filestore.type.azureblobstorage.v1.AzureBlobStorageBinaryProviderTest" name="testAddWithBigStreamAndFailure" time="0.120"/>
  <testcase classname="org.artifactory.addon.filestore.type.azureblobstorage.v1.AzureBlobStorageBinaryProviderTest" name="testAddWithFile" time="0.046"/>
  <testcase classname="org.artifactory.addon.filestore.type.azureblobstorage.v1.AzureBlobStorageBinaryProviderTest" name="testExists" time="0.005"/>
  <testcase classname="org.artifactory.addon.filestore.type.azureblobstorage.v1.AzureBlobStorageBinaryProviderTest" name="testNotExists" time="0.010"/>
  <testcase classname="org.artifactory.addon.filestore.type.azureblobstorage.v1.AzureBlobStorageBinaryProviderTest" name="testDelete" time="0.014"/>
  <testcase classname="org.artifactory.addon.filestore.type.azureblobstorage.v1.AzureBlobStorageBinaryProviderTest" name="noHttpValue" time="0.005"/>
  <testcase classname="org.artifactory.addon.filestore.type.azureblobstorage.v1.AzureBlobStorageBinaryProviderTest" name="noAccountName" time="0.003"/>
  <testcase classname="org.artifactory.addon.filestore.type.azureblobstorage.v1.AzureBlobStorageBinaryProviderTest" name="testGetStream" time="0.743"/>
</testsuite> <!-- org.artifactory.addon.filestore.type.azureblobstorage.v1.AzureBlobStorageBinaryProviderTest -->
