<?xml version="1.0" encoding="UTF-8"?>
<!-- Generated by org.testng.reporters.JUnitReportReporter -->
<testsuite ignored="0" hostname="fc3c13788461" failures="0" tests="11" name="org.artifactory.addon.conda.expirable.CondaIndexCheckerTest" time="0.721" errors="0" timestamp="25 Oct 2021 16:07:28 GMT" skipped="0">
  <testcase classname="org.artifactory.addon.conda.expirable.CondaIndexCheckerTest" name="testIsLocalGeneratedThreadSafe" time="0.144"/>
  <testcase classname="org.artifactory.addon.conda.expirable.CondaIndexCheckerTest" name="testIsLocalGeneratedThreadSafe" time="0.029"/>
  <testcase classname="org.artifactory.addon.conda.expirable.CondaIndexCheckerTest" name="testIsLocalGeneratedThreadSafe" time="0.137"/>
  <testcase classname="org.artifactory.addon.conda.expirable.CondaIndexCheckerTest" name="testIsLocalGeneratedThreadSafe" time="0.169"/>
  <testcase classname="org.artifactory.addon.conda.expirable.CondaIndexCheckerTest" name="testRepodataJsonIsExpirableTrue" time="0.000"/>
  <testcase classname="org.artifactory.addon.conda.expirable.CondaIndexCheckerTest" name="testShouldExcludePropertyOnReplication" time="0.000"/>
  <testcase classname="org.artifactory.addon.conda.expirable.CondaIndexCheckerTest" name="testIsLocalGeneratedThreadSafe" time="0.093"/>
  <testcase classname="org.artifactory.addon.conda.expirable.CondaIndexCheckerTest" name="testIsLocalGenerated" time="0.076"/>
  <testcase classname="org.artifactory.addon.conda.expirable.CondaIndexCheckerTest" name="testIsLocalGeneratedThreadSafe" time="0.073"/>
  <testcase classname="org.artifactory.addon.conda.expirable.CondaIndexCheckerTest" name="testRepodataJsonIsExpirableTrueNonNested" time="0.000"/>
  <testcase classname="org.artifactory.addon.conda.expirable.CondaIndexCheckerTest" name="testRepodataJsonIsExpirableFalse" time="0.000"/>
</testsuite> <!-- org.artifactory.addon.conda.expirable.CondaIndexCheckerTest -->
