<?xml version="1.0" encoding="UTF-8"?>
<!-- Generated by org.testng.reporters.JUnitReportReporter -->
<testsuite ignored="0" hostname="fc3c13788461" failures="0" tests="7" name="org.artifactory.addon.mirror.internal.FederationMirrorBidirectionalTest" time="16.161" errors="0" timestamp="25 Oct 2021 16:11:16 GMT" skipped="0">
  <testcase classname="org.artifactory.addon.mirror.internal.FederationMirrorBidirectionalTest" name="handleReceiveStatusFromNewMirrorNewVersion" time="0.317"/>
  <testcase classname="org.artifactory.addon.mirror.internal.FederationMirrorBidirectionalTest" name="handleReceiveStatusFromRemoteOldVersion" time="0.081"/>
  <testcase classname="org.artifactory.addon.mirror.internal.FederationMirrorBidirectionalTest" name="handleReceiveStatusFromRemoteSameVersion" time="0.021"/>
  <testcase classname="org.artifactory.addon.mirror.internal.FederationMirrorBidirectionalTest" name="handleReceiveEventMessage" time="15.546"/>
  <testcase classname="org.artifactory.addon.mirror.internal.FederationMirrorBidirectionalTest" name="handleReceiveStatusFromRemoteNewVersion" time="0.074"/>
  <testcase classname="org.artifactory.addon.mirror.internal.FederationMirrorBidirectionalTest" name="handleReceiveStatusFromNewMirrorOldVersion" time="0.069"/>
  <testcase classname="org.artifactory.addon.mirror.internal.FederationMirrorBidirectionalTest" name="handleReceiveStatusFromNewMirrorSameVersion" time="0.053"/>
</testsuite> <!-- org.artifactory.addon.mirror.internal.FederationMirrorBidirectionalTest -->
