<?xml version="1.0" encoding="UTF-8"?>
<!-- Generated by org.testng.reporters.JUnitReportReporter -->
<testsuite ignored="0" hostname="fc3c13788461" failures="0" tests="10" name="org.artifactory.addon.replication.core.push.event.ReplicationEventTypeTest" time="1.598" errors="0" timestamp="25 Oct 2021 16:10:12 GMT" skipped="0">
  <testcase classname="org.artifactory.addon.replication.core.push.event.ReplicationEventTypeTest" name="testMkDirOperationType" time="0.668"/>
  <testcase classname="org.artifactory.addon.replication.core.push.event.ReplicationEventTypeTest" name="testNotSkipMetaDataDeployOperationType" time="0.085"/>
  <testcase classname="org.artifactory.addon.replication.core.push.event.ReplicationEventTypeTest" name="testDebianSkipMetaDataDeployOperationType" time="0.101"/>
  <testcase classname="org.artifactory.addon.replication.core.push.event.ReplicationEventTypeTest" name="testDeleteOperationType" time="0.116"/>
  <testcase classname="org.artifactory.addon.replication.core.push.event.ReplicationEventTypeTest" name="testSkipMavenMetaDataDeployOperationType" time="0.083"/>
  <testcase classname="org.artifactory.addon.replication.core.push.event.ReplicationEventTypeTest" name="testGradleSkipMetaDataDeployOperationType" time="0.147"/>
  <testcase classname="org.artifactory.addon.replication.core.push.event.ReplicationEventTypeTest" name="testDebianDoesCopyNexusMetatDataDeployOperationType" time="0.171"/>
  <testcase classname="org.artifactory.addon.replication.core.push.event.ReplicationEventTypeTest" name="testSkipSbtMetaDataDeployOperationType" time="0.075"/>
  <testcase classname="org.artifactory.addon.replication.core.push.event.ReplicationEventTypeTest" name="testDeployOperationType" time="0.077"/>
  <testcase classname="org.artifactory.addon.replication.core.push.event.ReplicationEventTypeTest" name="testDebianSkipMetaDataDeleteOperationType" time="0.075"/>
</testsuite> <!-- org.artifactory.addon.replication.core.push.event.ReplicationEventTypeTest -->
