<?xml version="1.0" encoding="UTF-8"?>
<!-- Generated by org.testng.reporters.JUnitReportReporter -->
<testsuite ignored="0" hostname="fc3c13788461" failures="0" tests="28" name="org.artifactory.addon.npm.repo.NpmRemoteUrlReplacementTest" time="0.219" errors="0" timestamp="25 Oct 2021 16:09:00 GMT" skipped="0">
  <testcase classname="org.artifactory.addon.npm.repo.NpmRemoteUrlReplacementTest" name="replaceUrlTest" time="0.001"/>
  <testcase classname="org.artifactory.addon.npm.repo.NpmRemoteUrlReplacementTest" name="replaceUrlTest" time="0.001"/>
  <testcase classname="org.artifactory.addon.npm.repo.NpmRemoteUrlReplacementTest" name="replaceUrlTest" time="0.001"/>
  <testcase classname="org.artifactory.addon.npm.repo.NpmRemoteUrlReplacementTest" name="replaceUrlTest" time="0.197"/>
  <testcase classname="org.artifactory.addon.npm.repo.NpmRemoteUrlReplacementTest" name="replaceUrlTest" time="0.000"/>
  <testcase classname="org.artifactory.addon.npm.repo.NpmRemoteUrlReplacementTest" name="replaceUrlTest" time="0.001"/>
  <testcase classname="org.artifactory.addon.npm.repo.NpmRemoteUrlReplacementTest" name="replaceUrlTest" time="0.000"/>
  <testcase classname="org.artifactory.addon.npm.repo.NpmRemoteUrlReplacementTest" name="replaceUrlTest" time="0.000"/>
  <testcase classname="org.artifactory.addon.npm.repo.NpmRemoteUrlReplacementTest" name="replaceUrlTest" time="0.001"/>
  <testcase classname="org.artifactory.addon.npm.repo.NpmRemoteUrlReplacementTest" name="replaceUrlTest" time="0.001"/>
  <testcase classname="org.artifactory.addon.npm.repo.NpmRemoteUrlReplacementTest" name="replaceUrlTest" time="0.000"/>
  <testcase classname="org.artifactory.addon.npm.repo.NpmRemoteUrlReplacementTest" name="replaceUrlTest" time="0.000"/>
  <testcase classname="org.artifactory.addon.npm.repo.NpmRemoteUrlReplacementTest" name="replaceUrlTest" time="0.000"/>
  <testcase classname="org.artifactory.addon.npm.repo.NpmRemoteUrlReplacementTest" name="replaceUrlTest" time="0.003"/>
  <testcase classname="org.artifactory.addon.npm.repo.NpmRemoteUrlReplacementTest" name="replaceUrlTest" time="0.001"/>
  <testcase classname="org.artifactory.addon.npm.repo.NpmRemoteUrlReplacementTest" name="replaceUrlTest" time="0.000"/>
  <testcase classname="org.artifactory.addon.npm.repo.NpmRemoteUrlReplacementTest" name="replaceUrlTest" time="0.009"/>
  <testcase classname="org.artifactory.addon.npm.repo.NpmRemoteUrlReplacementTest" name="replaceUrlTest" time="0.000"/>
  <testcase classname="org.artifactory.addon.npm.repo.NpmRemoteUrlReplacementTest" name="replaceUrlTest" time="0.000"/>
  <testcase classname="org.artifactory.addon.npm.repo.NpmRemoteUrlReplacementTest" name="replaceUrlTest" time="0.000"/>
  <testcase classname="org.artifactory.addon.npm.repo.NpmRemoteUrlReplacementTest" name="replaceUrlTest" time="0.000"/>
  <testcase classname="org.artifactory.addon.npm.repo.NpmRemoteUrlReplacementTest" name="replaceUrlTest" time="0.000"/>
  <testcase classname="org.artifactory.addon.npm.repo.NpmRemoteUrlReplacementTest" name="replaceUrlTest" time="0.001"/>
  <testcase classname="org.artifactory.addon.npm.repo.NpmRemoteUrlReplacementTest" name="replaceUrlTest" time="0.001"/>
  <testcase classname="org.artifactory.addon.npm.repo.NpmRemoteUrlReplacementTest" name="replaceUrlTest" time="0.000"/>
  <testcase classname="org.artifactory.addon.npm.repo.NpmRemoteUrlReplacementTest" name="replaceUrlTest" time="0.000"/>
  <testcase classname="org.artifactory.addon.npm.repo.NpmRemoteUrlReplacementTest" name="replaceUrlTest" time="0.001"/>
  <testcase classname="org.artifactory.addon.npm.repo.NpmRemoteUrlReplacementTest" name="replaceUrlTest" time="0.000"/>
</testsuite> <!-- org.artifactory.addon.npm.repo.NpmRemoteUrlReplacementTest -->
