<?xml version="1.0" encoding="UTF-8"?>
<!-- Generated by org.testng.reporters.JUnitReportReporter -->
<testsuite ignored="1" hostname="fc3c13788461" failures="0" tests="23" name="org.artifactory.addon.docker.rest.v2.promotion.DockerV2TagManifestListPromoterTest" time="0.541" errors="0" timestamp="25 Oct 2021 16:05:04 GMT" skipped="0">
  <testcase classname="org.artifactory.addon.docker.rest.v2.promotion.DockerV2TagManifestListPromoterTest" name="testPromoteWithInvalidManifestInSourceDirectoryNoParentOfParent" time="0.010"/>
  <testcase classname="org.artifactory.addon.docker.rest.v2.promotion.DockerV2TagManifestListPromoterTest" name="testPromoteWithInvalidManifestInSourceDirectoryNoParent" time="0.011"/>
  <testcase classname="org.artifactory.addon.docker.rest.v2.promotion.DockerV2TagManifestListPromoterTest" name="testPromoteCopyFailedUserCannotAnnotate" time="0.083"/>
  <testcase classname="org.artifactory.addon.docker.rest.v2.promotion.DockerV2TagManifestListPromoterTest" name="testPromoteWhenNoWritePermissionToToRepo" time="0.012"/>
  <testcase classname="org.artifactory.addon.docker.rest.v2.promotion.DockerV2TagManifestListPromoterTest" name="testPromoteWithInvalidManifestInSourceDirectoryEmptyParent" time="0.007"/>
  <testcase classname="org.artifactory.addon.docker.rest.v2.promotion.DockerV2TagManifestListPromoterTest" name="testDeletePreviousFilesPromoteOfTheSameImageInTheSameRepository" time="0.007"/>
  <testcase classname="org.artifactory.addon.docker.rest.v2.promotion.DockerV2TagManifestListPromoterTest" name="testDeletePreviousFilesPromoteOfTheSameImageInTheSameRepository" time="0.025"/>
  <testcase classname="org.artifactory.addon.docker.rest.v2.promotion.DockerV2TagManifestListPromoterTest" name="testDeletePreviousFilesUserCannotDelete" time="0.014"/>
  <testcase classname="org.artifactory.addon.docker.rest.v2.promotion.DockerV2TagManifestListPromoterTest" name="testPromoteCopyWithForbiddenRequestError" time="0.039"/>
  <testcase classname="org.artifactory.addon.docker.rest.v2.promotion.DockerV2TagManifestListPromoterTest" name="testPromoteWithCopyOrWithoutIt" time="0.028"/>
  <testcase classname="org.artifactory.addon.docker.rest.v2.promotion.DockerV2TagManifestListPromoterTest" name="testDeletePreviousNoManifest" time="0.007"/>
  <testcase classname="org.artifactory.addon.docker.rest.v2.promotion.DockerV2TagManifestListPromoterTest" name="testDeletePreviousFilesPromoteOfTheSameImageInTheSameRepository" time="0.018"/>
  <testcase classname="org.artifactory.addon.docker.rest.v2.promotion.DockerV2TagManifestListPromoterTest" name="testPromoteCopyWithBadRequestError" time="0.023"/>
  <testcase classname="org.artifactory.addon.docker.rest.v2.promotion.DockerV2TagManifestListPromoterTest" name="testDeletePreviousWithManifestRepoDoesntExist" time="0.019"/>
  <testcase classname="org.artifactory.addon.docker.rest.v2.promotion.DockerV2TagManifestListPromoterTest" name="testPromoteWhenSourcePathDoesntExist" time="0.006"/>
  <testcase classname="org.artifactory.addon.docker.rest.v2.promotion.DockerV2TagManifestListPromoterTest" name="testGetManifests" time="0.020"/>
  <testcase classname="org.artifactory.addon.docker.rest.v2.promotion.DockerV2TagManifestListPromoterTest" name="testGetManifestsUsingSearchBlobBySha256" time="0.065"/>
  <testcase classname="org.artifactory.addon.docker.rest.v2.promotion.DockerV2TagManifestListPromoterTest" name="testDeletePreviousFilesPromoteOfTheSameImageInTheSameRepository" time="0.016"/>
  <testcase classname="org.artifactory.addon.docker.rest.v2.promotion.DockerV2TagManifestListPromoterTest" name="testPromoteNoManifestInSourceDirectoryEmptyIterator" time="0.008"/>
  <testcase classname="org.artifactory.addon.docker.rest.v2.promotion.DockerV2TagManifestListPromoterTest" name="testPromoteNoManifestInSourceDirectoryNullIterator" time="0.006"/>
  <testcase classname="org.artifactory.addon.docker.rest.v2.promotion.DockerV2TagManifestListPromoterTest" name="testPromoteWhenUserCannotReadSourcePath" time="0.012"/>
  <testcase classname="org.artifactory.addon.docker.rest.v2.promotion.DockerV2TagManifestListPromoterTest" name="testDeletePreviousCanDelete" time="0.038"/>
  <testcase classname="org.artifactory.addon.docker.rest.v2.promotion.DockerV2TagManifestListPromoterTest" name="testPromoteManifestListWithoutAllTheManifests" time="0.067"/>
  <testcase classname="org.artifactory.addon.docker.indexer.CatalogIndexWorkItemTest" name="testDupWorkItemsHandledOnlyOnceMultithreaded">
    <skipped/>
  </testcase> <!-- testDupWorkItemsHandledOnlyOnceMultithreaded -->
</testsuite> <!-- org.artifactory.addon.docker.rest.v2.promotion.DockerV2TagManifestListPromoterTest -->
