<?xml version="1.0" encoding="UTF-8"?>
<!-- Generated by org.testng.reporters.JUnitReportReporter -->
<testsuite ignored="0" hostname="fc3c13788461" failures="0" tests="4" name="org.artifactory.addon.CDNConfigurationTest" time="1.405" errors="0" timestamp="25 Oct 2021 16:08:11 GMT" skipped="0">
  <testcase classname="org.artifactory.addon.CDNConfigurationTest" name="cdnLocalRepoDisabledTest" time="1.330"/>
  <testcase classname="org.artifactory.addon.CDNConfigurationTest" name="cdnRemoteRepoDisabledTest" time="0.069"/>
  <testcase classname="org.artifactory.addon.CDNConfigurationTest" name="cdnLocalRepoIsEnabledTest" time="0.003"/>
  <testcase classname="org.artifactory.addon.CDNConfigurationTest" name="cdnRemoteRepoIsEnabledTest" time="0.003"/>
</testsuite> <!-- org.artifactory.addon.CDNConfigurationTest -->
