<?xml version="1.0" encoding="UTF-8"?>
<!-- Generated by org.testng.reporters.JUnitReportReporter -->
<testsuite ignored="0" hostname="fc3c13788461" failures="0" tests="8" name="org.artifactory.addon.retention.core.task.CopyArchivedArtifactRunnableTest" time="15.500" errors="0" timestamp="25 Oct 2021 16:10:42 GMT" skipped="0">
  <testcase classname="org.artifactory.addon.retention.core.task.CopyArchivedArtifactRunnableTest" name="testCopyArchivedWithTrickyRepoNames" time="7.221"/>
  <testcase classname="org.artifactory.addon.retention.core.task.CopyArchivedArtifactRunnableTest" name="testCopyArchivedWithTrickyRepoNames" time="0.088"/>
  <testcase classname="org.artifactory.addon.retention.core.task.CopyArchivedArtifactRunnableTest" name="testCopyArchivedWithTrickyRepoNames" time="0.065"/>
  <testcase classname="org.artifactory.addon.retention.core.task.CopyArchivedArtifactRunnableTest" name="testCopyArchivedWithTrickyRepoNames" time="7.508"/>
  <testcase classname="org.artifactory.addon.retention.core.task.CopyArchivedArtifactRunnableTest" name="testCopyArchivedWithTrickyRepoNames" time="0.365"/>
  <testcase classname="org.artifactory.addon.retention.core.task.CopyArchivedArtifactRunnableTest" name="testCopyArchivedWithTrickyRepoNames" time="0.108"/>
  <testcase classname="org.artifactory.addon.retention.core.task.CopyArchivedArtifactRunnableTest" name="testCopyArchivedWithTrickyRepoNames" time="0.095"/>
  <testcase classname="org.artifactory.addon.retention.core.task.CopyArchivedArtifactRunnableTest" name="testCopyArchivedWithTrickyRepoNames" time="0.050"/>
</testsuite> <!-- org.artifactory.addon.retention.core.task.CopyArchivedArtifactRunnableTest -->
