<?xml version="1.0" encoding="UTF-8"?>
<!-- Generated by org.testng.reporters.JUnitReportReporter -->
<testsuite ignored="0" hostname="fc3c13788461" failures="0" tests="4" name="org.artifactory.addon.jfevent.interceptor.JfEventReleaseBundleInterceptorTest" time="5.059" errors="0" timestamp="25 Oct 2021 16:08:48 GMT" skipped="0">
  <testcase classname="org.artifactory.addon.jfevent.interceptor.JfEventReleaseBundleInterceptorTest" name="testOnDeleteReleaseBundleRequestFailed" time="0.024"/>
  <testcase classname="org.artifactory.addon.jfevent.interceptor.JfEventReleaseBundleInterceptorTest" name="testOnDeleteReleaseBundleRequestStarted" time="4.169"/>
  <testcase classname="org.artifactory.addon.jfevent.interceptor.JfEventReleaseBundleInterceptorTest" name="testOnDeleteReleaseBundleRequestCompleted" time="0.045"/>
  <testcase classname="org.artifactory.addon.jfevent.interceptor.JfEventReleaseBundleInterceptorTest" name="testOnAfterCloseTransaction" time="0.821"/>
</testsuite> <!-- org.artifactory.addon.jfevent.interceptor.JfEventReleaseBundleInterceptorTest -->
