<?xml version="1.0" encoding="UTF-8"?>
<!-- Generated by org.testng.reporters.JUnitReportReporter -->
<testsuite ignored="0" hostname="fc3c13788461" failures="0" tests="16" name="org.artifactory.addon.bower.repo.BowerHeadGetTest" time="7.334" errors="0" timestamp="25 Oct 2021 16:10:46 GMT" skipped="0">
  <testcase classname="org.artifactory.addon.bower.repo.BowerHeadGetTest" name="testDownloadBranchLocal" time="1.125"/>
  <testcase classname="org.artifactory.addon.bower.repo.BowerHeadGetTest" name="testDownloadLocal" time="0.011"/>
  <testcase classname="org.artifactory.addon.bower.repo.BowerHeadGetTest" name="testDownloadBranchRemote" time="0.730"/>
  <testcase classname="org.artifactory.addon.bower.repo.BowerHeadGetTest" name="testDownloadTagRemote" time="0.013"/>
  <testcase classname="org.artifactory.addon.bower.repo.BowerHeadGetTest" name="testGitFetchPackageVirtual" time="0.003"/>
  <testcase classname="org.artifactory.addon.bower.repo.BowerHeadGetTest" name="testDownloadBranchRemote" time="0.035"/>
  <testcase classname="org.artifactory.addon.bower.repo.BowerHeadGetTest" name="testGitFetchPackageVirtual" time="0.007"/>
  <testcase classname="org.artifactory.addon.bower.repo.BowerHeadGetTest" name="testGitFetchPackageRemote" time="0.013"/>
  <testcase classname="org.artifactory.addon.bower.repo.BowerHeadGetTest" name="testGitFetchPackageRemote" time="0.306"/>
  <testcase classname="org.artifactory.addon.bower.repo.BowerHeadGetTest" name="testDownloadTagRemote" time="0.011"/>
  <testcase classname="org.artifactory.addon.bower.repo.BowerHeadGetTest" name="testDownloadTagLocal" time="0.013"/>
  <testcase classname="org.artifactory.addon.bower.repo.BowerHeadGetTest" name="testDownloadLocal" time="0.033"/>
  <testcase classname="org.artifactory.addon.bower.repo.BowerHeadGetTest" name="testGitFetchPackageLocal" time="0.026"/>
  <testcase classname="org.artifactory.addon.bower.repo.BowerHeadGetTest" name="testDownloadBranchLocal" time="0.040"/>
  <testcase classname="org.artifactory.addon.bower.repo.BowerHeadGetTest" name="testGitFetchPackageLocal" time="0.029"/>
  <testcase classname="org.artifactory.addon.bower.repo.BowerHeadGetTest" name="testDownloadTagLocal" time="4.939"/>
</testsuite> <!-- org.artifactory.addon.bower.repo.BowerHeadGetTest -->
