<?xml version="1.0" encoding="UTF-8"?>
<!-- Generated by org.testng.reporters.JUnitReportReporter -->
<testsuite ignored="0" hostname="fc3c13788461" failures="0" tests="10" name="org.artifactory.addon.security.RestSecurityRequestHandlerTest" time="2.232" errors="0" timestamp="25 Oct 2021 16:03:42 GMT" skipped="0">
  <testcase classname="org.artifactory.addon.security.RestSecurityRequestHandlerTest" name="getSecurityEntitiesGroupsUpdateUsersSuccessfullyExpectOnUpdateCorrectCodeAndMessage" time="0.005"/>
  <testcase classname="org.artifactory.addon.security.RestSecurityRequestHandlerTest" name="getSecurityEntitiesGroupsUpdateSuccessfullyExpectOnUpdateCorrectCodeAndMessage" time="0.006"/>
  <testcase classname="org.artifactory.addon.security.RestSecurityRequestHandlerTest" name="getSecurityEntitiesGroupsWithHttpAccessExceptionOnCreateExpectOnUpdateCorrectCodeAndMessage" time="0.094"/>
  <testcase classname="org.artifactory.addon.security.RestSecurityRequestHandlerTest" name="getSecurityEntitiesGroupsUpdateUsersSuccessfullyExpectOnUpdateCorrectCodeAndMessage" time="0.006"/>
  <testcase classname="org.artifactory.addon.security.RestSecurityRequestHandlerTest" name="getSecurityEntitiesGroupsWithAccessExceptionOnUpdateExpectOnUpdateCorrectCodeAndMessage" time="0.016"/>
  <testcase classname="org.artifactory.addon.security.RestSecurityRequestHandlerTest" name="getSecurityEntitiesGroupsWithAccessExceptionOnCreateExpectOnUpdateCorrectCodeAndMessage" time="0.027"/>
  <testcase classname="org.artifactory.addon.security.RestSecurityRequestHandlerTest" name="getSecurityEntitiesGroupsCreateSuccessfullyExpectOnUpdateCorrectCodeAndMessage" time="0.400"/>
  <testcase classname="org.artifactory.addon.security.RestSecurityRequestHandlerTest" name="getSecurityEntitiesGroupsUpdateBadUsersExceptionOnUpdateExpectOnUpdateCorrectCodeAndMessage" time="1.652"/>
  <testcase classname="org.artifactory.addon.security.RestSecurityRequestHandlerTest" name="getSecurityEntitiesGroupsUpdateBadUsersExceptionOnUpdateExpectOnUpdateCorrectCodeAndMessage" time="0.011"/>
  <testcase classname="org.artifactory.addon.security.RestSecurityRequestHandlerTest" name="getSecurityEntitiesGroupsWithHttpAccessExceptionOnUpdateExpectOnUpdateCorrectCodeAndMessage" time="0.015"/>
</testsuite> <!-- org.artifactory.addon.security.RestSecurityRequestHandlerTest -->
