<?xml version="1.0" encoding="UTF-8"?>
<!-- Generated by org.testng.reporters.JUnitReportReporter -->
<testsuite ignored="0" hostname="fc3c13788461" failures="0" tests="2" name="org.artifactory.addon.ldap.provider.LdapGroupProviderPagingSettingTest" time="3.702" errors="0" timestamp="25 Oct 2021 16:03:34 GMT" skipped="0">
  <testcase classname="org.artifactory.addon.ldap.provider.LdapGroupProviderPagingSettingTest" name="test" time="0.282"/>
  <testcase classname="org.artifactory.addon.ldap.provider.LdapGroupProviderPagingSettingTest" name="test" time="3.420"/>
</testsuite> <!-- org.artifactory.addon.ldap.provider.LdapGroupProviderPagingSettingTest -->
