<?xml version="1.0" encoding="UTF-8"?>
<!-- Generated by org.testng.reporters.JUnitReportReporter -->
<testsuite ignored="0" hostname="fc3c13788461" failures="0" tests="4" name="org.artifactory.addon.observability.ObservabilityAddonImplTest" time="1.769" errors="0" timestamp="25 Oct 2021 16:04:22 GMT" skipped="0">
  <testcase classname="org.artifactory.addon.observability.ObservabilityAddonImplTest" name="testAddLogWithException" time="1.417"/>
  <testcase classname="org.artifactory.addon.observability.ObservabilityAddonImplTest" name="testGetLogInfo" time="0.056"/>
  <testcase classname="org.artifactory.addon.observability.ObservabilityAddonImplTest" name="testAddLogRepoCreated" time="0.287"/>
  <testcase classname="org.artifactory.addon.observability.ObservabilityAddonImplTest" name="testAddLogWithCreateRepo" time="0.009"/>
</testsuite> <!-- org.artifactory.addon.observability.ObservabilityAddonImplTest -->
