<?xml version="1.0" encoding="UTF-8"?>
<!-- Generated by org.testng.reporters.JUnitReportReporter -->
<testsuite ignored="0" hostname="fc3c13788461" failures="0" tests="5" name="org.artifactory.addon.filestore.eventual.cluster.ChecksumActionsTest" time="0.003" errors="0" timestamp="25 Oct 2021 16:05:54 GMT" skipped="0">
  <testcase classname="org.artifactory.addon.filestore.eventual.cluster.ChecksumActionsTest" name="actionsAreSortedByTimestamp" time="0.003"/>
  <testcase classname="org.artifactory.addon.filestore.eventual.cluster.ChecksumActionsTest" name="addActionWithDifferentChecksum" time="0.000"/>
  <testcase classname="org.artifactory.addon.filestore.eventual.cluster.ChecksumActionsTest" name="defaultConstructor" time="0.000"/>
  <testcase classname="org.artifactory.addon.filestore.eventual.cluster.ChecksumActionsTest" name="lastActionWithEmptyActions" time="0.000"/>
  <testcase classname="org.artifactory.addon.filestore.eventual.cluster.ChecksumActionsTest" name="lastActionMultipleActions" time="0.000"/>
</testsuite> <!-- org.artifactory.addon.filestore.eventual.cluster.ChecksumActionsTest -->
