<?xml version="1.0" encoding="UTF-8"?>
<!-- Generated by org.testng.reporters.JUnitReportReporter -->
<testsuite ignored="0" hostname="fc3c13788461" failures="0" tests="4" name="org.artifactory.addon.npm.repo.NpmExcludePackageFromMetadataTest" time="3.724" errors="0" timestamp="25 Oct 2021 16:09:04 GMT" skipped="0">
  <testcase classname="org.artifactory.addon.npm.repo.NpmExcludePackageFromMetadataTest" name="testSuccessExclude" time="1.017"/>
  <testcase classname="org.artifactory.addon.npm.repo.NpmExcludePackageFromMetadataTest" name="testNoNeedToModifyVersionsToExclude" time="0.055"/>
  <testcase classname="org.artifactory.addon.npm.repo.NpmExcludePackageFromMetadataTest" name="testModifyVersionsToExclude" time="0.236"/>
  <testcase classname="org.artifactory.addon.npm.repo.NpmExcludePackageFromMetadataTest" name="testNoNeedToExclude" time="2.416"/>
</testsuite> <!-- org.artifactory.addon.npm.repo.NpmExcludePackageFromMetadataTest -->
