<?xml version="1.0" encoding="UTF-8"?>
<!-- Generated by org.testng.reporters.JUnitReportReporter -->
<testsuite ignored="0" hostname="fc3c13788461" failures="0" tests="35" name="org.artifactory.addon.npm.repo.audit.NpmAuditHandlerTest" time="10.067" errors="0" timestamp="25 Oct 2021 16:09:09 GMT" skipped="0">
  <testcase classname="org.artifactory.addon.npm.repo.audit.NpmAuditHandlerTest" name="testAuditButCacheIsDisabled" time="0.173"/>
  <testcase classname="org.artifactory.addon.npm.repo.audit.NpmAuditHandlerTest" name="testHandleOnlyRemote" time="0.078"/>
  <testcase classname="org.artifactory.addon.npm.repo.audit.NpmAuditHandlerTest" name="testHandleOnlyRemote" time="0.061"/>
  <testcase classname="org.artifactory.addon.npm.repo.audit.NpmAuditHandlerTest" name="testHandleRemoteAndXray" time="0.036"/>
  <testcase classname="org.artifactory.addon.npm.repo.audit.NpmAuditHandlerTest" name="testSmartDetectAuditProviderDiscoverNewProvider" time="0.031"/>
  <testcase classname="org.artifactory.addon.npm.repo.audit.NpmAuditHandlerTest" name="testHandleOnlyXray" time="3.710"/>
  <testcase classname="org.artifactory.addon.npm.repo.audit.NpmAuditHandlerTest" name="testXrayEnabledAndVersion" time="0.019"/>
  <testcase classname="org.artifactory.addon.npm.repo.audit.NpmAuditHandlerTest" name="testHandleRemoteAndXrayButXrayFails" time="0.119"/>
  <testcase classname="org.artifactory.addon.npm.repo.audit.NpmAuditHandlerTest" name="testHandleOnlyRemote" time="0.086"/>
  <testcase classname="org.artifactory.addon.npm.repo.audit.NpmAuditHandlerTest" name="testHandleOnlyXray" time="0.026"/>
  <testcase classname="org.artifactory.addon.npm.repo.audit.NpmAuditHandlerTest" name="testAuditBadJsonInRequest" time="0.206"/>
  <testcase classname="org.artifactory.addon.npm.repo.audit.NpmAuditHandlerTest" name="testHandleNoXrayNoAuditRemotes" time="0.098"/>
  <testcase classname="org.artifactory.addon.npm.repo.audit.NpmAuditHandlerTest" name="testHandleOnlyRemote" time="0.073"/>
  <testcase classname="org.artifactory.addon.npm.repo.audit.NpmAuditHandlerTest" name="testHandleOnlyXray" time="0.072"/>
  <testcase classname="org.artifactory.addon.npm.repo.audit.NpmAuditHandlerTest" name="testHandleRemoteAndXrayWhenXrayIsConfiguredButIsNotAlive" time="0.023"/>
  <testcase classname="org.artifactory.addon.npm.repo.audit.NpmAuditHandlerTest" name="testHandleNoXrayNoAuditRemotes" time="0.048"/>
  <testcase classname="org.artifactory.addon.npm.repo.audit.NpmAuditHandlerTest" name="testHandleRemoteAndXray" time="0.087"/>
  <testcase classname="org.artifactory.addon.npm.repo.audit.NpmAuditHandlerTest" name="testSmartDetectAuditProviderFromPreviouslyKnown" time="0.063"/>
  <testcase classname="org.artifactory.addon.npm.repo.audit.NpmAuditHandlerTest" name="test" time="0.059"/>
  <testcase classname="org.artifactory.addon.npm.repo.audit.NpmAuditHandlerTest" name="testVirtualDoesntExist" time="0.052"/>
  <testcase classname="org.artifactory.addon.npm.repo.audit.NpmAuditHandlerTest" name="testHandleOnlyXray" time="0.068"/>
  <testcase classname="org.artifactory.addon.npm.repo.audit.NpmAuditHandlerTest" name="testSmartDetectAuditProviderNoRemoteSupportsAudit" time="0.029"/>
  <testcase classname="org.artifactory.addon.npm.repo.audit.NpmAuditHandlerTest" name="testSmartDetectAuditProviderDefaultProvider" time="0.072"/>
  <testcase classname="org.artifactory.addon.npm.repo.audit.NpmAuditHandlerTest" name="testAuditIsStillServedFromCacheAlthoughXrayIsNotResponding" time="0.077"/>
  <testcase classname="org.artifactory.addon.npm.repo.audit.NpmAuditHandlerTest" name="testHandleRemoteAndXray" time="0.046"/>
  <testcase classname="org.artifactory.addon.npm.repo.audit.NpmAuditHandlerTest" name="testHandleOnlyRemote" time="0.062"/>
  <testcase classname="org.artifactory.addon.npm.repo.audit.NpmAuditHandlerTest" name="testHandleRemoteAndXray" time="4.009"/>
  <testcase classname="org.artifactory.addon.npm.repo.audit.NpmAuditHandlerTest" name="testHandleOnlyXray" time="0.038"/>
  <testcase classname="org.artifactory.addon.npm.repo.audit.NpmAuditHandlerTest" name="testXrayEnabledAndVersion" time="0.122"/>
  <testcase classname="org.artifactory.addon.npm.repo.audit.NpmAuditHandlerTest" name="testFailedAuditRequest" time="0.034"/>
  <testcase classname="org.artifactory.addon.npm.repo.audit.NpmAuditHandlerTest" name="testHandleOnlyRemote" time="0.104"/>
  <testcase classname="org.artifactory.addon.npm.repo.audit.NpmAuditHandlerTest" name="testHandleRemoteAndXrayButXrayFails" time="0.073"/>
  <testcase classname="org.artifactory.addon.npm.repo.audit.NpmAuditHandlerTest" name="testPrepareAuditRequestData" time="0.077"/>
  <testcase classname="org.artifactory.addon.npm.repo.audit.NpmAuditHandlerTest" name="testXrayEnabledAndVersion" time="0.072"/>
  <testcase classname="org.artifactory.addon.npm.repo.audit.NpmAuditHandlerTest" name="testHandleOnlyXray" time="0.064"/>
</testsuite> <!-- org.artifactory.addon.npm.repo.audit.NpmAuditHandlerTest -->
