<?xml version="1.0" encoding="UTF-8"?>
<!-- Generated by org.testng.reporters.JUnitReportReporter -->
<testsuite ignored="0" hostname="fc3c13788461" failures="0" tests="7" name="org.artifactory.addon.aol.core.AolServiceImplTest" time="4.664" errors="0" timestamp="25 Oct 2021 16:11:53 GMT" skipped="0">
  <testcase classname="org.artifactory.addon.aol.core.AolServiceImplTest" name="testTurnOnPropertyAolEnabled" time="0.036"/>
  <testcase classname="org.artifactory.addon.aol.core.AolServiceImplTest" name="testIsAolAdmin" time="0.067"/>
  <testcase classname="org.artifactory.addon.aol.core.AolServiceImplTest" name="testSendDockerRepoEvent" time="0.063"/>
  <testcase classname="org.artifactory.addon.aol.core.AolServiceImplTest" name="decryptSymmetric" time="0.152"/>
  <testcase classname="org.artifactory.addon.aol.core.AolServiceImplTest" name="testGetPurchaseUrl" time="4.093"/>
  <testcase classname="org.artifactory.addon.aol.core.AolServiceImplTest" name="encryptSymmetric" time="0.133"/>
  <testcase classname="org.artifactory.addon.aol.core.AolServiceImplTest" name="testSendDockerRepoEvent" time="0.120"/>
</testsuite> <!-- org.artifactory.addon.aol.core.AolServiceImplTest -->
