<?xml version="1.0" encoding="UTF-8"?>
<!-- Generated by org.testng.reporters.JUnitReportReporter -->
<testsuite ignored="1" hostname="fc3c13788461" failures="0" tests="5" name="org.artifactory.addon.mirror.internal.MirrorImplTest" time="17.445" errors="0" timestamp="25 Oct 2021 16:09:56 GMT" skipped="0">
  <testcase classname="org.artifactory.addon.mirror.internal.MirrorImplTest" name="testTriggerFullSync" time="0.002"/>
  <testcase classname="org.artifactory.addon.mirror.internal.MirrorImplTest" name="testPropagateMirrorMessage" time="0.141"/>
  <testcase classname="org.artifactory.addon.mirror.internal.MirrorImplTest" name="testRunFullSyncIfNeeded" time="0.027"/>
  <testcase classname="org.artifactory.addon.mirror.internal.MirrorImplTest" name="testNetworkError" time="16.403"/>
  <testcase classname="org.artifactory.addon.mirror.internal.MirrorImplTest" name="testNoNeedForFullSync" time="0.872"/>
  <testcase classname="org.artifactory.addon.mirror.internal.MirrorImplTest" name="testConcurrentEventMessages">
    <skipped/>
  </testcase> <!-- testConcurrentEventMessages -->
</testsuite> <!-- org.artifactory.addon.mirror.internal.MirrorImplTest -->
