<?xml version="1.0" encoding="UTF-8"?>
<!-- Generated by org.testng.reporters.JUnitReportReporter -->
<testsuite ignored="0" hostname="fc3c13788461" failures="0" tests="3" name="org.artifactory.addon.sso.saml.SamlLoginRequestTest" time="0.868" errors="0" timestamp="25 Oct 2021 16:08:04 GMT" skipped="0">
  <testcase classname="org.artifactory.addon.sso.saml.SamlLoginRequestTest" name="xmlLoginRequestGenerationTest" time="0.118"/>
  <testcase classname="org.artifactory.addon.sso.saml.SamlLoginRequestTest" name="encodedLoginRequestGenerationTest" time="0.621"/>
  <testcase classname="org.artifactory.addon.sso.saml.SamlLoginRequestTest" name="redirectionLoginRequestGenerationTest" time="0.129"/>
</testsuite> <!-- org.artifactory.addon.sso.saml.SamlLoginRequestTest -->
