<?xml version="1.0" encoding="UTF-8"?>
<!-- Generated by org.testng.reporters.JUnitReportReporter -->
<testsuite ignored="0" hostname="fc3c13788461" failures="0" tests="4" name="org.artifactory.addon.composer.repo.ComposerHeadGetTest" time="6.387" errors="0" timestamp="25 Oct 2021 16:09:23 GMT" skipped="0">
  <testcase classname="org.artifactory.addon.composer.repo.ComposerHeadGetTest" name="testDownloadPackage" time="0.018"/>
  <testcase classname="org.artifactory.addon.composer.repo.ComposerHeadGetTest" name="testDownloadVcsPackage" time="4.046"/>
  <testcase classname="org.artifactory.addon.composer.repo.ComposerHeadGetTest" name="testDownloadPackage" time="0.651"/>
  <testcase classname="org.artifactory.addon.composer.repo.ComposerHeadGetTest" name="testDownloadVcsPackage" time="1.672"/>
</testsuite> <!-- org.artifactory.addon.composer.repo.ComposerHeadGetTest -->
