<?xml version="1.0" encoding="UTF-8"?>
<!-- Generated by org.testng.reporters.JUnitReportReporter -->
<testsuite ignored="0" hostname="fc3c13788461" failures="0" tests="16" name="org.artifactory.addon.filestore.type.azureblobstorage.v2.AzureBlobStorageV2BinaryProviderTest" time="14.732" errors="0" timestamp="25 Oct 2021 16:05:54 GMT" skipped="0">
  <testcase classname="org.artifactory.addon.filestore.type.azureblobstorage.v2.AzureBlobStorageV2BinaryProviderTest" name="testAddWithBadChecksum" time="2.390"/>
  <testcase classname="org.artifactory.addon.filestore.type.azureblobstorage.v2.AzureBlobStorageV2BinaryProviderTest" name="testDoesContainerExists" time="0.075"/>
  <testcase classname="org.artifactory.addon.filestore.type.azureblobstorage.v2.AzureBlobStorageV2BinaryProviderTest" name="testAddStreamWithStreamNoLength" time="8.618"/>
  <testcase classname="org.artifactory.addon.filestore.type.azureblobstorage.v2.AzureBlobStorageV2BinaryProviderTest" name="testExists" time="0.100"/>
  <testcase classname="org.artifactory.addon.filestore.type.azureblobstorage.v2.AzureBlobStorageV2BinaryProviderTest" name="noContainer" time="1.628"/>
  <testcase classname="org.artifactory.addon.filestore.type.azureblobstorage.v2.AzureBlobStorageV2BinaryProviderTest" name="testDefaults" time="0.052"/>
  <testcase classname="org.artifactory.addon.filestore.type.azureblobstorage.v2.AzureBlobStorageV2BinaryProviderTest" name="testDeleteWithException" time="0.081"/>
  <testcase classname="org.artifactory.addon.filestore.type.azureblobstorage.v2.AzureBlobStorageV2BinaryProviderTest" name="testGetStreamWithStorageException" time="0.098"/>
  <testcase classname="org.artifactory.addon.filestore.type.azureblobstorage.v2.AzureBlobStorageV2BinaryProviderTest" name="testAddWithBigStreamAndFailure" time="0.130"/>
  <testcase classname="org.artifactory.addon.filestore.type.azureblobstorage.v2.AzureBlobStorageV2BinaryProviderTest" name="testAddWithFile" time="0.077"/>
  <testcase classname="org.artifactory.addon.filestore.type.azureblobstorage.v2.AzureBlobStorageV2BinaryProviderTest" name="testNotExists" time="0.177"/>
  <testcase classname="org.artifactory.addon.filestore.type.azureblobstorage.v2.AzureBlobStorageV2BinaryProviderTest" name="testAddWithBigStream" time="0.122"/>
  <testcase classname="org.artifactory.addon.filestore.type.azureblobstorage.v2.AzureBlobStorageV2BinaryProviderTest" name="testDelete" time="0.134"/>
  <testcase classname="org.artifactory.addon.filestore.type.azureblobstorage.v2.AzureBlobStorageV2BinaryProviderTest" name="testDoesContainerNotExists" time="0.113"/>
  <testcase classname="org.artifactory.addon.filestore.type.azureblobstorage.v2.AzureBlobStorageV2BinaryProviderTest" name="testGetStream" time="0.481"/>
  <testcase classname="org.artifactory.addon.filestore.type.azureblobstorage.v2.AzureBlobStorageV2BinaryProviderTest" name="testAddWithStream" time="0.456"/>
</testsuite> <!-- org.artifactory.addon.filestore.type.azureblobstorage.v2.AzureBlobStorageV2BinaryProviderTest -->
