<?xml version="1.0" encoding="UTF-8"?>
<!-- Generated by org.testng.reporters.JUnitReportReporter -->
<testsuite ignored="0" hostname="fc3c13788461" failures="0" tests="10" name="org.artifactory.addon.conda.repo.interceptor.CondaVirtualInterceptorTest" time="6.023" errors="0" timestamp="25 Oct 2021 16:07:27 GMT" skipped="0">
  <testcase classname="org.artifactory.addon.conda.repo.interceptor.CondaVirtualInterceptorTest" name="testIsCondaRepodataRequestFalseOnWrongRepoType" time="0.002"/>
  <testcase classname="org.artifactory.addon.conda.repo.interceptor.CondaVirtualInterceptorTest" name="testIsCondaRepodataRequestFalseOnWrongFilename" time="5.355"/>
  <testcase classname="org.artifactory.addon.conda.repo.interceptor.CondaVirtualInterceptorTest" name="testShouldReturnCachedResourceExpiredResource" time="0.010"/>
  <testcase classname="org.artifactory.addon.conda.repo.interceptor.CondaVirtualInterceptorTest" name="testIsCondaRepodataRequestTrue" time="0.005"/>
  <testcase classname="org.artifactory.addon.conda.repo.interceptor.CondaVirtualInterceptorTest" name="testIsCondaRepodataRequestFalseOnNullVirtualRepo" time="0.085"/>
  <testcase classname="org.artifactory.addon.conda.repo.interceptor.CondaVirtualInterceptorTest" name="testIsCondaRepodataRequestFalseOnWrongRepoType" time="0.037"/>
  <testcase classname="org.artifactory.addon.conda.repo.interceptor.CondaVirtualInterceptorTest" name="testIsCondaRepodataRequestTrue" time="0.020"/>
  <testcase classname="org.artifactory.addon.conda.repo.interceptor.CondaVirtualInterceptorTest" name="testShouldReturnCachedResourceExpiredResource" time="0.351"/>
  <testcase classname="org.artifactory.addon.conda.repo.interceptor.CondaVirtualInterceptorTest" name="testShouldReturnCachedResourceFoundResource" time="0.002"/>
  <testcase classname="org.artifactory.addon.conda.repo.interceptor.CondaVirtualInterceptorTest" name="testShouldReturnCachedResourceFoundResource" time="0.156"/>
</testsuite> <!-- org.artifactory.addon.conda.repo.interceptor.CondaVirtualInterceptorTest -->
