<?xml version="1.0" encoding="UTF-8"?>
<!-- Generated by org.testng.reporters.JUnitReportReporter -->
<testsuite ignored="0" hostname="fc3c13788461" failures="0" tests="13" name="org.artifactory.addon.replication.core.push.incremental.ReplicationTasksServiceTest" time="6.707" errors="0" timestamp="25 Oct 2021 16:10:06 GMT" skipped="0">
  <testcase classname="org.artifactory.addon.replication.core.push.incremental.ReplicationTasksServiceTest" name="testGetReplicationTasksEmpty" time="0.057"/>
  <testcase classname="org.artifactory.addon.replication.core.push.incremental.ReplicationTasksServiceTest" name="testGetReplicationEventsIncludeDelete" time="0.069"/>
  <testcase classname="org.artifactory.addon.replication.core.push.incremental.ReplicationTasksServiceTest" name="testGetReplicationEvents" time="0.105"/>
  <testcase classname="org.artifactory.addon.replication.core.push.incremental.ReplicationTasksServiceTest" name="testResultsStartsWithAllErrors" time="0.061"/>
  <testcase classname="org.artifactory.addon.replication.core.push.incremental.ReplicationTasksServiceTest" name="testGetErrorsByReplicationKey" time="0.189"/>
  <testcase classname="org.artifactory.addon.replication.core.push.incremental.ReplicationTasksServiceTest" name="testGetReplicationEventsNotIncludeDelete" time="0.090"/>
  <testcase classname="org.artifactory.addon.replication.core.push.incremental.ReplicationTasksServiceTest" name="testUntilDateFilter" time="0.086"/>
  <testcase classname="org.artifactory.addon.replication.core.push.incremental.ReplicationTasksServiceTest" name="testEventsFromDBReserveOrder" time="0.122"/>
  <testcase classname="org.artifactory.addon.replication.core.push.incremental.ReplicationTasksServiceTest" name="testGetReplicationEventsOneEventDontStartWithPath" time="0.091"/>
  <testcase classname="org.artifactory.addon.replication.core.push.incremental.ReplicationTasksServiceTest" name="getErrorsAndEvents" time="0.265"/>
  <testcase classname="org.artifactory.addon.replication.core.push.incremental.ReplicationTasksServiceTest" name="testGetReplicationEventsNotIncludePropertyEvents" time="3.162"/>
  <testcase classname="org.artifactory.addon.replication.core.push.incremental.ReplicationTasksServiceTest" name="testGetReplicationEventsIncludePropertyEvents" time="2.338"/>
  <testcase classname="org.artifactory.addon.replication.core.push.incremental.ReplicationTasksServiceTest" name="testGetReplicationEventsAndErrorWithPathPrefixNull" time="0.072"/>
</testsuite> <!-- org.artifactory.addon.replication.core.push.incremental.ReplicationTasksServiceTest -->
