<?xml version="1.0" encoding="UTF-8"?>
<!-- Generated by org.testng.reporters.JUnitReportReporter -->
<testsuite ignored="0" hostname="fc3c13788461" failures="0" tests="4" name="org.artifactory.addon.composer.helpers.Merger.ComposerSearchMergerTest" time="9.160" errors="0" timestamp="25 Oct 2021 16:09:28 GMT" skipped="0">
  <testcase classname="org.artifactory.addon.composer.helpers.Merger.ComposerSearchMergerTest" name="testPagesAndResultsOverTheLimit" time="7.072"/>
  <testcase classname="org.artifactory.addon.composer.helpers.Merger.ComposerSearchMergerTest" name="testPagesAndPartialResultsOverTheLimits" time="1.654"/>
  <testcase classname="org.artifactory.addon.composer.helpers.Merger.ComposerSearchMergerTest" name="testSearchDuplicate" time="0.239"/>
  <testcase classname="org.artifactory.addon.composer.helpers.Merger.ComposerSearchMergerTest" name="testSearchCoupleResults" time="0.195"/>
</testsuite> <!-- org.artifactory.addon.composer.helpers.Merger.ComposerSearchMergerTest -->
