<?xml version="1.0" encoding="UTF-8"?>
<!-- Generated by org.testng.reporters.JUnitReportReporter -->
<testsuite ignored="0" hostname="fc3c13788461" failures="0" tests="3" name="org.artifactory.addon.federated.replication.AbstractFullReplicationVisitorTest" time="3.451" errors="0" timestamp="25 Oct 2021 16:11:13 GMT" skipped="0">
  <testcase classname="org.artifactory.addon.federated.replication.AbstractFullReplicationVisitorTest" name="testPropagateMessage" time="3.199"/>
  <testcase classname="org.artifactory.addon.federated.replication.AbstractFullReplicationVisitorTest" name="testPropagateMessageWithError" time="0.015"/>
  <testcase classname="org.artifactory.addon.federated.replication.AbstractFullReplicationVisitorTest" name="testPropagateMessage" time="0.237"/>
</testsuite> <!-- org.artifactory.addon.federated.replication.AbstractFullReplicationVisitorTest -->
