<?xml version="1.0" encoding="UTF-8"?>
<!-- Generated by org.testng.reporters.JUnitReportReporter -->
<testsuite ignored="0" hostname="fc3c13788461" failures="0" tests="4" name="org.artifactory.addon.sso.auth.http.ArtifactoryHttpSsoAuthenticationFilterTest" time="9.199" errors="0" timestamp="25 Oct 2021 16:07:59 GMT" skipped="0">
  <testcase classname="org.artifactory.addon.sso.auth.http.ArtifactoryHttpSsoAuthenticationFilterTest" name="testGetCacheKey" time="5.251"/>
  <testcase classname="org.artifactory.addon.sso.auth.http.ArtifactoryHttpSsoAuthenticationFilterTest" name="testGetCacheKey" time="3.604"/>
  <testcase classname="org.artifactory.addon.sso.auth.http.ArtifactoryHttpSsoAuthenticationFilterTest" name="testGetCacheKey" time="0.165"/>
  <testcase classname="org.artifactory.addon.sso.auth.http.ArtifactoryHttpSsoAuthenticationFilterTest" name="testGetCacheKey" time="0.179"/>
</testsuite> <!-- org.artifactory.addon.sso.auth.http.ArtifactoryHttpSsoAuthenticationFilterTest -->
