<?xml version="1.0" encoding="UTF-8"?>
<!-- Generated by org.testng.reporters.JUnitReportReporter -->
<testsuite ignored="0" hostname="fc3c13788461" failures="0" tests="1" name="org.artifactory.license.LicenseTimeStampTest" time="0.048" errors="0" timestamp="25 Oct 2021 16:03:06 GMT" skipped="0">
  <testcase classname="org.artifactory.license.LicenseTimeStampTest" name="verifyReleaseTimestamp" time="0.048"/>
</testsuite> <!-- org.artifactory.license.LicenseTimeStampTest -->
