<?xml version="1.0" encoding="UTF-8"?>
<!-- Generated by org.testng.reporters.JUnitReportReporter -->
<testsuite ignored="0" hostname="fc3c13788461" failures="0" tests="3" name="org.artifactory.addon.jfevent.interceptor.JfEventBuildPromotionInterceptorTest" time="3.619" errors="0" timestamp="25 Oct 2021 16:08:46 GMT" skipped="0">
  <testcase classname="org.artifactory.addon.jfevent.interceptor.JfEventBuildPromotionInterceptorTest" name="shouldNotSendPromotedEventForNullPromotion" time="0.001"/>
  <testcase classname="org.artifactory.addon.jfevent.interceptor.JfEventBuildPromotionInterceptorTest" name="shouldSendPromotedEvent" time="3.616"/>
  <testcase classname="org.artifactory.addon.jfevent.interceptor.JfEventBuildPromotionInterceptorTest" name="shouldNotSendPromotedEventForNullBuild" time="0.002"/>
</testsuite> <!-- org.artifactory.addon.jfevent.interceptor.JfEventBuildPromotionInterceptorTest -->
