<?xml version="1.0" encoding="UTF-8"?>
<!-- Generated by org.testng.reporters.JUnitReportReporter -->
<testsuite ignored="0" hostname="fc3c13788461" failures="0" tests="5" name="org.artifactory.addon.opkg.OpkgEventsTest" time="5.555" errors="0" timestamp="25 Oct 2021 16:08:31 GMT" skipped="0">
  <testcase classname="org.artifactory.addon.opkg.OpkgEventsTest" name="testDifferentRepositoriesEntireRepoEventsAccumulator" time="0.088"/>
  <testcase classname="org.artifactory.addon.opkg.OpkgEventsTest" name="testDifferentRepositoriesPackagesEventsAccumulator" time="0.108"/>
  <testcase classname="org.artifactory.addon.opkg.OpkgEventsTest" name="testEqualEventsAccumulator" time="5.180"/>
  <testcase classname="org.artifactory.addon.opkg.OpkgEventsTest" name="testEqualFullRepoEventsAccumulator" time="0.064"/>
  <testcase classname="org.artifactory.addon.opkg.OpkgEventsTest" name="testDifferentEventsAccumulator" time="0.115"/>
</testsuite> <!-- org.artifactory.addon.opkg.OpkgEventsTest -->
