<?xml version="1.0" encoding="UTF-8"?>
<!-- Generated by org.testng.reporters.JUnitReportReporter -->
<testsuite ignored="0" hostname="fc3c13788461" failures="0" tests="11" name="org.artifactory.addon.go.util.GoVersionUtilsTest" time="1.543" errors="0" timestamp="25 Oct 2021 16:09:29 GMT" skipped="0">
  <testcase classname="org.artifactory.addon.go.util.GoVersionUtilsTest" name="testIsMajorVersion2Plus" time="0.001"/>
  <testcase classname="org.artifactory.addon.go.util.GoVersionUtilsTest" name="testGetCorrectModuleVersionWithSubModule" time="0.012"/>
  <testcase classname="org.artifactory.addon.go.util.GoVersionUtilsTest" name="testIsLegalProjectName" time="0.000"/>
  <testcase classname="org.artifactory.addon.go.util.GoVersionUtilsTest" name="testGetMajorProjectVersion" time="0.001"/>
  <testcase classname="org.artifactory.addon.go.util.GoVersionUtilsTest" name="testGetProjectNameForV2Module" time="0.030"/>
  <testcase classname="org.artifactory.addon.go.util.GoVersionUtilsTest" name="testGetGoPkgInMajorProjectVersion" time="0.001"/>
  <testcase classname="org.artifactory.addon.go.util.GoVersionUtilsTest" name="testGetCleanVersion" time="0.266"/>
  <testcase classname="org.artifactory.addon.go.util.GoVersionUtilsTest" name="testGetSubModule" time="0.000"/>
  <testcase classname="org.artifactory.addon.go.util.GoVersionUtilsTest" name="testIsCompatibleGoModuleNaming" time="0.003"/>
  <testcase classname="org.artifactory.addon.go.util.GoVersionUtilsTest" name="testGetMajorVersion" time="0.001"/>
  <testcase classname="org.artifactory.addon.go.util.GoVersionUtilsTest" name="testGetCorrectModuleVersion" time="1.228"/>
</testsuite> <!-- org.artifactory.addon.go.util.GoVersionUtilsTest -->
