<?xml version="1.0" encoding="UTF-8"?>
<!-- Generated by org.testng.reporters.JUnitReportReporter -->
<testsuite ignored="0" hostname="fc3c13788461" failures="0" tests="5" name="org.artifactory.addon.replication.core.push.event.ContextInitializingEventQueueTest" time="1.059" errors="0" timestamp="25 Oct 2021 16:10:12 GMT" skipped="0">
  <testcase classname="org.artifactory.addon.replication.core.push.event.ContextInitializingEventQueueTest" name="testUniqueLockName" time="0.329"/>
  <testcase classname="org.artifactory.addon.replication.core.push.event.ContextInitializingEventQueueTest" name="testOfferToUnInitializedQueue" time="0.524"/>
  <testcase classname="org.artifactory.addon.replication.core.push.event.ContextInitializingEventQueueTest" name="testQueueInitializationError" time="0.026"/>
  <testcase classname="org.artifactory.addon.replication.core.push.event.ContextInitializingEventQueueTest" name="testQueueInitializationWithoutInitContext" time="0.046"/>
  <testcase classname="org.artifactory.addon.replication.core.push.event.ContextInitializingEventQueueTest" name="testUpdateAndInitializeQueue" time="0.134"/>
</testsuite> <!-- org.artifactory.addon.replication.core.push.event.ContextInitializingEventQueueTest -->
