<?xml version="1.0" encoding="UTF-8"?>
<!-- Generated by org.testng.reporters.JUnitReportReporter -->
<testsuite ignored="0" hostname="fc3c13788461" failures="0" tests="10" name="org.artifactory.addon.npm.repo.NpmRemoteRepoHandlerTest" time="4.036" errors="0" timestamp="25 Oct 2021 16:09:08 GMT" skipped="0">
  <testcase classname="org.artifactory.addon.npm.repo.NpmRemoteRepoHandlerTest" name="getPackageMetadataWhenParseExceptionAndEnabledThenGoToCacheLikeALocalRepo" time="0.126"/>
  <testcase classname="org.artifactory.addon.npm.repo.NpmRemoteRepoHandlerTest" name="getPackageMetadataWhenMetadataExceptionAndNotEnabledThenThrowAnException" time="0.563"/>
  <testcase classname="org.artifactory.addon.npm.repo.NpmRemoteRepoHandlerTest" name="testGetDownloadRequestContext" time="0.065"/>
  <testcase classname="org.artifactory.addon.npm.repo.NpmRemoteRepoHandlerTest" name="testRemoteMetadataTarballParsing" time="0.669"/>
  <testcase classname="org.artifactory.addon.npm.repo.NpmRemoteRepoHandlerTest" name="getPackageMetadataWhenParseExceptionAndNotEnabledThenTNotFound" time="0.219"/>
  <testcase classname="org.artifactory.addon.npm.repo.NpmRemoteRepoHandlerTest" name="testGetDownloadRequestContext" time="1.934"/>
  <testcase classname="org.artifactory.addon.npm.repo.NpmRemoteRepoHandlerTest" name="getVersionMetadataWhenParseExceptionAndNotEnabledThenNotFound" time="0.142"/>
  <testcase classname="org.artifactory.addon.npm.repo.NpmRemoteRepoHandlerTest" name="getVersionMetadataWhenParseExceptionThenGoToCacheLikeALocalRepo" time="0.117"/>
  <testcase classname="org.artifactory.addon.npm.repo.NpmRemoteRepoHandlerTest" name="testGetDownloadRequestContext" time="0.114"/>
  <testcase classname="org.artifactory.addon.npm.repo.NpmRemoteRepoHandlerTest" name="testGetDownloadRequestContext" time="0.087"/>
</testsuite> <!-- org.artifactory.addon.npm.repo.NpmRemoteRepoHandlerTest -->
