<?xml version="1.0" encoding="UTF-8"?>
<!-- Generated by org.testng.reporters.JUnitReportReporter -->
<testsuite ignored="0" hostname="fc3c13788461" failures="0" tests="6" name="org.artifactory.addon.debian.repo.DebianWorkContextTest" time="5.295" errors="0" timestamp="25 Oct 2021 16:08:36 GMT" skipped="0">
  <testcase classname="org.artifactory.addon.debian.repo.DebianWorkContextTest" name="providesFieldValidationEnabled" time="4.891"/>
  <testcase classname="org.artifactory.addon.debian.repo.DebianWorkContextTest" name="descriptionMd5FieldValidationEnabled" time="0.055"/>
  <testcase classname="org.artifactory.addon.debian.repo.DebianWorkContextTest" name="emptyDependsFieldValidationEnabledTest" time="0.057"/>
  <testcase classname="org.artifactory.addon.debian.repo.DebianWorkContextTest" name="mandatoryFieldsValidationEnabled" time="0.101"/>
  <testcase classname="org.artifactory.addon.debian.repo.DebianWorkContextTest" name="dependsFieldValidationEnabledTest" time="0.089"/>
  <testcase classname="org.artifactory.addon.debian.repo.DebianWorkContextTest" name="statusFieldValidationEnabled" time="0.102"/>
</testsuite> <!-- org.artifactory.addon.debian.repo.DebianWorkContextTest -->
