<?xml version="1.0" encoding="UTF-8"?>
<!-- Generated by org.testng.reporters.JUnitReportReporter -->
<testsuite ignored="0" hostname="fc3c13788461" failures="0" tests="6" name="org.artifactory.addon.puppet.repo.PuppetHeadGetTest" time="2.209" errors="0" timestamp="25 Oct 2021 16:06:17 GMT" skipped="0">
  <testcase classname="org.artifactory.addon.puppet.repo.PuppetHeadGetTest" name="testDownloadFromLocal" time="0.014"/>
  <testcase classname="org.artifactory.addon.puppet.repo.PuppetHeadGetTest" name="testDownloadFromRemote" time="1.712"/>
  <testcase classname="org.artifactory.addon.puppet.repo.PuppetHeadGetTest" name="testDownloadFromRemote" time="0.010"/>
  <testcase classname="org.artifactory.addon.puppet.repo.PuppetHeadGetTest" name="testDownloadFromLocal" time="0.456"/>
  <testcase classname="org.artifactory.addon.puppet.repo.PuppetHeadGetTest" name="testDownloadLocalRepo" time="0.009"/>
  <testcase classname="org.artifactory.addon.puppet.repo.PuppetHeadGetTest" name="testDownloadLocalRepo" time="0.008"/>
</testsuite> <!-- org.artifactory.addon.puppet.repo.PuppetHeadGetTest -->
