<?xml version="1.0" encoding="UTF-8"?>
<!-- Generated by org.testng.reporters.JUnitReportReporter -->
<testsuite ignored="0" hostname="fc3c13788461" failures="0" tests="5" name="org.artifactory.addon.replication.core.monitoring.ReplicationMonitoringServiceImplTest" time="6.652" errors="0" timestamp="25 Oct 2021 16:10:05 GMT" skipped="0">
  <testcase classname="org.artifactory.addon.replication.core.monitoring.ReplicationMonitoringServiceImplTest" name="testTooMuchResults" time="5.511"/>
  <testcase classname="org.artifactory.addon.replication.core.monitoring.ReplicationMonitoringServiceImplTest" name="testTooMuchResultsWithCondition" time="0.071"/>
  <testcase classname="org.artifactory.addon.replication.core.monitoring.ReplicationMonitoringServiceImplTest" name="testFindJobById" time="0.742"/>
  <testcase classname="org.artifactory.addon.replication.core.monitoring.ReplicationMonitoringServiceImplTest" name="testFindReplicationJobById" time="0.189"/>
  <testcase classname="org.artifactory.addon.replication.core.monitoring.ReplicationMonitoringServiceImplTest" name="testFindReplicationJobByIdNotFound" time="0.139"/>
</testsuite> <!-- org.artifactory.addon.replication.core.monitoring.ReplicationMonitoringServiceImplTest -->
