<?xml version="1.0" encoding="UTF-8"?>
<!-- Generated by org.testng.reporters.JUnitReportReporter -->
<testsuite ignored="0" hostname="fc3c13788461" failures="0" tests="2" name="org.artifactory.addon.nuget.NuGetCacheBuilderCategoryHashTest" time="4.890" errors="0" timestamp="25 Oct 2021 16:04:56 GMT" skipped="0">
  <testcase classname="org.artifactory.addon.nuget.NuGetCacheBuilderCategoryHashTest" name="longServerIdHashed" time="4.888"/>
  <testcase classname="org.artifactory.addon.nuget.NuGetCacheBuilderCategoryHashTest" name="shortServerIdLeftAsIs" time="0.002"/>
</testsuite> <!-- org.artifactory.addon.nuget.NuGetCacheBuilderCategoryHashTest -->
