<?xml version="1.0" encoding="UTF-8"?>
<!-- Generated by org.testng.reporters.JUnitReportReporter -->
<testsuite ignored="0" hostname="fc3c13788461" failures="0" tests="2" name="org.artifactory.addon.federated.binary.PersistedTaskListTest" time="0.016" errors="0" timestamp="25 Oct 2021 16:11:02 GMT" skipped="0">
  <testcase classname="org.artifactory.addon.federated.binary.PersistedTaskListTest" name="insertRemoveTest" time="0.001"/>
  <testcase classname="org.artifactory.addon.federated.binary.PersistedTaskListTest" name="getAllTest" time="0.015"/>
</testsuite> <!-- org.artifactory.addon.federated.binary.PersistedTaskListTest -->
