<?xml version="1.0" encoding="UTF-8"?>
<!-- Generated by org.testng.reporters.JUnitReportReporter -->
<testsuite ignored="0" hostname="fc3c13788461" failures="0" tests="10" name="org.artifactory.addon.retention.core.strategy.ArchiveStrategyTest" time="44.801" errors="0" timestamp="25 Oct 2021 16:11:27 GMT" skipped="0">
  <testcase classname="org.artifactory.addon.retention.core.strategy.ArchiveStrategyTest" name="testStopPolicyExecutionByUser" time="0.398"/>
  <testcase classname="org.artifactory.addon.retention.core.strategy.ArchiveStrategyTest" name="testExecuteWithErrorThreshold" time="7.281"/>
  <testcase classname="org.artifactory.addon.retention.core.strategy.ArchiveStrategyTest" name="testExecuteWithNumberOfThreads" time="5.350"/>
  <testcase classname="org.artifactory.addon.retention.core.strategy.ArchiveStrategyTest" name="testExecuteWithNumberOfThreads" time="2.485"/>
  <testcase classname="org.artifactory.addon.retention.core.strategy.ArchiveStrategyTest" name="testSemaphoreAcquisitionLimit" time="4.393"/>
  <testcase classname="org.artifactory.addon.retention.core.strategy.ArchiveStrategyTest" name="testExecuteWithErrorThreshold" time="2.614"/>
  <testcase classname="org.artifactory.addon.retention.core.strategy.ArchiveStrategyTest" name="testExecutionDuration" time="7.073"/>
  <testcase classname="org.artifactory.addon.retention.core.strategy.ArchiveStrategyTest" name="testExecutionDuration" time="7.004"/>
  <testcase classname="org.artifactory.addon.retention.core.strategy.ArchiveStrategyTest" name="testExecuteWithNumberOfThreads" time="4.185"/>
  <testcase classname="org.artifactory.addon.retention.core.strategy.ArchiveStrategyTest" name="testExecutionDuration" time="4.018"/>
</testsuite> <!-- org.artifactory.addon.retention.core.strategy.ArchiveStrategyTest -->
