<?xml version="1.0" encoding="UTF-8"?>
<!-- Generated by org.testng.reporters.JUnitReportReporter -->
<testsuite ignored="0" hostname="fc3c13788461" failures="0" tests="3" name="org.artifactory.addon.alpine.indexer.AlpinePackageWorkContextTest" time="1.656" errors="0" timestamp="25 Oct 2021 16:07:37 GMT" skipped="0">
  <testcase classname="org.artifactory.addon.alpine.indexer.AlpinePackageWorkContextTest" name="testGetKeyPairDescriptorFromLocal" time="0.024"/>
  <testcase classname="org.artifactory.addon.alpine.indexer.AlpinePackageWorkContextTest" name="testGetKeyPairDescriptorFromVirtual" time="0.650"/>
  <testcase classname="org.artifactory.addon.alpine.indexer.AlpinePackageWorkContextTest" name="testGetKeyPairDescriptorFromFederated" time="0.982"/>
</testsuite> <!-- org.artifactory.addon.alpine.indexer.AlpinePackageWorkContextTest -->
