<?xml version="1.0" encoding="UTF-8"?>
<!-- Generated by org.testng.reporters.JUnitReportReporter -->
<testsuite ignored="0" hostname="fc3c13788461" failures="0" tests="1" name="org.artifactory.addon.replication.core.push.strategy.PushStrategyTest" time="0.001" errors="0" timestamp="25 Oct 2021 16:10:12 GMT" skipped="0">
  <testcase classname="org.artifactory.addon.replication.core.push.strategy.PushStrategyTest" name="testFromString" time="0.001"/>
</testsuite> <!-- org.artifactory.addon.replication.core.push.strategy.PushStrategyTest -->
