<?xml version="1.0" encoding="UTF-8"?>
<!-- Generated by org.testng.reporters.JUnitReportReporter -->
<testsuite ignored="0" hostname="fc3c13788461" failures="0" tests="2" name="org.artifactory.addon.filestore.multiple.strategy.util.FreeSpaceUtilTest" time="0.564" errors="0" timestamp="25 Oct 2021 16:05:34 GMT" skipped="0">
  <testcase classname="org.artifactory.addon.filestore.multiple.strategy.util.FreeSpaceUtilTest" name="testPopulateMapWithFreeSpaceByPrecentages" time="0.494"/>
  <testcase classname="org.artifactory.addon.filestore.multiple.strategy.util.FreeSpaceUtilTest" name="testPopulateMapWithFreeSpaceFreeSpace" time="0.070"/>
</testsuite> <!-- org.artifactory.addon.filestore.multiple.strategy.util.FreeSpaceUtilTest -->
