<?xml version="1.0" encoding="UTF-8"?>
<!-- Generated by org.testng.reporters.JUnitReportReporter -->
<testsuite ignored="0" hostname="fc3c13788461" failures="0" tests="12" name="org.artifactory.addon.ha.propagate.HaPropagationServiceImplTest" time="7.025" errors="0" timestamp="25 Oct 2021 16:11:41 GMT" skipped="0">
  <testcase classname="org.artifactory.addon.ha.propagate.HaPropagationServiceImplTest" name="testPropagationForAllNodesForReplication" time="0.039"/>
  <testcase classname="org.artifactory.addon.ha.propagate.HaPropagationServiceImplTest" name="testTargetVersionAndCurrentMemberVersionEqualCanPropagate" time="0.046"/>
  <testcase classname="org.artifactory.addon.ha.propagate.HaPropagationServiceImplTest" name="testNotRunningCantPropagate" time="0.049"/>
  <testcase classname="org.artifactory.addon.ha.propagate.HaPropagationServiceImplTest" name="testTerminatingPropagation" time="0.079"/>
  <testcase classname="org.artifactory.addon.ha.propagate.HaPropagationServiceImplTest" name="testTargetVersionAndCurrentMemberVersionMismatchCantPropagate" time="1.883"/>
  <testcase classname="org.artifactory.addon.ha.propagate.HaPropagationServiceImplTest" name="testNullCurrentMemberCantPropagate" time="0.051"/>
  <testcase classname="org.artifactory.addon.ha.propagate.HaPropagationServiceImplTest" name="testPropagationForAllNodes" time="0.098"/>
  <testcase classname="org.artifactory.addon.ha.propagate.HaPropagationServiceImplTest" name="testCurrentMemberStartingCanPropagate" time="0.050"/>
  <testcase classname="org.artifactory.addon.ha.propagate.HaPropagationServiceImplTest" name="testCheckIssuerServiceId" time="0.387"/>
  <testcase classname="org.artifactory.addon.ha.propagate.HaPropagationServiceImplTest" name="testCurrentMemberRunningCanPropagate" time="0.022"/>
  <testcase classname="org.artifactory.addon.ha.propagate.HaPropagationServiceImplTest" name="testCurrentMemberNonActiveStatesCantPropagate" time="0.103"/>
  <testcase classname="org.artifactory.addon.ha.propagate.HaPropagationServiceImplTest" name="testTraceIdPropagated" time="4.218"/>
</testsuite> <!-- org.artifactory.addon.ha.propagate.HaPropagationServiceImplTest -->
