<?xml version="1.0" encoding="UTF-8"?>
<!-- Generated by org.testng.reporters.JUnitReportReporter -->
<testsuite ignored="0" hostname="fc3c13788461" failures="0" tests="5" name="org.artifactory.addon.yum.virtual.merge.YumPrimaryIndexMergerTest" time="7.868" errors="0" timestamp="25 Oct 2021 16:04:40 GMT" skipped="0">
  <testcase classname="org.artifactory.addon.yum.virtual.merge.YumPrimaryIndexMergerTest" name="testReplaceIndexTagCloserPatternWithNewLine" time="0.039"/>
  <testcase classname="org.artifactory.addon.yum.virtual.merge.YumPrimaryIndexMergerTest" name="testReplaceIndexTagCloserPattern" time="0.040"/>
  <testcase classname="org.artifactory.addon.yum.virtual.merge.YumPrimaryIndexMergerTest" name="testReplaceIndexTagOpenerPattern" time="0.074"/>
  <testcase classname="org.artifactory.addon.yum.virtual.merge.YumPrimaryIndexMergerTest" name="testMerge" time="1.865"/>
  <testcase classname="org.artifactory.addon.yum.virtual.merge.YumPrimaryIndexMergerTest" name="testMergeTwoTagsSameLine" time="5.850"/>
</testsuite> <!-- org.artifactory.addon.yum.virtual.merge.YumPrimaryIndexMergerTest -->
