<?xml version="1.0" encoding="UTF-8"?>
<!-- Generated by org.testng.reporters.JUnitReportReporter -->
<testsuite ignored="0" hostname="fc3c13788461" failures="0" tests="12" name="org.artifactory.addon.filestore.multiple.strategy.write.CrossNetworkWriteStrategyTest" time="13.942" errors="0" timestamp="25 Oct 2021 16:05:33 GMT" skipped="0">
  <testcase classname="org.artifactory.addon.filestore.multiple.strategy.write.CrossNetworkWriteStrategyTest" name="testGetProvidersWithWriteDisabled" time="0.095"/>
  <testcase classname="org.artifactory.addon.filestore.multiple.strategy.write.CrossNetworkWriteStrategyTest" name="testGetRelevantProviders" time="0.081"/>
  <testcase classname="org.artifactory.addon.filestore.multiple.strategy.write.CrossNetworkWriteStrategyTest" name="isBinaryProviderActive" time="0.115"/>
  <testcase classname="org.artifactory.addon.filestore.multiple.strategy.write.CrossNetworkWriteStrategyTest" name="testGetProviders" time="0.173"/>
  <testcase classname="org.artifactory.addon.filestore.multiple.strategy.write.CrossNetworkWriteStrategyTest" name="testGetProvidersWithWriteDisabled" time="0.082"/>
  <testcase classname="org.artifactory.addon.filestore.multiple.strategy.write.CrossNetworkWriteStrategyTest" name="testGetRelevantProviders" time="0.079"/>
  <testcase classname="org.artifactory.addon.filestore.multiple.strategy.write.CrossNetworkWriteStrategyTest" name="testGetProviders" time="0.219"/>
  <testcase classname="org.artifactory.addon.filestore.multiple.strategy.write.CrossNetworkWriteStrategyTest" name="testGetProviders" time="0.222"/>
  <testcase classname="org.artifactory.addon.filestore.multiple.strategy.write.CrossNetworkWriteStrategyTest" name="testGetProvidersWithWriteDisabled" time="0.178"/>
  <testcase classname="org.artifactory.addon.filestore.multiple.strategy.write.CrossNetworkWriteStrategyTest" name="isBinaryProviderActive" time="12.475"/>
  <testcase classname="org.artifactory.addon.filestore.multiple.strategy.write.CrossNetworkWriteStrategyTest" name="testGetProviders" time="0.117"/>
  <testcase classname="org.artifactory.addon.filestore.multiple.strategy.write.CrossNetworkWriteStrategyTest" name="testGetProvidersWithWriteDisabled" time="0.106"/>
</testsuite> <!-- org.artifactory.addon.filestore.multiple.strategy.write.CrossNetworkWriteStrategyTest -->
