<?xml version="1.0" encoding="UTF-8"?>
<!-- Generated by org.testng.reporters.JUnitReportReporter -->
<testsuite ignored="0" hostname="fc3c13788461" failures="0" tests="2" name="org.artifactory.addon.filtered.adapters.ArtifactoryIteratorModelTest" time="0.781" errors="0" timestamp="25 Oct 2021 16:03:46 GMT" skipped="0">
  <testcase classname="org.artifactory.addon.filtered.adapters.ArtifactoryIteratorModelTest" name="testNext" time="0.001"/>
  <testcase classname="org.artifactory.addon.filtered.adapters.ArtifactoryIteratorModelTest" name="testIterator" time="0.780"/>
</testsuite> <!-- org.artifactory.addon.filtered.adapters.ArtifactoryIteratorModelTest -->
