<?xml version="1.0" encoding="UTF-8"?>
<!-- Generated by org.testng.reporters.JUnitReportReporter -->
<testsuite ignored="0" hostname="fc3c13788461" failures="0" tests="13" name="org.artifactory.addon.npm.repo.audit.NpmAuditCacheImplTest" time="6.568" errors="0" timestamp="25 Oct 2021 16:09:02 GMT" skipped="0">
  <testcase classname="org.artifactory.addon.npm.repo.audit.NpmAuditCacheImplTest" name="testPutRepoRejectionException" time="0.017"/>
  <testcase classname="org.artifactory.addon.npm.repo.audit.NpmAuditCacheImplTest" name="testGetReportFoundButExpirable" time="0.025"/>
  <testcase classname="org.artifactory.addon.npm.repo.audit.NpmAuditCacheImplTest" name="testPut" time="0.019"/>
  <testcase classname="org.artifactory.addon.npm.repo.audit.NpmAuditCacheImplTest" name="testCreateAuditCacheKey" time="0.003"/>
  <testcase classname="org.artifactory.addon.npm.repo.audit.NpmAuditCacheImplTest" name="testGetReportNotFound" time="0.011"/>
  <testcase classname="org.artifactory.addon.npm.repo.audit.NpmAuditCacheImplTest" name="testCreateAuditCacheKey" time="0.149"/>
  <testcase classname="org.artifactory.addon.npm.repo.audit.NpmAuditCacheImplTest" name="testCreateAuditCacheKey" time="0.025"/>
  <testcase classname="org.artifactory.addon.npm.repo.audit.NpmAuditCacheImplTest" name="testGet" time="0.185"/>
  <testcase classname="org.artifactory.addon.npm.repo.audit.NpmAuditCacheImplTest" name="testGetRepoNotFound" time="0.018"/>
  <testcase classname="org.artifactory.addon.npm.repo.audit.NpmAuditCacheImplTest" name="isCacheNotEnabled" time="0.009"/>
  <testcase classname="org.artifactory.addon.npm.repo.audit.NpmAuditCacheImplTest" name="testCreateAuditCacheKey" time="5.397"/>
  <testcase classname="org.artifactory.addon.npm.repo.audit.NpmAuditCacheImplTest" name="testGetThrowsException" time="0.080"/>
  <testcase classname="org.artifactory.addon.npm.repo.audit.NpmAuditCacheImplTest" name="isCacheEnabled" time="0.630"/>
</testsuite> <!-- org.artifactory.addon.npm.repo.audit.NpmAuditCacheImplTest -->
