<?xml version="1.0" encoding="UTF-8"?>
<testsuite xmlns:xsi="http://www.w3.org/2001/XMLSchema-instance" xsi:noNamespaceSchemaLocation="https://maven.apache.org/surefire/maven-surefire-plugin/xsd/surefire-test-report.xsd" name="org.artifactory.addon.filestore.TestBinaryProvider" time="0.112" tests="0" errors="0" skipped="0" failures="0">
  <properties>
    <property name="awt.toolkit" value="sun.awt.X11.XToolkit"/>
    <property name="java.specification.version" value="11"/>
    <property name="sun.cpu.isalist" value=""/>
    <property name="sun.jnu.encoding" value="ANSI_X3.4-1968"/>
    <property name="java.class.path" value="/var/opt/jfrog/pipelines/data/artifactory_build/runs/373124/steps/artifactory_pro_test/3109386/dependencyState/resources/artifactory_pro_bitbucket/artifactory-pro/addons/filestore/target/test-classes:/var/opt/jfrog/pipelines/data/artifactory_build/runs/373124/steps/artifactory_pro_test/3109386/dependencyState/resources/artifactory_pro_bitbucket/artifactory-pro/addons/filestore/target/classes:/root/.m2/repository/io/netty/netty-transport-native-epoll/4.1.65.Final/netty-transport-native-epoll-4.1.65.Final.jar:/root/.m2/repository/io/netty/netty-common/4.1.68.Final/netty-common-4.1.68.Final.jar:/root/.m2/repository/io/netty/netty-buffer/4.1.68.Final/netty-buffer-4.1.68.Final.jar:/root/.m2/repository/io/netty/netty-transport/4.1.68.Final/netty-transport-4.1.68.Final.jar:/root/.m2/repository/io/netty/netty-resolver/4.1.68.Final/netty-resolver-4.1.68.Final.jar:/root/.m2/repository/io/netty/netty-transport-native-unix-common/4.1.65.Final/netty-transport-native-unix-common-4.1.65.Final.jar:/root/.m2/repository/org/jfrog/storage/binary-store-core/7.x-SNAPSHOT/binary-store-core-7.x-SNAPSHOT.jar:/root/.m2/repository/org/jfrog/storage/binary-store-api/7.x-SNAPSHOT/binary-store-api-7.x-SNAPSHOT.jar:/root/.m2/repository/org/slf4j/slf4j-api/1.7.26/slf4j-api-1.7.26.jar:/root/.m2/repository/ch/qos/logback/logback-classic/1.2.3/logback-classic-1.2.3.jar:/root/.m2/repository/org/slf4j/jcl-over-slf4j/1.7.26/jcl-over-slf4j-1.7.26.jar:/root/.m2/repository/org/slf4j/jul-to-slf4j/1.7.26/jul-to-slf4j-1.7.26.jar:/root/.m2/repository/commons-lang/commons-lang/2.6/commons-lang-2.6.jar:/root/.m2/repository/commons-io/commons-io/2.8.0/commons-io-2.8.0.jar:/root/.m2/repository/javax/xml/bind/jaxb-api/2.3.0/jaxb-api-2.3.0.jar:/root/.m2/repository/com/sun/xml/bind/jaxb-core/2.3.0/jaxb-core-2.3.0.jar:/root/.m2/repository/com/sun/xml/bind/jaxb-impl/2.3.0/jaxb-impl-2.3.0.jar:/root/.m2/repository/com/sun/activation/javax.activation/1.2.0/javax.activation-1.2.0.jar:/root/.m2/repository/com/fasterxml/jackson/core/jackson-annotations/2.12.3/jackson-annotations-2.12.3.jar:/root/.m2/repository/com/jfrog/storage/binary-store-client/7.x-SNAPSHOT/binary-store-client-7.x-SNAPSHOT.jar:/root/.m2/repository/org/jfrog/access/access-client-core/7.27.3/access-client-core-7.27.3.jar:/root/.m2/repository/org/jfrog/access/access-client-api/7.27.3/access-client-api-7.27.3.jar:/root/.m2/repository/org/jfrog/access/access-common-api/7.27.3/access-common-api-7.27.3.jar:/root/.m2/repository/io/grpc/grpc-core/1.36.1/grpc-core-1.36.1.jar:/root/.m2/repository/com/google/android/annotations/4.1.1.4/annotations-4.1.1.4.jar:/root/.m2/repository/io/perfmark/perfmark-api/0.23.0/perfmark-api-0.23.0.jar:/root/.m2/repository/org/jfrog/access/access-common-rest/7.27.3/access-common-rest-7.27.3.jar:/root/.m2/repository/org/jfrog/access/access-common-mapstruct/7.27.3/access-common-mapstruct-7.27.3.jar:/root/.m2/repository/org/jfrog/common/jfrog-platform/7.30.1/jfrog-platform-7.30.1.jar:/root/.m2/repository/org/jfrog/access/access-common-core/7.27.3/access-common-core-7.27.3.jar:/root/.m2/repository/org/springframework/vault/spring-vault-core/2.2.3.RELEASE/spring-vault-core-2.2.3.RELEASE.jar:/root/.m2/repository/org/jfrog/access/access-common-grpc/7.27.3/access-common-grpc-7.27.3.jar:/root/.m2/repository/org/jfrog/access/access-grpc-api/7.27.3/access-grpc-api-7.27.3.jar:/root/.m2/repository/io/grpc/grpc-netty/1.36.1/grpc-netty-1.36.1.jar:/root/.m2/repository/io/netty/netty-codec-http2/4.1.68.Final/netty-codec-http2-4.1.68.Final.jar:/root/.m2/repository/io/netty/netty-codec/4.1.68.Final/netty-codec-4.1.68.Final.jar:/root/.m2/repository/io/netty/netty-handler/4.1.68.Final/netty-handler-4.1.68.Final.jar:/root/.m2/repository/io/netty/netty-codec-http/4.1.68.Final/netty-codec-http-4.1.68.Final.jar:/root/.m2/repository/io/netty/netty-handler-proxy/4.1.68.Final/netty-handler-proxy-4.1.68.Final.jar:/root/.m2/repository/io/netty/netty-codec-socks/4.1.68.Final/netty-codec-socks-4.1.68.Final.jar:/root/.m2/repository/io/grpc/grpc-protobuf/1.36.1/grpc-protobuf-1.36.1.jar:/root/.m2/repository/io/grpc/grpc-protobuf-lite/1.36.1/grpc-protobuf-lite-1.36.1.jar:/root/.m2/repository/org/jfrog/router/router-grpc-api/7.24.1/router-grpc-api-7.24.1.jar:/root/.m2/repository/org/jfrog/access/access-common-router-client/7.27.3/access-common-router-client-7.27.3.jar:/root/.m2/repository/org/jfrog/common/jfrog-http-client/7.30.1/jfrog-http-client-7.30.1.jar:/root/.m2/repository/io/grpc/grpc-stub/1.36.1/grpc-stub-1.36.1.jar:/root/.m2/repository/io/grpc/grpc-api/1.36.1/grpc-api-1.36.1.jar:/root/.m2/repository/org/codehaus/mojo/animal-sniffer-annotations/1.19/animal-sniffer-annotations-1.19.jar:/root/.m2/repository/io/vavr/vavr/0.10.2/vavr-0.10.2.jar:/root/.m2/repository/io/vavr/vavr-match/0.10.2/vavr-match-0.10.2.jar:/root/.m2/repository/io/jaegertracing/jaeger-client/1.2.0/jaeger-client-1.2.0.jar:/root/.m2/repository/io/jaegertracing/jaeger-thrift/1.2.0/jaeger-thrift-1.2.0.jar:/root/.m2/repository/org/apache/thrift/libthrift/0.13.0/libthrift-0.13.0.jar:/root/.m2/repository/io/jaegertracing/jaeger-tracerresolver/1.2.0/jaeger-tracerresolver-1.2.0.jar:/root/.m2/repository/io/opentracing/contrib/opentracing-tracerresolver/0.1.8/opentracing-tracerresolver-0.1.8.jar:/root/.m2/repository/org/projectlombok/lombok-mapstruct-binding/0.1.0/lombok-mapstruct-binding-0.1.0.jar:/root/.m2/repository/org/jfrog/security/jfrog-crypto/7.30.1/jfrog-crypto-7.30.1.jar:/root/.m2/repository/commons-cli/commons-cli/1.4/commons-cli-1.4.jar:/root/.m2/repository/org/bouncycastle/bcprov-jdk15on/1.68/bcprov-jdk15on-1.68.jar:/root/.m2/repository/org/bouncycastle/bcpg-jdk15on/1.68/bcpg-jdk15on-1.68.jar:/root/.m2/repository/org/bouncycastle/bcpkix-jdk15on/1.68/bcpkix-jdk15on-1.68.jar:/root/.m2/repository/commons-codec/commons-codec/1.15/commons-codec-1.15.jar:/root/.m2/repository/net/java/dev/jets3t/jets3t/0.9.4/jets3t-0.9.4.jar:/root/.m2/repository/org/codehaus/jackson/jackson-core-asl/1.9.13/jackson-core-asl-1.9.13.jar:/root/.m2/repository/org/codehaus/jackson/jackson-mapper-asl/1.9.13/jackson-mapper-asl-1.9.13.jar:/root/.m2/repository/com/google/cloud/google-cloud-storage/1.62.0/google-cloud-storage-1.62.0.jar:/root/.m2/repository/com/google/cloud/google-cloud-core/1.62.0/google-cloud-core-1.62.0.jar:/root/.m2/repository/com/google/api/api-common/1.7.0/api-common-1.7.0.jar:/root/.m2/repository/com/google/api/gax/1.38.0/gax-1.38.0.jar:/root/.m2/repository/org/threeten/threetenbp/1.3.3/threetenbp-1.3.3.jar:/root/.m2/repository/com/google/protobuf/protobuf-java-util/3.6.1/protobuf-java-util-3.6.1.jar:/root/.m2/repository/com/google/protobuf/protobuf-java/3.6.1/protobuf-java-3.6.1.jar:/root/.m2/repository/com/google/api/grpc/proto-google-common-protos/1.12.0/proto-google-common-protos-1.12.0.jar:/root/.m2/repository/com/google/api/grpc/proto-google-iam-v1/0.12.0/proto-google-iam-v1-0.12.0.jar:/root/.m2/repository/com/google/cloud/google-cloud-core-http/1.62.0/google-cloud-core-http-1.62.0.jar:/root/.m2/repository/com/google/auth/google-auth-library-credentials/0.12.0/google-auth-library-credentials-0.12.0.jar:/root/.m2/repository/com/google/auth/google-auth-library-oauth2-http/0.12.0/google-auth-library-oauth2-http-0.12.0.jar:/root/.m2/repository/com/google/http-client/google-http-client-jackson2/1.27.0/google-http-client-jackson2-1.27.0.jar:/root/.m2/repository/com/google/api-client/google-api-client/1.27.0/google-api-client-1.27.0.jar:/root/.m2/repository/com/google/http-client/google-http-client-appengine/1.27.0/google-http-client-appengine-1.27.0.jar:/root/.m2/repository/com/google/api/gax-httpjson/0.55.0/gax-httpjson-0.55.0.jar:/root/.m2/repository/io/opencensus/opencensus-contrib-http-util/0.18.0/opencensus-contrib-http-util-0.18.0.jar:/root/.m2/repository/com/google/apis/google-api-services-storage/v1-rev20181109-1.27.0/google-api-services-storage-v1-rev20181109-1.27.0.jar:/root/.m2/repository/javax/annotation/javax.annotation-api/1.3.2/javax.annotation-api-1.3.2.jar:/root/.m2/repository/com/google/oauth-client/google-oauth-client/1.31.2/google-oauth-client-1.31.2.jar:/root/.m2/repository/com/google/http-client/google-http-client/1.27.0/google-http-client-1.27.0.jar:/root/.m2/repository/com/google/j2objc/j2objc-annotations/1.3/j2objc-annotations-1.3.jar:/root/.m2/repository/com/google/guava/guava/30.0-jre/guava-30.0-jre.jar:/root/.m2/repository/com/google/guava/failureaccess/1.0.1/failureaccess-1.0.1.jar:/root/.m2/repository/com/google/guava/listenablefuture/9999.0-empty-to-avoid-conflict-with-guava/listenablefuture-9999.0-empty-to-avoid-conflict-with-guava.jar:/root/.m2/repository/org/checkerframework/checker-qual/3.5.0/checker-qual-3.5.0.jar:/root/.m2/repository/com/google/errorprone/error_prone_annotations/2.2.0/error_prone_annotations-2.2.0.jar:/root/.m2/repository/io/opencensus/opencensus-api/0.21.0/opencensus-api-0.21.0.jar:/root/.m2/repository/io/grpc/grpc-context/1.36.1/grpc-context-1.36.1.jar:/root/.m2/repository/org/artifactory/artifactory-storage-common/7.x-SNAPSHOT/artifactory-storage-common-7.x-SNAPSHOT.jar:/root/.m2/repository/org/artifactory/artifactory-capi/7.x-SNAPSHOT/artifactory-capi-7.x-SNAPSHOT.jar:/root/.m2/repository/org/artifactory/artifactory-papi/7.x-SNAPSHOT/artifactory-papi-7.x-SNAPSHOT.jar:/root/.m2/repository/com/thoughtworks/xstream/xstream/1.4.18/xstream-1.4.18.jar:/root/.m2/repository/io/github/x-stream/mxparser/1.2.2/mxparser-1.2.2.jar:/root/.m2/repository/xmlpull/xmlpull/1.1.3.1/xmlpull-1.1.3.1.jar:/root/.m2/repository/org/artifactory/artifactory-common/7.x-SNAPSHOT/artifactory-common-7.x-SNAPSHOT.jar:/root/.m2/repository/org/artifactory/artifactory-config/7.x-SNAPSHOT/artifactory-config-7.x-SNAPSHOT.jar:/root/.m2/repository/org/jfrog/buildinfo/build-info-api/2.23.0/build-info-api-2.23.0.jar:/root/.m2/repository/org/springframework/spring-web/5.3.7/spring-web-5.3.7.jar:/root/.m2/repository/org/springframework/security/spring-security-core/5.4.5/spring-security-core-5.4.5.jar:/root/.m2/repository/org/springframework/security/spring-security-config/5.4.5/spring-security-config-5.4.5.jar:/root/.m2/repository/org/springframework/security/spring-security-web/5.4.5/spring-security-web-5.4.5.jar:/root/.m2/repository/org/apache/maven/maven-settings/3.8.1/maven-settings-3.8.1.jar:/root/.m2/repository/org/apache/maven/maven-repository-metadata/3.8.1/maven-repository-metadata-3.8.1.jar:/root/.m2/repository/com/fasterxml/jackson/module/jackson-module-jaxb-annotations/2.12.3/jackson-module-jaxb-annotations-2.12.3.jar:/root/.m2/repository/jakarta/xml/bind/jakarta.xml.bind-api/2.3.2/jakarta.xml.bind-api-2.3.2.jar:/root/.m2/repository/jakarta/activation/jakarta.activation-api/1.2.1/jakarta.activation-api-1.2.1.jar:/root/.m2/repository/joda-time/joda-time/2.2/joda-time-2.2.jar:/root/.m2/repository/org/tukaani/xz/1.8/xz-1.8.jar:/root/.m2/repository/org/yaml/snakeyaml/1.29/snakeyaml-1.29.jar:/root/.m2/repository/org/springframework/session/spring-session/1.2.2.RELEASE/spring-session-1.2.2.RELEASE.jar:/root/.m2/repository/org/jfrog/common/support-common/7.30.1/support-common-7.30.1.jar:/root/.m2/repository/org/jfrog/common/support-rest/7.30.1/support-rest-7.30.1.jar:/root/.m2/repository/org/glassfish/jersey/media/jersey-media-multipart/2.34/jersey-media-multipart-2.34.jar:/root/.m2/repository/org/jvnet/mimepull/mimepull/1.9.13/mimepull-1.9.13.jar:/root/.m2/repository/com/fasterxml/woodstox/woodstox-core/6.1.1/woodstox-core-6.1.1.jar:/root/.m2/repository/org/codehaus/woodstox/stax2-api/4.2.1/stax2-api-4.2.1.jar:/root/.m2/repository/net/java/dev/stax-utils/stax-utils/20060502/stax-utils-20060502.jar:/root/.m2/repository/org/springframework/spring-tx/5.3.7/spring-tx-5.3.7.jar:/root/.m2/repository/org/springframework/spring-beans/5.3.7/spring-beans-5.3.7.jar:/root/.m2/repository/org/quartz-scheduler/quartz/2.3.2/quartz-2.3.2.jar:/root/.m2/repository/com/mchange/c3p0/0.9.5.4/c3p0-0.9.5.4.jar:/root/.m2/repository/com/mchange/mchange-commons-java/0.2.15/mchange-commons-java-0.2.15.jar:/root/.m2/repository/com/zaxxer/HikariCP/3.4.3/HikariCP-3.4.3.jar:/root/.m2/repository/org/artifactory/artifactory-core/7.x-SNAPSHOT/artifactory-core-7.x-SNAPSHOT.jar:/root/.m2/repository/org/artifactory/artifactory-api/7.x-SNAPSHOT/artifactory-api-7.x-SNAPSHOT.jar:/root/.m2/repository/org/jfrog/common/jfrog-model/7.30.1/jfrog-model-7.30.1.jar:/root/.m2/repository/com/jfrog/bintray/client/bintray-client-java-service/0.9.2/bintray-client-java-service-0.9.2.jar:/root/.m2/repository/com/jfrog/bintray/client/bintray-client-java-api/0.9.2/bintray-client-java-api-0.9.2.jar:/root/.m2/repository/org/artifactory/artifactory-traffic/7.x-SNAPSHOT/artifactory-traffic-7.x-SNAPSHOT.jar:/root/.m2/repository/org/jfrog/common/metrics/7.30.1/metrics-7.30.1.jar:/root/.m2/repository/com/github/oshi/oshi-core/5.4.1/oshi-core-5.4.1.jar:/root/.m2/repository/net/java/dev/jna/jna/5.6.0/jna-5.6.0.jar:/root/.m2/repository/net/java/dev/jna/jna-platform/5.6.0/jna-platform-5.6.0.jar:/root/.m2/repository/org/artifactory/artifactory-update/7.x-SNAPSHOT/artifactory-update-7.x-SNAPSHOT.jar:/root/.m2/repository/org/artifactory/artifactory-storage-db/7.x-SNAPSHOT/artifactory-storage-db-7.x-SNAPSHOT.jar:/root/.m2/repository/org/artifactory/artifactory-support-core/7.x-SNAPSHOT/artifactory-support-core-7.x-SNAPSHOT.jar:/root/.m2/repository/org/artifactory/artifactory-lifecycle/7.x-SNAPSHOT/artifactory-lifecycle-7.x-SNAPSHOT.jar:/root/.m2/repository/org/jfrog/metadata/metadata-client-core/7.26.0/metadata-client-core-7.26.0.jar:/root/.m2/repository/javax/mail/mail/1.4.7/mail-1.4.7.jar:/root/.m2/repository/javax/activation/javax.activation-api/1.2.0/javax.activation-api-1.2.0.jar:/root/.m2/repository/org/apache/maven/maven-artifact/3.8.1/maven-artifact-3.8.1.jar:/root/.m2/repository/org/apache/maven/maven-plugin-descriptor/2.2.1/maven-plugin-descriptor-2.2.1.jar:/root/.m2/repository/org/apache/maven/maven-plugin-api/3.8.1/maven-plugin-api-3.8.1.jar:/root/.m2/repository/org/eclipse/sisu/org.eclipse.sisu.plexus/0.3.4/org.eclipse.sisu.plexus-0.3.4.jar:/root/.m2/repository/javax/enterprise/cdi-api/1.0/cdi-api-1.0.jar:/root/.m2/repository/javax/inject/javax.inject/1/javax.inject-1.jar:/root/.m2/repository/org/eclipse/sisu/org.eclipse.sisu.inject/0.3.4/org.eclipse.sisu.inject-0.3.4.jar:/root/.m2/repository/org/codehaus/plexus/plexus-classworlds/2.6.0/plexus-classworlds-2.6.0.jar:/root/.m2/repository/org/codehaus/plexus/plexus-container-default/1.0-alpha-9-stable-1/plexus-container-default-1.0-alpha-9-stable-1.jar:/root/.m2/repository/classworlds/classworlds/1.1-alpha-2/classworlds-1.1-alpha-2.jar:/root/.m2/repository/org/apache/maven/maven-project/2.2.1/maven-project-2.2.1.jar:/root/.m2/repository/org/apache/maven/maven-model/3.8.1/maven-model-3.8.1.jar:/root/.m2/repository/org/apache/maven/maven-artifact-manager/2.2.1/maven-artifact-manager-2.2.1.jar:/root/.m2/repository/backport-util-concurrent/backport-util-concurrent/3.1/backport-util-concurrent-3.1.jar:/root/.m2/repository/commons-beanutils/commons-beanutils/1.9.4/commons-beanutils-1.9.4.jar:/root/.m2/repository/aopalliance/aopalliance/1.0/aopalliance-1.0.jar:/root/.m2/repository/org/springframework/spring-aop/5.3.7/spring-aop-5.3.7.jar:/root/.m2/repository/org/springframework/spring-expression/5.3.7/spring-expression-5.3.7.jar:/root/.m2/repository/org/springframework/spring-aspects/5.3.7/spring-aspects-5.3.7.jar:/root/.m2/repository/org/springframework/spring-context-support/5.3.7/spring-context-support-5.3.7.jar:/root/.m2/repository/org/springframework/security/spring-security-acl/5.4.5/spring-security-acl-5.4.5.jar:/root/.m2/repository/org/springframework/security/spring-security-ldap/5.4.5/spring-security-ldap-5.4.5.jar:/root/.m2/repository/org/springframework/ldap/spring-ldap-core/2.3.3.RELEASE/spring-ldap-core-2.3.3.RELEASE.jar:/root/.m2/repository/com/google/code/atinject/atinject/1.0.0-rev3/atinject-1.0.0-rev3.jar:/root/.m2/repository/org/apache/maven/indexer/indexer-core/5.1.0/indexer-core-5.1.0.jar:/root/.m2/repository/org/apache/maven/indexer/indexer-artifact/5.1.0/indexer-artifact-5.1.0.jar:/root/.m2/repository/org/apache/lucene/lucene-core/3.6.1/lucene-core-3.6.1.jar:/root/.m2/repository/org/sonatype/aether/aether-api/1.13.1/aether-api-1.13.1.jar:/root/.m2/repository/org/sonatype/aether/aether-util/1.13.1/aether-util-1.13.1.jar:/root/.m2/repository/org/codehaus/plexus/plexus-component-annotations/1.2.1/plexus-component-annotations-1.2.1.jar:/root/.m2/repository/org/codehaus/plexus/plexus-utils/3.3.0/plexus-utils-3.3.0.jar:/root/.m2/repository/org/apache/ivy/ivy/2.2.0/ivy-2.2.0.jar:/root/.m2/repository/org/iostreams/iostreams/0.2/iostreams-0.2.jar:/root/.m2/repository/org/codehaus/mojo/versions-maven-plugin/1.3.1/versions-maven-plugin-1.3.1.jar:/root/.m2/repository/org/apache/maven/wagon/wagon-provider-api/1.0-beta-6/wagon-provider-api-1.0-beta-6.jar:/root/.m2/repository/org/codehaus/groovy/groovy-dateutil/2.5.14/groovy-dateutil-2.5.14.jar:/root/.m2/repository/org/apache/sshd/sshd-core/2.7.0/sshd-core-2.7.0.jar:/root/.m2/repository/org/apache/sshd/sshd-common/2.7.0/sshd-common-2.7.0.jar:/root/.m2/repository/org/glassfish/jersey/core/jersey-server/2.34/jersey-server-2.34.jar:/root/.m2/repository/org/glassfish/jersey/core/jersey-common/2.34/jersey-common-2.34.jar:/root/.m2/repository/org/glassfish/hk2/osgi-resource-locator/1.0.3/osgi-resource-locator-1.0.3.jar:/root/.m2/repository/org/glassfish/jersey/core/jersey-client/2.34/jersey-client-2.34.jar:/root/.m2/repository/jakarta/ws/rs/jakarta.ws.rs-api/2.1.6/jakarta.ws.rs-api-2.1.6.jar:/root/.m2/repository/jakarta/annotation/jakarta.annotation-api/1.3.5/jakarta.annotation-api-1.3.5.jar:/root/.m2/repository/org/glassfish/hk2/external/jakarta.inject/2.6.1/jakarta.inject-2.6.1.jar:/root/.m2/repository/jakarta/validation/jakarta.validation-api/2.0.2/jakarta.validation-api-2.0.2.jar:/root/.m2/repository/org/apache/jclouds/jclouds-allblobstore/1.9.1/jclouds-allblobstore-1.9.1.jar:/root/.m2/repository/org/apache/jclouds/api/s3/1.9.1/s3-1.9.1.jar:/root/.m2/repository/org/apache/jclouds/api/sts/1.9.1/sts-1.9.1.jar:/root/.m2/repository/org/apache/jclouds/provider/aws-s3/1.9.1/aws-s3-1.9.1.jar:/root/.m2/repository/org/apache/httpcomponents/httpclient/4.5.13/httpclient-4.5.13.jar:/root/.m2/repository/org/apache/httpcomponents/httpcore/4.4.13/httpcore-4.4.13.jar:/root/.m2/repository/org/apache/jclouds/labs/google-cloud-storage-jfrog/1.9.1/google-cloud-storage-jfrog-1.9.1.jar:/root/.m2/repository/org/apache/jclouds/jclouds-core/1.9.1/jclouds-core-1.9.1.jar:/root/.m2/repository/com/google/inject/extensions/guice-assistedinject/3.0/guice-assistedinject-3.0.jar:/root/.m2/repository/org/99soft/guice/rocoto/6.2/rocoto-6.2.jar:/root/.m2/repository/com/google/code/gson/gson/2.7/gson-2.7.jar:/root/.m2/repository/org/apache/jclouds/labs/googlecloud/1.9.1/googlecloud-1.9.1.jar:/root/.m2/repository/org/apache/jclouds/labs/oauth/1.9.1/oauth-1.9.1.jar:/root/.m2/repository/org/apache/jclouds/jclouds-blobstore/1.9.1/jclouds-blobstore-1.9.1.jar:/root/.m2/repository/com/azure/azure-core-http-okhttp/1.7.0/azure-core-http-okhttp-1.7.0.jar:/root/.m2/repository/com/azure/azure-core/1.17.0/azure-core-1.17.0.jar:/root/.m2/repository/com/fasterxml/jackson/dataformat/jackson-dataformat-xml/2.12.3/jackson-dataformat-xml-2.12.3.jar:/root/.m2/repository/io/projectreactor/reactor-core/3.4.8/reactor-core-3.4.8.jar:/root/.m2/repository/org/reactivestreams/reactive-streams/1.0.3/reactive-streams-1.0.3.jar:/root/.m2/repository/io/netty/netty-tcnative-boringssl-static/2.0.39.Final/netty-tcnative-boringssl-static-2.0.39.Final.jar:/root/.m2/repository/com/squareup/okhttp3/okhttp/4.9.2/okhttp-4.9.2.jar:/root/.m2/repository/com/squareup/okio/okio/2.8.0/okio-2.8.0.jar:/root/.m2/repository/org/jetbrains/kotlin/kotlin-stdlib-common/1.3.70/kotlin-stdlib-common-1.3.70.jar:/root/.m2/repository/org/jetbrains/kotlin/kotlin-stdlib/1.5.20/kotlin-stdlib-1.5.20.jar:/root/.m2/repository/org/jfrog/storage/binary-store-core/7.x-SNAPSHOT/binary-store-core-7.x-SNAPSHOT-tests.jar:/root/.m2/repository/org/awaitility/awaitility/3.1.2/awaitility-3.1.2.jar:/root/.m2/repository/org/hamcrest/hamcrest-library/1.3/hamcrest-library-1.3.jar:/root/.m2/repository/org/hamcrest/hamcrest-core/1.3/hamcrest-core-1.3.jar:/root/.m2/repository/org/objenesis/objenesis/2.1/objenesis-2.1.jar:/root/.m2/repository/com/microsoft/azure/azure-storage/8.4.0/azure-storage-8.4.0.jar:/root/.m2/repository/com/microsoft/azure/azure-keyvault-core/1.0.0/azure-keyvault-core-1.0.0.jar:/root/.m2/repository/com/azure/azure-storage-blob/12.13.0/azure-storage-blob-12.13.0.jar:/root/.m2/repository/com/azure/azure-storage-common/12.12.0/azure-storage-common-12.12.0.jar:/root/.m2/repository/com/azure/azure-storage-internal-avro/12.0.5/azure-storage-internal-avro-12.0.5.jar:/root/.m2/repository/com/azure/azure-identity/1.3.5/azure-identity-1.3.5.jar:/root/.m2/repository/com/microsoft/azure/msal4j/1.10.1/msal4j-1.10.1.jar:/root/.m2/repository/com/microsoft/azure/msal4j-persistence-extension/1.1.0/msal4j-persistence-extension-1.1.0.jar:/root/.m2/repository/com/nimbusds/oauth2-oidc-sdk/9.5.1/oauth2-oidc-sdk-9.5.1.jar:/root/.m2/repository/com/github/stephenc/jcip/jcip-annotations/1.0-1/jcip-annotations-1.0-1.jar:/root/.m2/repository/com/nimbusds/content-type/2.1/content-type-2.1.jar:/root/.m2/repository/com/nimbusds/lang-tag/1.5/lang-tag-1.5.jar:/root/.m2/repository/com/nimbusds/nimbus-jose-jwt/9.9.3/nimbus-jose-jwt-9.9.3.jar:/root/.m2/repository/net/minidev/json-smart/2.4.7/json-smart-2.4.7.jar:/root/.m2/repository/net/minidev/accessors-smart/2.4.7/accessors-smart-2.4.7.jar:/root/.m2/repository/com/amazonaws/aws-java-sdk-s3/1.11.875/aws-java-sdk-s3-1.11.875.jar:/root/.m2/repository/com/amazonaws/aws-java-sdk-kms/1.11.875/aws-java-sdk-kms-1.11.875.jar:/root/.m2/repository/com/amazonaws/aws-java-sdk-core/1.11.875/aws-java-sdk-core-1.11.875.jar:/root/.m2/repository/software/amazon/ion/ion-java/1.0.2/ion-java-1.0.2.jar:/root/.m2/repository/com/fasterxml/jackson/dataformat/jackson-dataformat-cbor/2.12.3/jackson-dataformat-cbor-2.12.3.jar:/root/.m2/repository/com/amazonaws/jmespath-java/1.11.875/jmespath-java-1.11.875.jar:/root/.m2/repository/com/amazonaws/aws-java-sdk-cloudfront/1.11.875/aws-java-sdk-cloudfront-1.11.875.jar:/root/.m2/repository/com/amazonaws/aws-java-sdk-sts/1.11.875/aws-java-sdk-sts-1.11.875.jar:/root/.m2/repository/com/jamesmurty/utils/java-xmlbuilder/1.1/java-xmlbuilder-1.1.jar:/root/.m2/repository/net/iharder/base64/2.3.8/base64-2.3.8.jar:/root/.m2/repository/org/easytesting/fest-assert/1.4/fest-assert-1.4.jar:/root/.m2/repository/org/easytesting/fest-util/1.1.6/fest-util-1.1.6.jar:/root/.m2/repository/org/springframework/spring-test/5.3.7/spring-test-5.3.7.jar:/root/.m2/repository/org/springframework/spring-core/5.3.7/spring-core-5.3.7.jar:/root/.m2/repository/org/springframework/spring-jcl/5.3.7/spring-jcl-5.3.7.jar:/root/.m2/repository/org/mockito/mockito-core/3.7.7/mockito-core-3.7.7.jar:/root/.m2/repository/net/bytebuddy/byte-buddy/1.10.19/byte-buddy-1.10.19.jar:/root/.m2/repository/net/bytebuddy/byte-buddy-agent/1.10.19/byte-buddy-agent-1.10.19.jar:/root/.m2/repository/org/artifactory/artifactory-config/7.x-SNAPSHOT/artifactory-config-7.x-SNAPSHOT-tests.jar:/root/.m2/repository/org/jfrog/common/jfrog-utils/7.30.1/jfrog-utils-7.30.1.jar:/root/.m2/repository/org/jfrog/common/jfrog-annotation-processing/7.30.1/jfrog-annotation-processing-7.30.1.jar:/root/.m2/repository/javax/validation/validation-api/2.0.1.Final/validation-api-2.0.1.Final.jar:/root/.m2/repository/org/hibernate/validator/hibernate-validator/6.1.5.Final/hibernate-validator-6.1.5.Final.jar:/root/.m2/repository/org/jboss/logging/jboss-logging/3.3.2.Final/jboss-logging-3.3.2.Final.jar:/root/.m2/repository/com/fasterxml/classmate/1.3.4/classmate-1.3.4.jar:/root/.m2/repository/org/jfrog/common/jfrog-logging/7.30.1/jfrog-logging-7.30.1.jar:/root/.m2/repository/org/jfrog/common/sysconf/7.30.1/sysconf-7.30.1.jar:/root/.m2/repository/org/jfrog/storage/jfrog-db-infra/7.30.1/jfrog-db-infra-7.30.1.jar:/root/.m2/repository/com/codahale/metrics/metrics-healthchecks/3.0.2/metrics-healthchecks-3.0.2.jar:/root/.m2/repository/io/dropwizard/metrics/metrics-jmx/4.1.2/metrics-jmx-4.1.2.jar:/root/.m2/repository/com/amazonaws/aws-java-sdk-secretsmanager/1.11.875/aws-java-sdk-secretsmanager-1.11.875.jar:/root/.m2/repository/org/jdom/jdom2/2.0.5/jdom2-2.0.5.jar:/root/.m2/repository/com/fasterxml/jackson/jaxrs/jackson-jaxrs-json-provider/2.12.3/jackson-jaxrs-json-provider-2.12.3.jar:/root/.m2/repository/com/fasterxml/jackson/jaxrs/jackson-jaxrs-base/2.12.3/jackson-jaxrs-base-2.12.3.jar:/root/.m2/repository/commons-collections/commons-collections/3.2.2/commons-collections-3.2.2.jar:/root/.m2/repository/org/jfrog/configuration/jfrog-config/7.30.1/jfrog-config-7.30.1.jar:/root/.m2/repository/org/mapstruct/mapstruct/1.4.1.Final/mapstruct-1.4.1.Final.jar:/root/.m2/repository/org/mapstruct/mapstruct-processor/1.4.1.Final/mapstruct-processor-1.4.1.Final.jar:/root/.m2/repository/org/springframework/spring-context/5.3.7/spring-context-5.3.7.jar:/root/.m2/repository/org/artifactory/artifactory-storage-db/7.x-SNAPSHOT/artifactory-storage-db-7.x-SNAPSHOT-tests.jar:/root/.m2/repository/io/dropwizard/metrics/metrics-core/4.1.2/metrics-core-4.1.2.jar:/root/.m2/repository/org/apache/tomcat/tomcat-jdbc/8.5.68/tomcat-jdbc-8.5.68.jar:/root/.m2/repository/org/apache/tomcat/tomcat-juli/8.5.68/tomcat-juli-8.5.68.jar:/root/.m2/repository/commons-dbutils/commons-dbutils/1.4/commons-dbutils-1.4.jar:/root/.m2/repository/org/springframework/spring-jdbc/5.3.7/spring-jdbc-5.3.7.jar:/root/.m2/repository/org/jfrog/metadata/metadata-client-api/7.26.0/metadata-client-api-7.26.0.jar:/root/.m2/repository/org/jfrog/common/jfrog-utils/7.30.1/jfrog-utils-7.30.1-tests.jar:/root/.m2/repository/org/jfrog/common/jfrog-base/7.30.1/jfrog-base-7.30.1.jar:/root/.m2/repository/ch/qos/logback/logback-core/1.2.3/logback-core-1.2.3.jar:/root/.m2/repository/com/fasterxml/jackson/core/jackson-databind/2.12.3/jackson-databind-2.12.3.jar:/root/.m2/repository/com/fasterxml/jackson/dataformat/jackson-dataformat-yaml/2.12.3/jackson-dataformat-yaml-2.12.3.jar:/root/.m2/repository/com/fasterxml/jackson/module/jackson-module-parameter-names/2.12.3/jackson-module-parameter-names-2.12.3.jar:/root/.m2/repository/com/fasterxml/jackson/datatype/jackson-datatype-guava/2.12.3/jackson-datatype-guava-2.12.3.jar:/root/.m2/repository/com/fasterxml/jackson/datatype/jackson-datatype-jsr310/2.12.3/jackson-datatype-jsr310-2.12.3.jar:/root/.m2/repository/com/fasterxml/jackson/datatype/jackson-datatype-jdk8/2.12.3/jackson-datatype-jdk8-2.12.3.jar:/root/.m2/repository/org/apache/commons/commons-lang3/3.4/commons-lang3-3.4.jar:/root/.m2/repository/com/github/java-json-tools/json-patch/1.13/json-patch-1.13.jar:/root/.m2/repository/com/github/java-json-tools/msg-simple/1.2/msg-simple-1.2.jar:/root/.m2/repository/com/github/java-json-tools/btf/1.3/btf-1.3.jar:/root/.m2/repository/com/github/java-json-tools/jackson-coreutils/2.0/jackson-coreutils-2.0.jar:/root/.m2/repository/org/apache/commons/commons-compress/1.21/commons-compress-1.21.jar:/root/.m2/repository/io/jaegertracing/jaeger-core/1.2.0/jaeger-core-1.2.0.jar:/root/.m2/repository/io/opentracing/opentracing-api/0.33.0/opentracing-api-0.33.0.jar:/root/.m2/repository/io/opentracing/opentracing-util/0.33.0/opentracing-util-0.33.0.jar:/root/.m2/repository/io/opentracing/opentracing-noop/0.33.0/opentracing-noop-0.33.0.jar:/root/.m2/repository/com/github/tomakehurst/wiremock-jre8/2.30.0/wiremock-jre8-2.30.0.jar:/root/.m2/repository/org/eclipse/jetty/jetty-server/9.4.43.v20210629/jetty-server-9.4.43.v20210629.jar:/root/.m2/repository/javax/servlet/javax.servlet-api/4.0.1/javax.servlet-api-4.0.1.jar:/root/.m2/repository/org/eclipse/jetty/jetty-http/9.4.43.v20210629/jetty-http-9.4.43.v20210629.jar:/root/.m2/repository/org/eclipse/jetty/jetty-io/9.4.43.v20210629/jetty-io-9.4.43.v20210629.jar:/root/.m2/repository/org/eclipse/jetty/jetty-servlet/9.4.43.v20210629/jetty-servlet-9.4.43.v20210629.jar:/root/.m2/repository/org/eclipse/jetty/jetty-security/9.4.43.v20210629/jetty-security-9.4.43.v20210629.jar:/root/.m2/repository/org/eclipse/jetty/jetty-util-ajax/9.4.43.v20210629/jetty-util-ajax-9.4.43.v20210629.jar:/root/.m2/repository/org/eclipse/jetty/jetty-servlets/9.4.43.v20210629/jetty-servlets-9.4.43.v20210629.jar:/root/.m2/repository/org/eclipse/jetty/jetty-continuation/9.4.43.v20210629/jetty-continuation-9.4.43.v20210629.jar:/root/.m2/repository/org/eclipse/jetty/jetty-util/9.4.43.v20210629/jetty-util-9.4.43.v20210629.jar:/root/.m2/repository/org/eclipse/jetty/jetty-webapp/9.4.43.v20210629/jetty-webapp-9.4.43.v20210629.jar:/root/.m2/repository/org/eclipse/jetty/jetty-xml/9.4.43.v20210629/jetty-xml-9.4.43.v20210629.jar:/root/.m2/repository/org/eclipse/jetty/jetty-proxy/9.4.43.v20210629/jetty-proxy-9.4.43.v20210629.jar:/root/.m2/repository/org/eclipse/jetty/jetty-client/9.4.43.v20210629/jetty-client-9.4.43.v20210629.jar:/root/.m2/repository/org/eclipse/jetty/http2/http2-server/9.4.43.v20210629/http2-server-9.4.43.v20210629.jar:/root/.m2/repository/org/eclipse/jetty/http2/http2-common/9.4.43.v20210629/http2-common-9.4.43.v20210629.jar:/root/.m2/repository/org/eclipse/jetty/http2/http2-hpack/9.4.43.v20210629/http2-hpack-9.4.43.v20210629.jar:/root/.m2/repository/org/eclipse/jetty/jetty-alpn-server/9.4.43.v20210629/jetty-alpn-server-9.4.43.v20210629.jar:/root/.m2/repository/org/eclipse/jetty/jetty-alpn-conscrypt-server/9.4.43.v20210629/jetty-alpn-conscrypt-server-9.4.43.v20210629.jar:/root/.m2/repository/org/eclipse/jetty/jetty-alpn-conscrypt-client/9.4.43.v20210629/jetty-alpn-conscrypt-client-9.4.43.v20210629.jar:/root/.m2/repository/org/eclipse/jetty/jetty-alpn-client/9.4.43.v20210629/jetty-alpn-client-9.4.43.v20210629.jar:/root/.m2/repository/com/fasterxml/jackson/core/jackson-core/2.12.3/jackson-core-2.12.3.jar:/root/.m2/repository/org/xmlunit/xmlunit-core/2.3.0/xmlunit-core-2.3.0.jar:/root/.m2/repository/org/xmlunit/xmlunit-legacy/2.8.2/xmlunit-legacy-2.8.2.jar:/root/.m2/repository/org/xmlunit/xmlunit-placeholders/2.8.2/xmlunit-placeholders-2.8.2.jar:/root/.m2/repository/net/javacrumbs/json-unit/json-unit-core/2.27.0/json-unit-core-2.27.0.jar:/root/.m2/repository/com/jayway/jsonpath/json-path/2.3.0/json-path-2.3.0.jar:/root/.m2/repository/org/ow2/asm/asm/7.1/asm-7.1.jar:/root/.m2/repository/net/sf/jopt-simple/jopt-simple/5.0.4/jopt-simple-5.0.4.jar:/root/.m2/repository/com/github/jknack/handlebars/4.2.0/handlebars-4.2.0.jar:/root/.m2/repository/com/github/jknack/handlebars-helpers/4.2.0/handlebars-helpers-4.2.0.jar:/root/.m2/repository/commons-fileupload/commons-fileupload/1.4/commons-fileupload-1.4.jar:/root/.m2/repository/org/spockframework/spock-core/2.0-M5-groovy-2.5/spock-core-2.0-M5-groovy-2.5.jar:/root/.m2/repository/org/codehaus/groovy/groovy/2.5.14/groovy-2.5.14.jar:/root/.m2/repository/org/junit/platform/junit-platform-engine/1.7.1/junit-platform-engine-1.7.1.jar:/root/.m2/repository/org/apiguardian/apiguardian-api/1.1.0/apiguardian-api-1.1.0.jar:/root/.m2/repository/org/opentest4j/opentest4j/1.2.0/opentest4j-1.2.0.jar:/root/.m2/repository/org/junit/platform/junit-platform-commons/1.7.1/junit-platform-commons-1.7.1.jar:/root/.m2/repository/org/hamcrest/hamcrest/2.2/hamcrest-2.2.jar:/root/.m2/repository/org/spockframework/spock-groovy2-compat/2.0-M5-groovy-2.5/spock-groovy2-compat-2.0-M5-groovy-2.5.jar:/root/.m2/repository/org/jfrog/common/test-utils/7.30.1/test-utils-7.30.1.jar:/var/opt/jfrog/pipelines/data/artifactory_build/runs/373124/steps/artifactory_pro_test/3109386/dependencyState/resources/artifactory_pro_bitbucket/artifactory-pro/addons/addons-common/target/classes:/root/.m2/repository/org/artifactory/artifactory-rest/7.x-SNAPSHOT/artifactory-rest-7.x-SNAPSHOT.jar:/root/.m2/repository/org/artifactory/artifactory-rest-common/7.x-SNAPSHOT/artifactory-rest-common-7.x-SNAPSHOT.jar:/root/.m2/repository/org/jfrog/common/jfrog-jersey-config/7.30.1/jfrog-jersey-config-7.30.1.jar:/root/.m2/repository/org/glassfish/jakarta.el/3.0.3/jakarta.el-3.0.3.jar:/root/.m2/repository/org/glassfish/jersey/media/jersey-media-json-jackson/2.34/jersey-media-json-jackson-2.34.jar:/root/.m2/repository/org/glassfish/jersey/ext/jersey-entity-filtering/2.34/jersey-entity-filtering-2.34.jar:/root/.m2/repository/org/glassfish/jersey/ext/jersey-spring5/2.34/jersey-spring5-2.34.jar:/root/.m2/repository/org/glassfish/jersey/inject/jersey-hk2/2.34/jersey-hk2-2.34.jar:/root/.m2/repository/org/glassfish/hk2/hk2-locator/2.6.1/hk2-locator-2.6.1.jar:/root/.m2/repository/org/glassfish/hk2/external/aopalliance-repackaged/2.6.1/aopalliance-repackaged-2.6.1.jar:/root/.m2/repository/org/javassist/javassist/3.25.0-GA/javassist-3.25.0-GA.jar:/root/.m2/repository/org/glassfish/jersey/containers/jersey-container-servlet-core/2.34/jersey-container-servlet-core-2.34.jar:/root/.m2/repository/org/glassfish/hk2/hk2/2.6.1/hk2-2.6.1.jar:/root/.m2/repository/org/glassfish/hk2/hk2-utils/2.6.1/hk2-utils-2.6.1.jar:/root/.m2/repository/org/glassfish/hk2/hk2-api/2.6.1/hk2-api-2.6.1.jar:/root/.m2/repository/org/glassfish/hk2/hk2-core/2.6.1/hk2-core-2.6.1.jar:/root/.m2/repository/org/glassfish/hk2/hk2-runlevel/2.6.1/hk2-runlevel-2.6.1.jar:/root/.m2/repository/org/glassfish/hk2/class-model/2.6.1/class-model-2.6.1.jar:/root/.m2/repository/org/ow2/asm/asm-analysis/7.1/asm-analysis-7.1.jar:/root/.m2/repository/org/ow2/asm/asm-commons/7.1/asm-commons-7.1.jar:/root/.m2/repository/org/ow2/asm/asm-tree/7.1/asm-tree-7.1.jar:/root/.m2/repository/org/ow2/asm/asm-util/7.1/asm-util-7.1.jar:/root/.m2/repository/org/glassfish/hk2/spring-bridge/2.6.1/spring-bridge-2.6.1.jar:/root/.m2/repository/javax/annotation/jsr250-api/1.0/jsr250-api-1.0.jar:/root/.m2/repository/org/jfrog/metadata/repomd/7.x-SNAPSHOT/repomd-7.x-SNAPSHOT.jar:/root/.m2/repository/org/codehaus/groovy/groovy-ant/2.5.14/groovy-ant-2.5.14.jar:/root/.m2/repository/org/apache/ant/ant/1.9.15/ant-1.9.15.jar:/root/.m2/repository/org/apache/ant/ant-junit/1.9.15/ant-junit-1.9.15.jar:/root/.m2/repository/org/apache/ant/ant-launcher/1.9.15/ant-launcher-1.9.15.jar:/root/.m2/repository/org/apache/ant/ant-antlr/1.9.15/ant-antlr-1.9.15.jar:/root/.m2/repository/org/codehaus/groovy/groovy-cli-commons/2.5.14/groovy-cli-commons-2.5.14.jar:/root/.m2/repository/org/codehaus/groovy/groovy-cli-picocli/2.5.14/groovy-cli-picocli-2.5.14.jar:/root/.m2/repository/info/picocli/picocli/4.3.2/picocli-4.3.2.jar:/root/.m2/repository/org/codehaus/groovy/groovy-console/2.5.14/groovy-console-2.5.14.jar:/root/.m2/repository/org/codehaus/groovy/groovy-datetime/2.5.14/groovy-datetime-2.5.14.jar:/root/.m2/repository/org/codehaus/groovy/groovy-docgenerator/2.5.14/groovy-docgenerator-2.5.14.jar:/root/.m2/repository/com/thoughtworks/qdox/qdox/1.12.1/qdox-1.12.1.jar:/root/.m2/repository/org/codehaus/groovy/groovy-groovydoc/2.5.14/groovy-groovydoc-2.5.14.jar:/root/.m2/repository/org/codehaus/groovy/groovy-groovysh/2.5.14/groovy-groovysh-2.5.14.jar:/root/.m2/repository/jline/jline/2.14.6/jline-2.14.6.jar:/root/.m2/repository/org/codehaus/groovy/groovy-jmx/2.5.14/groovy-jmx-2.5.14.jar:/root/.m2/repository/org/codehaus/groovy/groovy-json/2.5.14/groovy-json-2.5.14.jar:/root/.m2/repository/org/codehaus/groovy/groovy-jsr223/2.5.14/groovy-jsr223-2.5.14.jar:/root/.m2/repository/org/codehaus/groovy/groovy-macro/2.5.14/groovy-macro-2.5.14.jar:/root/.m2/repository/org/codehaus/groovy/groovy-nio/2.5.14/groovy-nio-2.5.14.jar:/root/.m2/repository/org/codehaus/groovy/groovy-servlet/2.5.14/groovy-servlet-2.5.14.jar:/root/.m2/repository/org/codehaus/groovy/groovy-sql/2.5.14/groovy-sql-2.5.14.jar:/root/.m2/repository/org/codehaus/groovy/groovy-swing/2.5.14/groovy-swing-2.5.14.jar:/root/.m2/repository/org/codehaus/groovy/groovy-templates/2.5.14/groovy-templates-2.5.14.jar:/root/.m2/repository/org/codehaus/groovy/groovy-test/2.5.14/groovy-test-2.5.14.jar:/root/.m2/repository/junit/junit/4.13.2/junit-4.13.2.jar:/root/.m2/repository/org/codehaus/groovy/groovy-test-junit5/2.5.14/groovy-test-junit5-2.5.14.jar:/root/.m2/repository/org/junit/jupiter/junit-jupiter-api/5.7.1/junit-jupiter-api-5.7.1.jar:/root/.m2/repository/org/junit/platform/junit-platform-launcher/1.4.2/junit-platform-launcher-1.4.2.jar:/root/.m2/repository/org/junit/jupiter/junit-jupiter-engine/5.7.1/junit-jupiter-engine-5.7.1.jar:/root/.m2/repository/org/codehaus/groovy/groovy-testng/2.5.14/groovy-testng-2.5.14.jar:/root/.m2/repository/org/codehaus/groovy/groovy-xml/2.5.14/groovy-xml-2.5.14.jar:/root/.m2/repository/com/jfrog/pdn/pdn-tracker-java-client/7.28.3/pdn-tracker-java-client-7.28.3.jar:/root/.m2/repository/org/eclipse/jgit/org.eclipse.jgit/5.11.0.202103091610-r/org.eclipse.jgit-5.11.0.202103091610-r.jar:/root/.m2/repository/com/googlecode/javaewah/JavaEWAH/1.1.7/JavaEWAH-1.1.7.jar:/root/.m2/repository/org/projectlombok/lombok/1.18.16/lombok-1.18.16.jar:/root/.m2/repository/org/testng/testng/6.10/testng-6.10.jar:/root/.m2/repository/com/beust/jcommander/1.48/jcommander-1.48.jar:/root/.m2/repository/com/google/code/findbugs/jsr305/2.0.0/jsr305-2.0.0.jar:/root/.m2/repository/org/jetbrains/annotations/13.0/annotations-13.0.jar:/root/.m2/repository/org/apache/maven/surefire/surefire-testng-utils/2.22.0/surefire-testng-utils-2.22.0.jar:/root/.m2/repository/org/apache/maven/surefire/surefire-grouper/2.22.0/surefire-grouper-2.22.0.jar:"/>
    <property name="java.vm.vendor" value="Ubuntu"/>
    <property name="sun.arch.data.model" value="64"/>
    <property name="artifactory.publish.artifacts" value="false"/>
    <property name="java.vendor.url" value="https://ubuntu.com/"/>
    <property name="user.timezone" value=""/>
    <property name="java.vm.specification.version" value="11"/>
    <property name="os.name" value="Linux"/>
    <property name="sun.java.launcher" value="SUN_STANDARD"/>
    <property name="user.country" value="US"/>
    <property name="sun.boot.library.path" value="/usr/lib/jvm/java-11-openjdk-amd64/lib"/>
    <property name="sun.java.command" value="/var/opt/jfrog/pipelines/data/artifactory_build/runs/373124/steps/artifactory_pro_test/3109386/dependencyState/resources/artifactory_pro_bitbucket/artifactory-pro/addons/filestore/target/surefire/surefirebooter6575430770322585935.jar /var/opt/jfrog/pipelines/data/artifactory_build/runs/373124/steps/artifactory_pro_test/3109386/dependencyState/resources/artifactory_pro_bitbucket/artifactory-pro/addons/filestore/target/surefire 2021-10-25T16-02-48_266-jvmRun4 surefire6935844578114611219tmp surefire_7714917081796859214573tmp"/>
    <property name="jdk.debug" value="release"/>
    <property name="surefire.test.class.path" value="/var/opt/jfrog/pipelines/data/artifactory_build/runs/373124/steps/artifactory_pro_test/3109386/dependencyState/resources/artifactory_pro_bitbucket/artifactory-pro/addons/filestore/target/test-classes:/var/opt/jfrog/pipelines/data/artifactory_build/runs/373124/steps/artifactory_pro_test/3109386/dependencyState/resources/artifactory_pro_bitbucket/artifactory-pro/addons/filestore/target/classes:/root/.m2/repository/io/netty/netty-transport-native-epoll/4.1.65.Final/netty-transport-native-epoll-4.1.65.Final.jar:/root/.m2/repository/io/netty/netty-common/4.1.68.Final/netty-common-4.1.68.Final.jar:/root/.m2/repository/io/netty/netty-buffer/4.1.68.Final/netty-buffer-4.1.68.Final.jar:/root/.m2/repository/io/netty/netty-transport/4.1.68.Final/netty-transport-4.1.68.Final.jar:/root/.m2/repository/io/netty/netty-resolver/4.1.68.Final/netty-resolver-4.1.68.Final.jar:/root/.m2/repository/io/netty/netty-transport-native-unix-common/4.1.65.Final/netty-transport-native-unix-common-4.1.65.Final.jar:/root/.m2/repository/org/jfrog/storage/binary-store-core/7.x-SNAPSHOT/binary-store-core-7.x-SNAPSHOT.jar:/root/.m2/repository/org/jfrog/storage/binary-store-api/7.x-SNAPSHOT/binary-store-api-7.x-SNAPSHOT.jar:/root/.m2/repository/org/slf4j/slf4j-api/1.7.26/slf4j-api-1.7.26.jar:/root/.m2/repository/ch/qos/logback/logback-classic/1.2.3/logback-classic-1.2.3.jar:/root/.m2/repository/org/slf4j/jcl-over-slf4j/1.7.26/jcl-over-slf4j-1.7.26.jar:/root/.m2/repository/org/slf4j/jul-to-slf4j/1.7.26/jul-to-slf4j-1.7.26.jar:/root/.m2/repository/commons-lang/commons-lang/2.6/commons-lang-2.6.jar:/root/.m2/repository/commons-io/commons-io/2.8.0/commons-io-2.8.0.jar:/root/.m2/repository/javax/xml/bind/jaxb-api/2.3.0/jaxb-api-2.3.0.jar:/root/.m2/repository/com/sun/xml/bind/jaxb-core/2.3.0/jaxb-core-2.3.0.jar:/root/.m2/repository/com/sun/xml/bind/jaxb-impl/2.3.0/jaxb-impl-2.3.0.jar:/root/.m2/repository/com/sun/activation/javax.activation/1.2.0/javax.activation-1.2.0.jar:/root/.m2/repository/com/fasterxml/jackson/core/jackson-annotations/2.12.3/jackson-annotations-2.12.3.jar:/root/.m2/repository/com/jfrog/storage/binary-store-client/7.x-SNAPSHOT/binary-store-client-7.x-SNAPSHOT.jar:/root/.m2/repository/org/jfrog/access/access-client-core/7.27.3/access-client-core-7.27.3.jar:/root/.m2/repository/org/jfrog/access/access-client-api/7.27.3/access-client-api-7.27.3.jar:/root/.m2/repository/org/jfrog/access/access-common-api/7.27.3/access-common-api-7.27.3.jar:/root/.m2/repository/io/grpc/grpc-core/1.36.1/grpc-core-1.36.1.jar:/root/.m2/repository/com/google/android/annotations/4.1.1.4/annotations-4.1.1.4.jar:/root/.m2/repository/io/perfmark/perfmark-api/0.23.0/perfmark-api-0.23.0.jar:/root/.m2/repository/org/jfrog/access/access-common-rest/7.27.3/access-common-rest-7.27.3.jar:/root/.m2/repository/org/jfrog/access/access-common-mapstruct/7.27.3/access-common-mapstruct-7.27.3.jar:/root/.m2/repository/org/jfrog/common/jfrog-platform/7.30.1/jfrog-platform-7.30.1.jar:/root/.m2/repository/org/jfrog/access/access-common-core/7.27.3/access-common-core-7.27.3.jar:/root/.m2/repository/org/springframework/vault/spring-vault-core/2.2.3.RELEASE/spring-vault-core-2.2.3.RELEASE.jar:/root/.m2/repository/org/jfrog/access/access-common-grpc/7.27.3/access-common-grpc-7.27.3.jar:/root/.m2/repository/org/jfrog/access/access-grpc-api/7.27.3/access-grpc-api-7.27.3.jar:/root/.m2/repository/io/grpc/grpc-netty/1.36.1/grpc-netty-1.36.1.jar:/root/.m2/repository/io/netty/netty-codec-http2/4.1.68.Final/netty-codec-http2-4.1.68.Final.jar:/root/.m2/repository/io/netty/netty-codec/4.1.68.Final/netty-codec-4.1.68.Final.jar:/root/.m2/repository/io/netty/netty-handler/4.1.68.Final/netty-handler-4.1.68.Final.jar:/root/.m2/repository/io/netty/netty-codec-http/4.1.68.Final/netty-codec-http-4.1.68.Final.jar:/root/.m2/repository/io/netty/netty-handler-proxy/4.1.68.Final/netty-handler-proxy-4.1.68.Final.jar:/root/.m2/repository/io/netty/netty-codec-socks/4.1.68.Final/netty-codec-socks-4.1.68.Final.jar:/root/.m2/repository/io/grpc/grpc-protobuf/1.36.1/grpc-protobuf-1.36.1.jar:/root/.m2/repository/io/grpc/grpc-protobuf-lite/1.36.1/grpc-protobuf-lite-1.36.1.jar:/root/.m2/repository/org/jfrog/router/router-grpc-api/7.24.1/router-grpc-api-7.24.1.jar:/root/.m2/repository/org/jfrog/access/access-common-router-client/7.27.3/access-common-router-client-7.27.3.jar:/root/.m2/repository/org/jfrog/common/jfrog-http-client/7.30.1/jfrog-http-client-7.30.1.jar:/root/.m2/repository/io/grpc/grpc-stub/1.36.1/grpc-stub-1.36.1.jar:/root/.m2/repository/io/grpc/grpc-api/1.36.1/grpc-api-1.36.1.jar:/root/.m2/repository/org/codehaus/mojo/animal-sniffer-annotations/1.19/animal-sniffer-annotations-1.19.jar:/root/.m2/repository/io/vavr/vavr/0.10.2/vavr-0.10.2.jar:/root/.m2/repository/io/vavr/vavr-match/0.10.2/vavr-match-0.10.2.jar:/root/.m2/repository/io/jaegertracing/jaeger-client/1.2.0/jaeger-client-1.2.0.jar:/root/.m2/repository/io/jaegertracing/jaeger-thrift/1.2.0/jaeger-thrift-1.2.0.jar:/root/.m2/repository/org/apache/thrift/libthrift/0.13.0/libthrift-0.13.0.jar:/root/.m2/repository/io/jaegertracing/jaeger-tracerresolver/1.2.0/jaeger-tracerresolver-1.2.0.jar:/root/.m2/repository/io/opentracing/contrib/opentracing-tracerresolver/0.1.8/opentracing-tracerresolver-0.1.8.jar:/root/.m2/repository/org/projectlombok/lombok-mapstruct-binding/0.1.0/lombok-mapstruct-binding-0.1.0.jar:/root/.m2/repository/org/jfrog/security/jfrog-crypto/7.30.1/jfrog-crypto-7.30.1.jar:/root/.m2/repository/commons-cli/commons-cli/1.4/commons-cli-1.4.jar:/root/.m2/repository/org/bouncycastle/bcprov-jdk15on/1.68/bcprov-jdk15on-1.68.jar:/root/.m2/repository/org/bouncycastle/bcpg-jdk15on/1.68/bcpg-jdk15on-1.68.jar:/root/.m2/repository/org/bouncycastle/bcpkix-jdk15on/1.68/bcpkix-jdk15on-1.68.jar:/root/.m2/repository/commons-codec/commons-codec/1.15/commons-codec-1.15.jar:/root/.m2/repository/net/java/dev/jets3t/jets3t/0.9.4/jets3t-0.9.4.jar:/root/.m2/repository/org/codehaus/jackson/jackson-core-asl/1.9.13/jackson-core-asl-1.9.13.jar:/root/.m2/repository/org/codehaus/jackson/jackson-mapper-asl/1.9.13/jackson-mapper-asl-1.9.13.jar:/root/.m2/repository/com/google/cloud/google-cloud-storage/1.62.0/google-cloud-storage-1.62.0.jar:/root/.m2/repository/com/google/cloud/google-cloud-core/1.62.0/google-cloud-core-1.62.0.jar:/root/.m2/repository/com/google/api/api-common/1.7.0/api-common-1.7.0.jar:/root/.m2/repository/com/google/api/gax/1.38.0/gax-1.38.0.jar:/root/.m2/repository/org/threeten/threetenbp/1.3.3/threetenbp-1.3.3.jar:/root/.m2/repository/com/google/protobuf/protobuf-java-util/3.6.1/protobuf-java-util-3.6.1.jar:/root/.m2/repository/com/google/protobuf/protobuf-java/3.6.1/protobuf-java-3.6.1.jar:/root/.m2/repository/com/google/api/grpc/proto-google-common-protos/1.12.0/proto-google-common-protos-1.12.0.jar:/root/.m2/repository/com/google/api/grpc/proto-google-iam-v1/0.12.0/proto-google-iam-v1-0.12.0.jar:/root/.m2/repository/com/google/cloud/google-cloud-core-http/1.62.0/google-cloud-core-http-1.62.0.jar:/root/.m2/repository/com/google/auth/google-auth-library-credentials/0.12.0/google-auth-library-credentials-0.12.0.jar:/root/.m2/repository/com/google/auth/google-auth-library-oauth2-http/0.12.0/google-auth-library-oauth2-http-0.12.0.jar:/root/.m2/repository/com/google/http-client/google-http-client-jackson2/1.27.0/google-http-client-jackson2-1.27.0.jar:/root/.m2/repository/com/google/api-client/google-api-client/1.27.0/google-api-client-1.27.0.jar:/root/.m2/repository/com/google/http-client/google-http-client-appengine/1.27.0/google-http-client-appengine-1.27.0.jar:/root/.m2/repository/com/google/api/gax-httpjson/0.55.0/gax-httpjson-0.55.0.jar:/root/.m2/repository/io/opencensus/opencensus-contrib-http-util/0.18.0/opencensus-contrib-http-util-0.18.0.jar:/root/.m2/repository/com/google/apis/google-api-services-storage/v1-rev20181109-1.27.0/google-api-services-storage-v1-rev20181109-1.27.0.jar:/root/.m2/repository/javax/annotation/javax.annotation-api/1.3.2/javax.annotation-api-1.3.2.jar:/root/.m2/repository/com/google/oauth-client/google-oauth-client/1.31.2/google-oauth-client-1.31.2.jar:/root/.m2/repository/com/google/http-client/google-http-client/1.27.0/google-http-client-1.27.0.jar:/root/.m2/repository/com/google/j2objc/j2objc-annotations/1.3/j2objc-annotations-1.3.jar:/root/.m2/repository/com/google/guava/guava/30.0-jre/guava-30.0-jre.jar:/root/.m2/repository/com/google/guava/failureaccess/1.0.1/failureaccess-1.0.1.jar:/root/.m2/repository/com/google/guava/listenablefuture/9999.0-empty-to-avoid-conflict-with-guava/listenablefuture-9999.0-empty-to-avoid-conflict-with-guava.jar:/root/.m2/repository/org/checkerframework/checker-qual/3.5.0/checker-qual-3.5.0.jar:/root/.m2/repository/com/google/errorprone/error_prone_annotations/2.2.0/error_prone_annotations-2.2.0.jar:/root/.m2/repository/io/opencensus/opencensus-api/0.21.0/opencensus-api-0.21.0.jar:/root/.m2/repository/io/grpc/grpc-context/1.36.1/grpc-context-1.36.1.jar:/root/.m2/repository/org/artifactory/artifactory-storage-common/7.x-SNAPSHOT/artifactory-storage-common-7.x-SNAPSHOT.jar:/root/.m2/repository/org/artifactory/artifactory-capi/7.x-SNAPSHOT/artifactory-capi-7.x-SNAPSHOT.jar:/root/.m2/repository/org/artifactory/artifactory-papi/7.x-SNAPSHOT/artifactory-papi-7.x-SNAPSHOT.jar:/root/.m2/repository/com/thoughtworks/xstream/xstream/1.4.18/xstream-1.4.18.jar:/root/.m2/repository/io/github/x-stream/mxparser/1.2.2/mxparser-1.2.2.jar:/root/.m2/repository/xmlpull/xmlpull/1.1.3.1/xmlpull-1.1.3.1.jar:/root/.m2/repository/org/artifactory/artifactory-common/7.x-SNAPSHOT/artifactory-common-7.x-SNAPSHOT.jar:/root/.m2/repository/org/artifactory/artifactory-config/7.x-SNAPSHOT/artifactory-config-7.x-SNAPSHOT.jar:/root/.m2/repository/org/jfrog/buildinfo/build-info-api/2.23.0/build-info-api-2.23.0.jar:/root/.m2/repository/org/springframework/spring-web/5.3.7/spring-web-5.3.7.jar:/root/.m2/repository/org/springframework/security/spring-security-core/5.4.5/spring-security-core-5.4.5.jar:/root/.m2/repository/org/springframework/security/spring-security-config/5.4.5/spring-security-config-5.4.5.jar:/root/.m2/repository/org/springframework/security/spring-security-web/5.4.5/spring-security-web-5.4.5.jar:/root/.m2/repository/org/apache/maven/maven-settings/3.8.1/maven-settings-3.8.1.jar:/root/.m2/repository/org/apache/maven/maven-repository-metadata/3.8.1/maven-repository-metadata-3.8.1.jar:/root/.m2/repository/com/fasterxml/jackson/module/jackson-module-jaxb-annotations/2.12.3/jackson-module-jaxb-annotations-2.12.3.jar:/root/.m2/repository/jakarta/xml/bind/jakarta.xml.bind-api/2.3.2/jakarta.xml.bind-api-2.3.2.jar:/root/.m2/repository/jakarta/activation/jakarta.activation-api/1.2.1/jakarta.activation-api-1.2.1.jar:/root/.m2/repository/joda-time/joda-time/2.2/joda-time-2.2.jar:/root/.m2/repository/org/tukaani/xz/1.8/xz-1.8.jar:/root/.m2/repository/org/yaml/snakeyaml/1.29/snakeyaml-1.29.jar:/root/.m2/repository/org/springframework/session/spring-session/1.2.2.RELEASE/spring-session-1.2.2.RELEASE.jar:/root/.m2/repository/org/jfrog/common/support-common/7.30.1/support-common-7.30.1.jar:/root/.m2/repository/org/jfrog/common/support-rest/7.30.1/support-rest-7.30.1.jar:/root/.m2/repository/org/glassfish/jersey/media/jersey-media-multipart/2.34/jersey-media-multipart-2.34.jar:/root/.m2/repository/org/jvnet/mimepull/mimepull/1.9.13/mimepull-1.9.13.jar:/root/.m2/repository/com/fasterxml/woodstox/woodstox-core/6.1.1/woodstox-core-6.1.1.jar:/root/.m2/repository/org/codehaus/woodstox/stax2-api/4.2.1/stax2-api-4.2.1.jar:/root/.m2/repository/net/java/dev/stax-utils/stax-utils/20060502/stax-utils-20060502.jar:/root/.m2/repository/org/springframework/spring-tx/5.3.7/spring-tx-5.3.7.jar:/root/.m2/repository/org/springframework/spring-beans/5.3.7/spring-beans-5.3.7.jar:/root/.m2/repository/org/quartz-scheduler/quartz/2.3.2/quartz-2.3.2.jar:/root/.m2/repository/com/mchange/c3p0/0.9.5.4/c3p0-0.9.5.4.jar:/root/.m2/repository/com/mchange/mchange-commons-java/0.2.15/mchange-commons-java-0.2.15.jar:/root/.m2/repository/com/zaxxer/HikariCP/3.4.3/HikariCP-3.4.3.jar:/root/.m2/repository/org/artifactory/artifactory-core/7.x-SNAPSHOT/artifactory-core-7.x-SNAPSHOT.jar:/root/.m2/repository/org/artifactory/artifactory-api/7.x-SNAPSHOT/artifactory-api-7.x-SNAPSHOT.jar:/root/.m2/repository/org/jfrog/common/jfrog-model/7.30.1/jfrog-model-7.30.1.jar:/root/.m2/repository/com/jfrog/bintray/client/bintray-client-java-service/0.9.2/bintray-client-java-service-0.9.2.jar:/root/.m2/repository/com/jfrog/bintray/client/bintray-client-java-api/0.9.2/bintray-client-java-api-0.9.2.jar:/root/.m2/repository/org/artifactory/artifactory-traffic/7.x-SNAPSHOT/artifactory-traffic-7.x-SNAPSHOT.jar:/root/.m2/repository/org/jfrog/common/metrics/7.30.1/metrics-7.30.1.jar:/root/.m2/repository/com/github/oshi/oshi-core/5.4.1/oshi-core-5.4.1.jar:/root/.m2/repository/net/java/dev/jna/jna/5.6.0/jna-5.6.0.jar:/root/.m2/repository/net/java/dev/jna/jna-platform/5.6.0/jna-platform-5.6.0.jar:/root/.m2/repository/org/artifactory/artifactory-update/7.x-SNAPSHOT/artifactory-update-7.x-SNAPSHOT.jar:/root/.m2/repository/org/artifactory/artifactory-storage-db/7.x-SNAPSHOT/artifactory-storage-db-7.x-SNAPSHOT.jar:/root/.m2/repository/org/artifactory/artifactory-support-core/7.x-SNAPSHOT/artifactory-support-core-7.x-SNAPSHOT.jar:/root/.m2/repository/org/artifactory/artifactory-lifecycle/7.x-SNAPSHOT/artifactory-lifecycle-7.x-SNAPSHOT.jar:/root/.m2/repository/org/jfrog/metadata/metadata-client-core/7.26.0/metadata-client-core-7.26.0.jar:/root/.m2/repository/javax/mail/mail/1.4.7/mail-1.4.7.jar:/root/.m2/repository/javax/activation/javax.activation-api/1.2.0/javax.activation-api-1.2.0.jar:/root/.m2/repository/org/apache/maven/maven-artifact/3.8.1/maven-artifact-3.8.1.jar:/root/.m2/repository/org/apache/maven/maven-plugin-descriptor/2.2.1/maven-plugin-descriptor-2.2.1.jar:/root/.m2/repository/org/apache/maven/maven-plugin-api/3.8.1/maven-plugin-api-3.8.1.jar:/root/.m2/repository/org/eclipse/sisu/org.eclipse.sisu.plexus/0.3.4/org.eclipse.sisu.plexus-0.3.4.jar:/root/.m2/repository/javax/enterprise/cdi-api/1.0/cdi-api-1.0.jar:/root/.m2/repository/javax/inject/javax.inject/1/javax.inject-1.jar:/root/.m2/repository/org/eclipse/sisu/org.eclipse.sisu.inject/0.3.4/org.eclipse.sisu.inject-0.3.4.jar:/root/.m2/repository/org/codehaus/plexus/plexus-classworlds/2.6.0/plexus-classworlds-2.6.0.jar:/root/.m2/repository/org/codehaus/plexus/plexus-container-default/1.0-alpha-9-stable-1/plexus-container-default-1.0-alpha-9-stable-1.jar:/root/.m2/repository/classworlds/classworlds/1.1-alpha-2/classworlds-1.1-alpha-2.jar:/root/.m2/repository/org/apache/maven/maven-project/2.2.1/maven-project-2.2.1.jar:/root/.m2/repository/org/apache/maven/maven-model/3.8.1/maven-model-3.8.1.jar:/root/.m2/repository/org/apache/maven/maven-artifact-manager/2.2.1/maven-artifact-manager-2.2.1.jar:/root/.m2/repository/backport-util-concurrent/backport-util-concurrent/3.1/backport-util-concurrent-3.1.jar:/root/.m2/repository/commons-beanutils/commons-beanutils/1.9.4/commons-beanutils-1.9.4.jar:/root/.m2/repository/aopalliance/aopalliance/1.0/aopalliance-1.0.jar:/root/.m2/repository/org/springframework/spring-aop/5.3.7/spring-aop-5.3.7.jar:/root/.m2/repository/org/springframework/spring-expression/5.3.7/spring-expression-5.3.7.jar:/root/.m2/repository/org/springframework/spring-aspects/5.3.7/spring-aspects-5.3.7.jar:/root/.m2/repository/org/springframework/spring-context-support/5.3.7/spring-context-support-5.3.7.jar:/root/.m2/repository/org/springframework/security/spring-security-acl/5.4.5/spring-security-acl-5.4.5.jar:/root/.m2/repository/org/springframework/security/spring-security-ldap/5.4.5/spring-security-ldap-5.4.5.jar:/root/.m2/repository/org/springframework/ldap/spring-ldap-core/2.3.3.RELEASE/spring-ldap-core-2.3.3.RELEASE.jar:/root/.m2/repository/com/google/code/atinject/atinject/1.0.0-rev3/atinject-1.0.0-rev3.jar:/root/.m2/repository/org/apache/maven/indexer/indexer-core/5.1.0/indexer-core-5.1.0.jar:/root/.m2/repository/org/apache/maven/indexer/indexer-artifact/5.1.0/indexer-artifact-5.1.0.jar:/root/.m2/repository/org/apache/lucene/lucene-core/3.6.1/lucene-core-3.6.1.jar:/root/.m2/repository/org/sonatype/aether/aether-api/1.13.1/aether-api-1.13.1.jar:/root/.m2/repository/org/sonatype/aether/aether-util/1.13.1/aether-util-1.13.1.jar:/root/.m2/repository/org/codehaus/plexus/plexus-component-annotations/1.2.1/plexus-component-annotations-1.2.1.jar:/root/.m2/repository/org/codehaus/plexus/plexus-utils/3.3.0/plexus-utils-3.3.0.jar:/root/.m2/repository/org/apache/ivy/ivy/2.2.0/ivy-2.2.0.jar:/root/.m2/repository/org/iostreams/iostreams/0.2/iostreams-0.2.jar:/root/.m2/repository/org/codehaus/mojo/versions-maven-plugin/1.3.1/versions-maven-plugin-1.3.1.jar:/root/.m2/repository/org/apache/maven/wagon/wagon-provider-api/1.0-beta-6/wagon-provider-api-1.0-beta-6.jar:/root/.m2/repository/org/codehaus/groovy/groovy-dateutil/2.5.14/groovy-dateutil-2.5.14.jar:/root/.m2/repository/org/apache/sshd/sshd-core/2.7.0/sshd-core-2.7.0.jar:/root/.m2/repository/org/apache/sshd/sshd-common/2.7.0/sshd-common-2.7.0.jar:/root/.m2/repository/org/glassfish/jersey/core/jersey-server/2.34/jersey-server-2.34.jar:/root/.m2/repository/org/glassfish/jersey/core/jersey-common/2.34/jersey-common-2.34.jar:/root/.m2/repository/org/glassfish/hk2/osgi-resource-locator/1.0.3/osgi-resource-locator-1.0.3.jar:/root/.m2/repository/org/glassfish/jersey/core/jersey-client/2.34/jersey-client-2.34.jar:/root/.m2/repository/jakarta/ws/rs/jakarta.ws.rs-api/2.1.6/jakarta.ws.rs-api-2.1.6.jar:/root/.m2/repository/jakarta/annotation/jakarta.annotation-api/1.3.5/jakarta.annotation-api-1.3.5.jar:/root/.m2/repository/org/glassfish/hk2/external/jakarta.inject/2.6.1/jakarta.inject-2.6.1.jar:/root/.m2/repository/jakarta/validation/jakarta.validation-api/2.0.2/jakarta.validation-api-2.0.2.jar:/root/.m2/repository/org/apache/jclouds/jclouds-allblobstore/1.9.1/jclouds-allblobstore-1.9.1.jar:/root/.m2/repository/org/apache/jclouds/api/s3/1.9.1/s3-1.9.1.jar:/root/.m2/repository/org/apache/jclouds/api/sts/1.9.1/sts-1.9.1.jar:/root/.m2/repository/org/apache/jclouds/provider/aws-s3/1.9.1/aws-s3-1.9.1.jar:/root/.m2/repository/org/apache/httpcomponents/httpclient/4.5.13/httpclient-4.5.13.jar:/root/.m2/repository/org/apache/httpcomponents/httpcore/4.4.13/httpcore-4.4.13.jar:/root/.m2/repository/org/apache/jclouds/labs/google-cloud-storage-jfrog/1.9.1/google-cloud-storage-jfrog-1.9.1.jar:/root/.m2/repository/org/apache/jclouds/jclouds-core/1.9.1/jclouds-core-1.9.1.jar:/root/.m2/repository/com/google/inject/extensions/guice-assistedinject/3.0/guice-assistedinject-3.0.jar:/root/.m2/repository/org/99soft/guice/rocoto/6.2/rocoto-6.2.jar:/root/.m2/repository/com/google/code/gson/gson/2.7/gson-2.7.jar:/root/.m2/repository/org/apache/jclouds/labs/googlecloud/1.9.1/googlecloud-1.9.1.jar:/root/.m2/repository/org/apache/jclouds/labs/oauth/1.9.1/oauth-1.9.1.jar:/root/.m2/repository/org/apache/jclouds/jclouds-blobstore/1.9.1/jclouds-blobstore-1.9.1.jar:/root/.m2/repository/com/azure/azure-core-http-okhttp/1.7.0/azure-core-http-okhttp-1.7.0.jar:/root/.m2/repository/com/azure/azure-core/1.17.0/azure-core-1.17.0.jar:/root/.m2/repository/com/fasterxml/jackson/dataformat/jackson-dataformat-xml/2.12.3/jackson-dataformat-xml-2.12.3.jar:/root/.m2/repository/io/projectreactor/reactor-core/3.4.8/reactor-core-3.4.8.jar:/root/.m2/repository/org/reactivestreams/reactive-streams/1.0.3/reactive-streams-1.0.3.jar:/root/.m2/repository/io/netty/netty-tcnative-boringssl-static/2.0.39.Final/netty-tcnative-boringssl-static-2.0.39.Final.jar:/root/.m2/repository/com/squareup/okhttp3/okhttp/4.9.2/okhttp-4.9.2.jar:/root/.m2/repository/com/squareup/okio/okio/2.8.0/okio-2.8.0.jar:/root/.m2/repository/org/jetbrains/kotlin/kotlin-stdlib-common/1.3.70/kotlin-stdlib-common-1.3.70.jar:/root/.m2/repository/org/jetbrains/kotlin/kotlin-stdlib/1.5.20/kotlin-stdlib-1.5.20.jar:/root/.m2/repository/org/jfrog/storage/binary-store-core/7.x-SNAPSHOT/binary-store-core-7.x-SNAPSHOT-tests.jar:/root/.m2/repository/org/awaitility/awaitility/3.1.2/awaitility-3.1.2.jar:/root/.m2/repository/org/hamcrest/hamcrest-library/1.3/hamcrest-library-1.3.jar:/root/.m2/repository/org/hamcrest/hamcrest-core/1.3/hamcrest-core-1.3.jar:/root/.m2/repository/org/objenesis/objenesis/2.1/objenesis-2.1.jar:/root/.m2/repository/com/microsoft/azure/azure-storage/8.4.0/azure-storage-8.4.0.jar:/root/.m2/repository/com/microsoft/azure/azure-keyvault-core/1.0.0/azure-keyvault-core-1.0.0.jar:/root/.m2/repository/com/azure/azure-storage-blob/12.13.0/azure-storage-blob-12.13.0.jar:/root/.m2/repository/com/azure/azure-storage-common/12.12.0/azure-storage-common-12.12.0.jar:/root/.m2/repository/com/azure/azure-storage-internal-avro/12.0.5/azure-storage-internal-avro-12.0.5.jar:/root/.m2/repository/com/azure/azure-identity/1.3.5/azure-identity-1.3.5.jar:/root/.m2/repository/com/microsoft/azure/msal4j/1.10.1/msal4j-1.10.1.jar:/root/.m2/repository/com/microsoft/azure/msal4j-persistence-extension/1.1.0/msal4j-persistence-extension-1.1.0.jar:/root/.m2/repository/com/nimbusds/oauth2-oidc-sdk/9.5.1/oauth2-oidc-sdk-9.5.1.jar:/root/.m2/repository/com/github/stephenc/jcip/jcip-annotations/1.0-1/jcip-annotations-1.0-1.jar:/root/.m2/repository/com/nimbusds/content-type/2.1/content-type-2.1.jar:/root/.m2/repository/com/nimbusds/lang-tag/1.5/lang-tag-1.5.jar:/root/.m2/repository/com/nimbusds/nimbus-jose-jwt/9.9.3/nimbus-jose-jwt-9.9.3.jar:/root/.m2/repository/net/minidev/json-smart/2.4.7/json-smart-2.4.7.jar:/root/.m2/repository/net/minidev/accessors-smart/2.4.7/accessors-smart-2.4.7.jar:/root/.m2/repository/com/amazonaws/aws-java-sdk-s3/1.11.875/aws-java-sdk-s3-1.11.875.jar:/root/.m2/repository/com/amazonaws/aws-java-sdk-kms/1.11.875/aws-java-sdk-kms-1.11.875.jar:/root/.m2/repository/com/amazonaws/aws-java-sdk-core/1.11.875/aws-java-sdk-core-1.11.875.jar:/root/.m2/repository/software/amazon/ion/ion-java/1.0.2/ion-java-1.0.2.jar:/root/.m2/repository/com/fasterxml/jackson/dataformat/jackson-dataformat-cbor/2.12.3/jackson-dataformat-cbor-2.12.3.jar:/root/.m2/repository/com/amazonaws/jmespath-java/1.11.875/jmespath-java-1.11.875.jar:/root/.m2/repository/com/amazonaws/aws-java-sdk-cloudfront/1.11.875/aws-java-sdk-cloudfront-1.11.875.jar:/root/.m2/repository/com/amazonaws/aws-java-sdk-sts/1.11.875/aws-java-sdk-sts-1.11.875.jar:/root/.m2/repository/com/jamesmurty/utils/java-xmlbuilder/1.1/java-xmlbuilder-1.1.jar:/root/.m2/repository/net/iharder/base64/2.3.8/base64-2.3.8.jar:/root/.m2/repository/org/easytesting/fest-assert/1.4/fest-assert-1.4.jar:/root/.m2/repository/org/easytesting/fest-util/1.1.6/fest-util-1.1.6.jar:/root/.m2/repository/org/springframework/spring-test/5.3.7/spring-test-5.3.7.jar:/root/.m2/repository/org/springframework/spring-core/5.3.7/spring-core-5.3.7.jar:/root/.m2/repository/org/springframework/spring-jcl/5.3.7/spring-jcl-5.3.7.jar:/root/.m2/repository/org/mockito/mockito-core/3.7.7/mockito-core-3.7.7.jar:/root/.m2/repository/net/bytebuddy/byte-buddy/1.10.19/byte-buddy-1.10.19.jar:/root/.m2/repository/net/bytebuddy/byte-buddy-agent/1.10.19/byte-buddy-agent-1.10.19.jar:/root/.m2/repository/org/artifactory/artifactory-config/7.x-SNAPSHOT/artifactory-config-7.x-SNAPSHOT-tests.jar:/root/.m2/repository/org/jfrog/common/jfrog-utils/7.30.1/jfrog-utils-7.30.1.jar:/root/.m2/repository/org/jfrog/common/jfrog-annotation-processing/7.30.1/jfrog-annotation-processing-7.30.1.jar:/root/.m2/repository/javax/validation/validation-api/2.0.1.Final/validation-api-2.0.1.Final.jar:/root/.m2/repository/org/hibernate/validator/hibernate-validator/6.1.5.Final/hibernate-validator-6.1.5.Final.jar:/root/.m2/repository/org/jboss/logging/jboss-logging/3.3.2.Final/jboss-logging-3.3.2.Final.jar:/root/.m2/repository/com/fasterxml/classmate/1.3.4/classmate-1.3.4.jar:/root/.m2/repository/org/jfrog/common/jfrog-logging/7.30.1/jfrog-logging-7.30.1.jar:/root/.m2/repository/org/jfrog/common/sysconf/7.30.1/sysconf-7.30.1.jar:/root/.m2/repository/org/jfrog/storage/jfrog-db-infra/7.30.1/jfrog-db-infra-7.30.1.jar:/root/.m2/repository/com/codahale/metrics/metrics-healthchecks/3.0.2/metrics-healthchecks-3.0.2.jar:/root/.m2/repository/io/dropwizard/metrics/metrics-jmx/4.1.2/metrics-jmx-4.1.2.jar:/root/.m2/repository/com/amazonaws/aws-java-sdk-secretsmanager/1.11.875/aws-java-sdk-secretsmanager-1.11.875.jar:/root/.m2/repository/org/jdom/jdom2/2.0.5/jdom2-2.0.5.jar:/root/.m2/repository/com/fasterxml/jackson/jaxrs/jackson-jaxrs-json-provider/2.12.3/jackson-jaxrs-json-provider-2.12.3.jar:/root/.m2/repository/com/fasterxml/jackson/jaxrs/jackson-jaxrs-base/2.12.3/jackson-jaxrs-base-2.12.3.jar:/root/.m2/repository/commons-collections/commons-collections/3.2.2/commons-collections-3.2.2.jar:/root/.m2/repository/org/jfrog/configuration/jfrog-config/7.30.1/jfrog-config-7.30.1.jar:/root/.m2/repository/org/mapstruct/mapstruct/1.4.1.Final/mapstruct-1.4.1.Final.jar:/root/.m2/repository/org/mapstruct/mapstruct-processor/1.4.1.Final/mapstruct-processor-1.4.1.Final.jar:/root/.m2/repository/org/springframework/spring-context/5.3.7/spring-context-5.3.7.jar:/root/.m2/repository/org/artifactory/artifactory-storage-db/7.x-SNAPSHOT/artifactory-storage-db-7.x-SNAPSHOT-tests.jar:/root/.m2/repository/io/dropwizard/metrics/metrics-core/4.1.2/metrics-core-4.1.2.jar:/root/.m2/repository/org/apache/tomcat/tomcat-jdbc/8.5.68/tomcat-jdbc-8.5.68.jar:/root/.m2/repository/org/apache/tomcat/tomcat-juli/8.5.68/tomcat-juli-8.5.68.jar:/root/.m2/repository/commons-dbutils/commons-dbutils/1.4/commons-dbutils-1.4.jar:/root/.m2/repository/org/springframework/spring-jdbc/5.3.7/spring-jdbc-5.3.7.jar:/root/.m2/repository/org/jfrog/metadata/metadata-client-api/7.26.0/metadata-client-api-7.26.0.jar:/root/.m2/repository/org/jfrog/common/jfrog-utils/7.30.1/jfrog-utils-7.30.1-tests.jar:/root/.m2/repository/org/jfrog/common/jfrog-base/7.30.1/jfrog-base-7.30.1.jar:/root/.m2/repository/ch/qos/logback/logback-core/1.2.3/logback-core-1.2.3.jar:/root/.m2/repository/com/fasterxml/jackson/core/jackson-databind/2.12.3/jackson-databind-2.12.3.jar:/root/.m2/repository/com/fasterxml/jackson/dataformat/jackson-dataformat-yaml/2.12.3/jackson-dataformat-yaml-2.12.3.jar:/root/.m2/repository/com/fasterxml/jackson/module/jackson-module-parameter-names/2.12.3/jackson-module-parameter-names-2.12.3.jar:/root/.m2/repository/com/fasterxml/jackson/datatype/jackson-datatype-guava/2.12.3/jackson-datatype-guava-2.12.3.jar:/root/.m2/repository/com/fasterxml/jackson/datatype/jackson-datatype-jsr310/2.12.3/jackson-datatype-jsr310-2.12.3.jar:/root/.m2/repository/com/fasterxml/jackson/datatype/jackson-datatype-jdk8/2.12.3/jackson-datatype-jdk8-2.12.3.jar:/root/.m2/repository/org/apache/commons/commons-lang3/3.4/commons-lang3-3.4.jar:/root/.m2/repository/com/github/java-json-tools/json-patch/1.13/json-patch-1.13.jar:/root/.m2/repository/com/github/java-json-tools/msg-simple/1.2/msg-simple-1.2.jar:/root/.m2/repository/com/github/java-json-tools/btf/1.3/btf-1.3.jar:/root/.m2/repository/com/github/java-json-tools/jackson-coreutils/2.0/jackson-coreutils-2.0.jar:/root/.m2/repository/org/apache/commons/commons-compress/1.21/commons-compress-1.21.jar:/root/.m2/repository/io/jaegertracing/jaeger-core/1.2.0/jaeger-core-1.2.0.jar:/root/.m2/repository/io/opentracing/opentracing-api/0.33.0/opentracing-api-0.33.0.jar:/root/.m2/repository/io/opentracing/opentracing-util/0.33.0/opentracing-util-0.33.0.jar:/root/.m2/repository/io/opentracing/opentracing-noop/0.33.0/opentracing-noop-0.33.0.jar:/root/.m2/repository/com/github/tomakehurst/wiremock-jre8/2.30.0/wiremock-jre8-2.30.0.jar:/root/.m2/repository/org/eclipse/jetty/jetty-server/9.4.43.v20210629/jetty-server-9.4.43.v20210629.jar:/root/.m2/repository/javax/servlet/javax.servlet-api/4.0.1/javax.servlet-api-4.0.1.jar:/root/.m2/repository/org/eclipse/jetty/jetty-http/9.4.43.v20210629/jetty-http-9.4.43.v20210629.jar:/root/.m2/repository/org/eclipse/jetty/jetty-io/9.4.43.v20210629/jetty-io-9.4.43.v20210629.jar:/root/.m2/repository/org/eclipse/jetty/jetty-servlet/9.4.43.v20210629/jetty-servlet-9.4.43.v20210629.jar:/root/.m2/repository/org/eclipse/jetty/jetty-security/9.4.43.v20210629/jetty-security-9.4.43.v20210629.jar:/root/.m2/repository/org/eclipse/jetty/jetty-util-ajax/9.4.43.v20210629/jetty-util-ajax-9.4.43.v20210629.jar:/root/.m2/repository/org/eclipse/jetty/jetty-servlets/9.4.43.v20210629/jetty-servlets-9.4.43.v20210629.jar:/root/.m2/repository/org/eclipse/jetty/jetty-continuation/9.4.43.v20210629/jetty-continuation-9.4.43.v20210629.jar:/root/.m2/repository/org/eclipse/jetty/jetty-util/9.4.43.v20210629/jetty-util-9.4.43.v20210629.jar:/root/.m2/repository/org/eclipse/jetty/jetty-webapp/9.4.43.v20210629/jetty-webapp-9.4.43.v20210629.jar:/root/.m2/repository/org/eclipse/jetty/jetty-xml/9.4.43.v20210629/jetty-xml-9.4.43.v20210629.jar:/root/.m2/repository/org/eclipse/jetty/jetty-proxy/9.4.43.v20210629/jetty-proxy-9.4.43.v20210629.jar:/root/.m2/repository/org/eclipse/jetty/jetty-client/9.4.43.v20210629/jetty-client-9.4.43.v20210629.jar:/root/.m2/repository/org/eclipse/jetty/http2/http2-server/9.4.43.v20210629/http2-server-9.4.43.v20210629.jar:/root/.m2/repository/org/eclipse/jetty/http2/http2-common/9.4.43.v20210629/http2-common-9.4.43.v20210629.jar:/root/.m2/repository/org/eclipse/jetty/http2/http2-hpack/9.4.43.v20210629/http2-hpack-9.4.43.v20210629.jar:/root/.m2/repository/org/eclipse/jetty/jetty-alpn-server/9.4.43.v20210629/jetty-alpn-server-9.4.43.v20210629.jar:/root/.m2/repository/org/eclipse/jetty/jetty-alpn-conscrypt-server/9.4.43.v20210629/jetty-alpn-conscrypt-server-9.4.43.v20210629.jar:/root/.m2/repository/org/eclipse/jetty/jetty-alpn-conscrypt-client/9.4.43.v20210629/jetty-alpn-conscrypt-client-9.4.43.v20210629.jar:/root/.m2/repository/org/eclipse/jetty/jetty-alpn-client/9.4.43.v20210629/jetty-alpn-client-9.4.43.v20210629.jar:/root/.m2/repository/com/fasterxml/jackson/core/jackson-core/2.12.3/jackson-core-2.12.3.jar:/root/.m2/repository/org/xmlunit/xmlunit-core/2.3.0/xmlunit-core-2.3.0.jar:/root/.m2/repository/org/xmlunit/xmlunit-legacy/2.8.2/xmlunit-legacy-2.8.2.jar:/root/.m2/repository/org/xmlunit/xmlunit-placeholders/2.8.2/xmlunit-placeholders-2.8.2.jar:/root/.m2/repository/net/javacrumbs/json-unit/json-unit-core/2.27.0/json-unit-core-2.27.0.jar:/root/.m2/repository/com/jayway/jsonpath/json-path/2.3.0/json-path-2.3.0.jar:/root/.m2/repository/org/ow2/asm/asm/7.1/asm-7.1.jar:/root/.m2/repository/net/sf/jopt-simple/jopt-simple/5.0.4/jopt-simple-5.0.4.jar:/root/.m2/repository/com/github/jknack/handlebars/4.2.0/handlebars-4.2.0.jar:/root/.m2/repository/com/github/jknack/handlebars-helpers/4.2.0/handlebars-helpers-4.2.0.jar:/root/.m2/repository/commons-fileupload/commons-fileupload/1.4/commons-fileupload-1.4.jar:/root/.m2/repository/org/spockframework/spock-core/2.0-M5-groovy-2.5/spock-core-2.0-M5-groovy-2.5.jar:/root/.m2/repository/org/codehaus/groovy/groovy/2.5.14/groovy-2.5.14.jar:/root/.m2/repository/org/junit/platform/junit-platform-engine/1.7.1/junit-platform-engine-1.7.1.jar:/root/.m2/repository/org/apiguardian/apiguardian-api/1.1.0/apiguardian-api-1.1.0.jar:/root/.m2/repository/org/opentest4j/opentest4j/1.2.0/opentest4j-1.2.0.jar:/root/.m2/repository/org/junit/platform/junit-platform-commons/1.7.1/junit-platform-commons-1.7.1.jar:/root/.m2/repository/org/hamcrest/hamcrest/2.2/hamcrest-2.2.jar:/root/.m2/repository/org/spockframework/spock-groovy2-compat/2.0-M5-groovy-2.5/spock-groovy2-compat-2.0-M5-groovy-2.5.jar:/root/.m2/repository/org/jfrog/common/test-utils/7.30.1/test-utils-7.30.1.jar:/var/opt/jfrog/pipelines/data/artifactory_build/runs/373124/steps/artifactory_pro_test/3109386/dependencyState/resources/artifactory_pro_bitbucket/artifactory-pro/addons/addons-common/target/classes:/root/.m2/repository/org/artifactory/artifactory-rest/7.x-SNAPSHOT/artifactory-rest-7.x-SNAPSHOT.jar:/root/.m2/repository/org/artifactory/artifactory-rest-common/7.x-SNAPSHOT/artifactory-rest-common-7.x-SNAPSHOT.jar:/root/.m2/repository/org/jfrog/common/jfrog-jersey-config/7.30.1/jfrog-jersey-config-7.30.1.jar:/root/.m2/repository/org/glassfish/jakarta.el/3.0.3/jakarta.el-3.0.3.jar:/root/.m2/repository/org/glassfish/jersey/media/jersey-media-json-jackson/2.34/jersey-media-json-jackson-2.34.jar:/root/.m2/repository/org/glassfish/jersey/ext/jersey-entity-filtering/2.34/jersey-entity-filtering-2.34.jar:/root/.m2/repository/org/glassfish/jersey/ext/jersey-spring5/2.34/jersey-spring5-2.34.jar:/root/.m2/repository/org/glassfish/jersey/inject/jersey-hk2/2.34/jersey-hk2-2.34.jar:/root/.m2/repository/org/glassfish/hk2/hk2-locator/2.6.1/hk2-locator-2.6.1.jar:/root/.m2/repository/org/glassfish/hk2/external/aopalliance-repackaged/2.6.1/aopalliance-repackaged-2.6.1.jar:/root/.m2/repository/org/javassist/javassist/3.25.0-GA/javassist-3.25.0-GA.jar:/root/.m2/repository/org/glassfish/jersey/containers/jersey-container-servlet-core/2.34/jersey-container-servlet-core-2.34.jar:/root/.m2/repository/org/glassfish/hk2/hk2/2.6.1/hk2-2.6.1.jar:/root/.m2/repository/org/glassfish/hk2/hk2-utils/2.6.1/hk2-utils-2.6.1.jar:/root/.m2/repository/org/glassfish/hk2/hk2-api/2.6.1/hk2-api-2.6.1.jar:/root/.m2/repository/org/glassfish/hk2/hk2-core/2.6.1/hk2-core-2.6.1.jar:/root/.m2/repository/org/glassfish/hk2/hk2-runlevel/2.6.1/hk2-runlevel-2.6.1.jar:/root/.m2/repository/org/glassfish/hk2/class-model/2.6.1/class-model-2.6.1.jar:/root/.m2/repository/org/ow2/asm/asm-analysis/7.1/asm-analysis-7.1.jar:/root/.m2/repository/org/ow2/asm/asm-commons/7.1/asm-commons-7.1.jar:/root/.m2/repository/org/ow2/asm/asm-tree/7.1/asm-tree-7.1.jar:/root/.m2/repository/org/ow2/asm/asm-util/7.1/asm-util-7.1.jar:/root/.m2/repository/org/glassfish/hk2/spring-bridge/2.6.1/spring-bridge-2.6.1.jar:/root/.m2/repository/javax/annotation/jsr250-api/1.0/jsr250-api-1.0.jar:/root/.m2/repository/org/jfrog/metadata/repomd/7.x-SNAPSHOT/repomd-7.x-SNAPSHOT.jar:/root/.m2/repository/org/codehaus/groovy/groovy-ant/2.5.14/groovy-ant-2.5.14.jar:/root/.m2/repository/org/apache/ant/ant/1.9.15/ant-1.9.15.jar:/root/.m2/repository/org/apache/ant/ant-junit/1.9.15/ant-junit-1.9.15.jar:/root/.m2/repository/org/apache/ant/ant-launcher/1.9.15/ant-launcher-1.9.15.jar:/root/.m2/repository/org/apache/ant/ant-antlr/1.9.15/ant-antlr-1.9.15.jar:/root/.m2/repository/org/codehaus/groovy/groovy-cli-commons/2.5.14/groovy-cli-commons-2.5.14.jar:/root/.m2/repository/org/codehaus/groovy/groovy-cli-picocli/2.5.14/groovy-cli-picocli-2.5.14.jar:/root/.m2/repository/info/picocli/picocli/4.3.2/picocli-4.3.2.jar:/root/.m2/repository/org/codehaus/groovy/groovy-console/2.5.14/groovy-console-2.5.14.jar:/root/.m2/repository/org/codehaus/groovy/groovy-datetime/2.5.14/groovy-datetime-2.5.14.jar:/root/.m2/repository/org/codehaus/groovy/groovy-docgenerator/2.5.14/groovy-docgenerator-2.5.14.jar:/root/.m2/repository/com/thoughtworks/qdox/qdox/1.12.1/qdox-1.12.1.jar:/root/.m2/repository/org/codehaus/groovy/groovy-groovydoc/2.5.14/groovy-groovydoc-2.5.14.jar:/root/.m2/repository/org/codehaus/groovy/groovy-groovysh/2.5.14/groovy-groovysh-2.5.14.jar:/root/.m2/repository/jline/jline/2.14.6/jline-2.14.6.jar:/root/.m2/repository/org/codehaus/groovy/groovy-jmx/2.5.14/groovy-jmx-2.5.14.jar:/root/.m2/repository/org/codehaus/groovy/groovy-json/2.5.14/groovy-json-2.5.14.jar:/root/.m2/repository/org/codehaus/groovy/groovy-jsr223/2.5.14/groovy-jsr223-2.5.14.jar:/root/.m2/repository/org/codehaus/groovy/groovy-macro/2.5.14/groovy-macro-2.5.14.jar:/root/.m2/repository/org/codehaus/groovy/groovy-nio/2.5.14/groovy-nio-2.5.14.jar:/root/.m2/repository/org/codehaus/groovy/groovy-servlet/2.5.14/groovy-servlet-2.5.14.jar:/root/.m2/repository/org/codehaus/groovy/groovy-sql/2.5.14/groovy-sql-2.5.14.jar:/root/.m2/repository/org/codehaus/groovy/groovy-swing/2.5.14/groovy-swing-2.5.14.jar:/root/.m2/repository/org/codehaus/groovy/groovy-templates/2.5.14/groovy-templates-2.5.14.jar:/root/.m2/repository/org/codehaus/groovy/groovy-test/2.5.14/groovy-test-2.5.14.jar:/root/.m2/repository/junit/junit/4.13.2/junit-4.13.2.jar:/root/.m2/repository/org/codehaus/groovy/groovy-test-junit5/2.5.14/groovy-test-junit5-2.5.14.jar:/root/.m2/repository/org/junit/jupiter/junit-jupiter-api/5.7.1/junit-jupiter-api-5.7.1.jar:/root/.m2/repository/org/junit/platform/junit-platform-launcher/1.4.2/junit-platform-launcher-1.4.2.jar:/root/.m2/repository/org/junit/jupiter/junit-jupiter-engine/5.7.1/junit-jupiter-engine-5.7.1.jar:/root/.m2/repository/org/codehaus/groovy/groovy-testng/2.5.14/groovy-testng-2.5.14.jar:/root/.m2/repository/org/codehaus/groovy/groovy-xml/2.5.14/groovy-xml-2.5.14.jar:/root/.m2/repository/com/jfrog/pdn/pdn-tracker-java-client/7.28.3/pdn-tracker-java-client-7.28.3.jar:/root/.m2/repository/org/eclipse/jgit/org.eclipse.jgit/5.11.0.202103091610-r/org.eclipse.jgit-5.11.0.202103091610-r.jar:/root/.m2/repository/com/googlecode/javaewah/JavaEWAH/1.1.7/JavaEWAH-1.1.7.jar:/root/.m2/repository/org/projectlombok/lombok/1.18.16/lombok-1.18.16.jar:/root/.m2/repository/org/testng/testng/6.10/testng-6.10.jar:/root/.m2/repository/com/beust/jcommander/1.48/jcommander-1.48.jar:/root/.m2/repository/com/google/code/findbugs/jsr305/2.0.0/jsr305-2.0.0.jar:/root/.m2/repository/org/jetbrains/annotations/13.0/annotations-13.0.jar:/root/.m2/repository/org/apache/maven/surefire/surefire-testng-utils/2.22.0/surefire-testng-utils-2.22.0.jar:/root/.m2/repository/org/apache/maven/surefire/surefire-grouper/2.22.0/surefire-grouper-2.22.0.jar:"/>
    <property name="sun.cpu.endian" value="little"/>
    <property name="user.home" value="/root"/>
    <property name="user.language" value="en"/>
    <property name="java.specification.vendor" value="Oracle Corporation"/>
    <property name="java.version.date" value="2019-10-15"/>
    <property name="java.home" value="/usr/lib/jvm/java-11-openjdk-amd64"/>
    <property name="file.separator" value="/"/>
    <property name="basedir" value="/var/opt/jfrog/pipelines/data/artifactory_build/runs/373124/steps/artifactory_pro_test/3109386/dependencyState/resources/artifactory_pro_bitbucket/artifactory-pro/addons/filestore"/>
    <property name="java.vm.compressedOopsMode" value="Zero based"/>
    <property name="line.separator" value="&#10;"/>
    <property name="checkstyle.skip" value="true"/>
    <property name="java.specification.name" value="Java Platform API Specification"/>
    <property name="java.vm.specification.vendor" value="Oracle Corporation"/>
    <property name="java.awt.graphicsenv" value="sun.awt.X11GraphicsEnvironment"/>
    <property name="surefire.real.class.path" value="/var/opt/jfrog/pipelines/data/artifactory_build/runs/373124/steps/artifactory_pro_test/3109386/dependencyState/resources/artifactory_pro_bitbucket/artifactory-pro/addons/filestore/target/surefire/surefirebooter6575430770322585935.jar"/>
    <property name="maven.resources.skip" value="true"/>
    <property name="sun.management.compiler" value="HotSpot 64-Bit Tiered Compilers"/>
    <property name="java.runtime.version" value="11.0.5+10-post-Ubuntu-2ubuntu116.04"/>
    <property name="user.name" value="root"/>
    <property name="path.separator" value=":"/>
    <property name="os.version" value="4.4.0-1117-aws"/>
    <property name="java.runtime.name" value="OpenJDK Runtime Environment"/>
    <property name="file.encoding" value="ANSI_X3.4-1968"/>
    <property name="java.vm.name" value="OpenJDK 64-Bit Server VM"/>
    <property name="localRepository" value="/root/.m2/repository"/>
    <property name="java.vendor.url.bug" value="https://bugs.launchpad.net/ubuntu/+source/openjdk-lts"/>
    <property name="java.io.tmpdir" value="/tmp"/>
    <property name="java.version" value="11.0.5"/>
    <property name="user.dir" value="/var/opt/jfrog/pipelines/data/artifactory_build/runs/373124/steps/artifactory_pro_test/3109386/dependencyState/resources/artifactory_pro_bitbucket/artifactory-pro/addons/filestore"/>
    <property name="os.arch" value="amd64"/>
    <property name="java.vm.specification.name" value="Java Virtual Machine Specification"/>
    <property name="java.awt.printerjob" value="sun.print.PSPrinterJob"/>
    <property name="sun.os.patch.level" value="unknown"/>
    <property name="java.library.path" value="/usr/java/packages/lib:/usr/lib/x86_64-linux-gnu/jni:/lib/x86_64-linux-gnu:/usr/lib/x86_64-linux-gnu:/usr/lib/jni:/lib:/usr/lib"/>
    <property name="java.vendor" value="Ubuntu"/>
    <property name="java.vm.info" value="mixed mode, sharing"/>
    <property name="java.vm.version" value="11.0.5+10-post-Ubuntu-2ubuntu116.04"/>
    <property name="sun.io.unicode.encoding" value="UnicodeLittle"/>
    <property name="enforcer.skip" value="true"/>
    <property name="java.class.version" value="55.0"/>
  </properties>
</testsuite>