<?xml version="1.0" encoding="UTF-8"?>
<!-- Generated by org.testng.reporters.JUnitReportReporter -->
<testsuite ignored="0" hostname="fc3c13788461" failures="0" tests="3" name="org.artifactory.addon.federated.FederatedRepoUtilsTest" time="0.009" errors="0" timestamp="25 Oct 2021 16:11:13 GMT" skipped="0">
  <testcase classname="org.artifactory.addon.federated.FederatedRepoUtilsTest" name="testEncodeKeyToMD5" time="0.006"/>
  <testcase classname="org.artifactory.addon.federated.FederatedRepoUtilsTest" name="testToFederatedMember" time="0.002"/>
  <testcase classname="org.artifactory.addon.federated.FederatedRepoUtilsTest" name="testToMirrorMemberInfo" time="0.001"/>
</testsuite> <!-- org.artifactory.addon.federated.FederatedRepoUtilsTest -->
