<?xml version="1.0" encoding="UTF-8"?>
<!-- Generated by org.testng.reporters.JUnitReportReporter -->
<testsuite ignored="0" hostname="fc3c13788461" failures="0" tests="6" name="org.artifactory.addon.jfevent.service.validator.SubscriptionBuildValidatorTest" time="0.561" errors="0" timestamp="25 Oct 2021 16:08:51 GMT" skipped="0">
  <testcase classname="org.artifactory.addon.jfevent.service.validator.SubscriptionBuildValidatorTest" name="testCanValidateForDomain" time="0.025"/>
  <testcase classname="org.artifactory.addon.jfevent.service.validator.SubscriptionBuildValidatorTest" name="testCanValidateForUnsupportedDomain" time="0.001"/>
  <testcase classname="org.artifactory.addon.jfevent.service.validator.SubscriptionBuildValidatorTest" name="testValidateWithProperEventTypes" time="0.007"/>
  <testcase classname="org.artifactory.addon.jfevent.service.validator.SubscriptionBuildValidatorTest" name="testValidateWithNotImproperCriteriaStructure" time="0.008"/>
  <testcase classname="org.artifactory.addon.jfevent.service.validator.SubscriptionBuildValidatorTest" name="testValidateWithWrongEventTypes" time="0.003"/>
  <testcase classname="org.artifactory.addon.jfevent.service.validator.SubscriptionBuildValidatorTest" name="testValidateWithNotExistingRepoKeys" time="0.517"/>
</testsuite> <!-- org.artifactory.addon.jfevent.service.validator.SubscriptionBuildValidatorTest -->
