<?xml version="1.0" encoding="UTF-8"?>
<!-- Generated by org.testng.reporters.JUnitReportReporter -->
<testsuite ignored="0" hostname="fc3c13788461" failures="0" tests="2" name="org.artifactory.addon.vagrant.rest.VagrantHeadGetTest" time="1.407" errors="0" timestamp="25 Oct 2021 16:06:21 GMT" skipped="0">
  <testcase classname="org.artifactory.addon.vagrant.rest.VagrantHeadGetTest" name="testDownload" time="1.398"/>
  <testcase classname="org.artifactory.addon.vagrant.rest.VagrantHeadGetTest" name="testDownload" time="0.009"/>
</testsuite> <!-- org.artifactory.addon.vagrant.rest.VagrantHeadGetTest -->
