<?xml version="1.0" encoding="UTF-8"?>
<!-- Generated by org.testng.reporters.JUnitReportReporter -->
<testsuite ignored="0" hostname="fc3c13788461" failures="0" tests="2" name="org.artifactory.addon.chef.repo.ChefIndexCheckerTest" time="0.120" errors="0" timestamp="25 Oct 2021 16:06:29 GMT" skipped="0">
  <testcase classname="org.artifactory.addon.chef.repo.ChefIndexCheckerTest" name="testIsMetadata" time="0.120"/>
  <testcase classname="org.artifactory.addon.chef.repo.ChefIndexCheckerTest" name="testsShouldExcludePropertyFromMirroring" time="0.000"/>
</testsuite> <!-- org.artifactory.addon.chef.repo.ChefIndexCheckerTest -->
