<?xml version="1.0" encoding="UTF-8"?>
<!-- Generated by org.testng.reporters.JUnitReportReporter -->
<testsuite ignored="0" hostname="fc3c13788461" failures="0" tests="6" name="org.artifactory.addon.dpkgcommon.cache.DpkgPackagesMetadataFsCacheTest" time="0.288" errors="0" timestamp="25 Oct 2021 16:08:37 GMT" skipped="0">
  <testcase classname="org.artifactory.addon.dpkgcommon.cache.DpkgPackagesMetadataFsCacheTest" name="testCreatedFileUnderTempCacheRepository" time="0.018"/>
  <testcase classname="org.artifactory.addon.dpkgcommon.cache.DpkgPackagesMetadataFsCacheTest" name="putVerifyThatFileReplaced" time="0.014"/>
  <testcase classname="org.artifactory.addon.dpkgcommon.cache.DpkgPackagesMetadataFsCacheTest" name="getFromCacheEmptyPackageHeaderReturnMetadata" time="0.227"/>
  <testcase classname="org.artifactory.addon.dpkgcommon.cache.DpkgPackagesMetadataFsCacheTest" name="getFromCacheEmptyPackageHeaderReturnNull" time="0.008"/>
  <testcase classname="org.artifactory.addon.dpkgcommon.cache.DpkgPackagesMetadataFsCacheTest" name="putVerifyThatFileReplaced" time="0.013"/>
  <testcase classname="org.artifactory.addon.dpkgcommon.cache.DpkgPackagesMetadataFsCacheTest" name="testCreatedFileUnderTempCacheRepository" time="0.008"/>
</testsuite> <!-- org.artifactory.addon.dpkgcommon.cache.DpkgPackagesMetadataFsCacheTest -->
