<?xml version="1.0" encoding="UTF-8"?>
<!-- Generated by org.testng.reporters.JUnitReportReporter -->
<testsuite ignored="0" hostname="fc3c13788461" failures="0" tests="3" name="org.artifactory.addon.jfevent.service.validator.SubscriptionReleaseBundleValidatorTest" time="0.147" errors="0" timestamp="25 Oct 2021 16:08:51 GMT" skipped="0">
  <testcase classname="org.artifactory.addon.jfevent.service.validator.SubscriptionReleaseBundleValidatorTest" name="testValidateCriteria" time="0.136"/>
  <testcase classname="org.artifactory.addon.jfevent.service.validator.SubscriptionReleaseBundleValidatorTest" name="testFailGetExistingTypes" time="0.002"/>
  <testcase classname="org.artifactory.addon.jfevent.service.validator.SubscriptionReleaseBundleValidatorTest" name="testGetExistingTypes" time="0.009"/>
</testsuite> <!-- org.artifactory.addon.jfevent.service.validator.SubscriptionReleaseBundleValidatorTest -->
