<?xml version="1.0" encoding="UTF-8"?>
<!-- Generated by org.testng.reporters.JUnitReportReporter -->
<testsuite ignored="0" hostname="fc3c13788461" failures="0" tests="56" name="org.artifactory.addon.federated.core.FederatedRepoServiceImplTest" time="13.761" errors="0" timestamp="25 Oct 2021 16:11:25 GMT" skipped="0">
  <testcase classname="org.artifactory.addon.federated.core.FederatedRepoServiceImplTest" name="testTriggerFullSyncFails" time="0.014"/>
  <testcase classname="org.artifactory.addon.federated.core.FederatedRepoServiceImplTest" name="testValidateUponPing" time="0.080"/>
  <testcase classname="org.artifactory.addon.federated.core.FederatedRepoServiceImplTest" name="testMigrateNoRepo" time="0.011"/>
  <testcase classname="org.artifactory.addon.federated.core.FederatedRepoServiceImplTest" name="testValidateFederateRepoExistsButPartOfOtherFederation" time="0.008"/>
  <testcase classname="org.artifactory.addon.federated.core.FederatedRepoServiceImplTest" name="testValidateLicenseFails" time="0.022"/>
  <testcase classname="org.artifactory.addon.federated.core.FederatedRepoServiceImplTest" name="testValidatePingToRequestedServerArtifactoryContextAddition" time="0.011"/>
  <testcase classname="org.artifactory.addon.federated.core.FederatedRepoServiceImplTest" name="testGetProxyDescriptor" time="0.116"/>
  <testcase classname="org.artifactory.addon.federated.core.FederatedRepoServiceImplTest" name="testValidateRemoteServerUponCoTException" time="0.028"/>
  <testcase classname="org.artifactory.addon.federated.core.FederatedRepoServiceImplTest" name="testFailsOnRepoExistsNotFederate" time="0.019"/>
  <testcase classname="org.artifactory.addon.federated.core.FederatedRepoServiceImplTest" name="testTriggerFullSyncFailsMissingRepo" time="0.014"/>
  <testcase classname="org.artifactory.addon.federated.core.FederatedRepoServiceImplTest" name="testValidatePingToRequestedServerArtifactoryContextAddition" time="0.010"/>
  <testcase classname="org.artifactory.addon.federated.core.FederatedRepoServiceImplTest" name="testValidateRemoteServerUpon403Response" time="0.082"/>
  <testcase classname="org.artifactory.addon.federated.core.FederatedRepoServiceImplTest" name="testAddFederatedMemberDifferentContext" time="0.017"/>
  <testcase classname="org.artifactory.addon.federated.core.FederatedRepoServiceImplTest" name="testValidateFailsUponPingWithException" time="0.012"/>
  <testcase classname="org.artifactory.addon.federated.core.FederatedRepoServiceImplTest" name="testAddFederatedMember" time="3.236"/>
  <testcase classname="org.artifactory.addon.federated.core.FederatedRepoServiceImplTest" name="testTriggerFullSyncWithMirrorUrl" time="0.024"/>
  <testcase classname="org.artifactory.addon.federated.core.FederatedRepoServiceImplTest" name="testConfigSyncNoLicense" time="0.013"/>
  <testcase classname="org.artifactory.addon.federated.core.FederatedRepoServiceImplTest" name="testConfigSyncSuccess" time="0.106"/>
  <testcase classname="org.artifactory.addon.federated.core.FederatedRepoServiceImplTest" name="testValidateRemoteServerUrlInvalidWithWhiteSpace" time="0.018"/>
  <testcase classname="org.artifactory.addon.federated.core.FederatedRepoServiceImplTest" name="testValidate" time="0.056"/>
  <testcase classname="org.artifactory.addon.federated.core.FederatedRepoServiceImplTest" name="testMigrateMigrationFailed" time="0.048"/>
  <testcase classname="org.artifactory.addon.federated.core.FederatedRepoServiceImplTest" name="testTriggerFullSyncFailsOnLicense" time="0.043"/>
  <testcase classname="org.artifactory.addon.federated.core.FederatedRepoServiceImplTest" name="testValidateFailsTimeSync" time="0.032"/>
  <testcase classname="org.artifactory.addon.federated.core.FederatedRepoServiceImplTest" name="testGetRepos" time="0.135"/>
  <testcase classname="org.artifactory.addon.federated.core.FederatedRepoServiceImplTest" name="testGetFederationReposResponseWithException" time="0.013"/>
  <testcase classname="org.artifactory.addon.federated.core.FederatedRepoServiceImplTest" name="testConvertLocalToFederated" time="2.793"/>
  <testcase classname="org.artifactory.addon.federated.core.FederatedRepoServiceImplTest" name="testAddFederatedMemberNoContext" time="0.038"/>
  <testcase classname="org.artifactory.addon.federated.core.FederatedRepoServiceImplTest" name="testValidateFederateRepoExists" time="0.011"/>
  <testcase classname="org.artifactory.addon.federated.core.FederatedRepoServiceImplTest" name="testMigrate" time="0.017"/>
  <testcase classname="org.artifactory.addon.federated.core.FederatedRepoServiceImplTest" name="testConfigSyncRepoNotFound" time="0.064"/>
  <testcase classname="org.artifactory.addon.federated.core.FederatedRepoServiceImplTest" name="testValidateRemoteServer" time="0.087"/>
  <testcase classname="org.artifactory.addon.federated.core.FederatedRepoServiceImplTest" name="testGetToken" time="0.015"/>
  <testcase classname="org.artifactory.addon.federated.core.FederatedRepoServiceImplTest" name="testIsActive" time="0.138"/>
  <testcase classname="org.artifactory.addon.federated.core.FederatedRepoServiceImplTest" name="testValidateRemoteServerFailure" time="0.084"/>
  <testcase classname="org.artifactory.addon.federated.core.FederatedRepoServiceImplTest" name="testGetFederationReposResponseWithErrorResponse" time="0.154"/>
  <testcase classname="org.artifactory.addon.federated.core.FederatedRepoServiceImplTest" name="testTriggerFullSync" time="0.144"/>
  <testcase classname="org.artifactory.addon.federated.core.FederatedRepoServiceImplTest" name="testGetFederationReposResponseOnInvalidUrl" time="0.019"/>
  <testcase classname="org.artifactory.addon.federated.core.FederatedRepoServiceImplTest" name="testValidateFailsUponPing" time="0.015"/>
  <testcase classname="org.artifactory.addon.federated.core.FederatedRepoServiceImplTest" name="testValidateRemoteServerUrlInvalid" time="0.008"/>
  <testcase classname="org.artifactory.addon.federated.core.FederatedRepoServiceImplTest" name="testTriggerFullSyncFailsNoRepoFound" time="0.014"/>
  <testcase classname="org.artifactory.addon.federated.core.FederatedRepoServiceImplTest" name="testGetReposFromRemote" time="0.302"/>
  <testcase classname="org.artifactory.addon.federated.core.FederatedRepoServiceImplTest" name="testConfigSyncMissingRepo" time="0.032"/>
  <testcase classname="org.artifactory.addon.federated.core.FederatedRepoServiceImplTest" name="testValidateRemoteServerUponException" time="0.013"/>
  <testcase classname="org.artifactory.addon.federated.core.FederatedRepoServiceImplTest" name="testGetFederationReposResponse" time="0.872"/>
  <testcase classname="org.artifactory.addon.federated.core.FederatedRepoServiceImplTest" name="testCleanReplications" time="0.950"/>
  <testcase classname="org.artifactory.addon.federated.core.FederatedRepoServiceImplTest" name="testGetFreshToken" time="0.289"/>
  <testcase classname="org.artifactory.addon.federated.core.FederatedRepoServiceImplTest" name="testGetReposFromRemoteWithError" time="0.015"/>
  <testcase classname="org.artifactory.addon.federated.core.FederatedRepoServiceImplTest" name="testAddFederatedMemberWithBaseEndsWithSlash" time="0.063"/>
  <testcase classname="org.artifactory.addon.federated.core.FederatedRepoServiceImplTest" name="testGetFederationReposResponseWithProxy" time="0.101"/>
  <testcase classname="org.artifactory.addon.federated.core.FederatedRepoServiceImplTest" name="testValidateFailsNoBaseUrl" time="0.009"/>
  <testcase classname="org.artifactory.addon.federated.core.FederatedRepoServiceImplTest" name="testValidateRemoteServerWithProxy" time="0.010"/>
  <testcase classname="org.artifactory.addon.federated.core.FederatedRepoServiceImplTest" name="testValidateUponPingWithProxy" time="0.099"/>
  <testcase classname="org.artifactory.addon.federated.core.FederatedRepoServiceImplTest" name="testConfigSyncFails" time="1.281"/>
  <testcase classname="org.artifactory.addon.federated.core.FederatedRepoServiceImplTest" name="testValidatePingToRequestedServerArtifactoryContextAddition" time="0.014"/>
  <testcase classname="org.artifactory.addon.federated.core.FederatedRepoServiceImplTest" name="testMigrateNoRepoKey" time="0.015"/>
  <testcase classname="org.artifactory.addon.federated.core.FederatedRepoServiceImplTest" name="testIsActive" time="1.927"/>
</testsuite> <!-- org.artifactory.addon.federated.core.FederatedRepoServiceImplTest -->
