<?xml version="1.0" encoding="UTF-8"?>
<!-- Generated by org.testng.reporters.JUnitReportReporter -->
<testsuite ignored="0" hostname="fc3c13788461" failures="0" tests="26" name="org.artifactory.addon.ha.HaAddonTest" time="5.890" errors="0" timestamp="25 Oct 2021 16:11:40 GMT" skipped="0">
  <testcase classname="org.artifactory.addon.ha.HaAddonTest" name="testPropagateAirGapImportFromFileSystem" time="0.076"/>
  <testcase classname="org.artifactory.addon.ha.HaAddonTest" name="testPropagateTaskListNotExplodeOnEmptyResponse" time="0.029"/>
  <testcase classname="org.artifactory.addon.ha.HaAddonTest" name="testPropagateAirGapImportFromFileSystem" time="0.025"/>
  <testcase classname="org.artifactory.addon.ha.HaAddonTest" name="testPropagateAirGapImportFromFileSystem" time="0.033"/>
  <testcase classname="org.artifactory.addon.ha.HaAddonTest" name="testPropagateAirGapImportFromFileSystemNoOtherNodes" time="0.031"/>
  <testcase classname="org.artifactory.addon.ha.HaAddonTest" name="testPropagateTrafficRequestExplodeOnNullResponse" time="0.016"/>
  <testcase classname="org.artifactory.addon.ha.HaAddonTest" name="testPropagateTaskListNotExplodeOnNullResponse" time="0.816"/>
  <testcase classname="org.artifactory.addon.ha.HaAddonTest" name="shouldSendReplicationEventForPropagateReplicationEvents" time="0.098"/>
  <testcase classname="org.artifactory.addon.ha.HaAddonTest" name="testPropagateAirGapImportFromFileSystem" time="0.028"/>
  <testcase classname="org.artifactory.addon.ha.HaAddonTest" name="testPropagateAirGapImportFromFileSystem" time="0.056"/>
  <testcase classname="org.artifactory.addon.ha.HaAddonTest" name="shouldSendReplicationEventForPropagateRemoveReplicationListener" time="0.676"/>
  <testcase classname="org.artifactory.addon.ha.HaAddonTest" name="testPropagateTaskListFailButNotExplode" time="3.534"/>
  <testcase classname="org.artifactory.addon.ha.HaAddonTest" name="testIsSamlLoginIdExist" time="0.028"/>
  <testcase classname="org.artifactory.addon.ha.HaAddonTest" name="testPropagateAirGapImportFromFileSystem" time="0.013"/>
  <testcase classname="org.artifactory.addon.ha.HaAddonTest" name="shouldSetXForwardedForHeader" time="0.074"/>
  <testcase classname="org.artifactory.addon.ha.HaAddonTest" name="shouldSendReplicationEventForPropagateReplicationListener" time="0.017"/>
  <testcase classname="org.artifactory.addon.ha.HaAddonTest" name="shouldSetXForwardedForHeader" time="0.029"/>
  <testcase classname="org.artifactory.addon.ha.HaAddonTest" name="testPropagateTrafficRequestSuccess" time="0.020"/>
  <testcase classname="org.artifactory.addon.ha.HaAddonTest" name="testPropagateTrafficRequestExplodeOnException" time="0.024"/>
  <testcase classname="org.artifactory.addon.ha.HaAddonTest" name="shouldSetXForwardedForHeader" time="0.051"/>
  <testcase classname="org.artifactory.addon.ha.HaAddonTest" name="testPropagateTrafficRequestExplodeOnEmptyResponse" time="0.059"/>
  <testcase classname="org.artifactory.addon.ha.HaAddonTest" name="testPropagateAirGapImportFromFileSystem" time="0.018"/>
  <testcase classname="org.artifactory.addon.ha.HaAddonTest" name="testPropagateTaskListNotExplodeOnException" time="0.014"/>
  <testcase classname="org.artifactory.addon.ha.HaAddonTest" name="testPropagateTaskListSuccess" time="0.031"/>
  <testcase classname="org.artifactory.addon.ha.HaAddonTest" name="testPropagateTrafficRequestExplodeOnPartialPropagation" time="0.033"/>
  <testcase classname="org.artifactory.addon.ha.HaAddonTest" name="testPropagateBrowseImportDirectory" time="0.061"/>
</testsuite> <!-- org.artifactory.addon.ha.HaAddonTest -->
