<?xml version="1.0" encoding="UTF-8"?>
<!-- Generated by org.testng.reporters.JUnitReportReporter -->
<testsuite ignored="0" hostname="fc3c13788461" failures="0" tests="7" name="org.artifactory.addon.ArtifactoryLicenseVerifierTest" time="3.411" errors="0" timestamp="25 Oct 2021 16:03:08 GMT" skipped="0">
  <testcase classname="org.artifactory.addon.ArtifactoryLicenseVerifierTest" name="testHaLicense" time="0.831"/>
  <testcase classname="org.artifactory.addon.ArtifactoryLicenseVerifierTest" name="testTrialLicense" time="0.042"/>
  <testcase classname="org.artifactory.addon.ArtifactoryLicenseVerifierTest" name="testInvalidLicense" time="0.036"/>
  <testcase classname="org.artifactory.addon.ArtifactoryLicenseVerifierTest" name="testExpiredHaLicense" time="1.330"/>
  <testcase classname="org.artifactory.addon.ArtifactoryLicenseVerifierTest" name="testProLicense" time="0.059"/>
  <testcase classname="org.artifactory.addon.ArtifactoryLicenseVerifierTest" name="testEmptyLicense" time="1.070"/>
  <testcase classname="org.artifactory.addon.ArtifactoryLicenseVerifierTest" name="testExpiredProLicense" time="0.043"/>
</testsuite> <!-- org.artifactory.addon.ArtifactoryLicenseVerifierTest -->
