<?xml version="1.0" encoding="UTF-8"?>
<!-- Generated by org.testng.reporters.JUnitReportReporter -->
<testsuite ignored="0" hostname="fc3c13788461" failures="0" tests="2" name="org.artifactory.addon.cran.expirable.CranIndexCheckerTest" time="0.096" errors="0" timestamp="25 Oct 2021 16:07:17 GMT" skipped="0">
  <testcase classname="org.artifactory.addon.cran.expirable.CranIndexCheckerTest" name="testIsExpirable" time="0.048"/>
  <testcase classname="org.artifactory.addon.cran.expirable.CranIndexCheckerTest" name="testShouldExcludePropertyOnReplication" time="0.048"/>
</testsuite> <!-- org.artifactory.addon.cran.expirable.CranIndexCheckerTest -->
