<?xml version="1.0" encoding="UTF-8"?>
<!-- Generated by org.testng.reporters.JUnitReportReporter -->
<testsuite ignored="0" hostname="fc3c13788461" failures="0" tests="46" name="org.artifactory.addon.release.bundle.service.airgap.AirGapReleaseBundleServiceTest" time="5.611" errors="0" timestamp="25 Oct 2021 16:07:11 GMT" skipped="0">
  <testcase classname="org.artifactory.addon.release.bundle.service.airgap.AirGapReleaseBundleServiceTest" name="testLogProgress" time="0.010"/>
  <testcase classname="org.artifactory.addon.release.bundle.service.airgap.AirGapReleaseBundleServiceTest" name="testLogProgress" time="0.026"/>
  <testcase classname="org.artifactory.addon.release.bundle.service.airgap.AirGapReleaseBundleServiceTest" name="testLogProgress" time="0.016"/>
  <testcase classname="org.artifactory.addon.release.bundle.service.airgap.AirGapReleaseBundleServiceTest" name="testAirGapExportArtifactsBundleNotFound" time="0.112"/>
  <testcase classname="org.artifactory.addon.release.bundle.service.airgap.AirGapReleaseBundleServiceTest" name="testAirGapImportReleaseBundleMetadataIsNotFirstEntry" time="0.026"/>
  <testcase classname="org.artifactory.addon.release.bundle.service.airgap.AirGapReleaseBundleServiceTest" name="testDeleteReleaseBundleExportedFile_ExceptionFromDb" time="0.015"/>
  <testcase classname="org.artifactory.addon.release.bundle.service.airgap.AirGapReleaseBundleServiceTest" name="testAirGapImportReleaseBundleFromFileSystemNoManifestFile" time="0.014"/>
  <testcase classname="org.artifactory.addon.release.bundle.service.airgap.AirGapReleaseBundleServiceTest" name="testAirGapImportReleaseBundleFromFileSystemDryRunTrue" time="0.052"/>
  <testcase classname="org.artifactory.addon.release.bundle.service.airgap.AirGapReleaseBundleServiceTest" name="testLogProgress" time="0.017"/>
  <testcase classname="org.artifactory.addon.release.bundle.service.airgap.AirGapReleaseBundleServiceTest" name="testAirGapImportReleaseBundle" time="0.186"/>
  <testcase classname="org.artifactory.addon.release.bundle.service.airgap.AirGapReleaseBundleServiceTest" name="testGetExportStatusCompleted" time="0.018"/>
  <testcase classname="org.artifactory.addon.release.bundle.service.airgap.AirGapReleaseBundleServiceTest" name="testGetExportStatusNotExported" time="0.031"/>
  <testcase classname="org.artifactory.addon.release.bundle.service.airgap.AirGapReleaseBundleServiceTest" name="testAirGapImportReleaseBundleFromFileSystemWithUnexpectedFailure" time="0.037"/>
  <testcase classname="org.artifactory.addon.release.bundle.service.airgap.AirGapReleaseBundleServiceTest" name="testAirGapImportReleaseBundleWithUnexpectedFailure" time="0.015"/>
  <testcase classname="org.artifactory.addon.release.bundle.service.airgap.AirGapReleaseBundleServiceTest" name="testLogProgress" time="0.018"/>
  <testcase classname="org.artifactory.addon.release.bundle.service.airgap.AirGapReleaseBundleServiceTest" name="testLogProgress" time="0.018"/>
  <testcase classname="org.artifactory.addon.release.bundle.service.airgap.AirGapReleaseBundleServiceTest" name="testLogProgress" time="0.022"/>
  <testcase classname="org.artifactory.addon.release.bundle.service.airgap.AirGapReleaseBundleServiceTest" name="testLogProgress" time="0.021"/>
  <testcase classname="org.artifactory.addon.release.bundle.service.airgap.AirGapReleaseBundleServiceTest" name="testDeleteReleaseBundleExportedFile_FileDoesntExists" time="0.026"/>
  <testcase classname="org.artifactory.addon.release.bundle.service.airgap.AirGapReleaseBundleServiceTest" name="testAirGapImportReleaseBundleWithValidationFailure" time="0.120"/>
  <testcase classname="org.artifactory.addon.release.bundle.service.airgap.AirGapReleaseBundleServiceTest" name="testAirGapExportReleaseBundleWithStorageException" time="0.013"/>
  <testcase classname="org.artifactory.addon.release.bundle.service.airgap.AirGapReleaseBundleServiceTest" name="testGetExportStatusInProgress" time="0.015"/>
  <testcase classname="org.artifactory.addon.release.bundle.service.airgap.AirGapReleaseBundleServiceTest" name="testLogProgress" time="0.034"/>
  <testcase classname="org.artifactory.addon.release.bundle.service.airgap.AirGapReleaseBundleServiceTest" name="testAirGapExportReleaseBundleBundleNotFound" time="0.011"/>
  <testcase classname="org.artifactory.addon.release.bundle.service.airgap.AirGapReleaseBundleServiceTest" name="testLogProgress" time="0.010"/>
  <testcase classname="org.artifactory.addon.release.bundle.service.airgap.AirGapReleaseBundleServiceTest" name="testAirGapExportReleaseBundle" time="0.071"/>
  <testcase classname="org.artifactory.addon.release.bundle.service.airgap.AirGapReleaseBundleServiceTest" name="testLogProgress" time="0.014"/>
  <testcase classname="org.artifactory.addon.release.bundle.service.airgap.AirGapReleaseBundleServiceTest" name="testLogProgress" time="0.051"/>
  <testcase classname="org.artifactory.addon.release.bundle.service.airgap.AirGapReleaseBundleServiceTest" name="testAirGapImportReleaseBundleDryRunTrue" time="2.555"/>
  <testcase classname="org.artifactory.addon.release.bundle.service.airgap.AirGapReleaseBundleServiceTest" name="testLogProgress" time="0.012"/>
  <testcase classname="org.artifactory.addon.release.bundle.service.airgap.AirGapReleaseBundleServiceTest" name="testLogProgress" time="0.018"/>
  <testcase classname="org.artifactory.addon.release.bundle.service.airgap.AirGapReleaseBundleServiceTest" name="testLogProgress" time="0.023"/>
  <testcase classname="org.artifactory.addon.release.bundle.service.airgap.AirGapReleaseBundleServiceTest" name="testLogProgress" time="0.037"/>
  <testcase classname="org.artifactory.addon.release.bundle.service.airgap.AirGapReleaseBundleServiceTest" name="testAirGapImportReleaseBundleFromFileSystem" time="0.025"/>
  <testcase classname="org.artifactory.addon.release.bundle.service.airgap.AirGapReleaseBundleServiceTest" name="testAirGapExportReleaseBundleWithRejectExceptions" time="0.041"/>
  <testcase classname="org.artifactory.addon.release.bundle.service.airgap.AirGapReleaseBundleServiceTest" name="testWriteExportedZipToStream" time="0.083"/>
  <testcase classname="org.artifactory.addon.release.bundle.service.airgap.AirGapReleaseBundleServiceTest" name="testLogProgress" time="0.016"/>
  <testcase classname="org.artifactory.addon.release.bundle.service.airgap.AirGapReleaseBundleServiceTest" name="testDeleteReleaseBundleExportedFile_BundleNotFound" time="0.016"/>
  <testcase classname="org.artifactory.addon.release.bundle.service.airgap.AirGapReleaseBundleServiceTest" name="testLogProgress" time="0.022"/>
  <testcase classname="org.artifactory.addon.release.bundle.service.airgap.AirGapReleaseBundleServiceTest" name="testAirGapImportReleaseBundleFailOnCreateTransaction" time="0.041"/>
  <testcase classname="org.artifactory.addon.release.bundle.service.airgap.AirGapReleaseBundleServiceTest" name="testDeleteReleaseBundleExportedFile_SuccessfulDelete" time="1.575"/>
  <testcase classname="org.artifactory.addon.release.bundle.service.airgap.AirGapReleaseBundleServiceTest" name="testLogProgress" time="0.030"/>
  <testcase classname="org.artifactory.addon.release.bundle.service.airgap.AirGapReleaseBundleServiceTest" name="testAirGapImportReleaseBundleWithEmptyStream" time="0.013"/>
  <testcase classname="org.artifactory.addon.release.bundle.service.airgap.AirGapReleaseBundleServiceTest" name="testDeleteReleaseBundleExportedFile_UnSuccessfulDelete" time="0.015"/>
  <testcase classname="org.artifactory.addon.release.bundle.service.airgap.AirGapReleaseBundleServiceTest" name="testAirGapImportReleaseBundleFromFileSystemWrongFileType" time="0.046"/>
  <testcase classname="org.artifactory.addon.release.bundle.service.airgap.AirGapReleaseBundleServiceTest" name="testLogProgress" time="0.024"/>
</testsuite> <!-- org.artifactory.addon.release.bundle.service.airgap.AirGapReleaseBundleServiceTest -->
