<?xml version="1.0" encoding="UTF-8"?>
<!-- Generated by org.testng.reporters.JUnitReportReporter -->
<testsuite ignored="0" hostname="fc3c13788461" failures="0" tests="7" name="org.artifactory.addon.conan.service.ConanServiceImplTest" time="3.515" errors="0" timestamp="25 Oct 2021 16:06:36 GMT" skipped="0">
  <testcase classname="org.artifactory.addon.conan.service.ConanServiceImplTest" name="testIsConanPackageFolder" time="0.001"/>
  <testcase classname="org.artifactory.addon.conan.service.ConanServiceImplTest" name="testGetPackageInfo" time="3.396"/>
  <testcase classname="org.artifactory.addon.conan.service.ConanServiceImplTest" name="testGetRecipeInfo" time="0.079"/>
  <testcase classname="org.artifactory.addon.conan.service.ConanServiceImplTest" name="testIsConanPackageFolder" time="0.034"/>
  <testcase classname="org.artifactory.addon.conan.service.ConanServiceImplTest" name="testGetRecipeInfoOfNonRecipePathPrefix" time="0.002"/>
  <testcase classname="org.artifactory.addon.conan.service.ConanServiceImplTest" name="testIsConanReferenceFolder" time="0.003"/>
  <testcase classname="org.artifactory.addon.conan.service.ConanServiceImplTest" name="testIsConanReferenceFolder" time="0.000"/>
</testsuite> <!-- org.artifactory.addon.conan.service.ConanServiceImplTest -->
