<?xml version="1.0" encoding="UTF-8"?>
<!-- Generated by org.testng.reporters.JUnitReportReporter -->
<testsuite ignored="1" hostname="fc3c13788461" failures="0" tests="44" name="org.artifactory.addon.docker.rest.v2.repo.virtual.DockerV2VirtualRepoHandlerTest" time="4.040" errors="0" timestamp="25 Oct 2021 16:05:04 GMT" skipped="0">
  <testcase classname="org.artifactory.addon.docker.rest.v2.repo.virtual.DockerV2VirtualRepoHandlerTest" name="readDockerRemoteRepoTagsAndCatalogUrlsInSingleUrl" time="0.068"/>
  <testcase classname="org.artifactory.addon.docker.rest.v2.repo.virtual.DockerV2VirtualRepoHandlerTest" name="testResolveTagsByLastModifiedWithLocalsOkResponsesWithForbidden" time="0.063"/>
  <testcase classname="org.artifactory.addon.docker.rest.v2.repo.virtual.DockerV2VirtualRepoHandlerTest" name="testPatchBlobUploadDelegate" time="0.100"/>
  <testcase classname="org.artifactory.addon.docker.rest.v2.repo.virtual.DockerV2VirtualRepoHandlerTest" name="readDockerRemoteRepoTagsAndCatalogUrlsEmpty" time="0.693"/>
  <testcase classname="org.artifactory.addon.docker.rest.v2.repo.virtual.DockerV2VirtualRepoHandlerTest" name="testEmptyDefaultDeploymentRepoResponse" time="0.145"/>
  <testcase classname="org.artifactory.addon.docker.rest.v2.repo.virtual.DockerV2VirtualRepoHandlerTest" name="testResolveTagsByLastModifiedWithForbiddenAndSuccessfulInSmartRepo" time="0.047"/>
  <testcase classname="org.artifactory.addon.docker.rest.v2.repo.virtual.DockerV2VirtualRepoHandlerTest" name="testExecuteWithVirtualUnfound" time="0.206"/>
  <testcase classname="org.artifactory.addon.docker.rest.v2.repo.virtual.DockerV2VirtualRepoHandlerTest" name="testExecuteOnLocalRepos" time="0.052"/>
  <testcase classname="org.artifactory.addon.docker.rest.v2.repo.virtual.DockerV2VirtualRepoHandlerTest" name="testExecuteWithLocalsOkResponsesWithForbiddenAndOk" time="0.145"/>
  <testcase classname="org.artifactory.addon.docker.rest.v2.repo.virtual.DockerV2VirtualRepoHandlerTest" name="testResolveTagsByLastModifiedWithLocalsOkResponsesWithLastModified" time="0.093"/>
  <testcase classname="org.artifactory.addon.docker.rest.v2.repo.virtual.DockerV2VirtualRepoHandlerTest" name="testPatchBlobUploadWithIncludePattern" time="0.016"/>
  <testcase classname="org.artifactory.addon.docker.rest.v2.repo.virtual.DockerV2VirtualRepoHandlerTest" name="testPutBlobUploadCompleteDelegate" time="0.123"/>
  <testcase classname="org.artifactory.addon.docker.rest.v2.repo.virtual.DockerV2VirtualRepoHandlerTest" name="testStartBlobUploadIncludePattern" time="0.047"/>
  <testcase classname="org.artifactory.addon.docker.rest.v2.repo.virtual.DockerV2VirtualRepoHandlerTest" name="testDeleteManifestIncludePattern" time="0.042"/>
  <testcase classname="org.artifactory.addon.docker.rest.v2.repo.virtual.DockerV2VirtualRepoHandlerTest" name="testInternalExecuteOnReposRestExceptionHandling" time="0.037"/>
  <testcase classname="org.artifactory.addon.docker.rest.v2.repo.virtual.DockerV2VirtualRepoHandlerTest" name="testDeleteManifestIncludePattern" time="0.042"/>
  <testcase classname="org.artifactory.addon.docker.rest.v2.repo.virtual.DockerV2VirtualRepoHandlerTest" name="testStartBlobUploadIncludePattern" time="0.076"/>
  <testcase classname="org.artifactory.addon.docker.rest.v2.repo.virtual.DockerV2VirtualRepoHandlerTest" name="testExecuteOnLocalRepos" time="0.036"/>
  <testcase classname="org.artifactory.addon.docker.rest.v2.repo.virtual.DockerV2VirtualRepoHandlerTest" name="testInternalExecuteOnReposForbiddenAndClose" time="0.036"/>
  <testcase classname="org.artifactory.addon.docker.rest.v2.repo.virtual.DockerV2VirtualRepoHandlerTest" name="testExecuteWithLocalsOkResponsesWithForbiddenAnd404" time="0.044"/>
  <testcase classname="org.artifactory.addon.docker.rest.v2.repo.virtual.DockerV2VirtualRepoHandlerTest" name="testIsBlobExistIncludePattern" time="0.037"/>
  <testcase classname="org.artifactory.addon.docker.rest.v2.repo.virtual.DockerV2VirtualRepoHandlerTest" name="testGetBlobIncludePattern" time="0.082"/>
  <testcase classname="org.artifactory.addon.docker.rest.v2.repo.virtual.DockerV2VirtualRepoHandlerTest" name="testUploadManifestIncludePattern" time="0.030"/>
  <testcase classname="org.artifactory.addon.docker.rest.v2.repo.virtual.DockerV2VirtualRepoHandlerTest" name="readDockerRemoteRepoTagsAndCatalogUrlsIfINotSingleUrlWhiteSpacesAndSlashes" time="0.045"/>
  <testcase classname="org.artifactory.addon.docker.rest.v2.repo.virtual.DockerV2VirtualRepoHandlerTest" name="testInternalExecuteOnReposForbiddenAndClose" time="0.109"/>
  <testcase classname="org.artifactory.addon.docker.rest.v2.repo.virtual.DockerV2VirtualRepoHandlerTest" name="testGetManifestIncludePattern" time="0.056"/>
  <testcase classname="org.artifactory.addon.docker.rest.v2.repo.virtual.DockerV2VirtualRepoHandlerTest" name="testExecuteWithLocalsOkResponsesOnlyOk" time="0.063"/>
  <testcase classname="org.artifactory.addon.docker.rest.v2.repo.virtual.DockerV2VirtualRepoHandlerTest" name="testPutBlobUploadIncludePattern" time="0.065"/>
  <testcase classname="org.artifactory.addon.docker.rest.v2.repo.virtual.DockerV2VirtualRepoHandlerTest" name="testPutBlobUploadIncludePattern" time="0.063"/>
  <testcase classname="org.artifactory.addon.docker.rest.v2.repo.virtual.DockerV2VirtualRepoHandlerTest" name="readDockerRemoteRepoTagsAndCatalogUrlsNull" time="0.010"/>
  <testcase classname="org.artifactory.addon.docker.rest.v2.repo.virtual.DockerV2VirtualRepoHandlerTest" name="testCatalogIncludePattern" time="0.626"/>
  <testcase classname="org.artifactory.addon.docker.rest.v2.repo.virtual.DockerV2VirtualRepoHandlerTest" name="testPatchBlobUploadWithIncludePattern" time="0.087"/>
  <testcase classname="org.artifactory.addon.docker.rest.v2.repo.virtual.DockerV2VirtualRepoHandlerTest" name="testGetTagsIncludePattern" time="0.035"/>
  <testcase classname="org.artifactory.addon.docker.rest.v2.repo.virtual.DockerV2VirtualRepoHandlerTest" name="testInternalExecuteOnReposRestExceptionHandling" time="0.045"/>
  <testcase classname="org.artifactory.addon.docker.rest.v2.repo.virtual.DockerV2VirtualRepoHandlerTest" name="testResolveTagsByLastModifiedWithLocalsOkResponsesWithForbiddenAnd404" time="0.046"/>
  <testcase classname="org.artifactory.addon.docker.rest.v2.repo.virtual.DockerV2VirtualRepoHandlerTest" name="testIsBlobExistIncludePattern" time="0.070"/>
  <testcase classname="org.artifactory.addon.docker.rest.v2.repo.virtual.DockerV2VirtualRepoHandlerTest" name="testGetManifestIncludePattern" time="0.028"/>
  <testcase classname="org.artifactory.addon.docker.rest.v2.repo.virtual.DockerV2VirtualRepoHandlerTest" name="testExecuteByLatestTimestampWithVirtualUnfound" time="0.097"/>
  <testcase classname="org.artifactory.addon.docker.rest.v2.repo.virtual.DockerV2VirtualRepoHandlerTest" name="readDockerRemoteRepoTagsAndCatalogUrlsIfINotSingleUrlWhiteSpaces" time="0.041"/>
  <testcase classname="org.artifactory.addon.docker.rest.v2.repo.virtual.DockerV2VirtualRepoHandlerTest" name="testGetTagsIncludePattern" time="0.074"/>
  <testcase classname="org.artifactory.addon.docker.rest.v2.repo.virtual.DockerV2VirtualRepoHandlerTest" name="testCatalogIncludePattern" time="0.079"/>
  <testcase classname="org.artifactory.addon.docker.rest.v2.repo.virtual.DockerV2VirtualRepoHandlerTest" name="testExecuteWithVirtualUnfound" time="0.014"/>
  <testcase classname="org.artifactory.addon.docker.rest.v2.repo.virtual.DockerV2VirtualRepoHandlerTest" name="testGetBlobIncludePattern" time="0.092"/>
  <testcase classname="org.artifactory.addon.docker.rest.v2.repo.virtual.DockerV2VirtualRepoHandlerTest" name="testUploadManifestIncludePattern" time="0.035"/>
  <testcase classname="org.artifactory.addon.docker.indexer.CatalogIndexWorkItemTest" name="testDupWorkItemsHandledOnlyOnceMultithreaded">
    <skipped/>
  </testcase> <!-- testDupWorkItemsHandledOnlyOnceMultithreaded -->
</testsuite> <!-- org.artifactory.addon.docker.rest.v2.repo.virtual.DockerV2VirtualRepoHandlerTest -->
