<?xml version="1.0" encoding="UTF-8"?>
<!-- Generated by org.testng.reporters.JUnitReportReporter -->
<testsuite ignored="0" hostname="fc3c13788461" failures="0" tests="2" name="org.artifactory.addon.retention.core.ArtifactRetentionAddonImplTest" time="0.816" errors="0" timestamp="25 Oct 2021 16:10:34 GMT" skipped="0">
  <testcase classname="org.artifactory.addon.retention.core.ArtifactRetentionAddonImplTest" name="testFetchLink" time="0.798"/>
  <testcase classname="org.artifactory.addon.retention.core.ArtifactRetentionAddonImplTest" name="testRandomNamespaceIdFormat" time="0.018"/>
</testsuite> <!-- org.artifactory.addon.retention.core.ArtifactRetentionAddonImplTest -->
