<?xml version="1.0" encoding="UTF-8"?>
<!-- Generated by org.testng.reporters.JUnitReportReporter -->
<testsuite ignored="0" hostname="fc3c13788461" failures="0" tests="3" name="org.artifactory.addon.cargo.repo.CargoIndexCheckerTest" time="0.235" errors="0" timestamp="25 Oct 2021 16:10:51 GMT" skipped="0">
  <testcase classname="org.artifactory.addon.cargo.repo.CargoIndexCheckerTest" name="testShouldExcludePropertyFromMirroring" time="0.111"/>
  <testcase classname="org.artifactory.addon.cargo.repo.CargoIndexCheckerTest" name="testIsLocalGenerated" time="0.062"/>
  <testcase classname="org.artifactory.addon.cargo.repo.CargoIndexCheckerTest" name="testIsExpirable" time="0.062"/>
</testsuite> <!-- org.artifactory.addon.cargo.repo.CargoIndexCheckerTest -->
