<?xml version="1.0" encoding="UTF-8"?>
<!-- Generated by org.testng.reporters.JUnitReportReporter -->
<testsuite ignored="1" hostname="fc3c13788461" failures="0" tests="3" name="org.artifactory.addon.license.strategy.IvyLicenseLocatorStrategyTest" time="2.549" errors="0" timestamp="25 Oct 2021 16:03:53 GMT" skipped="0">
  <testcase classname="org.artifactory.addon.license.strategy.IvyLicenseLocatorStrategyTest" name="ivyWithNoLicenseInformation" time="1.831"/>
  <testcase classname="org.artifactory.addon.license.strategy.IvyLicenseLocatorStrategyTest" name="ivyWithOneLicense" time="0.067"/>
  <testcase classname="org.artifactory.addon.license.strategy.IvyLicenseLocatorStrategyTest" name="ivyWithLicenseNoInConfiguredLicensesList" time="0.651"/>
  <testcase classname="org.artifactory.addon.license.strategy.IvyLicenseLocatorStrategyTest" name="ivyLicenseLocatorWrongModel">
    <skipped/>
  </testcase> <!-- ivyLicenseLocatorWrongModel -->
</testsuite> <!-- org.artifactory.addon.license.strategy.IvyLicenseLocatorStrategyTest -->
