<?xml version="1.0" encoding="UTF-8"?>
<!-- Generated by org.testng.reporters.JUnitReportReporter -->
<testsuite ignored="0" hostname="fc3c13788461" failures="0" tests="6" name="org.artifactory.addon.alpine.interceptor.AlpineRepoConfigurationInterceptorTest" time="0.066" errors="0" timestamp="25 Oct 2021 16:07:36 GMT" skipped="0">
  <testcase classname="org.artifactory.addon.alpine.interceptor.AlpineRepoConfigurationInterceptorTest" name="shouldNotReindexRemoteAlpineRepos" time="0.023"/>
  <testcase classname="org.artifactory.addon.alpine.interceptor.AlpineRepoConfigurationInterceptorTest" name="shouldReindexLocalAndVirtualForChangedKeyPair" time="0.003"/>
  <testcase classname="org.artifactory.addon.alpine.interceptor.AlpineRepoConfigurationInterceptorTest" name="shouldNotReindexForAbsentOldDescriptor" time="0.014"/>
  <testcase classname="org.artifactory.addon.alpine.interceptor.AlpineRepoConfigurationInterceptorTest" name="shouldReindexForOneLocalRepo" time="0.004"/>
  <testcase classname="org.artifactory.addon.alpine.interceptor.AlpineRepoConfigurationInterceptorTest" name="shouldReindexLocalAndFederatedAndVirtual" time="0.008"/>
  <testcase classname="org.artifactory.addon.alpine.interceptor.AlpineRepoConfigurationInterceptorTest" name="shouldNotReindexNonAlpine" time="0.014"/>
</testsuite> <!-- org.artifactory.addon.alpine.interceptor.AlpineRepoConfigurationInterceptorTest -->
