<?xml version="1.0" encoding="UTF-8"?>
<!-- Generated by org.testng.reporters.JUnitReportReporter -->
<testsuite ignored="0" hostname="fc3c13788461" failures="0" tests="3" name="org.artifactory.addon.chef.util.aql.AqlItemsToCookbookDetailsTest" time="11.926" errors="0" timestamp="25 Oct 2021 16:06:41 GMT" skipped="0">
  <testcase classname="org.artifactory.addon.chef.util.aql.AqlItemsToCookbookDetailsTest" name="testFrom" time="11.495"/>
  <testcase classname="org.artifactory.addon.chef.util.aql.AqlItemsToCookbookDetailsTest" name="testFromWithMissingMandaqtoryChefProperties" time="0.148"/>
  <testcase classname="org.artifactory.addon.chef.util.aql.AqlItemsToCookbookDetailsTest" name="testFromDoesntOverrideCommonAttributes" time="0.283"/>
</testsuite> <!-- org.artifactory.addon.chef.util.aql.AqlItemsToCookbookDetailsTest -->
