<?xml version="1.0" encoding="UTF-8"?>
<!-- Generated by org.testng.reporters.JUnitReportReporter -->
<testsuite ignored="0" hostname="fc3c13788461" failures="0" tests="4" name="org.artifactory.addon.sso.saml.SamlResolverTest" time="0.589" errors="0" timestamp="25 Oct 2021 16:08:02 GMT" skipped="0">
  <testcase classname="org.artifactory.addon.sso.saml.SamlResolverTest" name="testVerifyAudienceRestrictionWith2audiences" time="0.152"/>
  <testcase classname="org.artifactory.addon.sso.saml.SamlResolverTest" name="testVerifyAudienceRestrictionWithEmptyAudience" time="0.100"/>
  <testcase classname="org.artifactory.addon.sso.saml.SamlResolverTest" name="testVerifyAudienceRestrictionWith2audienceRestrictionElements" time="0.196"/>
  <testcase classname="org.artifactory.addon.sso.saml.SamlResolverTest" name="testVerifyAudienceRestrictionNegativeWhenResponseHaveNoAudience" time="0.141"/>
</testsuite> <!-- org.artifactory.addon.sso.saml.SamlResolverTest -->
