<?xml version="1.0" encoding="UTF-8"?>
<!-- Generated by org.testng.reporters.JUnitReportReporter -->
<testsuite ignored="0" hostname="fc3c13788461" failures="0" tests="6" name="org.artifactory.addon.webstart.JarSignerTest" time="3.550" errors="0" timestamp="25 Oct 2021 16:03:42 GMT" skipped="0">
  <testcase classname="org.artifactory.addon.webstart.JarSignerTest" name="failSigningNonJarFile" time="0.643"/>
  <testcase classname="org.artifactory.addon.webstart.JarSignerTest" name="jarWithManifestAndResources" time="1.038"/>
  <testcase classname="org.artifactory.addon.webstart.JarSignerTest" name="wrongKeystorePassword" time="0.236"/>
  <testcase classname="org.artifactory.addon.webstart.JarSignerTest" name="jarWithoutManifest" time="1.003"/>
  <testcase classname="org.artifactory.addon.webstart.JarSignerTest" name="noKeystoreFile" time="0.626"/>
  <testcase classname="org.artifactory.addon.webstart.JarSignerTest" name="jarFileToSignNotExist" time="0.004"/>
</testsuite> <!-- org.artifactory.addon.webstart.JarSignerTest -->
