<?xml version="1.0" encoding="UTF-8"?>
<!-- Generated by org.testng.reporters.JUnitReportReporter -->
<testsuite ignored="0" hostname="fc3c13788461" failures="0" tests="15" name="org.artifactory.addon.npm.repo.remote.external.NpmDependencyFetcherFactoryTest" time="3.075" errors="0" timestamp="25 Oct 2021 16:09:04 GMT" skipped="0">
  <testcase classname="org.artifactory.addon.npm.repo.remote.external.NpmDependencyFetcherFactoryTest" name="gitFetcherGetSatisfiedVersionFromSemverTildeRangeMajorVersion" time="0.073"/>
  <testcase classname="org.artifactory.addon.npm.repo.remote.external.NpmDependencyFetcherFactoryTest" name="githubFetcherWithGithubShortcutAndPointToFile" time="0.073"/>
  <testcase classname="org.artifactory.addon.npm.repo.remote.external.NpmDependencyFetcherFactoryTest" name="nopDependencies" time="0.048"/>
  <testcase classname="org.artifactory.addon.npm.repo.remote.external.NpmDependencyFetcherFactoryTest" name="gitFetcherGetSatisfiedVersionFromSemverHyphenRangeMajorOnly" time="0.044"/>
  <testcase classname="org.artifactory.addon.npm.repo.remote.external.NpmDependencyFetcherFactoryTest" name="gitFetcherGetSatisfiedVersionFromSemverCaretRangeMinorVersion" time="0.119"/>
  <testcase classname="org.artifactory.addon.npm.repo.remote.external.NpmDependencyFetcherFactoryTest" name="gitDependencies" time="0.094"/>
  <testcase classname="org.artifactory.addon.npm.repo.remote.external.NpmDependencyFetcherFactoryTest" name="gitFetcherGetSatisfiedVersionFromSemverCaretRangeMajorVersion" time="0.216"/>
  <testcase classname="org.artifactory.addon.npm.repo.remote.external.NpmDependencyFetcherFactoryTest" name="githubFetcherWithGithubShortcutAndPointToBranch" time="0.137"/>
  <testcase classname="org.artifactory.addon.npm.repo.remote.external.NpmDependencyFetcherFactoryTest" name="gitFetcherGetSatisfiedVersionFromSemverXRange" time="0.071"/>
  <testcase classname="org.artifactory.addon.npm.repo.remote.external.NpmDependencyFetcherFactoryTest" name="gitFetcherGetSatisfiedVersionFromSemverTildeRangeFullVersion" time="1.624"/>
  <testcase classname="org.artifactory.addon.npm.repo.remote.external.NpmDependencyFetcherFactoryTest" name="comparePrereleaseSemvers" time="0.227"/>
  <testcase classname="org.artifactory.addon.npm.repo.remote.external.NpmDependencyFetcherFactoryTest" name="gitFetcherWithSlashInBranchName" time="0.137"/>
  <testcase classname="org.artifactory.addon.npm.repo.remote.external.NpmDependencyFetcherFactoryTest" name="githubDependencies" time="0.087"/>
  <testcase classname="org.artifactory.addon.npm.repo.remote.external.NpmDependencyFetcherFactoryTest" name="gitFetcherGetSatisfiedVersionFromSemverHyphenRangeFullVersion" time="0.065"/>
  <testcase classname="org.artifactory.addon.npm.repo.remote.external.NpmDependencyFetcherFactoryTest" name="urlDependencies" time="0.060"/>
</testsuite> <!-- org.artifactory.addon.npm.repo.remote.external.NpmDependencyFetcherFactoryTest -->
