<?xml version="1.0" encoding="UTF-8"?>
<!-- Generated by org.testng.reporters.JUnitReportReporter -->
<testsuite ignored="0" hostname="fc3c13788461" failures="0" tests="4" name="org.artifactory.addon.composer.repo.ComposerVirtualRepoHandlerTest" time="10.494" errors="0" timestamp="25 Oct 2021 16:09:29 GMT" skipped="0">
  <testcase classname="org.artifactory.addon.composer.repo.ComposerVirtualRepoHandlerTest" name="getRootMetaData" time="3.340"/>
  <testcase classname="org.artifactory.addon.composer.repo.ComposerVirtualRepoHandlerTest" name="getPackageMetaDataV2" time="5.928"/>
  <testcase classname="org.artifactory.addon.composer.repo.ComposerVirtualRepoHandlerTest" name="search" time="0.241"/>
  <testcase classname="org.artifactory.addon.composer.repo.ComposerVirtualRepoHandlerTest" name="getPackageMetaDataV1" time="0.985"/>
</testsuite> <!-- org.artifactory.addon.composer.repo.ComposerVirtualRepoHandlerTest -->
