<?xml version="1.0" encoding="UTF-8"?>
<!-- Generated by org.testng.reporters.JUnitReportReporter -->
<testsuite ignored="0" hostname="fc3c13788461" failures="0" tests="3" name="org.artifactory.addon.jfevent.service.validator.SubscriptionDockerValidatorTest" time="1.999" errors="0" timestamp="25 Oct 2021 16:08:51 GMT" skipped="0">
  <testcase classname="org.artifactory.addon.jfevent.service.validator.SubscriptionDockerValidatorTest" name="testGetExistingEventTypes" time="0.033"/>
  <testcase classname="org.artifactory.addon.jfevent.service.validator.SubscriptionDockerValidatorTest" name="testValidateCriteria" time="1.704"/>
  <testcase classname="org.artifactory.addon.jfevent.service.validator.SubscriptionDockerValidatorTest" name="testValidateRepoKeys" time="0.262"/>
</testsuite> <!-- org.artifactory.addon.jfevent.service.validator.SubscriptionDockerValidatorTest -->
