<?xml version="1.0" encoding="UTF-8"?>
<!-- Generated by org.testng.reporters.JUnitReportReporter -->
<testsuite ignored="0" hostname="fc3c13788461" failures="0" tests="3" name="org.artifactory.addon.distribution.strategy.ReplicatorDeployDistributionStrategyTest" time="10.783" errors="0" timestamp="25 Oct 2021 16:07:10 GMT" skipped="0">
  <testcase classname="org.artifactory.addon.distribution.strategy.ReplicatorDeployDistributionStrategyTest" name="testReloadProxyInDeployDistributionStrategy" time="1.344"/>
  <testcase classname="org.artifactory.addon.distribution.strategy.ReplicatorDeployDistributionStrategyTest" name="distributeArtifactTrafficLogDisabled" time="4.568"/>
  <testcase classname="org.artifactory.addon.distribution.strategy.ReplicatorDeployDistributionStrategyTest" name="distributeArtifactTrafficLogEnabled" time="4.871"/>
</testsuite> <!-- org.artifactory.addon.distribution.strategy.ReplicatorDeployDistributionStrategyTest -->
