<?xml version="1.0" encoding="UTF-8"?>
<!-- Generated by org.testng.reporters.JUnitReportReporter -->
<testsuite ignored="0" hostname="fc3c13788461" failures="0" tests="11" name="org.artifactory.addon.sso.openid.SingleSignOnServiceImplTest" time="11.839" errors="0" timestamp="25 Oct 2021 16:08:01 GMT" skipped="0">
  <testcase classname="org.artifactory.addon.sso.openid.SingleSignOnServiceImplTest" name="testExtractAndVerifyInvalidToken" time="1.067"/>
  <testcase classname="org.artifactory.addon.sso.openid.SingleSignOnServiceImplTest" name="testFindUserInfoNotAuthenticated1" time="3.622"/>
  <testcase classname="org.artifactory.addon.sso.openid.SingleSignOnServiceImplTest" name="testFindUserInfoNotAuthenticated2" time="0.195"/>
  <testcase classname="org.artifactory.addon.sso.openid.SingleSignOnServiceImplTest" name="testConvertUserToJson" time="2.082"/>
  <testcase classname="org.artifactory.addon.sso.openid.SingleSignOnServiceImplTest" name="testFindUserInfo" time="0.346"/>
  <testcase classname="org.artifactory.addon.sso.openid.SingleSignOnServiceImplTest" name="testExtractAndVerifyExpiredToken" time="2.653"/>
  <testcase classname="org.artifactory.addon.sso.openid.SingleSignOnServiceImplTest" name="testVerifyAndCreateIdToken" time="0.962"/>
  <testcase classname="org.artifactory.addon.sso.openid.SingleSignOnServiceImplTest" name="testExtractOpenIdParameters" time="0.149"/>
  <testcase classname="org.artifactory.addon.sso.openid.SingleSignOnServiceImplTest" name="testExtractAndVerifyToken" time="0.160"/>
  <testcase classname="org.artifactory.addon.sso.openid.SingleSignOnServiceImplTest" name="testFindUserWithGroups" time="0.201"/>
  <testcase classname="org.artifactory.addon.sso.openid.SingleSignOnServiceImplTest" name="testGetRedirectTargetUrlWithToken" time="0.402"/>
</testsuite> <!-- org.artifactory.addon.sso.openid.SingleSignOnServiceImplTest -->
