<?xml version="1.0" encoding="UTF-8"?>
<!-- Generated by org.testng.reporters.JUnitReportReporter -->
<testsuite ignored="0" hostname="fc3c13788461" failures="0" tests="2" name="org.artifactory.addon.helm.repo.HelmIndexCheckerTest" time="0.267" errors="0" timestamp="25 Oct 2021 16:06:50 GMT" skipped="0">
  <testcase classname="org.artifactory.addon.helm.repo.HelmIndexCheckerTest" name="testIsMetaData" time="0.182"/>
  <testcase classname="org.artifactory.addon.helm.repo.HelmIndexCheckerTest" name="testShouldExcludePropertyOnReplication" time="0.085"/>
</testsuite> <!-- org.artifactory.addon.helm.repo.HelmIndexCheckerTest -->
