<?xml version="1.0" encoding="UTF-8"?>
<!-- Generated by org.testng.reporters.JUnitReportReporter -->
<testsuite ignored="0" hostname="fc3c13788461" failures="0" tests="5" name="org.artifactory.addon.ldap.provider.strategy.StaticLdapGroupStrategyFilterTest" time="1.347" errors="0" timestamp="25 Oct 2021 16:03:32 GMT" skipped="0">
  <testcase classname="org.artifactory.addon.ldap.provider.strategy.StaticLdapGroupStrategyFilterTest" name="testGroupSizeOfZero" time="0.448"/>
  <testcase classname="org.artifactory.addon.ldap.provider.strategy.StaticLdapGroupStrategyFilterTest" name="testZeroGroupsFilterThreshold" time="0.045"/>
  <testcase classname="org.artifactory.addon.ldap.provider.strategy.StaticLdapGroupStrategyFilterTest" name="testThresholdBiggerThanNumOfGroups" time="0.806"/>
  <testcase classname="org.artifactory.addon.ldap.provider.strategy.StaticLdapGroupStrategyFilterTest" name="testThresholdSmallerThanNumOfGroups" time="0.021"/>
  <testcase classname="org.artifactory.addon.ldap.provider.strategy.StaticLdapGroupStrategyFilterTest" name="testThresholdEqualsToNumOfGroups" time="0.027"/>
</testsuite> <!-- org.artifactory.addon.ldap.provider.strategy.StaticLdapGroupStrategyFilterTest -->
