<?xml version="1.0" encoding="UTF-8"?>
<!-- Generated by org.testng.reporters.JUnitReportReporter -->
<testsuite ignored="0" hostname="fc3c13788461" failures="0" tests="1" name="org.artifactory.addon.debian.DebianVirtualIndexesCollectorTest" time="7.783" errors="0" timestamp="25 Oct 2021 16:08:36 GMT" skipped="0">
  <testcase classname="org.artifactory.addon.debian.DebianVirtualIndexesCollectorTest" name="testExtractAllAvailableComponentsFromLocalRepoWithTempFolder" time="7.783"/>
</testsuite> <!-- org.artifactory.addon.debian.DebianVirtualIndexesCollectorTest -->
