<?xml version="1.0" encoding="UTF-8"?>
<!-- Generated by org.testng.reporters.JUnitReportReporter -->
<testsuite ignored="0" hostname="fc3c13788461" failures="0" tests="2" name="org.artifactory.addon.chef.util.aql.AqlItemsUtilsTest" time="10.818" errors="0" timestamp="25 Oct 2021 16:06:41 GMT" skipped="0">
  <testcase classname="org.artifactory.addon.chef.util.aql.AqlItemsUtilsTest" name="testGetAqlItemFromFirstRepoFoundOnlyOne" time="0.003"/>
  <testcase classname="org.artifactory.addon.chef.util.aql.AqlItemsUtilsTest" name="testGetAqlItemFromFirstRepoFound" time="10.815"/>
</testsuite> <!-- org.artifactory.addon.chef.util.aql.AqlItemsUtilsTest -->
