<?xml version="1.0" encoding="UTF-8"?>
<!-- Generated by org.testng.reporters.JUnitReportReporter -->
<testsuite ignored="0" hostname="fc3c13788461" failures="0" tests="5" name="org.artifactory.addon.security.SecurityModelPopulatorTest" time="1.270" errors="0" timestamp="25 Oct 2021 16:08:01 GMT" skipped="0">
  <testcase classname="org.artifactory.addon.security.SecurityModelPopulatorTest" name="testGetGroupConfigurationWithXrayManage" time="0.004"/>
  <testcase classname="org.artifactory.addon.security.SecurityModelPopulatorTest" name="testGetUserConfigurationWithDisabledUiProperty" time="0.010"/>
  <testcase classname="org.artifactory.addon.security.SecurityModelPopulatorTest" name="testGetGroupConfiguration" time="0.400"/>
  <testcase classname="org.artifactory.addon.security.SecurityModelPopulatorTest" name="testGetUserConfiguration" time="0.850"/>
  <testcase classname="org.artifactory.addon.security.SecurityModelPopulatorTest" name="testGetUserConfigurationWithXrayManagers" time="0.006"/>
</testsuite> <!-- org.artifactory.addon.security.SecurityModelPopulatorTest -->
