<?xml version="1.0" encoding="UTF-8"?>
<!-- Generated by org.testng.reporters.JUnitReportReporter -->
<testsuite ignored="0" hostname="fc3c13788461" failures="0" tests="3" name="org.artifactory.addon.chef.util.ChefUrlUtilsTest" time="10.325" errors="0" timestamp="25 Oct 2021 16:06:40 GMT" skipped="0">
  <testcase classname="org.artifactory.addon.chef.util.ChefUrlUtilsTest" name="testGetCookbookVersionUrl" time="0.000"/>
  <testcase classname="org.artifactory.addon.chef.util.ChefUrlUtilsTest" name="testGetCookbookUrl" time="0.115"/>
  <testcase classname="org.artifactory.addon.chef.util.ChefUrlUtilsTest" name="testGetUrlToArtefact" time="10.210"/>
</testsuite> <!-- org.artifactory.addon.chef.util.ChefUrlUtilsTest -->
