<?xml version="1.0" encoding="UTF-8"?>
<!-- Generated by org.testng.reporters.JUnitReportReporter -->
<testsuite ignored="0" hostname="fc3c13788461" failures="0" tests="4" name="org.artifactory.addon.replication.core.push.event.EventQueueItemTest" time="0.006" errors="0" timestamp="25 Oct 2021 16:10:10 GMT" skipped="0">
  <testcase classname="org.artifactory.addon.replication.core.push.event.EventQueueItemTest" name="testDelete" time="0.005"/>
  <testcase classname="org.artifactory.addon.replication.core.push.event.EventQueueItemTest" name="testMkDir" time="0.000"/>
  <testcase classname="org.artifactory.addon.replication.core.push.event.EventQueueItemTest" name="testConstructWithContext" time="0.001"/>
  <testcase classname="org.artifactory.addon.replication.core.push.event.EventQueueItemTest" name="testDeploy" time="0.000"/>
</testsuite> <!-- org.artifactory.addon.replication.core.push.event.EventQueueItemTest -->
