<?xml version="1.0" encoding="UTF-8"?>
<!-- Generated by org.testng.reporters.JUnitReportReporter -->
<testsuite ignored="0" hostname="fc3c13788461" failures="0" tests="7" name="org.artifactory.addon.replication.core.push.strategy.PushReplicationStrategySelectorTest" time="0.021" errors="0" timestamp="25 Oct 2021 16:10:12 GMT" skipped="0">
  <testcase classname="org.artifactory.addon.replication.core.push.strategy.PushReplicationStrategySelectorTest" name="testCalculateReplicationStrategy" time="0.000"/>
  <testcase classname="org.artifactory.addon.replication.core.push.strategy.PushReplicationStrategySelectorTest" name="testChooseStrategyEventAfterStart" time="0.000"/>
  <testcase classname="org.artifactory.addon.replication.core.push.strategy.PushReplicationStrategySelectorTest" name="testChooseStrategyHappyPath" time="0.000"/>
  <testcase classname="org.artifactory.addon.replication.core.push.strategy.PushReplicationStrategySelectorTest" name="testChooseStrategyFeatureOff" time="0.000"/>
  <testcase classname="org.artifactory.addon.replication.core.push.strategy.PushReplicationStrategySelectorTest" name="testChooseStrategyEventOff" time="0.002"/>
  <testcase classname="org.artifactory.addon.replication.core.push.strategy.PushReplicationStrategySelectorTest" name="testChooseStrategyForceTree" time="0.000"/>
  <testcase classname="org.artifactory.addon.replication.core.push.strategy.PushReplicationStrategySelectorTest" name="checkTimeRequiresFullTreeTest" time="0.019"/>
</testsuite> <!-- org.artifactory.addon.replication.core.push.strategy.PushReplicationStrategySelectorTest -->
