<?xml version="1.0" encoding="UTF-8"?>
<!-- Generated by org.testng.reporters.JUnitReportReporter -->
<testsuite ignored="0" hostname="fc3c13788461" failures="0" tests="2" name="org.artifactory.addon.support.collectors.JFConnectServicesSupportBundleCollectorTest" time="1.490" errors="0" timestamp="25 Oct 2021 16:04:02 GMT" skipped="0">
  <testcase classname="org.artifactory.addon.support.collectors.JFConnectServicesSupportBundleCollectorTest" name="testIsAlive" time="1.483"/>
  <testcase classname="org.artifactory.addon.support.collectors.JFConnectServicesSupportBundleCollectorTest" name="testIsAlive" time="0.007"/>
</testsuite> <!-- org.artifactory.addon.support.collectors.JFConnectServicesSupportBundleCollectorTest -->
