<?xml version="1.0" encoding="UTF-8"?>
<!-- Generated by org.testng.reporters.JUnitReportReporter -->
<testsuite ignored="0" hostname="fc3c13788461" failures="0" tests="3" name="org.artifactory.addon.nuget.overridable.NuGetPrereleaseOverridableTest" time="1.320" errors="0" timestamp="25 Oct 2021 16:04:52 GMT" skipped="0">
  <testcase classname="org.artifactory.addon.nuget.overridable.NuGetPrereleaseOverridableTest" name="prereleasePath" time="0.018"/>
  <testcase classname="org.artifactory.addon.nuget.overridable.NuGetPrereleaseOverridableTest" name="notPrereleasePath" time="0.020"/>
  <testcase classname="org.artifactory.addon.nuget.overridable.NuGetPrereleaseOverridableTest" name="integrationPath" time="1.282"/>
</testsuite> <!-- org.artifactory.addon.nuget.overridable.NuGetPrereleaseOverridableTest -->
