<?xml version="1.0" encoding="UTF-8"?>
<!-- Generated by org.testng.reporters.JUnitReportReporter -->
<testsuite ignored="0" hostname="fc3c13788461" failures="0" tests="6" name="org.artifactory.addon.replication.core.EventReplicationSessionResourceTest" time="0.058" errors="0" timestamp="25 Oct 2021 16:10:13 GMT" skipped="0">
  <testcase classname="org.artifactory.addon.replication.core.EventReplicationSessionResourceTest" name="deleteThenDeployWithProps" time="0.037"/>
  <testcase classname="org.artifactory.addon.replication.core.EventReplicationSessionResourceTest" name="deployOrder" time="0.002"/>
  <testcase classname="org.artifactory.addon.replication.core.EventReplicationSessionResourceTest" name="validateGrouping" time="0.004"/>
  <testcase classname="org.artifactory.addon.replication.core.EventReplicationSessionResourceTest" name="singleDeployItem" time="0.002"/>
  <testcase classname="org.artifactory.addon.replication.core.EventReplicationSessionResourceTest" name="deployPlusPropsDeleteDeploy" time="0.011"/>
  <testcase classname="org.artifactory.addon.replication.core.EventReplicationSessionResourceTest" name="propBeforeDeployItem" time="0.002"/>
</testsuite> <!-- org.artifactory.addon.replication.core.EventReplicationSessionResourceTest -->
