<?xml version="1.0" encoding="UTF-8"?>
<!-- Generated by org.testng.reporters.JUnitReportReporter -->
<testsuite ignored="0" hostname="fc3c13788461" failures="0" tests="5" name="org.artifactory.addon.sso.CrowdHttpAuthenticatorTest" time="1.736" errors="0" timestamp="25 Oct 2021 16:07:47 GMT" skipped="0">
  <testcase classname="org.artifactory.addon.sso.CrowdHttpAuthenticatorTest" name="testThrowExceptionWhenGetCookieConfigUsingDirectAuth" time="0.036"/>
  <testcase classname="org.artifactory.addon.sso.CrowdHttpAuthenticatorTest" name="testGetCookieConfigWhenUsingSso" time="0.001"/>
  <testcase classname="org.artifactory.addon.sso.CrowdHttpAuthenticatorTest" name="testDontGetCookieConfigWhenUsingDirectAuthentication" time="0.000"/>
  <testcase classname="org.artifactory.addon.sso.CrowdHttpAuthenticatorTest" name="buildCookieWithHttpOnly" time="1.699"/>
  <testcase classname="org.artifactory.addon.sso.CrowdHttpAuthenticatorTest" name="testCrowdWithNonCompliantSSOCookie" time="0.000"/>
</testsuite> <!-- org.artifactory.addon.sso.CrowdHttpAuthenticatorTest -->
