<?xml version="1.0" encoding="UTF-8"?>
<!-- Generated by org.testng.reporters.JUnitReportReporter -->
<testsuite ignored="0" hostname="fc3c13788461" failures="0" tests="4" name="org.artifactory.addon.filestore.eventual.cluster.EventualDownstreamWorkerTest" time="0.961" errors="0" timestamp="25 Oct 2021 16:05:55 GMT" skipped="0">
  <testcase classname="org.artifactory.addon.filestore.eventual.cluster.EventualDownstreamWorkerTest" name="latestIsDeleteAndExistInBinaryStore" time="0.009"/>
  <testcase classname="org.artifactory.addon.filestore.eventual.cluster.EventualDownstreamWorkerTest" name="latestIsDeleteAndNotExistInBinaryStore" time="0.006"/>
  <testcase classname="org.artifactory.addon.filestore.eventual.cluster.EventualDownstreamWorkerTest" name="latestIsAddAndExistInBinaryStore" time="0.941"/>
  <testcase classname="org.artifactory.addon.filestore.eventual.cluster.EventualDownstreamWorkerTest" name="latestIsAddAndNotExistInBinaryStore" time="0.005"/>
</testsuite> <!-- org.artifactory.addon.filestore.eventual.cluster.EventualDownstreamWorkerTest -->
