<?xml version="1.0" encoding="UTF-8"?>
<!-- Generated by org.testng.reporters.JUnitReportReporter -->
<testsuite ignored="0" hostname="fc3c13788461" failures="0" tests="8" name="org.artifactory.addon.nuget.repo.NuGetHeadGetTest" time="8.929" errors="0" timestamp="25 Oct 2021 16:05:01 GMT" skipped="0">
  <testcase classname="org.artifactory.addon.nuget.repo.NuGetHeadGetTest" name="testDownloadRemote" time="0.074"/>
  <testcase classname="org.artifactory.addon.nuget.repo.NuGetHeadGetTest" name="testDownloadVirtual" time="2.770"/>
  <testcase classname="org.artifactory.addon.nuget.repo.NuGetHeadGetTest" name="testDownloadFileSubResource" time="0.008"/>
  <testcase classname="org.artifactory.addon.nuget.repo.NuGetHeadGetTest" name="testDownloadRemote" time="0.020"/>
  <testcase classname="org.artifactory.addon.nuget.repo.NuGetHeadGetTest" name="testDownloadLocal" time="0.242"/>
  <testcase classname="org.artifactory.addon.nuget.repo.NuGetHeadGetTest" name="testDownloadFileSubResource" time="5.760"/>
  <testcase classname="org.artifactory.addon.nuget.repo.NuGetHeadGetTest" name="testDownloadLocal" time="0.007"/>
  <testcase classname="org.artifactory.addon.nuget.repo.NuGetHeadGetTest" name="testDownloadVirtual" time="0.048"/>
</testsuite> <!-- org.artifactory.addon.nuget.repo.NuGetHeadGetTest -->
