<?xml version="1.0" encoding="UTF-8"?>
<!-- Generated by org.testng.reporters.JUnitReportReporter -->
<testsuite ignored="0" hostname="fc3c13788461" failures="0" tests="34" name="org.artifactory.addon.federated.binary.FederatedBinaryProviderTest" time="19.342" errors="0" timestamp="25 Oct 2021 16:11:24 GMT" skipped="0">
  <testcase classname="org.artifactory.addon.federated.binary.FederatedBinaryProviderTest" name="testMultipleMirrorsChanged" time="0.110"/>
  <testcase classname="org.artifactory.addon.federated.binary.FederatedBinaryProviderTest" name="testMultipleMirrorsChanged" time="0.829"/>
  <testcase classname="org.artifactory.addon.federated.binary.FederatedBinaryProviderTest" name="testMultipleMirrorsChanged" time="0.173"/>
  <testcase classname="org.artifactory.addon.federated.binary.FederatedBinaryProviderTest" name="testTokenAudience" time="0.136"/>
  <testcase classname="org.artifactory.addon.federated.binary.FederatedBinaryProviderTest" name="testMirrorsChangedWithAdded" time="0.120"/>
  <testcase classname="org.artifactory.addon.federated.binary.FederatedBinaryProviderTest" name="testMultipleMirrorsChanged" time="0.215"/>
  <testcase classname="org.artifactory.addon.federated.binary.FederatedBinaryProviderTest" name="getStreamMissingFile" time="2.399"/>
  <testcase classname="org.artifactory.addon.federated.binary.FederatedBinaryProviderTest" name="addNormalStream" time="0.107"/>
  <testcase classname="org.artifactory.addon.federated.binary.FederatedBinaryProviderTest" name="testScheduleJob" time="0.498"/>
  <testcase classname="org.artifactory.addon.federated.binary.FederatedBinaryProviderTest" name="testMultipleMirrorsChanged" time="0.208"/>
  <testcase classname="org.artifactory.addon.federated.binary.FederatedBinaryProviderTest" name="exists" time="0.196"/>
  <testcase classname="org.artifactory.addon.federated.binary.FederatedBinaryProviderTest" name="testMirrorsChangedWithRemove" time="0.112"/>
  <testcase classname="org.artifactory.addon.federated.binary.FederatedBinaryProviderTest" name="testMultipleMirrorsChanged" time="0.218"/>
  <testcase classname="org.artifactory.addon.federated.binary.FederatedBinaryProviderTest" name="addArtificialBinary" time="0.902"/>
  <testcase classname="org.artifactory.addon.federated.binary.FederatedBinaryProviderTest" name="testMultipleMirrorsChanged" time="0.194"/>
  <testcase classname="org.artifactory.addon.federated.binary.FederatedBinaryProviderTest" name="testMultipleMirrorsChanged" time="0.123"/>
  <testcase classname="org.artifactory.addon.federated.binary.FederatedBinaryProviderTest" name="testMultipleMirrorsChanged" time="0.251"/>
  <testcase classname="org.artifactory.addon.federated.binary.FederatedBinaryProviderTest" name="getStream" time="0.085"/>
  <testcase classname="org.artifactory.addon.federated.binary.FederatedBinaryProviderTest" name="testMultipleMirrorsChanged" time="0.349"/>
  <testcase classname="org.artifactory.addon.federated.binary.FederatedBinaryProviderTest" name="testMultipleMirrorsChanged" time="0.294"/>
  <testcase classname="org.artifactory.addon.federated.binary.FederatedBinaryProviderTest" name="testScheduledPreviouslyJob" time="0.229"/>
  <testcase classname="org.artifactory.addon.federated.binary.FederatedBinaryProviderTest" name="testMultipleMirrorsChanged" time="0.169"/>
  <testcase classname="org.artifactory.addon.federated.binary.FederatedBinaryProviderTest" name="getStreamMissingFileDelegateToFedRemoteProviders" time="0.402"/>
  <testcase classname="org.artifactory.addon.federated.binary.FederatedBinaryProviderTest" name="testMirrorsChangedNothingChanged" time="0.114"/>
  <testcase classname="org.artifactory.addon.federated.binary.FederatedBinaryProviderTest" name="testMultipleMirrorsChanged" time="7.810"/>
  <testcase classname="org.artifactory.addon.federated.binary.FederatedBinaryProviderTest" name="testMultipleMirrorsChanged" time="0.208"/>
  <testcase classname="org.artifactory.addon.federated.binary.FederatedBinaryProviderTest" name="testMultipleMirrorsChanged" time="0.158"/>
  <testcase classname="org.artifactory.addon.federated.binary.FederatedBinaryProviderTest" name="delete" time="0.219"/>
  <testcase classname="org.artifactory.addon.federated.binary.FederatedBinaryProviderTest" name="testMultipleMirrorsChanged" time="0.511"/>
  <testcase classname="org.artifactory.addon.federated.binary.FederatedBinaryProviderTest" name="testMultipleMirrorsChanged" time="0.201"/>
  <testcase classname="org.artifactory.addon.federated.binary.FederatedBinaryProviderTest" name="testMultipleMirrorsChanged" time="0.623"/>
  <testcase classname="org.artifactory.addon.federated.binary.FederatedBinaryProviderTest" name="testMultipleMirrorsChanged" time="0.411"/>
  <testcase classname="org.artifactory.addon.federated.binary.FederatedBinaryProviderTest" name="testMultipleMirrorsChanged" time="0.145"/>
  <testcase classname="org.artifactory.addon.federated.binary.FederatedBinaryProviderTest" name="testMirrorsChangedByProxyChange" time="0.623"/>
</testsuite> <!-- org.artifactory.addon.federated.binary.FederatedBinaryProviderTest -->
