<?xml version="1.0" encoding="UTF-8"?>
<!-- Generated by org.testng.reporters.JUnitReportReporter -->
<testsuite ignored="0" hostname="fc3c13788461" failures="0" tests="1" name="org.artifactory.addon.filestore.multiple.strategy.util.FreeSpaceByPercentagesComparatorTest" time="0.099" errors="0" timestamp="25 Oct 2021 16:05:34 GMT" skipped="0">
  <testcase classname="org.artifactory.addon.filestore.multiple.strategy.util.FreeSpaceByPercentagesComparatorTest" name="testComparator" time="0.099"/>
</testsuite> <!-- org.artifactory.addon.filestore.multiple.strategy.util.FreeSpaceByPercentagesComparatorTest -->
