<?xml version="1.0" encoding="UTF-8"?>
<!-- Generated by org.testng.reporters.JUnitReportReporter -->
<testsuite ignored="0" hostname="fc3c13788461" failures="0" tests="4" name="org.artifactory.addon.pypi.repo.PypiVirtualRepoHandlerTest" time="4.683" errors="0" timestamp="25 Oct 2021 16:06:10 GMT" skipped="0">
  <testcase classname="org.artifactory.addon.pypi.repo.PypiVirtualRepoHandlerTest" name="testPriorityResolution" time="4.475"/>
  <testcase classname="org.artifactory.addon.pypi.repo.PypiVirtualRepoHandlerTest" name="testIndexWithVersions" time="0.014"/>
  <testcase classname="org.artifactory.addon.pypi.repo.PypiVirtualRepoHandlerTest" name="testNullIndex" time="0.011"/>
  <testcase classname="org.artifactory.addon.pypi.repo.PypiVirtualRepoHandlerTest" name="testIndexWithNoVersions" time="0.183"/>
</testsuite> <!-- org.artifactory.addon.pypi.repo.PypiVirtualRepoHandlerTest -->
