<?xml version="1.0" encoding="UTF-8"?>
<!-- Generated by org.testng.reporters.JUnitReportReporter -->
<testsuite ignored="0" hostname="fc3c13788461" failures="0" tests="1" name="org.artifactory.addon.ha.provider.DbSessionRepositoryProviderTest" time="3.740" errors="0" timestamp="25 Oct 2021 16:11:39 GMT" skipped="0">
  <testcase classname="org.artifactory.addon.ha.provider.DbSessionRepositoryProviderTest" name="testSerializingNoAuthObject" time="3.740"/>
</testsuite> <!-- org.artifactory.addon.ha.provider.DbSessionRepositoryProviderTest -->
