<?xml version="1.0" encoding="UTF-8"?>
<!-- Generated by org.testng.reporters.JUnitReportReporter -->
<testsuite ignored="0" hostname="fc3c13788461" failures="0" tests="20" name="org.artifactory.addon.cocoapods.rest.handler.CocoaPodsHeadGetTest" time="2.482" errors="0" timestamp="25 Oct 2021 16:09:12 GMT" skipped="0">
  <testcase classname="org.artifactory.addon.cocoapods.rest.handler.CocoaPodsHeadGetTest" name="testDownloadBranchTagLocal" time="0.011"/>
  <testcase classname="org.artifactory.addon.cocoapods.rest.handler.CocoaPodsHeadGetTest" name="testDownloadBranchTagLocal" time="0.235"/>
  <testcase classname="org.artifactory.addon.cocoapods.rest.handler.CocoaPodsHeadGetTest" name="testFetchPodLocal" time="0.005"/>
  <testcase classname="org.artifactory.addon.cocoapods.rest.handler.CocoaPodsHeadGetTest" name="testFetchPodRemote" time="0.023"/>
  <testcase classname="org.artifactory.addon.cocoapods.rest.handler.CocoaPodsHeadGetTest" name="testGitFetchPodRemote" time="0.005"/>
  <testcase classname="org.artifactory.addon.cocoapods.rest.handler.CocoaPodsHeadGetTest" name="testDownloadBranchRemote" time="0.010"/>
  <testcase classname="org.artifactory.addon.cocoapods.rest.handler.CocoaPodsHeadGetTest" name="testDownloadTagRemote" time="0.005"/>
  <testcase classname="org.artifactory.addon.cocoapods.rest.handler.CocoaPodsHeadGetTest" name="testFetchPodRemote" time="0.008"/>
  <testcase classname="org.artifactory.addon.cocoapods.rest.handler.CocoaPodsHeadGetTest" name="testGitFetchPodRemote" time="0.022"/>
  <testcase classname="org.artifactory.addon.cocoapods.rest.handler.CocoaPodsHeadGetTest" name="testDownloadServiceImpl" time="0.003"/>
  <testcase classname="org.artifactory.addon.cocoapods.rest.handler.CocoaPodsHeadGetTest" name="testFetchIndexRemote" time="0.008"/>
  <testcase classname="org.artifactory.addon.cocoapods.rest.handler.CocoaPodsHeadGetTest" name="testGitFetchPodLocal" time="0.006"/>
  <testcase classname="org.artifactory.addon.cocoapods.rest.handler.CocoaPodsHeadGetTest" name="testFetchIndexRemote" time="0.008"/>
  <testcase classname="org.artifactory.addon.cocoapods.rest.handler.CocoaPodsHeadGetTest" name="testDownloadServiceImpl" time="0.012"/>
  <testcase classname="org.artifactory.addon.cocoapods.rest.handler.CocoaPodsHeadGetTest" name="testFetchIndexRemote" time="0.008"/>
  <testcase classname="org.artifactory.addon.cocoapods.rest.handler.CocoaPodsHeadGetTest" name="testDownloadBranchRemote" time="1.715"/>
  <testcase classname="org.artifactory.addon.cocoapods.rest.handler.CocoaPodsHeadGetTest" name="testFetchIndexRemote" time="0.381"/>
  <testcase classname="org.artifactory.addon.cocoapods.rest.handler.CocoaPodsHeadGetTest" name="testFetchPodLocal" time="0.007"/>
  <testcase classname="org.artifactory.addon.cocoapods.rest.handler.CocoaPodsHeadGetTest" name="testGitFetchPodLocal" time="0.006"/>
  <testcase classname="org.artifactory.addon.cocoapods.rest.handler.CocoaPodsHeadGetTest" name="testDownloadTagRemote" time="0.004"/>
</testsuite> <!-- org.artifactory.addon.cocoapods.rest.handler.CocoaPodsHeadGetTest -->
