<?xml version="1.0" encoding="UTF-8"?>
<!-- Generated by org.testng.reporters.JUnitReportReporter -->
<testsuite ignored="0" hostname="fc3c13788461" failures="0" tests="2" name="org.artifactory.addon.distribution.DistributionAddonImplTest" time="7.652" errors="0" timestamp="25 Oct 2021 16:07:02 GMT" skipped="0">
  <testcase classname="org.artifactory.addon.distribution.DistributionAddonImplTest" name="testBlockedArtifactXrayStatus" time="1.416"/>
  <testcase classname="org.artifactory.addon.distribution.DistributionAddonImplTest" name="testBlockedArtifactXrayStatus" time="6.236"/>
</testsuite> <!-- org.artifactory.addon.distribution.DistributionAddonImplTest -->
