<?xml version="1.0" encoding="UTF-8"?>
<!-- Generated by org.testng.reporters.JUnitReportReporter -->
<testsuite ignored="0" hostname="fc3c13788461" failures="0" tests="28" name="org.artifactory.addon.conan.common.ConanPropertiesUtilsTest" time="0.221" errors="0" timestamp="25 Oct 2021 16:06:33 GMT" skipped="0">
  <testcase classname="org.artifactory.addon.conan.common.ConanPropertiesUtilsTest" name="testIsNameOrVersionDifferent" time="0.000"/>
  <testcase classname="org.artifactory.addon.conan.common.ConanPropertiesUtilsTest" name="testIsUserOrChannelDifferent" time="0.001"/>
  <testcase classname="org.artifactory.addon.conan.common.ConanPropertiesUtilsTest" name="testIsNameOrVersionDifferent" time="0.001"/>
  <testcase classname="org.artifactory.addon.conan.common.ConanPropertiesUtilsTest" name="testIsNameOrVersionDifferent" time="0.000"/>
  <testcase classname="org.artifactory.addon.conan.common.ConanPropertiesUtilsTest" name="testIsUserOrChannelDifferent" time="0.001"/>
  <testcase classname="org.artifactory.addon.conan.common.ConanPropertiesUtilsTest" name="testIsUserOrChannelDifferent" time="0.000"/>
  <testcase classname="org.artifactory.addon.conan.common.ConanPropertiesUtilsTest" name="testIsNameOrVersionDifferent" time="0.006"/>
  <testcase classname="org.artifactory.addon.conan.common.ConanPropertiesUtilsTest" name="testIsUserOrChannelDifferent" time="0.000"/>
  <testcase classname="org.artifactory.addon.conan.common.ConanPropertiesUtilsTest" name="testIsNameOrVersionDifferent" time="0.000"/>
  <testcase classname="org.artifactory.addon.conan.common.ConanPropertiesUtilsTest" name="testIsNameOrVersionDifferent" time="0.007"/>
  <testcase classname="org.artifactory.addon.conan.common.ConanPropertiesUtilsTest" name="testNonDefaultLayouts" time="0.000"/>
  <testcase classname="org.artifactory.addon.conan.common.ConanPropertiesUtilsTest" name="testNonDefaultLayouts" time="0.047"/>
  <testcase classname="org.artifactory.addon.conan.common.ConanPropertiesUtilsTest" name="testGetChannel" time="0.000"/>
  <testcase classname="org.artifactory.addon.conan.common.ConanPropertiesUtilsTest" name="testNonDefaultLayouts" time="0.000"/>
  <testcase classname="org.artifactory.addon.conan.common.ConanPropertiesUtilsTest" name="testNonDefaultLayouts" time="0.000"/>
  <testcase classname="org.artifactory.addon.conan.common.ConanPropertiesUtilsTest" name="testIsNameOrVersionDifferent" time="0.000"/>
  <testcase classname="org.artifactory.addon.conan.common.ConanPropertiesUtilsTest" name="testIsUserOrChannelDifferent" time="0.000"/>
  <testcase classname="org.artifactory.addon.conan.common.ConanPropertiesUtilsTest" name="testIsUserOrChannelDifferent" time="0.000"/>
  <testcase classname="org.artifactory.addon.conan.common.ConanPropertiesUtilsTest" name="testIsNameOrVersionDifferent" time="0.000"/>
  <testcase classname="org.artifactory.addon.conan.common.ConanPropertiesUtilsTest" name="testIsUserOrChannelDifferent" time="0.000"/>
  <testcase classname="org.artifactory.addon.conan.common.ConanPropertiesUtilsTest" name="testIsUserOrChannelDifferent" time="0.008"/>
  <testcase classname="org.artifactory.addon.conan.common.ConanPropertiesUtilsTest" name="testIsUserOrChannelDifferent" time="0.000"/>
  <testcase classname="org.artifactory.addon.conan.common.ConanPropertiesUtilsTest" name="testIsNameOrVersionDifferent" time="0.001"/>
  <testcase classname="org.artifactory.addon.conan.common.ConanPropertiesUtilsTest" name="testIsUserOrChannelDifferent" time="0.000"/>
  <testcase classname="org.artifactory.addon.conan.common.ConanPropertiesUtilsTest" name="testDefaultLayouts" time="0.123"/>
  <testcase classname="org.artifactory.addon.conan.common.ConanPropertiesUtilsTest" name="testIsNameOrVersionDifferent" time="0.007"/>
  <testcase classname="org.artifactory.addon.conan.common.ConanPropertiesUtilsTest" name="testGetChannel" time="0.018"/>
  <testcase classname="org.artifactory.addon.conan.common.ConanPropertiesUtilsTest" name="testIsNameOrVersionDifferent" time="0.001"/>
</testsuite> <!-- org.artifactory.addon.conan.common.ConanPropertiesUtilsTest -->
