<?xml version="1.0" encoding="UTF-8"?>
<!-- Generated by org.testng.reporters.JUnitReportReporter -->
<testsuite ignored="0" hostname="fc3c13788461" failures="0" tests="3" name="org.artifactory.addon.pub.expirable.PubIndexCheckerTest" time="0.615" errors="0" timestamp="25 Oct 2021 16:07:41 GMT" skipped="0">
  <testcase classname="org.artifactory.addon.pub.expirable.PubIndexCheckerTest" name="testIsExpirable" time="0.611"/>
  <testcase classname="org.artifactory.addon.pub.expirable.PubIndexCheckerTest" name="testsShouldExcludePropertyFromMirroring" time="0.004"/>
  <testcase classname="org.artifactory.addon.pub.expirable.PubIndexCheckerTest" name="testIsLocalGenerated" time="0.000"/>
</testsuite> <!-- org.artifactory.addon.pub.expirable.PubIndexCheckerTest -->
