<?xml version="1.0" encoding="UTF-8"?>
<!-- Generated by org.testng.reporters.JUnitReportReporter -->
<testsuite ignored="1" hostname="fc3c13788461" failures="0" tests="48" name="org.artifactory.addon.docker.rest.v2.DockerV2RemoteRepoHandlerTest" time="5.879" errors="0" timestamp="25 Oct 2021 16:05:04 GMT" skipped="0">
  <testcase classname="org.artifactory.addon.docker.rest.v2.DockerV2RemoteRepoHandlerTest" name="testBuildUrlFromParams" time="0.056"/>
  <testcase classname="org.artifactory.addon.docker.rest.v2.DockerV2RemoteRepoHandlerTest" name="testMaxRequestsReached" time="0.043"/>
  <testcase classname="org.artifactory.addon.docker.rest.v2.DockerV2RemoteRepoHandlerTest" name="testMissingManifestBlobsAndMarkersSchema1" time="0.019"/>
  <testcase classname="org.artifactory.addon.docker.rest.v2.DockerV2RemoteRepoHandlerTest" name="testGetCatalogAvoidInfiniteLoop" time="0.043"/>
  <testcase classname="org.artifactory.addon.docker.rest.v2.DockerV2RemoteRepoHandlerTest" name="testPopulateRequestHeadersWithOnlySchema1Headers" time="0.043"/>
  <testcase classname="org.artifactory.addon.docker.rest.v2.DockerV2RemoteRepoHandlerTest" name="getTagsNotAskForCacheNoNPEUrlsIsNull" time="0.052"/>
  <testcase classname="org.artifactory.addon.docker.rest.v2.DockerV2RemoteRepoHandlerTest" name="getTagsNotAskForCacheUrlsEmpty" time="0.142"/>
  <testcase classname="org.artifactory.addon.docker.rest.v2.DockerV2RemoteRepoHandlerTest" name="testMissingManifestBlobsAndMarkersSchema1" time="0.042"/>
  <testcase classname="org.artifactory.addon.docker.rest.v2.DockerV2RemoteRepoHandlerTest" name="testPopulateRequestHeadersWithOnlySchema2Header" time="0.046"/>
  <testcase classname="org.artifactory.addon.docker.rest.v2.DockerV2RemoteRepoHandlerTest" name="testGetManifestNotFound" time="0.545"/>
  <testcase classname="org.artifactory.addon.docker.rest.v2.DockerV2RemoteRepoHandlerTest" name="testGetManifestWithHeadFailureOnTooManyRequests" time="0.042"/>
  <testcase classname="org.artifactory.addon.docker.rest.v2.DockerV2RemoteRepoHandlerTest" name="testGetManifestFoundInCache" time="0.021"/>
  <testcase classname="org.artifactory.addon.docker.rest.v2.DockerV2RemoteRepoHandlerTest" name="testGetManifestFoundInCache" time="0.044"/>
  <testcase classname="org.artifactory.addon.docker.rest.v2.DockerV2RemoteRepoHandlerTest" name="testReturnResponseGettingManifest" time="0.186"/>
  <testcase classname="org.artifactory.addon.docker.rest.v2.DockerV2RemoteRepoHandlerTest" name="testBuildUrlFromLink" time="0.045"/>
  <testcase classname="org.artifactory.addon.docker.rest.v2.DockerV2RemoteRepoHandlerTest" name="createArtifactoryBlobHeadRequestForAnyRemote" time="0.674"/>
  <testcase classname="org.artifactory.addon.docker.rest.v2.DockerV2RemoteRepoHandlerTest" name="catalogNotAskForCacheNoNPEUrlsIsNull" time="0.092"/>
  <testcase classname="org.artifactory.addon.docker.rest.v2.DockerV2RemoteRepoHandlerTest" name="testAddPropsIfNotNeeded" time="0.086"/>
  <testcase classname="org.artifactory.addon.docker.rest.v2.DockerV2RemoteRepoHandlerTest" name="catalogNotAskForCacheUrlsEmpty" time="0.160"/>
  <testcase classname="org.artifactory.addon.docker.rest.v2.DockerV2RemoteRepoHandlerTest" name="testPopulateRequestHeadersWithoutSchema1Types" time="0.057"/>
  <testcase classname="org.artifactory.addon.docker.rest.v2.DockerV2RemoteRepoHandlerTest" name="testPopulateRequestHeadersWithoutAnyHeaders" time="0.104"/>
  <testcase classname="org.artifactory.addon.docker.rest.v2.DockerV2RemoteRepoHandlerTest" name="createArtifactoryBlobHeadRequestForAnyRemote" time="0.065"/>
  <testcase classname="org.artifactory.addon.docker.rest.v2.DockerV2RemoteRepoHandlerTest" name="testGetManifestFoundInCache" time="0.061"/>
  <testcase classname="org.artifactory.addon.docker.rest.v2.DockerV2RemoteRepoHandlerTest" name="testGetManifestFoundInRemote" time="0.060"/>
  <testcase classname="org.artifactory.addon.docker.rest.v2.DockerV2RemoteRepoHandlerTest" name="createArtifactoryManifestRequestWithHead" time="0.060"/>
  <testcase classname="org.artifactory.addon.docker.rest.v2.DockerV2RemoteRepoHandlerTest" name="testMaxRequestsReached" time="0.048"/>
  <testcase classname="org.artifactory.addon.docker.rest.v2.DockerV2RemoteRepoHandlerTest" name="testGetManifestFoundInCache" time="0.030"/>
  <testcase classname="org.artifactory.addon.docker.rest.v2.DockerV2RemoteRepoHandlerTest" name="getTagsAskForCacheOneUrl" time="0.104"/>
  <testcase classname="org.artifactory.addon.docker.rest.v2.DockerV2RemoteRepoHandlerTest" name="testCreateManifestMarkersWhenAllBlobExists" time="0.064"/>
  <testcase classname="org.artifactory.addon.docker.rest.v2.DockerV2RemoteRepoHandlerTest" name="testMaxRequestsReached" time="0.072"/>
  <testcase classname="org.artifactory.addon.docker.rest.v2.DockerV2RemoteRepoHandlerTest" name="catalogAskForCacheOneUrl" time="1.651"/>
  <testcase classname="org.artifactory.addon.docker.rest.v2.DockerV2RemoteRepoHandlerTest" name="createArtifactoryBlobHeadRequestForAnyRemote" time="0.044"/>
  <testcase classname="org.artifactory.addon.docker.rest.v2.DockerV2RemoteRepoHandlerTest" name="getTagsNoAskForCacheRepoNotOffline" time="0.041"/>
  <testcase classname="org.artifactory.addon.docker.rest.v2.DockerV2RemoteRepoHandlerTest" name="testGetManifestFoundInCache" time="0.036"/>
  <testcase classname="org.artifactory.addon.docker.rest.v2.DockerV2RemoteRepoHandlerTest" name="testIsBlobExistsForEmptyLayer" time="0.053"/>
  <testcase classname="org.artifactory.addon.docker.rest.v2.DockerV2RemoteRepoHandlerTest" name="testMissingManifestBlobsAndMarkersSchema2" time="0.033"/>
  <testcase classname="org.artifactory.addon.docker.rest.v2.DockerV2RemoteRepoHandlerTest" name="testBuildUrlFromLink" time="0.028"/>
  <testcase classname="org.artifactory.addon.docker.rest.v2.DockerV2RemoteRepoHandlerTest" name="testMaxRequestsReached" time="0.060"/>
  <testcase classname="org.artifactory.addon.docker.rest.v2.DockerV2RemoteRepoHandlerTest" name="testMaxRequestsReached" time="0.056"/>
  <testcase classname="org.artifactory.addon.docker.rest.v2.DockerV2RemoteRepoHandlerTest" name="getTagsNotAskForCacheNoNPERepoUrlsNull" time="0.037"/>
  <testcase classname="org.artifactory.addon.docker.rest.v2.DockerV2RemoteRepoHandlerTest" name="testBuildUrlFromParams" time="0.042"/>
  <testcase classname="org.artifactory.addon.docker.rest.v2.DockerV2RemoteRepoHandlerTest" name="testBuildUrlFromLink" time="0.037"/>
  <testcase classname="org.artifactory.addon.docker.rest.v2.DockerV2RemoteRepoHandlerTest" name="testCreateManifestMarkers" time="0.106"/>
  <testcase classname="org.artifactory.addon.docker.rest.v2.DockerV2RemoteRepoHandlerTest" name="testResponseGettingManifestNotModified" time="0.247"/>
  <testcase classname="org.artifactory.addon.docker.rest.v2.DockerV2RemoteRepoHandlerTest" name="testGetManifestFoundInCache" time="0.175"/>
  <testcase classname="org.artifactory.addon.docker.rest.v2.DockerV2RemoteRepoHandlerTest" name="createArtifactoryManifestRequestWithHead" time="0.051"/>
  <testcase classname="org.artifactory.addon.docker.rest.v2.DockerV2RemoteRepoHandlerTest" name="testGetBlobForEmptyLayer" time="0.040"/>
  <testcase classname="org.artifactory.addon.docker.rest.v2.DockerV2RemoteRepoHandlerTest" name="testMissingManifestBlobsAndMarkersSchema2" time="0.036"/>
  <testcase classname="org.artifactory.addon.docker.indexer.CatalogIndexWorkItemTest" name="testDupWorkItemsHandledOnlyOnceMultithreaded">
    <skipped/>
  </testcase> <!-- testDupWorkItemsHandledOnlyOnceMultithreaded -->
</testsuite> <!-- org.artifactory.addon.docker.rest.v2.DockerV2RemoteRepoHandlerTest -->
