<?xml version="1.0" encoding="UTF-8"?>
<!-- Generated by org.testng.reporters.JUnitReportReporter -->
<testsuite ignored="0" hostname="fc3c13788461" failures="0" tests="2" name="org.artifactory.addon.observability.ObservabilityServiceTest" time="0.213" errors="0" timestamp="25 Oct 2021 16:04:21 GMT" skipped="0">
  <testcase classname="org.artifactory.addon.observability.ObservabilityServiceTest" name="testToObservabilityThrowsInvalidFileFormat" time="0.097"/>
  <testcase classname="org.artifactory.addon.observability.ObservabilityServiceTest" name="testToObservabilityInfoThrowsNullFile" time="0.116"/>
</testsuite> <!-- org.artifactory.addon.observability.ObservabilityServiceTest -->
