<?xml version="1.0" encoding="UTF-8"?>
<!-- Generated by org.testng.reporters.JUnitReportReporter -->
<testsuite ignored="0" hostname="fc3c13788461" failures="0" tests="1" name="org.artifactory.addon.vcs.model.git.parser.GitRefsParserTest" time="0.165" errors="0" timestamp="25 Oct 2021 16:05:59 GMT" skipped="0">
  <testcase classname="org.artifactory.addon.vcs.model.git.parser.GitRefsParserTest" name="testParseJQuery" time="0.165"/>
</testsuite> <!-- org.artifactory.addon.vcs.model.git.parser.GitRefsParserTest -->
