<?xml version="1.0" encoding="UTF-8"?>
<!-- Generated by org.testng.reporters.JUnitReportReporter -->
<testsuite ignored="0" hostname="fc3c13788461" failures="0" tests="12" name="org.artifactory.addon.debian.interceptor.DebianInterceptorLocalTest" time="1.843" errors="0" timestamp="25 Oct 2021 16:08:38 GMT" skipped="0">
  <testcase classname="org.artifactory.addon.debian.interceptor.DebianInterceptorLocalTest" name="onPropertyAddIndexOnlyDebian" time="0.030"/>
  <testcase classname="org.artifactory.addon.debian.interceptor.DebianInterceptorLocalTest" name="deleteInterceptorWithDebianProperties" time="0.055"/>
  <testcase classname="org.artifactory.addon.debian.interceptor.DebianInterceptorLocalTest" name="onPropertyAddSkipIfNotDebian" time="1.064"/>
  <testcase classname="org.artifactory.addon.debian.interceptor.DebianInterceptorLocalTest" name="ensureCopyBehavior" time="0.044"/>
  <testcase classname="org.artifactory.addon.debian.interceptor.DebianInterceptorLocalTest" name="deleteInterceptorWithoutDebianProperties" time="0.038"/>
  <testcase classname="org.artifactory.addon.debian.interceptor.DebianInterceptorLocalTest" name="skipDeleteInterceptorAfterMove" time="0.031"/>
  <testcase classname="org.artifactory.addon.debian.interceptor.DebianInterceptorLocalTest" name="afterCreateNoEventsIfNotDebian" time="0.024"/>
  <testcase classname="org.artifactory.addon.debian.interceptor.DebianInterceptorLocalTest" name="afterCreate" time="0.179"/>
  <testcase classname="org.artifactory.addon.debian.interceptor.DebianInterceptorLocalTest" name="ensureCopyDoesntGenerateEventsIfTargetNotDebian" time="0.035"/>
  <testcase classname="org.artifactory.addon.debian.interceptor.DebianInterceptorLocalTest" name="ensureMoveDoesntGenerateEventIfTargetNotDebian" time="0.025"/>
  <testcase classname="org.artifactory.addon.debian.interceptor.DebianInterceptorLocalTest" name="onPropertyAddIndexIfPropertyRemoved" time="0.293"/>
  <testcase classname="org.artifactory.addon.debian.interceptor.DebianInterceptorLocalTest" name="ensureMoveBehavior" time="0.025"/>
</testsuite> <!-- org.artifactory.addon.debian.interceptor.DebianInterceptorLocalTest -->
