<?xml version="1.0" encoding="UTF-8"?>
<!-- Generated by org.testng.reporters.JUnitReportReporter -->
<testsuite ignored="0" hostname="fc3c13788461" failures="0" tests="9" name="org.artifactory.addon.aol.webapp.AolCoreAddonsTest" time="5.046" errors="0" timestamp="25 Oct 2021 16:11:54 GMT" skipped="0">
  <testcase classname="org.artifactory.addon.aol.webapp.AolCoreAddonsTest" name="testArtifactoryMailUrl" time="0.507"/>
  <testcase classname="org.artifactory.addon.aol.webapp.AolCoreAddonsTest" name="testArtifactoryMailUrl" time="0.193"/>
  <testcase classname="org.artifactory.addon.aol.webapp.AolCoreAddonsTest" name="testArtifactoryMailUrl" time="0.092"/>
  <testcase classname="org.artifactory.addon.aol.webapp.AolCoreAddonsTest" name="testArtifactoryMailUrl" time="3.635"/>
  <testcase classname="org.artifactory.addon.aol.webapp.AolCoreAddonsTest" name="testArtifactoryMailUrl" time="0.186"/>
  <testcase classname="org.artifactory.addon.aol.webapp.AolCoreAddonsTest" name="testArtifactoryMailUrl" time="0.160"/>
  <testcase classname="org.artifactory.addon.aol.webapp.AolCoreAddonsTest" name="testArtifactoryMailUrl" time="0.069"/>
  <testcase classname="org.artifactory.addon.aol.webapp.AolCoreAddonsTest" name="testArtifactoryMailUrl" time="0.112"/>
  <testcase classname="org.artifactory.addon.aol.webapp.AolCoreAddonsTest" name="testArtifactoryMailUrl" time="0.092"/>
</testsuite> <!-- org.artifactory.addon.aol.webapp.AolCoreAddonsTest -->
