<?xml version="1.0" encoding="UTF-8"?>
<!-- Generated by org.testng.reporters.JUnitReportReporter -->
<testsuite ignored="0" hostname="fc3c13788461" failures="0" tests="1" name="org.artifactory.addon.helm.HelmServiceImplTest" time="17.189" errors="0" timestamp="25 Oct 2021 16:07:09 GMT" skipped="0">
  <testcase classname="org.artifactory.addon.helm.HelmServiceImplTest" name="calculateHelmMetadata" time="17.189"/>
</testsuite> <!-- org.artifactory.addon.helm.HelmServiceImplTest -->
