<?xml version="1.0" encoding="UTF-8"?>
<!-- Generated by org.testng.reporters.JUnitReportReporter -->
<testsuite ignored="0" hostname="fc3c13788461" failures="0" tests="11" name="org.artifactory.addon.filestore.eventual.cluster.EventualActionTest" time="0.010" errors="0" timestamp="25 Oct 2021 16:05:54 GMT" skipped="0">
  <testcase classname="org.artifactory.addon.filestore.eventual.cluster.EventualActionTest" name="illegalFilename" time="0.000"/>
  <testcase classname="org.artifactory.addon.filestore.eventual.cluster.EventualActionTest" name="toFileName" time="0.000"/>
  <testcase classname="org.artifactory.addon.filestore.eventual.cluster.EventualActionTest" name="addAction" time="0.000"/>
  <testcase classname="org.artifactory.addon.filestore.eventual.cluster.EventualActionTest" name="addsGetPriorityOverDeletes" time="0.000"/>
  <testcase classname="org.artifactory.addon.filestore.eventual.cluster.EventualActionTest" name="compareDifferentChecksums" time="0.000"/>
  <testcase classname="org.artifactory.addon.filestore.eventual.cluster.EventualActionTest" name="compareIdenticalActions" time="0.000"/>
  <testcase classname="org.artifactory.addon.filestore.eventual.cluster.EventualActionTest" name="illegalAction" time="0.002"/>
  <testcase classname="org.artifactory.addon.filestore.eventual.cluster.EventualActionTest" name="illegalTimestamp" time="0.003"/>
  <testcase classname="org.artifactory.addon.filestore.eventual.cluster.EventualActionTest" name="testToString" time="0.005"/>
  <testcase classname="org.artifactory.addon.filestore.eventual.cluster.EventualActionTest" name="compareSameChecksums" time="0.000"/>
  <testcase classname="org.artifactory.addon.filestore.eventual.cluster.EventualActionTest" name="deleteAction" time="0.000"/>
</testsuite> <!-- org.artifactory.addon.filestore.eventual.cluster.EventualActionTest -->
