<?xml version="1.0" encoding="UTF-8"?>
<!-- Generated by org.testng.reporters.JUnitReportReporter -->
<testsuite ignored="0" hostname="fc3c13788461" failures="0" tests="3" name="org.artifactory.addon.conan.rest.ConanHeadGetTest" time="11.121" errors="0" timestamp="25 Oct 2021 16:06:42 GMT" skipped="0">
  <testcase classname="org.artifactory.addon.conan.rest.ConanHeadGetTest" name="testDownloadLocalUpDownConanHandler" time="0.396"/>
  <testcase classname="org.artifactory.addon.conan.rest.ConanHeadGetTest" name="testDownloadFile" time="1.073"/>
  <testcase classname="org.artifactory.addon.conan.rest.ConanHeadGetTest" name="testDownloadLocalUpDownConanHandler" time="9.652"/>
</testsuite> <!-- org.artifactory.addon.conan.rest.ConanHeadGetTest -->
