<?xml version="1.0" encoding="UTF-8"?>
<!-- Generated by org.testng.reporters.JUnitReportReporter -->
<testsuite ignored="1" hostname="fc3c13788461" failures="0" tests="10" name="org.artifactory.addon.docker.rest.v2.repo.expirable.DockerTagsIndexCheckerTest" time="0.202" errors="0" timestamp="25 Oct 2021 16:05:04 GMT" skipped="0">
  <testcase classname="org.artifactory.addon.docker.rest.v2.repo.expirable.DockerTagsIndexCheckerTest" name="testIsLocalGeneratedThreadSafe" time="0.006"/>
  <testcase classname="org.artifactory.addon.docker.rest.v2.repo.expirable.DockerTagsIndexCheckerTest" name="testIsLocalGeneratedThreadSafe" time="0.004"/>
  <testcase classname="org.artifactory.addon.docker.rest.v2.repo.expirable.DockerTagsIndexCheckerTest" name="testIsLocalGenerated" time="0.000"/>
  <testcase classname="org.artifactory.addon.docker.rest.v2.repo.expirable.DockerTagsIndexCheckerTest" name="testShouldExcludePropertyOnReplication" time="0.000"/>
  <testcase classname="org.artifactory.addon.docker.rest.v2.repo.expirable.DockerTagsIndexCheckerTest" name="testIsMetaData" time="0.030"/>
  <testcase classname="org.artifactory.addon.docker.rest.v2.repo.expirable.DockerTagsIndexCheckerTest" name="testIsLocalGeneratedThreadSafe" time="0.007"/>
  <testcase classname="org.artifactory.addon.docker.rest.v2.repo.expirable.DockerTagsIndexCheckerTest" name="testIsLocalGeneratedThreadSafe" time="0.032"/>
  <testcase classname="org.artifactory.addon.docker.rest.v2.repo.expirable.DockerTagsIndexCheckerTest" name="testIsLocalGeneratedThreadSafe" time="0.004"/>
  <testcase classname="org.artifactory.addon.docker.rest.v2.repo.expirable.DockerTagsIndexCheckerTest" name="testIsLocalGeneratedThreadSafe" time="0.008"/>
  <testcase classname="org.artifactory.addon.docker.rest.v2.repo.expirable.DockerTagsIndexCheckerTest" name="testIsPathExpirable" time="0.111"/>
  <testcase classname="org.artifactory.addon.docker.indexer.CatalogIndexWorkItemTest" name="testDupWorkItemsHandledOnlyOnceMultithreaded">
    <skipped/>
  </testcase> <!-- testDupWorkItemsHandledOnlyOnceMultithreaded -->
</testsuite> <!-- org.artifactory.addon.docker.rest.v2.repo.expirable.DockerTagsIndexCheckerTest -->
