<?xml version="1.0" encoding="UTF-8"?>
<!-- Generated by org.testng.reporters.JUnitReportReporter -->
<testsuite ignored="0" hostname="fc3c13788461" failures="0" tests="3" name="org.artifactory.addon.nuget.search.delegate.id.FindPackagesByIdFeedRequestDelegateTest" time="8.753" errors="0" timestamp="25 Oct 2021 16:05:05 GMT" skipped="0">
  <testcase classname="org.artifactory.addon.nuget.search.delegate.id.FindPackagesByIdFeedRequestDelegateTest" name="testExtractPartialPageFromFeed" time="0.227"/>
  <testcase classname="org.artifactory.addon.nuget.search.delegate.id.FindPackagesByIdFeedRequestDelegateTest" name="testExtractLastPageFromFeed" time="0.234"/>
  <testcase classname="org.artifactory.addon.nuget.search.delegate.id.FindPackagesByIdFeedRequestDelegateTest" name="testExtractFirstPageFromFeed" time="8.292"/>
</testsuite> <!-- org.artifactory.addon.nuget.search.delegate.id.FindPackagesByIdFeedRequestDelegateTest -->
