<?xml version="1.0" encoding="UTF-8"?>
<!-- Generated by org.testng.reporters.JUnitReportReporter -->
<testsuite ignored="0" hostname="fc3c13788461" failures="0" tests="2" name="org.artifactory.addon.pypi.expirable.PypiIndexCheckerTest" time="0.640" errors="0" timestamp="25 Oct 2021 16:06:07 GMT" skipped="0">
  <testcase classname="org.artifactory.addon.pypi.expirable.PypiIndexCheckerTest" name="testIsPathExpirable" time="0.629"/>
  <testcase classname="org.artifactory.addon.pypi.expirable.PypiIndexCheckerTest" name="testShouldExcludePropertyOnReplication" time="0.011"/>
</testsuite> <!-- org.artifactory.addon.pypi.expirable.PypiIndexCheckerTest -->
