<?xml version="1.0" encoding="UTF-8"?>
<!-- Generated by org.testng.reporters.JUnitReportReporter -->
<testsuite ignored="0" hostname="fc3c13788461" failures="0" tests="2" name="org.artifactory.addon.pypi.repo.PypiRemoteRepoHandlerTest" time="2.659" errors="0" timestamp="25 Oct 2021 16:06:08 GMT" skipped="0">
  <testcase classname="org.artifactory.addon.pypi.repo.PypiRemoteRepoHandlerTest" name="testNullIndex" time="0.241"/>
  <testcase classname="org.artifactory.addon.pypi.repo.PypiRemoteRepoHandlerTest" name="testIndexWithNoVersions" time="2.418"/>
</testsuite> <!-- org.artifactory.addon.pypi.repo.PypiRemoteRepoHandlerTest -->
