<?xml version="1.0" encoding="UTF-8"?>
<!-- Generated by org.testng.reporters.JUnitReportReporter -->
<testsuite ignored="0" hostname="fc3c13788461" failures="0" tests="28" name="org.artifactory.addon.filestore.type.s3.S3SignedUrlRedirectServiceTest" time="6.805" errors="0" timestamp="25 Oct 2021 16:05:53 GMT" skipped="0">
  <testcase classname="org.artifactory.addon.filestore.type.s3.S3SignedUrlRedirectServiceTest" name="testGetSignedUrlWithCdnRedirectOnPrem" time="0.074"/>
  <testcase classname="org.artifactory.addon.filestore.type.s3.S3SignedUrlRedirectServiceTest" name="testCalcRedirectTypeWithRegularS3RedirectOnPrem" time="0.068"/>
  <testcase classname="org.artifactory.addon.filestore.type.s3.S3SignedUrlRedirectServiceTest" name="testCalcRedirectTypeWithCdnRedirectOnPremManualHeaderOverride" time="0.055"/>
  <testcase classname="org.artifactory.addon.filestore.type.s3.S3SignedUrlRedirectServiceTest" name="testGetSignedUrlWithCdnRedirectAOL" time="0.381"/>
  <testcase classname="org.artifactory.addon.filestore.type.s3.S3SignedUrlRedirectServiceTest" name="testGetSignedUrlWithRegularCdnConfiguredOnPermNoManualRedirect" time="0.253"/>
  <testcase classname="org.artifactory.addon.filestore.type.s3.S3SignedUrlRedirectServiceTest" name="testCalcRedirectTypeWithRegularS3RedirectAOLManualRedirect" time="0.032"/>
  <testcase classname="org.artifactory.addon.filestore.type.s3.S3SignedUrlRedirectServiceTest" name="testCalcRedirectTypeTryDirectThatISNotSupported" time="0.064"/>
  <testcase classname="org.artifactory.addon.filestore.type.s3.S3SignedUrlRedirectServiceTest" name="testGetSignedUrlWithCdnRedirectOnPremManualHeaderOverride" time="0.070"/>
  <testcase classname="org.artifactory.addon.filestore.type.s3.S3SignedUrlRedirectServiceTest" name="testStoreTeamParameters" time="0.046"/>
  <testcase classname="org.artifactory.addon.filestore.type.s3.S3SignedUrlRedirectServiceTest" name="testCalcRedirectTypeWithCdnRedirectAOL" time="0.106"/>
  <testcase classname="org.artifactory.addon.filestore.type.s3.S3SignedUrlRedirectServiceTest" name="testCalcRedirectTypeWithCdnRedirectOnPrem" time="0.062"/>
  <testcase classname="org.artifactory.addon.filestore.type.s3.S3SignedUrlRedirectServiceTest" name="testStoreTeamParameters" time="0.236"/>
  <testcase classname="org.artifactory.addon.filestore.type.s3.S3SignedUrlRedirectServiceTest" name="testGetSignedUrlWithRegularCdnConfiguredIsAOLNoManualRedirect" time="0.044"/>
  <testcase classname="org.artifactory.addon.filestore.type.s3.S3SignedUrlRedirectServiceTest" name="testSkipContentDisposition" time="0.170"/>
  <testcase classname="org.artifactory.addon.filestore.type.s3.S3SignedUrlRedirectServiceTest" name="testStoreTeamParameters" time="0.039"/>
  <testcase classname="org.artifactory.addon.filestore.type.s3.S3SignedUrlRedirectServiceTest" name="testGetSignedUrlTryCdnWhenItIsNotConfigured_AOL" time="1.319"/>
  <testcase classname="org.artifactory.addon.filestore.type.s3.S3SignedUrlRedirectServiceTest" name="testGetSignedUrlWithRegularCdnConfiguredIsAOLManualRedirect" time="0.024"/>
  <testcase classname="org.artifactory.addon.filestore.type.s3.S3SignedUrlRedirectServiceTest" name="testGetSignedUrlWithRegularS3RedirectAOLManualRedirect" time="0.111"/>
  <testcase classname="org.artifactory.addon.filestore.type.s3.S3SignedUrlRedirectServiceTest" name="testCalcRedirectTypeTryCdnWhenItIsNotConfigured_AOL" time="0.055"/>
  <testcase classname="org.artifactory.addon.filestore.type.s3.S3SignedUrlRedirectServiceTest" name="testIsCloudFrontConfigured" time="0.069"/>
  <testcase classname="org.artifactory.addon.filestore.type.s3.S3SignedUrlRedirectServiceTest" name="testGetSignedUrlTryDirectThatISNotSupported" time="0.043"/>
  <testcase classname="org.artifactory.addon.filestore.type.s3.S3SignedUrlRedirectServiceTest" name="testGetSignedUrlWithRegularS3RedirectAOLNoManualRedirect" time="0.049"/>
  <testcase classname="org.artifactory.addon.filestore.type.s3.S3SignedUrlRedirectServiceTest" name="testCalcRedirectTypeCdnConfiguredButUseS3_AOL" time="1.239"/>
  <testcase classname="org.artifactory.addon.filestore.type.s3.S3SignedUrlRedirectServiceTest" name="testGetSignedUrlWithRegularS3RedirectOnPrem" time="0.029"/>
  <testcase classname="org.artifactory.addon.filestore.type.s3.S3SignedUrlRedirectServiceTest" name="testGetSignedUrlCdnConfiguredButUseS3_AOL" time="0.391"/>
  <testcase classname="org.artifactory.addon.filestore.type.s3.S3SignedUrlRedirectServiceTest" name="testGetSignedUrlWithRegularCdnConfiguredOnPermManualRedirect" time="0.119"/>
  <testcase classname="org.artifactory.addon.filestore.type.s3.S3SignedUrlRedirectServiceTest" name="testStoreTeamParameters" time="0.059"/>
  <testcase classname="org.artifactory.addon.filestore.type.s3.S3SignedUrlRedirectServiceTest" name="testCalcRedirectTypeWithRegularS3RedirectAOL" time="1.598"/>
</testsuite> <!-- org.artifactory.addon.filestore.type.s3.S3SignedUrlRedirectServiceTest -->
