<?xml version="1.0" encoding="UTF-8"?>
<!-- Generated by org.testng.reporters.JUnitReportReporter -->
<testsuite ignored="0" hostname="fc3c13788461" failures="0" tests="62" name="org.artifactory.addon.conda.CondaServiceImplTest" time="9.457" errors="0" timestamp="25 Oct 2021 16:07:35 GMT" skipped="0">
  <testcase classname="org.artifactory.addon.conda.CondaServiceImplTest" name="testGetAssociatedVirtualRepos" time="0.215"/>
  <testcase classname="org.artifactory.addon.conda.CondaServiceImplTest" name="testIsInterested" time="0.014"/>
  <testcase classname="org.artifactory.addon.conda.CondaServiceImplTest" name="testIsInterested" time="0.016"/>
  <testcase classname="org.artifactory.addon.conda.CondaServiceImplTest" name="testIsInterested" time="0.013"/>
  <testcase classname="org.artifactory.addon.conda.CondaServiceImplTest" name="testIsInterested" time="0.020"/>
  <testcase classname="org.artifactory.addon.conda.CondaServiceImplTest" name="testIsPackageExistsInLocalRepo" time="0.028"/>
  <testcase classname="org.artifactory.addon.conda.CondaServiceImplTest" name="testReadVirtualRepoDataWithoutCache" time="0.012"/>
  <testcase classname="org.artifactory.addon.conda.CondaServiceImplTest" name="testUpdateVirtualRepositoriesRepodata" time="0.088"/>
  <testcase classname="org.artifactory.addon.conda.CondaServiceImplTest" name="testIsUpgradedTo" time="0.019"/>
  <testcase classname="org.artifactory.addon.conda.CondaServiceImplTest" name="testIsUpgradedTo" time="0.026"/>
  <testcase classname="org.artifactory.addon.conda.CondaServiceImplTest" name="testIsInterested" time="0.046"/>
  <testcase classname="org.artifactory.addon.conda.CondaServiceImplTest" name="testPersistBothMetadataFiles" time="0.051"/>
  <testcase classname="org.artifactory.addon.conda.CondaServiceImplTest" name="testIsInterested" time="0.025"/>
  <testcase classname="org.artifactory.addon.conda.CondaServiceImplTest" name="testIsInterested" time="0.043"/>
  <testcase classname="org.artifactory.addon.conda.CondaServiceImplTest" name="testRemovePackageToVirtualRepoMetadata" time="0.135"/>
  <testcase classname="org.artifactory.addon.conda.CondaServiceImplTest" name="testAddEventToEventMap" time="0.533"/>
  <testcase classname="org.artifactory.addon.conda.CondaServiceImplTest" name="testAddEventToEventMapOnRoot" time="0.017"/>
  <testcase classname="org.artifactory.addon.conda.CondaServiceImplTest" name="testReadVirtualRepoDataWithCache" time="0.066"/>
  <testcase classname="org.artifactory.addon.conda.CondaServiceImplTest" name="testIsCondaRepository" time="0.119"/>
  <testcase classname="org.artifactory.addon.conda.CondaServiceImplTest" name="testIsCondaRepository" time="0.031"/>
  <testcase classname="org.artifactory.addon.conda.CondaServiceImplTest" name="testIsUpgradedTo" time="0.019"/>
  <testcase classname="org.artifactory.addon.conda.CondaServiceImplTest" name="testIsInterested" time="0.027"/>
  <testcase classname="org.artifactory.addon.conda.CondaServiceImplTest" name="testIsUpgradedTo" time="0.021"/>
  <testcase classname="org.artifactory.addon.conda.CondaServiceImplTest" name="testIsUpgradedTo" time="0.016"/>
  <testcase classname="org.artifactory.addon.conda.CondaServiceImplTest" name="testIsUpgradedTo" time="0.010"/>
  <testcase classname="org.artifactory.addon.conda.CondaServiceImplTest" name="testIsInterested" time="0.011"/>
  <testcase classname="org.artifactory.addon.conda.CondaServiceImplTest" name="testGetAssociatedVirtualReposByRepoKey" time="0.015"/>
  <testcase classname="org.artifactory.addon.conda.CondaServiceImplTest" name="testIsInterested" time="0.013"/>
  <testcase classname="org.artifactory.addon.conda.CondaServiceImplTest" name="testIsCondaRepository" time="0.023"/>
  <testcase classname="org.artifactory.addon.conda.CondaServiceImplTest" name="testReindexInvalidRepoType" time="0.018"/>
  <testcase classname="org.artifactory.addon.conda.CondaServiceImplTest" name="testIsUpgradedTo" time="0.016"/>
  <testcase classname="org.artifactory.addon.conda.CondaServiceImplTest" name="testIsInterested" time="3.906"/>
  <testcase classname="org.artifactory.addon.conda.CondaServiceImplTest" name="testIsPackageExistsInRemoteRepo" time="0.218"/>
  <testcase classname="org.artifactory.addon.conda.CondaServiceImplTest" name="testIsUpgradedTo" time="0.013"/>
  <testcase classname="org.artifactory.addon.conda.CondaServiceImplTest" name="testRequestMetadataCalculationAddsEventToMap" time="0.013"/>
  <testcase classname="org.artifactory.addon.conda.CondaServiceImplTest" name="testIsInterested" time="0.033"/>
  <testcase classname="org.artifactory.addon.conda.CondaServiceImplTest" name="testAddPackageToVirtualRepoMetadataNullPackageMetadata" time="0.017"/>
  <testcase classname="org.artifactory.addon.conda.CondaServiceImplTest" name="testSyncReindex" time="0.034"/>
  <testcase classname="org.artifactory.addon.conda.CondaServiceImplTest" name="testConvert" time="0.018"/>
  <testcase classname="org.artifactory.addon.conda.CondaServiceImplTest" name="testAddPackageToVirtualRepoMetadata" time="0.261"/>
  <testcase classname="org.artifactory.addon.conda.CondaServiceImplTest" name="testGetCondaMetadataModel" time="0.202"/>
  <testcase classname="org.artifactory.addon.conda.CondaServiceImplTest" name="testIsUpgradedTo" time="0.018"/>
  <testcase classname="org.artifactory.addon.conda.CondaServiceImplTest" name="testReadVirtualRepoDataWithCache" time="0.649"/>
  <testcase classname="org.artifactory.addon.conda.CondaServiceImplTest" name="testUpdateAssociatedVirtualRepositoriesMetadataOnAdd" time="0.047"/>
  <testcase classname="org.artifactory.addon.conda.CondaServiceImplTest" name="testReadVirtualRepoDataWithoutCache" time="0.020"/>
  <testcase classname="org.artifactory.addon.conda.CondaServiceImplTest" name="testIsCondaRepository" time="0.020"/>
  <testcase classname="org.artifactory.addon.conda.CondaServiceImplTest" name="testConvert" time="0.044"/>
  <testcase classname="org.artifactory.addon.conda.CondaServiceImplTest" name="testUpdateAssociatedVirtualRepositoriesMetadataOnRemove" time="0.088"/>
  <testcase classname="org.artifactory.addon.conda.CondaServiceImplTest" name="testAsyncReindex" time="0.032"/>
  <testcase classname="org.artifactory.addon.conda.CondaServiceImplTest" name="testIsInterested" time="0.010"/>
  <testcase classname="org.artifactory.addon.conda.CondaServiceImplTest" name="testIsUpgradedTo" time="0.042"/>
  <testcase classname="org.artifactory.addon.conda.CondaServiceImplTest" name="testRemoveEventAndRecalculationRequest" time="0.012"/>
  <testcase classname="org.artifactory.addon.conda.CondaServiceImplTest" name="testIndexEventToWorkItemOnRoot" time="0.009"/>
  <testcase classname="org.artifactory.addon.conda.CondaServiceImplTest" name="testReindexWithNullRepo" time="1.902"/>
  <testcase classname="org.artifactory.addon.conda.CondaServiceImplTest" name="testIsInterested" time="0.010"/>
  <testcase classname="org.artifactory.addon.conda.CondaServiceImplTest" name="testIsInterested" time="0.012"/>
  <testcase classname="org.artifactory.addon.conda.CondaServiceImplTest" name="testIsInterested" time="0.044"/>
  <testcase classname="org.artifactory.addon.conda.CondaServiceImplTest" name="testIndexEventToWorkItemWithPath" time="0.017"/>
  <testcase classname="org.artifactory.addon.conda.CondaServiceImplTest" name="testAddPackageToVirtualRepoMetadataValidPackage" time="0.015"/>
  <testcase classname="org.artifactory.addon.conda.CondaServiceImplTest" name="testIsUpgradedTo" time="0.013"/>
  <testcase classname="org.artifactory.addon.conda.CondaServiceImplTest" name="testRemovePackageToVirtualRepoMetadata" time="0.020"/>
  <testcase classname="org.artifactory.addon.conda.CondaServiceImplTest" name="testIsUpgradedTo" time="0.012"/>
</testsuite> <!-- org.artifactory.addon.conda.CondaServiceImplTest -->
