<?xml version="1.0" encoding="UTF-8"?>
<!-- Generated by org.testng.reporters.JUnitReportReporter -->
<testsuite ignored="0" hostname="fc3c13788461" failures="0" tests="37" name="org.artifactory.addon.replication.core.push.runnable.PushReplicationStatsChangeRunnableTest" time="3.656" errors="0" timestamp="25 Oct 2021 16:10:12 GMT" skipped="0">
  <testcase classname="org.artifactory.addon.replication.core.push.runnable.PushReplicationStatsChangeRunnableTest" name="testFailureInStatsReplicationNoErrorToTheQueue" time="0.308"/>
  <testcase classname="org.artifactory.addon.replication.core.push.runnable.PushReplicationStatsChangeRunnableTest" name="testStatsNotExists" time="0.086"/>
  <testcase classname="org.artifactory.addon.replication.core.push.runnable.PushReplicationStatsChangeRunnableTest" name="testFailureInStatsReplicationNoErrorToTheQueue" time="0.057"/>
  <testcase classname="org.artifactory.addon.replication.core.push.runnable.PushReplicationStatsChangeRunnableTest" name="testFailureInStatsReplicationNoErrorToTheQueue" time="0.083"/>
  <testcase classname="org.artifactory.addon.replication.core.push.runnable.PushReplicationStatsChangeRunnableTest" name="testFailureInStatsReplicationNoErrorToTheQueue" time="0.098"/>
  <testcase classname="org.artifactory.addon.replication.core.push.runnable.PushReplicationStatsChangeRunnableTest" name="testFailureInStatsReplicationNoErrorToTheQueue" time="0.063"/>
  <testcase classname="org.artifactory.addon.replication.core.push.runnable.PushReplicationStatsChangeRunnableTest" name="testStatsNotExists" time="0.161"/>
  <testcase classname="org.artifactory.addon.replication.core.push.runnable.PushReplicationStatsChangeRunnableTest" name="testHttpClientThrowsExceptionDuringReplication" time="0.061"/>
  <testcase classname="org.artifactory.addon.replication.core.push.runnable.PushReplicationStatsChangeRunnableTest" name="testStatsNotExists" time="0.047"/>
  <testcase classname="org.artifactory.addon.replication.core.push.runnable.PushReplicationStatsChangeRunnableTest" name="testFailureInStatsReplicationNoErrorToTheQueue" time="0.096"/>
  <testcase classname="org.artifactory.addon.replication.core.push.runnable.PushReplicationStatsChangeRunnableTest" name="testFailureInStatsReplicationNoErrorToTheQueue" time="0.068"/>
  <testcase classname="org.artifactory.addon.replication.core.push.runnable.PushReplicationStatsChangeRunnableTest" name="testFailureInStatsReplicationNoErrorToTheQueue" time="0.063"/>
  <testcase classname="org.artifactory.addon.replication.core.push.runnable.PushReplicationStatsChangeRunnableTest" name="testFailureInStatsReplicationNoErrorToTheQueue" time="0.118"/>
  <testcase classname="org.artifactory.addon.replication.core.push.runnable.PushReplicationStatsChangeRunnableTest" name="testFailureInStatsReplicationNoErrorToTheQueue" time="0.127"/>
  <testcase classname="org.artifactory.addon.replication.core.push.runnable.PushReplicationStatsChangeRunnableTest" name="testStatsServiceThrowsExceptionDuringReplication" time="0.057"/>
  <testcase classname="org.artifactory.addon.replication.core.push.runnable.PushReplicationStatsChangeRunnableTest" name="testFailureInStatsReplicationNoErrorToTheQueue" time="0.072"/>
  <testcase classname="org.artifactory.addon.replication.core.push.runnable.PushReplicationStatsChangeRunnableTest" name="testFailureInStatsReplicationNoErrorToTheQueue" time="0.200"/>
  <testcase classname="org.artifactory.addon.replication.core.push.runnable.PushReplicationStatsChangeRunnableTest" name="testFailureInStatsReplicationNoErrorToTheQueue" time="0.079"/>
  <testcase classname="org.artifactory.addon.replication.core.push.runnable.PushReplicationStatsChangeRunnableTest" name="testFailureInStatsReplicationNoErrorToTheQueue" time="0.058"/>
  <testcase classname="org.artifactory.addon.replication.core.push.runnable.PushReplicationStatsChangeRunnableTest" name="testFailureInStatsReplicationNoErrorToTheQueue" time="0.121"/>
  <testcase classname="org.artifactory.addon.replication.core.push.runnable.PushReplicationStatsChangeRunnableTest" name="testFailureInStatsReplicationNoErrorToTheQueue" time="0.123"/>
  <testcase classname="org.artifactory.addon.replication.core.push.runnable.PushReplicationStatsChangeRunnableTest" name="testSuccessfulErrorTaskIsMarkedSuccessful" time="0.048"/>
  <testcase classname="org.artifactory.addon.replication.core.push.runnable.PushReplicationStatsChangeRunnableTest" name="testFailureInStatsReplicationNoErrorToTheQueue" time="0.165"/>
  <testcase classname="org.artifactory.addon.replication.core.push.runnable.PushReplicationStatsChangeRunnableTest" name="testStatsServiceThrowsExceptionDuringReplication" time="0.103"/>
  <testcase classname="org.artifactory.addon.replication.core.push.runnable.PushReplicationStatsChangeRunnableTest" name="testFailureInStatsReplicationNoErrorToTheQueue" time="0.141"/>
  <testcase classname="org.artifactory.addon.replication.core.push.runnable.PushReplicationStatsChangeRunnableTest" name="testFailureInStatsReplicationNoErrorToTheQueue" time="0.108"/>
  <testcase classname="org.artifactory.addon.replication.core.push.runnable.PushReplicationStatsChangeRunnableTest" name="testFailureInStatsReplicationNoErrorToTheQueue" time="0.126"/>
  <testcase classname="org.artifactory.addon.replication.core.push.runnable.PushReplicationStatsChangeRunnableTest" name="testFailureInStatsReplicationNoErrorToTheQueue" time="0.091"/>
  <testcase classname="org.artifactory.addon.replication.core.push.runnable.PushReplicationStatsChangeRunnableTest" name="testHttpClientThrowsExceptionDuringReplication" time="0.091"/>
  <testcase classname="org.artifactory.addon.replication.core.push.runnable.PushReplicationStatsChangeRunnableTest" name="testFailureInStatsReplicationNoErrorToTheQueue" time="0.135"/>
  <testcase classname="org.artifactory.addon.replication.core.push.runnable.PushReplicationStatsChangeRunnableTest" name="testFailureInStatsReplicationNoErrorToTheQueue" time="0.063"/>
  <testcase classname="org.artifactory.addon.replication.core.push.runnable.PushReplicationStatsChangeRunnableTest" name="testStatsServiceThrowsExceptionDuringReplication" time="0.045"/>
  <testcase classname="org.artifactory.addon.replication.core.push.runnable.PushReplicationStatsChangeRunnableTest" name="testFailureInStatsReplicationNoErrorToTheQueue" time="0.071"/>
  <testcase classname="org.artifactory.addon.replication.core.push.runnable.PushReplicationStatsChangeRunnableTest" name="testFailureInStatsReplicationNoErrorToTheQueue" time="0.081"/>
  <testcase classname="org.artifactory.addon.replication.core.push.runnable.PushReplicationStatsChangeRunnableTest" name="testHttpClientThrowsExceptionDuringReplication" time="0.069"/>
  <testcase classname="org.artifactory.addon.replication.core.push.runnable.PushReplicationStatsChangeRunnableTest" name="testFailureInStatsReplicationNoErrorToTheQueue" time="0.098"/>
  <testcase classname="org.artifactory.addon.replication.core.push.runnable.PushReplicationStatsChangeRunnableTest" name="testFailureInStatsReplicationNoErrorToTheQueue" time="0.075"/>
</testsuite> <!-- org.artifactory.addon.replication.core.push.runnable.PushReplicationStatsChangeRunnableTest -->
