<?xml version="1.0" encoding="UTF-8"?>
<!-- Generated by org.testng.reporters.JUnitReportReporter -->
<testsuite ignored="0" hostname="fc3c13788461" failures="0" tests="2" name="org.artifactory.addon.composer.helpers.Merger.ComposerPackageMetaDataMergerTest" time="9.850" errors="0" timestamp="25 Oct 2021 16:09:28 GMT" skipped="0">
  <testcase classname="org.artifactory.addon.composer.helpers.Merger.ComposerPackageMetaDataMergerTest" name="testMergeDuplicateVersion" time="6.446"/>
  <testcase classname="org.artifactory.addon.composer.helpers.Merger.ComposerPackageMetaDataMergerTest" name="testMultiplePackages" time="3.404"/>
</testsuite> <!-- org.artifactory.addon.composer.helpers.Merger.ComposerPackageMetaDataMergerTest -->
