<?xml version="1.0" encoding="UTF-8"?>
<!-- Generated by org.testng.reporters.JUnitReportReporter -->
<testsuite ignored="0" hostname="fc3c13788461" failures="0" tests="2" name="org.artifactory.addon.puppet.repo.PuppetPackageWorkContextTest" time="0.419" errors="0" timestamp="25 Oct 2021 16:06:15 GMT" skipped="0">
  <testcase classname="org.artifactory.addon.puppet.repo.PuppetPackageWorkContextTest" name="testGetAdditionalEndorsements" time="0.418"/>
  <testcase classname="org.artifactory.addon.puppet.repo.PuppetPackageWorkContextTest" name="testGetAdditionalModuleGroups" time="0.001"/>
</testsuite> <!-- org.artifactory.addon.puppet.repo.PuppetPackageWorkContextTest -->
