<?xml version="1.0" encoding="UTF-8"?>
<!-- Generated by org.testng.reporters.JUnitReportReporter -->
<testsuite ignored="0" hostname="fc3c13788461" failures="0" tests="14" name="org.artifactory.addon.conda.CondaHeadGetTest" time="8.764" errors="0" timestamp="25 Oct 2021 16:07:30 GMT" skipped="0">
  <testcase classname="org.artifactory.addon.conda.CondaHeadGetTest" name="testGetRepoDataLocalRepo" time="0.005"/>
  <testcase classname="org.artifactory.addon.conda.CondaHeadGetTest" name="testGetBz2RepoData" time="0.737"/>
  <testcase classname="org.artifactory.addon.conda.CondaHeadGetTest" name="testGetBz2RepoData" time="0.007"/>
  <testcase classname="org.artifactory.addon.conda.CondaHeadGetTest" name="testHeadGetMethodGetRepoData" time="0.146"/>
  <testcase classname="org.artifactory.addon.conda.CondaHeadGetTest" name="testDownloadPackage" time="0.020"/>
  <testcase classname="org.artifactory.addon.conda.CondaHeadGetTest" name="testHeadGetDownloadPackage" time="0.507"/>
  <testcase classname="org.artifactory.addon.conda.CondaHeadGetTest" name="testDownloadPackageLocalRepo" time="6.577"/>
  <testcase classname="org.artifactory.addon.conda.CondaHeadGetTest" name="testGetRepoDataLocalRepo" time="0.018"/>
  <testcase classname="org.artifactory.addon.conda.CondaHeadGetTest" name="testHeadGetDownloadPackage" time="0.026"/>
  <testcase classname="org.artifactory.addon.conda.CondaHeadGetTest" name="testDownloadPackage" time="0.662"/>
  <testcase classname="org.artifactory.addon.conda.CondaHeadGetTest" name="testGetRepoData" time="0.009"/>
  <testcase classname="org.artifactory.addon.conda.CondaHeadGetTest" name="testGetRepoData" time="0.015"/>
  <testcase classname="org.artifactory.addon.conda.CondaHeadGetTest" name="testHeadGetMethodGetRepoData" time="0.027"/>
  <testcase classname="org.artifactory.addon.conda.CondaHeadGetTest" name="testDownloadPackageLocalRepo" time="0.008"/>
</testsuite> <!-- org.artifactory.addon.conda.CondaHeadGetTest -->
