<?xml version="1.0" encoding="UTF-8"?>
<!-- Generated by org.testng.reporters.JUnitReportReporter -->
<testsuite ignored="0" hostname="fc3c13788461" failures="0" tests="4" name="org.artifactory.addon.sso.saml.SamlVerifyExpiryTest" time="8.743" errors="0" timestamp="25 Oct 2021 16:08:14 GMT" skipped="0">
  <testcase classname="org.artifactory.addon.sso.saml.SamlVerifyExpiryTest" name="testSubjectNotBefore" time="0.931"/>
  <testcase classname="org.artifactory.addon.sso.saml.SamlVerifyExpiryTest" name="testAssertionConditionNotAfter" time="6.026"/>
  <testcase classname="org.artifactory.addon.sso.saml.SamlVerifyExpiryTest" name="testAssertionConditionNotBefore" time="1.085"/>
  <testcase classname="org.artifactory.addon.sso.saml.SamlVerifyExpiryTest" name="testSubjectConfirmationNotAfter" time="0.701"/>
</testsuite> <!-- org.artifactory.addon.sso.saml.SamlVerifyExpiryTest -->
