<?xml version="1.0" encoding="UTF-8"?>
<!-- Generated by org.testng.reporters.JUnitReportReporter -->
<testsuite ignored="0" hostname="fc3c13788461" failures="0" tests="9" name="org.artifactory.addon.mirror.internal.MirrorServiceImplTest" time="10.314" errors="0" timestamp="25 Oct 2021 16:09:54 GMT" skipped="0">
  <testcase classname="org.artifactory.addon.mirror.internal.MirrorServiceImplTest" name="testGetRepoControllerEmpty" time="0.003"/>
  <testcase classname="org.artifactory.addon.mirror.internal.MirrorServiceImplTest" name="testClientReuse" time="0.091"/>
  <testcase classname="org.artifactory.addon.mirror.internal.MirrorServiceImplTest" name="testReceiveMirrorStatusMessage" time="0.101"/>
  <testcase classname="org.artifactory.addon.mirror.internal.MirrorServiceImplTest" name="testReceiveMirrorEventMessage" time="0.565"/>
  <testcase classname="org.artifactory.addon.mirror.internal.MirrorServiceImplTest" name="testGetRepoController" time="0.137"/>
  <testcase classname="org.artifactory.addon.mirror.internal.MirrorServiceImplTest" name="testClientWithNoProxy" time="0.067"/>
  <testcase classname="org.artifactory.addon.mirror.internal.MirrorServiceImplTest" name="testClientCleanup" time="0.967"/>
  <testcase classname="org.artifactory.addon.mirror.internal.MirrorServiceImplTest" name="testClientWithProxy" time="0.054"/>
  <testcase classname="org.artifactory.addon.mirror.internal.MirrorServiceImplTest" name="testHeartbeatsScheduling" time="8.329"/>
</testsuite> <!-- org.artifactory.addon.mirror.internal.MirrorServiceImplTest -->
