<?xml version="1.0" encoding="UTF-8"?>
<!-- Generated by org.testng.reporters.JUnitReportReporter -->
<testsuite ignored="0" hostname="fc3c13788461" failures="0" tests="13" name="org.artifactory.addon.filestore.ConfigurableAOLBinaryProviderTest" time="8.536" errors="0" timestamp="25 Oct 2021 16:05:58 GMT" skipped="0">
  <testcase classname="org.artifactory.addon.filestore.ConfigurableAOLBinaryProviderTest" name="binaryConfXmlUserChainEventualTest" time="2.272"/>
  <testcase classname="org.artifactory.addon.filestore.ConfigurableAOLBinaryProviderTest" name="binaryConfigXmlUserChainShardingZoneFreespace" time="0.431"/>
  <testcase classname="org.artifactory.addon.filestore.ConfigurableAOLBinaryProviderTest" name="binaryProviderShardingWrongWriteBehaviorShouldFail" time="0.253"/>
  <testcase classname="org.artifactory.addon.filestore.ConfigurableAOLBinaryProviderTest" name="binaryProviderRedundantRedundancyAboveSubProvidersShouldFail" time="0.360"/>
  <testcase classname="org.artifactory.addon.filestore.ConfigurableAOLBinaryProviderTest" name="binaryProviderTemplateDoubleShards" time="0.602"/>
  <testcase classname="org.artifactory.addon.filestore.ConfigurableAOLBinaryProviderTest" name="binaryProviderTemplateDoubleShardsFreeSpace" time="0.335"/>
  <testcase classname="org.artifactory.addon.filestore.ConfigurableAOLBinaryProviderTest" name="binaryProviderRedundantRedundancyOf1ShouldFail" time="0.357"/>
  <testcase classname="org.artifactory.addon.filestore.ConfigurableAOLBinaryProviderTest" name="binaryConfigXmlUserChainShardingZoneFreespaceAndHaNodeProps" time="0.420"/>
  <testcase classname="org.artifactory.addon.filestore.ConfigurableAOLBinaryProviderTest" name="binaryProviderUserChainS3" time="1.004"/>
  <testcase classname="org.artifactory.addon.filestore.ConfigurableAOLBinaryProviderTest" name="binaryProviderRedundantRedundancyWithOneSubProviderShouldFail" time="0.288"/>
  <testcase classname="org.artifactory.addon.filestore.ConfigurableAOLBinaryProviderTest" name="binaryProviderTemplateRedundantShards" time="0.181"/>
  <testcase classname="org.artifactory.addon.filestore.ConfigurableAOLBinaryProviderTest" name="binaryProviderShardingWithOneSubProviderShouldFail" time="0.229"/>
  <testcase classname="org.artifactory.addon.filestore.ConfigurableAOLBinaryProviderTest" name="binaryProviderTemplateS3" time="1.804"/>
</testsuite> <!-- org.artifactory.addon.filestore.ConfigurableAOLBinaryProviderTest -->
