<?xml version="1.0" encoding="UTF-8"?>
<!-- Generated by org.testng.reporters.JUnitReportReporter -->
<testsuite ignored="0" hostname="fc3c13788461" failures="0" tests="7" name="org.artifactory.addon.sso.oauth.OAuthOpenIDConnectProviderTest" time="2.000" errors="0" timestamp="25 Oct 2021 16:08:10 GMT" skipped="0">
  <testcase classname="org.artifactory.addon.sso.oauth.OAuthOpenIDConnectProviderTest" name="testCustomUserInfoIdentifierNotExistShouldFail" time="0.063"/>
  <testcase classname="org.artifactory.addon.sso.oauth.OAuthOpenIDConnectProviderTest" name="testEmailOnlyResponse" time="0.038"/>
  <testcase classname="org.artifactory.addon.sso.oauth.OAuthOpenIDConnectProviderTest" name="testAllUserIdentifiersExistWithSystemProp" time="1.474"/>
  <testcase classname="org.artifactory.addon.sso.oauth.OAuthOpenIDConnectProviderTest" name="testAllUserIdentifiersExistWithoutSystemProp" time="0.115"/>
  <testcase classname="org.artifactory.addon.sso.oauth.OAuthOpenIDConnectProviderTest" name="testPreferredUsernameResponse" time="0.070"/>
  <testcase classname="org.artifactory.addon.sso.oauth.OAuthOpenIDConnectProviderTest" name="testNoEmailNoPreferredUsername" time="0.038"/>
  <testcase classname="org.artifactory.addon.sso.oauth.OAuthOpenIDConnectProviderTest" name="testCustomUserInfoIdentifierShouldSucceed" time="0.202"/>
</testsuite> <!-- org.artifactory.addon.sso.oauth.OAuthOpenIDConnectProviderTest -->
