<?xml version="1.0" encoding="UTF-8"?>
<!-- Generated by org.testng.reporters.JUnitReportReporter -->
<testsuite ignored="0" hostname="fc3c13788461" failures="0" tests="8" name="org.artifactory.addon.cran.repo.interceptor.CranMetadataInterceptorTest" time="8.011" errors="0" timestamp="25 Oct 2021 16:07:27 GMT" skipped="0">
  <testcase classname="org.artifactory.addon.cran.repo.interceptor.CranMetadataInterceptorTest" name="testAfterCreateTempFile" time="1.717"/>
  <testcase classname="org.artifactory.addon.cran.repo.interceptor.CranMetadataInterceptorTest" name="testAfterCreatePositive" time="0.086"/>
  <testcase classname="org.artifactory.addon.cran.repo.interceptor.CranMetadataInterceptorTest" name="testAfterDelete" time="0.132"/>
  <testcase classname="org.artifactory.addon.cran.repo.interceptor.CranMetadataInterceptorTest" name="testAfterCreateFileCreatedBySystem" time="0.082"/>
  <testcase classname="org.artifactory.addon.cran.repo.interceptor.CranMetadataInterceptorTest" name="testAfterCopy" time="5.741"/>
  <testcase classname="org.artifactory.addon.cran.repo.interceptor.CranMetadataInterceptorTest" name="testAfterMove" time="0.068"/>
  <testcase classname="org.artifactory.addon.cran.repo.interceptor.CranMetadataInterceptorTest" name="testAfterImport" time="0.081"/>
  <testcase classname="org.artifactory.addon.cran.repo.interceptor.CranMetadataInterceptorTest" name="testAfterDeleteTriggeredByMove" time="0.104"/>
</testsuite> <!-- org.artifactory.addon.cran.repo.interceptor.CranMetadataInterceptorTest -->
