<?xml version="1.0" encoding="UTF-8"?>
<!-- Generated by org.testng.reporters.JUnitReportReporter -->
<testsuite ignored="1" hostname="fc3c13788461" failures="0" tests="31" name="org.artifactory.addon.rest.RestAddonImplTest" time="12.596" errors="0" timestamp="25 Oct 2021 16:08:20 GMT" skipped="0">
  <testcase classname="org.artifactory.addon.rest.RestAddonImplTest" name="testDefaultRetrievalCachePeriodSecsForNonDocker" time="0.033"/>
  <testcase classname="org.artifactory.addon.rest.RestAddonImplTest" name="testUpdateProxy" time="0.019"/>
  <testcase classname="org.artifactory.addon.rest.RestAddonImplTest" name="testDefaultRetrievalMetadataCachePeriodSecsForNonDocker" time="0.018"/>
  <testcase classname="org.artifactory.addon.rest.RestAddonImplTest" name="testDefaultRetrievalCachePeriodSecsForNonDocker" time="0.079"/>
  <testcase classname="org.artifactory.addon.rest.RestAddonImplTest" name="testDefaultRetrievalCachePeriodSecsForNonDocker" time="0.054"/>
  <testcase classname="org.artifactory.addon.rest.RestAddonImplTest" name="testGetRepositoryConfigurationWithoutProjectsWithManage" time="0.039"/>
  <testcase classname="org.artifactory.addon.rest.RestAddonImplTest" name="testUpdateRemoteRepo" time="0.031"/>
  <testcase classname="org.artifactory.addon.rest.RestAddonImplTest" name="testDefaultEnableTokenAuthenticationDocker" time="0.036"/>
  <testcase classname="org.artifactory.addon.rest.RestAddonImplTest" name="testHandleCreateFederatedLocalRepository" time="0.100"/>
  <testcase classname="org.artifactory.addon.rest.RestAddonImplTest" name="testDefaultRetrievalCachePeriodSecsForNonDocker" time="0.062"/>
  <testcase classname="org.artifactory.addon.rest.RestAddonImplTest" name="testDefaultRetrievalCachePeriodSecsForNonDocker" time="0.046"/>
  <testcase classname="org.artifactory.addon.rest.RestAddonImplTest" name="testDefaultRetrievalMetadataCachePeriodSecsForNonDocker" time="0.057"/>
  <testcase classname="org.artifactory.addon.rest.RestAddonImplTest" name="testUpdateProxyWithDefault" time="0.029"/>
  <testcase classname="org.artifactory.addon.rest.RestAddonImplTest" name="testHandleCreateFederatedLocalRepositoryWithDashCache" time="0.033"/>
  <testcase classname="org.artifactory.addon.rest.RestAddonImplTest" name="testDefaultRetrievalMetadataCachePeriodSecsForNonDocker" time="0.033"/>
  <testcase classname="org.artifactory.addon.rest.RestAddonImplTest" name="testDefaultRetrievalCachePeriodSecsForNonDocker" time="0.019"/>
  <testcase classname="org.artifactory.addon.rest.RestAddonImplTest" name="testHandleCreateFederatedLocalRepositoryAlreadyExists" time="6.965"/>
  <testcase classname="org.artifactory.addon.rest.RestAddonImplTest" name="testGetRepositoryConfigurationWithProjects" time="0.198"/>
  <testcase classname="org.artifactory.addon.rest.RestAddonImplTest" name="testGetRepositoryConfigurationWithoutProjectsNoManage" time="0.040"/>
  <testcase classname="org.artifactory.addon.rest.RestAddonImplTest" name="testDefaultEnableTokenAuthenticationDocker" time="0.081"/>
  <testcase classname="org.artifactory.addon.rest.RestAddonImplTest" name="testCreateOrReplacePipeInfoRepository" time="0.061"/>
  <testcase classname="org.artifactory.addon.rest.RestAddonImplTest" name="testUpdateRemoteRepoMetadataBiggerThenRetrieval" time="0.023"/>
  <testcase classname="org.artifactory.addon.rest.RestAddonImplTest" name="testDefaultRetrievalMetadataCachePeriodSecsForNonDocker" time="0.021"/>
  <testcase classname="org.artifactory.addon.rest.RestAddonImplTest" name="shouldExtractCredentialsDuringCreateRepository" time="0.874"/>
  <testcase classname="org.artifactory.addon.rest.RestAddonImplTest" name="testHandleCreateFederatedLocalRepositoryWithLowLicense" time="0.023"/>
  <testcase classname="org.artifactory.addon.rest.RestAddonImplTest" name="testDefaultRetrievalCachePeriodSecsForNonDocker" time="0.043"/>
  <testcase classname="org.artifactory.addon.rest.RestAddonImplTest" name="testDefaultRetrievalMetadataCachePeriodSecsForNonDocker" time="3.276"/>
  <testcase classname="org.artifactory.addon.rest.RestAddonImplTest" name="testDefaultEnableTokenAuthenticationDocker" time="0.064"/>
  <testcase classname="org.artifactory.addon.rest.RestAddonImplTest" name="testGetItemPermissionsWithManagePermissions" time="0.157"/>
  <testcase classname="org.artifactory.addon.rest.RestAddonImplTest" name="testDefaultRetrievalMetadataCachePeriodSecsForNonDocker" time="0.058"/>
  <testcase classname="org.artifactory.addon.rest.RestAddonImplTest" name="testGetItemPermissionsWithoutManagePermissions" time="0.024"/>
  <testcase classname="org.artifactory.addon.rest.RestAddonImplTest" name="testHandleCreateFederatedLocalRepositoryWithNoMembers">
    <skipped/>
  </testcase> <!-- testHandleCreateFederatedLocalRepositoryWithNoMembers -->
</testsuite> <!-- org.artifactory.addon.rest.RestAddonImplTest -->
