<?xml version="1.0" encoding="UTF-8"?>
<!-- Generated by org.testng.reporters.JUnitReportReporter -->
<testsuite ignored="0" hostname="fc3c13788461" failures="0" tests="13" name="org.artifactory.addon.replication.core.ReplicationConfigurationChangesInterceptorTest" time="0.360" errors="0" timestamp="25 Oct 2021 16:10:13 GMT" skipped="0">
  <testcase classname="org.artifactory.addon.replication.core.ReplicationConfigurationChangesInterceptorTest" name="nullRemoteReplicationCron" time="0.001"/>
  <testcase classname="org.artifactory.addon.replication.core.ReplicationConfigurationChangesInterceptorTest" name="testValidateLocalRepo" time="0.034"/>
  <testcase classname="org.artifactory.addon.replication.core.ReplicationConfigurationChangesInterceptorTest" name="disabledInvalidRemoteReplicationCron" time="0.003"/>
  <testcase classname="org.artifactory.addon.replication.core.ReplicationConfigurationChangesInterceptorTest" name="testValidateRemoteRepo" time="0.022"/>
  <testcase classname="org.artifactory.addon.replication.core.ReplicationConfigurationChangesInterceptorTest" name="invalidRemoteReplicationCronStartTime" time="0.003"/>
  <testcase classname="org.artifactory.addon.replication.core.ReplicationConfigurationChangesInterceptorTest" name="configWithNoReplication" time="0.178"/>
  <testcase classname="org.artifactory.addon.replication.core.ReplicationConfigurationChangesInterceptorTest" name="invalidLocalReplicationKey" time="0.068"/>
  <testcase classname="org.artifactory.addon.replication.core.ReplicationConfigurationChangesInterceptorTest" name="invalidLocalReplicationCron" time="0.004"/>
  <testcase classname="org.artifactory.addon.replication.core.ReplicationConfigurationChangesInterceptorTest" name="exceptionUponReplicationWithoutLocalRepo" time="0.006"/>
  <testcase classname="org.artifactory.addon.replication.core.ReplicationConfigurationChangesInterceptorTest" name="invalidRemoteReplicationCron" time="0.001"/>
  <testcase classname="org.artifactory.addon.replication.core.ReplicationConfigurationChangesInterceptorTest" name="exceptionUponReplicationWithoutRemoteRepo" time="0.002"/>
  <testcase classname="org.artifactory.addon.replication.core.ReplicationConfigurationChangesInterceptorTest" name="validConfig" time="0.024"/>
  <testcase classname="org.artifactory.addon.replication.core.ReplicationConfigurationChangesInterceptorTest" name="invalidRemoteReplicationKey" time="0.014"/>
</testsuite> <!-- org.artifactory.addon.replication.core.ReplicationConfigurationChangesInterceptorTest -->
