<?xml version="1.0" encoding="UTF-8"?>
<!-- Generated by org.testng.reporters.JUnitReportReporter -->
<testsuite ignored="0" hostname="fc3c13788461" failures="0" tests="4" name="org.artifactory.addon.yum.virtual.merge.YumModulesIndexMergerTest" time="8.035" errors="0" timestamp="25 Oct 2021 16:04:40 GMT" skipped="0">
  <testcase classname="org.artifactory.addon.yum.virtual.merge.YumModulesIndexMergerTest" name="testMergeNoOptionalMarkers" time="5.674"/>
  <testcase classname="org.artifactory.addon.yum.virtual.merge.YumModulesIndexMergerTest" name="testMergeSameModuleDifferentStreamOrVersion" time="0.197"/>
  <testcase classname="org.artifactory.addon.yum.virtual.merge.YumModulesIndexMergerTest" name="testMergeSimple" time="0.136"/>
  <testcase classname="org.artifactory.addon.yum.virtual.merge.YumModulesIndexMergerTest" name="testMergeConflicts" time="2.028"/>
</testsuite> <!-- org.artifactory.addon.yum.virtual.merge.YumModulesIndexMergerTest -->
