<?xml version="1.0" encoding="UTF-8"?>
<!-- Generated by org.testng.reporters.JUnitReportReporter -->
<testsuite ignored="0" hostname="fc3c13788461" failures="0" tests="6" name="org.artifactory.addon.jcr.JcrRepoValidationInterceptorTest" time="0.153" errors="0" timestamp="25 Oct 2021 16:03:11 GMT" skipped="0">
  <testcase classname="org.artifactory.addon.jcr.JcrRepoValidationInterceptorTest" name="testCreateDockerRepositories" time="0.003"/>
  <testcase classname="org.artifactory.addon.jcr.JcrRepoValidationInterceptorTest" name="testCreationOfUnsupportedRepositories" time="0.023"/>
  <testcase classname="org.artifactory.addon.jcr.JcrRepoValidationInterceptorTest" name="testCreationWithFederatedRepositoryBeforeSave" time="0.124"/>
  <testcase classname="org.artifactory.addon.jcr.JcrRepoValidationInterceptorTest" name="testCreateGenericRepositories" time="0.000"/>
  <testcase classname="org.artifactory.addon.jcr.JcrRepoValidationInterceptorTest" name="testCreateHelmRepositories" time="0.000"/>
  <testcase classname="org.artifactory.addon.jcr.JcrRepoValidationInterceptorTest" name="testJcrRepoValidationInterceptorClassExist" time="0.003"/>
</testsuite> <!-- org.artifactory.addon.jcr.JcrRepoValidationInterceptorTest -->
