<?xml version="1.0" encoding="UTF-8"?>
<!-- Generated by org.testng.reporters.JUnitReportReporter -->
<testsuite ignored="0" hostname="fc3c13788461" failures="0" tests="12" name="org.artifactory.addon.filestore.multiple.strategy.write.RoundRobinWriteStrategyTest" time="3.374" errors="0" timestamp="25 Oct 2021 16:05:34 GMT" skipped="0">
  <testcase classname="org.artifactory.addon.filestore.multiple.strategy.write.RoundRobinWriteStrategyTest" name="testGetProviders" time="0.087"/>
  <testcase classname="org.artifactory.addon.filestore.multiple.strategy.write.RoundRobinWriteStrategyTest" name="testConstructor" time="0.048"/>
  <testcase classname="org.artifactory.addon.filestore.multiple.strategy.write.RoundRobinWriteStrategyTest" name="testConstructor" time="0.038"/>
  <testcase classname="org.artifactory.addon.filestore.multiple.strategy.write.RoundRobinWriteStrategyTest" name="testGetProviders" time="0.066"/>
  <testcase classname="org.artifactory.addon.filestore.multiple.strategy.write.RoundRobinWriteStrategyTest" name="testConstructor" time="0.020"/>
  <testcase classname="org.artifactory.addon.filestore.multiple.strategy.write.RoundRobinWriteStrategyTest" name="testGetProviders" time="0.045"/>
  <testcase classname="org.artifactory.addon.filestore.multiple.strategy.write.RoundRobinWriteStrategyTest" name="testGetProvidersWithWriteDisabled" time="0.023"/>
  <testcase classname="org.artifactory.addon.filestore.multiple.strategy.write.RoundRobinWriteStrategyTest" name="testConstructor" time="2.753"/>
  <testcase classname="org.artifactory.addon.filestore.multiple.strategy.write.RoundRobinWriteStrategyTest" name="testGetProvidersWithWriteDisabled" time="0.045"/>
  <testcase classname="org.artifactory.addon.filestore.multiple.strategy.write.RoundRobinWriteStrategyTest" name="testGetProviders" time="0.108"/>
  <testcase classname="org.artifactory.addon.filestore.multiple.strategy.write.RoundRobinWriteStrategyTest" name="testGetProvidersWithWriteDisabled" time="0.062"/>
  <testcase classname="org.artifactory.addon.filestore.multiple.strategy.write.RoundRobinWriteStrategyTest" name="testGetProviders" time="0.079"/>
</testsuite> <!-- org.artifactory.addon.filestore.multiple.strategy.write.RoundRobinWriteStrategyTest -->
