<?xml version="1.0" encoding="UTF-8"?>
<!-- Generated by org.testng.reporters.JUnitReportReporter -->
<testsuite ignored="0" hostname="fc3c13788461" failures="0" tests="10" name="org.artifactory.addon.filestore.type.s3.S3AwsSignedServiceBinaryProviderTest" time="8.655" errors="0" timestamp="25 Oct 2021 16:05:50 GMT" skipped="0">
  <testcase classname="org.artifactory.addon.filestore.type.s3.S3AwsSignedServiceBinaryProviderTest" name="getStream" time="1.536"/>
  <testcase classname="org.artifactory.addon.filestore.type.s3.S3AwsSignedServiceBinaryProviderTest" name="testSkipContentDispositionHeader" time="0.254"/>
  <testcase classname="org.artifactory.addon.filestore.type.s3.S3AwsSignedServiceBinaryProviderTest" name="testCanGenerateRedirection" time="0.136"/>
  <testcase classname="org.artifactory.addon.filestore.type.s3.S3AwsSignedServiceBinaryProviderTest" name="testDeleteWithException" time="5.386"/>
  <testcase classname="org.artifactory.addon.filestore.type.s3.S3AwsSignedServiceBinaryProviderTest" name="testDelete" time="0.106"/>
  <testcase classname="org.artifactory.addon.filestore.type.s3.S3AwsSignedServiceBinaryProviderTest" name="testAddStreamWithFile" time="0.120"/>
  <testcase classname="org.artifactory.addon.filestore.type.s3.S3AwsSignedServiceBinaryProviderTest" name="testAddStreamWithStreamNoLength" time="0.081"/>
  <testcase classname="org.artifactory.addon.filestore.type.s3.S3AwsSignedServiceBinaryProviderTest" name="supportsRedirection" time="0.080"/>
  <testcase classname="org.artifactory.addon.filestore.type.s3.S3AwsSignedServiceBinaryProviderTest" name="testAddStreamWithStream" time="0.105"/>
  <testcase classname="org.artifactory.addon.filestore.type.s3.S3AwsSignedServiceBinaryProviderTest" name="testAddStreamWithZeroLengthContent" time="0.851"/>
</testsuite> <!-- org.artifactory.addon.filestore.type.s3.S3AwsSignedServiceBinaryProviderTest -->
