<?xml version="1.0" encoding="UTF-8"?>
<!-- Generated by org.testng.reporters.JUnitReportReporter -->
<testsuite ignored="0" hostname="fc3c13788461" failures="0" tests="24" name="org.artifactory.addon.release.bundle.ReleaseBundleAddonImplTest" time="11.387" errors="0" timestamp="25 Oct 2021 16:07:12 GMT" skipped="0">
  <testcase classname="org.artifactory.addon.release.bundle.ReleaseBundleAddonImplTest" name="testAsyncCloseTransactionBundleWithExistingArtifacts" time="0.253"/>
  <testcase classname="org.artifactory.addon.release.bundle.ReleaseBundleAddonImplTest" name="testCheckCloseTransactionStatus" time="0.106"/>
  <testcase classname="org.artifactory.addon.release.bundle.ReleaseBundleAddonImplTest" name="testDeleteReleaseBundleExportedFile" time="0.029"/>
  <testcase classname="org.artifactory.addon.release.bundle.ReleaseBundleAddonImplTest" name="testDeleteReleaseBundleSuccessfully" time="0.097"/>
  <testcase classname="org.artifactory.addon.release.bundle.ReleaseBundleAddonImplTest" name="testTriggerAirGapExportReleaseBundleAlreadyExportedBundle" time="0.032"/>
  <testcase classname="org.artifactory.addon.release.bundle.ReleaseBundleAddonImplTest" name="testAsyncCloseTransactionBundleWithNonExistingArtifacts" time="0.076"/>
  <testcase classname="org.artifactory.addon.release.bundle.ReleaseBundleAddonImplTest" name="testAsyncCloseTransactionBundleFailed" time="0.031"/>
  <testcase classname="org.artifactory.addon.release.bundle.ReleaseBundleAddonImplTest" name="testDeleteReleaseBundleFailedWhileDeleting" time="0.046"/>
  <testcase classname="org.artifactory.addon.release.bundle.ReleaseBundleAddonImplTest" name="testDeleteReleaseBundleNoRepoDeletePermission" time="0.096"/>
  <testcase classname="org.artifactory.addon.release.bundle.ReleaseBundleAddonImplTest" name="testAsyncCloseTransactionFail" time="0.052"/>
  <testcase classname="org.artifactory.addon.release.bundle.ReleaseBundleAddonImplTest" name="testAsyncCloseTransactionSqlException" time="0.031"/>
  <testcase classname="org.artifactory.addon.release.bundle.ReleaseBundleAddonImplTest" name="testTriggerAirGapExportReleaseBundleCurrentlyRunningBundle" time="0.057"/>
  <testcase classname="org.artifactory.addon.release.bundle.ReleaseBundleAddonImplTest" name="testAirGapReleaseBundleFileSystemImport" time="4.340"/>
  <testcase classname="org.artifactory.addon.release.bundle.ReleaseBundleAddonImplTest" name="testCheckCloseTransactionStatusWithDifferentSignatures" time="5.309"/>
  <testcase classname="org.artifactory.addon.release.bundle.ReleaseBundleAddonImplTest" name="testDeleteNotExistingReleaseBundle" time="0.028"/>
  <testcase classname="org.artifactory.addon.release.bundle.ReleaseBundleAddonImplTest" name="testDeleteReleaseBundleExceptionWhileReadingFromDB" time="0.045"/>
  <testcase classname="org.artifactory.addon.release.bundle.ReleaseBundleAddonImplTest" name="testAsyncCloseTransactionBundleAlreadyClosed" time="0.067"/>
  <testcase classname="org.artifactory.addon.release.bundle.ReleaseBundleAddonImplTest" name="testAsyncCloseTransactionBundleWithSuccessListeners" time="0.236"/>
  <testcase classname="org.artifactory.addon.release.bundle.ReleaseBundleAddonImplTest" name="testAirGapReleaseBundleImport" time="0.091"/>
  <testcase classname="org.artifactory.addon.release.bundle.ReleaseBundleAddonImplTest" name="testTriggerAirGapExportReleaseBundleNewBundle" time="0.038"/>
  <testcase classname="org.artifactory.addon.release.bundle.ReleaseBundleAddonImplTest" name="testMergeDockerPkgAndVersion" time="0.099"/>
  <testcase classname="org.artifactory.addon.release.bundle.ReleaseBundleAddonImplTest" name="testAsyncCloseTransactionBundleCloseInProgress" time="0.041"/>
  <testcase classname="org.artifactory.addon.release.bundle.ReleaseBundleAddonImplTest" name="testAsyncCloseTransactionFail_RealThreads" time="0.061"/>
  <testcase classname="org.artifactory.addon.release.bundle.ReleaseBundleAddonImplTest" name="testAsyncCloseTransactionBundleWithRetries" time="0.126"/>
</testsuite> <!-- org.artifactory.addon.release.bundle.ReleaseBundleAddonImplTest -->
