<?xml version="1.0" encoding="UTF-8"?>
<!-- Generated by org.testng.reporters.JUnitReportReporter -->
<testsuite ignored="0" hostname="fc3c13788461" failures="0" tests="11" name="org.artifactory.addon.replication.core.ReplicationDescriptorHandlerTest" time="5.779" errors="0" timestamp="25 Oct 2021 16:10:05 GMT" skipped="0">
  <testcase classname="org.artifactory.addon.replication.core.ReplicationDescriptorHandlerTest" name="testActivateManualLocal" time="0.269"/>
  <testcase classname="org.artifactory.addon.replication.core.ReplicationDescriptorHandlerTest" name="testActivateDisabled" time="1.675"/>
  <testcase classname="org.artifactory.addon.replication.core.ReplicationDescriptorHandlerTest" name="testActivateScheduledWithNoCron" time="2.796"/>
  <testcase classname="org.artifactory.addon.replication.core.ReplicationDescriptorHandlerTest" name="testAdditiveConstructor" time="0.092"/>
  <testcase classname="org.artifactory.addon.replication.core.ReplicationDescriptorHandlerTest" name="testFindOldFromNew" time="0.410"/>
  <testcase classname="org.artifactory.addon.replication.core.ReplicationDescriptorHandlerTest" name="testRepoKeyBasedPredicate" time="0.095"/>
  <testcase classname="org.artifactory.addon.replication.core.ReplicationDescriptorHandlerTest" name="testGetAllPredicate" time="0.050"/>
  <testcase classname="org.artifactory.addon.replication.core.ReplicationDescriptorHandlerTest" name="testActivateManualRemote" time="0.104"/>
  <testcase classname="org.artifactory.addon.replication.core.ReplicationDescriptorHandlerTest" name="testActivateRecurringLocal" time="0.098"/>
  <testcase classname="org.artifactory.addon.replication.core.ReplicationDescriptorHandlerTest" name="testActivateRecurringRemote" time="0.084"/>
  <testcase classname="org.artifactory.addon.replication.core.ReplicationDescriptorHandlerTest" name="testDefaultValues" time="0.106"/>
</testsuite> <!-- org.artifactory.addon.replication.core.ReplicationDescriptorHandlerTest -->
