<?xml version="1.0" encoding="UTF-8"?>
<!-- Generated by org.testng.reporters.JUnitReportReporter -->
<testsuite ignored="0" hostname="fc3c13788461" failures="0" tests="7" name="org.artifactory.addon.composer.helpers.patterns.ComposerPatternTest" time="4.468" errors="0" timestamp="25 Oct 2021 16:09:20 GMT" skipped="0">
  <testcase classname="org.artifactory.addon.composer.helpers.patterns.ComposerPatternTest" name="testDrupalPattern" time="0.006"/>
  <testcase classname="org.artifactory.addon.composer.helpers.patterns.ComposerPatternTest" name="testBitbucketPattern" time="0.008"/>
  <testcase classname="org.artifactory.addon.composer.helpers.patterns.ComposerPatternTest" name="testArtifactoryDirectPattern" time="0.995"/>
  <testcase classname="org.artifactory.addon.composer.helpers.patterns.ComposerPatternTest" name="testArtifactoryVcsPattern" time="0.022"/>
  <testcase classname="org.artifactory.addon.composer.helpers.patterns.ComposerPatternTest" name="testGithubApiPattern" time="3.409"/>
  <testcase classname="org.artifactory.addon.composer.helpers.patterns.ComposerPatternTest" name="testGithubWebPattern" time="0.011"/>
  <testcase classname="org.artifactory.addon.composer.helpers.patterns.ComposerPatternTest" name="testGithubLegacyPattern" time="0.017"/>
</testsuite> <!-- org.artifactory.addon.composer.helpers.patterns.ComposerPatternTest -->
