<?xml version="1.0" encoding="UTF-8"?>
<!-- Generated by org.testng.reporters.JUnitReportReporter -->
<testsuite ignored="0" hostname="fc3c13788461" failures="0" tests="12" name="org.artifactory.addon.debian.DebianRemoteInterceptorTest" time="7.007" errors="0" timestamp="25 Oct 2021 16:08:37 GMT" skipped="0">
  <testcase classname="org.artifactory.addon.debian.DebianRemoteInterceptorTest" name="shouldExpireMetadataTest" time="0.060"/>
  <testcase classname="org.artifactory.addon.debian.DebianRemoteInterceptorTest" name="shouldExpireMetadataTest" time="0.096"/>
  <testcase classname="org.artifactory.addon.debian.DebianRemoteInterceptorTest" name="shouldExpireMetadataTest" time="0.055"/>
  <testcase classname="org.artifactory.addon.debian.DebianRemoteInterceptorTest" name="shouldExpireMetadataWithAndWithoutSysPropTest" time="0.085"/>
  <testcase classname="org.artifactory.addon.debian.DebianRemoteInterceptorTest" name="shouldExpireMetadataTest" time="0.066"/>
  <testcase classname="org.artifactory.addon.debian.DebianRemoteInterceptorTest" name="shouldExpireMetadataTest" time="2.031"/>
  <testcase classname="org.artifactory.addon.debian.DebianRemoteInterceptorTest" name="shouldExpireMetadataTest" time="1.231"/>
  <testcase classname="org.artifactory.addon.debian.DebianRemoteInterceptorTest" name="shouldExpireMetadataWhenNotDebianRepoTest" time="0.045"/>
  <testcase classname="org.artifactory.addon.debian.DebianRemoteInterceptorTest" name="shouldExpireMetadataWhenRemoteResourceIsNotRemoteResourceTypeTest" time="0.023"/>
  <testcase classname="org.artifactory.addon.debian.DebianRemoteInterceptorTest" name="shouldExpireMetadataTest" time="0.086"/>
  <testcase classname="org.artifactory.addon.debian.DebianRemoteInterceptorTest" name="shouldExpireMetadataWhenNotExpiredCachedResourceTest" time="0.064"/>
  <testcase classname="org.artifactory.addon.debian.DebianRemoteInterceptorTest" name="shouldExpireMetadataTest" time="3.165"/>
</testsuite> <!-- org.artifactory.addon.debian.DebianRemoteInterceptorTest -->
