<?xml version="1.0" encoding="UTF-8"?>
<!-- Generated by org.testng.reporters.JUnitReportReporter -->
<testsuite ignored="0" hostname="fc3c13788461" failures="0" tests="1" name="org.artifactory.addon.support.collectors.EventSupportBundleCollectorTest" time="1.040" errors="0" timestamp="25 Oct 2021 16:04:01 GMT" skipped="0">
  <testcase classname="org.artifactory.addon.support.collectors.EventSupportBundleCollectorTest" name="testGetRequestBody" time="1.040"/>
</testsuite> <!-- org.artifactory.addon.support.collectors.EventSupportBundleCollectorTest -->
