<?xml version="1.0" encoding="UTF-8"?>
<!-- Generated by org.testng.reporters.JUnitReportReporter -->
<testsuite ignored="0" hostname="fc3c13788461" failures="0" tests="3" name="org.artifactory.addon.go.repo.remote.fetcher.git.GopkgInFetcherTest" time="3.064" errors="0" timestamp="25 Oct 2021 16:09:33 GMT" skipped="0">
  <testcase classname="org.artifactory.addon.go.repo.remote.fetcher.git.GopkgInFetcherTest" name="testFilterVersionsList" time="3.012"/>
  <testcase classname="org.artifactory.addon.go.repo.remote.fetcher.git.GopkgInFetcherTest" name="testFilterVersionsList" time="0.022"/>
  <testcase classname="org.artifactory.addon.go.repo.remote.fetcher.git.GopkgInFetcherTest" name="testFilterVersionsList" time="0.030"/>
</testsuite> <!-- org.artifactory.addon.go.repo.remote.fetcher.git.GopkgInFetcherTest -->
