<?xml version="1.0" encoding="UTF-8"?>
<!-- Generated by org.testng.reporters.JUnitReportReporter -->
<testsuite ignored="0" hostname="fc3c13788461" failures="0" tests="2" name="org.artifactory.addon.jfevent.model.payload.BuildPayloadTest" time="0.030" errors="0" timestamp="25 Oct 2021 16:08:48 GMT" skipped="0">
  <testcase classname="org.artifactory.addon.jfevent.model.payload.BuildPayloadTest" name="testBuildConstructor" time="0.020"/>
  <testcase classname="org.artifactory.addon.jfevent.model.payload.BuildPayloadTest" name="testBuildCoordinatesConstructor" time="0.010"/>
</testsuite> <!-- org.artifactory.addon.jfevent.model.payload.BuildPayloadTest -->
