<?xml version="1.0" encoding="UTF-8"?>
<!-- Generated by org.testng.reporters.JUnitReportReporter -->
<testsuite ignored="0" hostname="fc3c13788461" failures="0" tests="4" name="org.artifactory.addon.sso.SsoAddonImplTest" time="5.069" errors="0" timestamp="25 Oct 2021 16:07:50 GMT" skipped="0">
  <testcase classname="org.artifactory.addon.sso.SsoAddonImplTest" name="testCustomKeyFromAuthenticator" time="0.013"/>
  <testcase classname="org.artifactory.addon.sso.SsoAddonImplTest" name="testCustomKeyAuthenticatorWithException" time="0.233"/>
  <testcase classname="org.artifactory.addon.sso.SsoAddonImplTest" name="testCustomKeyNoCrowdClient" time="0.002"/>
  <testcase classname="org.artifactory.addon.sso.SsoAddonImplTest" name="testCustomKeyNoAuthenticator" time="4.821"/>
</testsuite> <!-- org.artifactory.addon.sso.SsoAddonImplTest -->
