<?xml version="1.0" encoding="UTF-8"?>
<!-- Generated by org.testng.reporters.JUnitReportReporter -->
<testsuite ignored="0" hostname="fc3c13788461" failures="0" tests="1" name="org.artifactory.addon.npm.NpmServiceImplTest" time="2.441" errors="0" timestamp="25 Oct 2021 16:09:07 GMT" skipped="0">
  <testcase classname="org.artifactory.addon.npm.NpmServiceImplTest" name="testReindexNpmRepoCallWorkQueueMethod" time="2.441"/>
</testsuite> <!-- org.artifactory.addon.npm.NpmServiceImplTest -->
