<?xml version="1.0" encoding="UTF-8"?>
<!-- Generated by org.testng.reporters.JUnitReportReporter -->
<testsuite ignored="0" hostname="fc3c13788461" failures="0" tests="1" name="org.artifactory.addon.yum.interceptor.YumVirtualInterceptorTest" time="2.454" errors="0" timestamp="25 Oct 2021 16:04:31 GMT" skipped="0">
  <testcase classname="org.artifactory.addon.yum.interceptor.YumVirtualInterceptorTest" name="shouldNotTakeActionForSqlite" time="2.454"/>
</testsuite> <!-- org.artifactory.addon.yum.interceptor.YumVirtualInterceptorTest -->
