<?xml version="1.0" encoding="UTF-8"?>
<!-- Generated by org.testng.reporters.JUnitReportReporter -->
<testsuite ignored="0" hostname="fc3c13788461" failures="0" tests="8" name="org.artifactory.addon.ldap.provider.LdapGroupProviderImplTest" time="3.794" errors="0" timestamp="25 Oct 2021 16:03:34 GMT" skipped="0">
  <testcase classname="org.artifactory.addon.ldap.provider.LdapGroupProviderImplTest" name="testIsGroupTransitiveAttributeSet" time="0.045"/>
  <testcase classname="org.artifactory.addon.ldap.provider.LdapGroupProviderImplTest" name="testIsGroupTransitiveAttributeSet" time="0.908"/>
  <testcase classname="org.artifactory.addon.ldap.provider.LdapGroupProviderImplTest" name="testSearch" time="2.567"/>
  <testcase classname="org.artifactory.addon.ldap.provider.LdapGroupProviderImplTest" name="testIsGroupTransitiveAttributeSet" time="0.022"/>
  <testcase classname="org.artifactory.addon.ldap.provider.LdapGroupProviderImplTest" name="testIsGroupTransitiveAttributeSet" time="0.045"/>
  <testcase classname="org.artifactory.addon.ldap.provider.LdapGroupProviderImplTest" name="testIsGroupTransitiveAttributeSet" time="0.036"/>
  <testcase classname="org.artifactory.addon.ldap.provider.LdapGroupProviderImplTest" name="testIsGroupTransitiveAttributeSet" time="0.043"/>
  <testcase classname="org.artifactory.addon.ldap.provider.LdapGroupProviderImplTest" name="testIsGroupTransitiveAttributeSet" time="0.128"/>
</testsuite> <!-- org.artifactory.addon.ldap.provider.LdapGroupProviderImplTest -->
