<?xml version="1.0" encoding="UTF-8"?>
<!-- Generated by org.testng.reporters.JUnitReportReporter -->
<testsuite ignored="0" hostname="fc3c13788461" failures="0" tests="3" name="org.artifactory.addon.mirror.internal.MirrorResourceTest" time="3.534" errors="0" timestamp="25 Oct 2021 16:09:42 GMT" skipped="0">
  <testcase classname="org.artifactory.addon.mirror.internal.MirrorResourceTest" name="testReceiveMirrorEventMessageWithMirrorRestError" time="3.408"/>
  <testcase classname="org.artifactory.addon.mirror.internal.MirrorResourceTest" name="testReceiveMirrorEventMessageWithMirrorRestError" time="0.125"/>
  <testcase classname="org.artifactory.addon.mirror.internal.MirrorResourceTest" name="testReceiveMirrorEventMessageWithMirrorRestError" time="0.001"/>
</testsuite> <!-- org.artifactory.addon.mirror.internal.MirrorResourceTest -->
