<?xml version="1.0" encoding="UTF-8"?>
<!-- Generated by org.testng.reporters.JUnitReportReporter -->
<testsuite ignored="0" hostname="fc3c13788461" failures="0" tests="8" name="org.artifactory.addon.composer.helpers.ComposerHttpUtilsTest" time="5.116" errors="0" timestamp="25 Oct 2021 16:09:20 GMT" skipped="0">
  <testcase classname="org.artifactory.addon.composer.helpers.ComposerHttpUtilsTest" name="testIsResourceModified" time="5.007"/>
  <testcase classname="org.artifactory.addon.composer.helpers.ComposerHttpUtilsTest" name="testIsResourceNotModifiedWithEqualDates" time="0.038"/>
  <testcase classname="org.artifactory.addon.composer.helpers.ComposerHttpUtilsTest" name="testResourceNotModifiedWithMillis" time="0.004"/>
  <testcase classname="org.artifactory.addon.composer.helpers.ComposerHttpUtilsTest" name="testParseVersion" time="0.057"/>
  <testcase classname="org.artifactory.addon.composer.helpers.ComposerHttpUtilsTest" name="testIsResourceModifiedEmptyHeader" time="0.001"/>
  <testcase classname="org.artifactory.addon.composer.helpers.ComposerHttpUtilsTest" name="testResourceNotModified" time="0.005"/>
  <testcase classname="org.artifactory.addon.composer.helpers.ComposerHttpUtilsTest" name="testIsResourceModifiedMalformedHeader" time="0.002"/>
  <testcase classname="org.artifactory.addon.composer.helpers.ComposerHttpUtilsTest" name="testIsResourceModifiedNoHeader" time="0.002"/>
</testsuite> <!-- org.artifactory.addon.composer.helpers.ComposerHttpUtilsTest -->
