<?xml version="1.0" encoding="UTF-8"?>
<!-- Generated by org.testng.reporters.JUnitReportReporter -->
<testsuite ignored="0" hostname="fc3c13788461" failures="0" tests="6" name="org.artifactory.addon.replication.v2.replication.controller.ReplicationControllerImplTest" time="1.595" errors="0" timestamp="25 Oct 2021 16:10:16 GMT" skipped="0">
  <testcase classname="org.artifactory.addon.replication.v2.replication.controller.ReplicationControllerImplTest" name="testInterrupt" time="0.032"/>
  <testcase classname="org.artifactory.addon.replication.v2.replication.controller.ReplicationControllerImplTest" name="testHashedReplicationNameForDbLock" time="0.080"/>
  <testcase classname="org.artifactory.addon.replication.v2.replication.controller.ReplicationControllerImplTest" name="testReplicationControllerListener" time="0.054"/>
  <testcase classname="org.artifactory.addon.replication.v2.replication.controller.ReplicationControllerImplTest" name="testLockedAndAlreadyRunning" time="1.150"/>
  <testcase classname="org.artifactory.addon.replication.v2.replication.controller.ReplicationControllerImplTest" name="testSignalShutDownProcess" time="0.035"/>
  <testcase classname="org.artifactory.addon.replication.v2.replication.controller.ReplicationControllerImplTest" name="testCall" time="0.244"/>
</testsuite> <!-- org.artifactory.addon.replication.v2.replication.controller.ReplicationControllerImplTest -->
