<?xml version="1.0" encoding="UTF-8"?>
<!-- Generated by org.testng.reporters.JUnitReportReporter -->
<testsuite ignored="0" hostname="fc3c13788461" failures="0" tests="2" name="org.artifactory.addon.sso.saml.SamlHandlerGroupExternalIdTest" time="1.525" errors="0" timestamp="25 Oct 2021 16:08:06 GMT" skipped="0">
  <testcase classname="org.artifactory.addon.sso.saml.SamlHandlerGroupExternalIdTest" name="testGroupMatchedBySamlGroupName" time="1.338"/>
  <testcase classname="org.artifactory.addon.sso.saml.SamlHandlerGroupExternalIdTest" name="testGroupMatchedBySamlGroupExternalId" time="0.187"/>
</testsuite> <!-- org.artifactory.addon.sso.saml.SamlHandlerGroupExternalIdTest -->
