<?xml version="1.0" encoding="UTF-8"?>
<!-- Generated by org.testng.reporters.JUnitReportReporter -->
<testsuite ignored="0" hostname="fc3c13788461" failures="0" tests="5" name="org.artifactory.addon.jfevent.service.filter.releasebundle.ReleaseBundleSubscriptionFilterStrategyTest" time="0.611" errors="0" timestamp="25 Oct 2021 16:08:52 GMT" skipped="0">
  <testcase classname="org.artifactory.addon.jfevent.service.filter.releasebundle.ReleaseBundleSubscriptionFilterStrategyTest" name="testMatchesWithInclude" time="0.001"/>
  <testcase classname="org.artifactory.addon.jfevent.service.filter.releasebundle.ReleaseBundleSubscriptionFilterStrategyTest" name="testMatchesForAnyReleaseBundle" time="0.574"/>
  <testcase classname="org.artifactory.addon.jfevent.service.filter.releasebundle.ReleaseBundleSubscriptionFilterStrategyTest" name="testMatchesForFilterConfigNull" time="0.000"/>
  <testcase classname="org.artifactory.addon.jfevent.service.filter.releasebundle.ReleaseBundleSubscriptionFilterStrategyTest" name="testMatchesWithExclude" time="0.023"/>
  <testcase classname="org.artifactory.addon.jfevent.service.filter.releasebundle.ReleaseBundleSubscriptionFilterStrategyTest" name="testMatchesForSelectedReleaseBundles" time="0.013"/>
</testsuite> <!-- org.artifactory.addon.jfevent.service.filter.releasebundle.ReleaseBundleSubscriptionFilterStrategyTest -->
