<?xml version="1.0" encoding="UTF-8"?>
<!-- Generated by org.testng.reporters.JUnitReportReporter -->
<testsuite ignored="0" hostname="fc3c13788461" failures="0" tests="6" name="org.artifactory.addon.go.repo.remote.fetcher.git.GoGithubFetcherTest" time="3.692" errors="0" timestamp="25 Oct 2021 16:09:34 GMT" skipped="0">
  <testcase classname="org.artifactory.addon.go.repo.remote.fetcher.git.GoGithubFetcherTest" name="testFilterVersionsListIncompatible" time="2.779"/>
  <testcase classname="org.artifactory.addon.go.repo.remote.fetcher.git.GoGithubFetcherTest" name="testFilterVersionsListCompatible" time="0.619"/>
  <testcase classname="org.artifactory.addon.go.repo.remote.fetcher.git.GoGithubFetcherTest" name="testFilterVersionsListCompatible" time="0.095"/>
  <testcase classname="org.artifactory.addon.go.repo.remote.fetcher.git.GoGithubFetcherTest" name="testFilterVersionsListCompatible" time="0.034"/>
  <testcase classname="org.artifactory.addon.go.repo.remote.fetcher.git.GoGithubFetcherTest" name="testFilterVersionsListSubModule" time="0.066"/>
  <testcase classname="org.artifactory.addon.go.repo.remote.fetcher.git.GoGithubFetcherTest" name="testFilterVersionsListCompatible" time="0.099"/>
</testsuite> <!-- org.artifactory.addon.go.repo.remote.fetcher.git.GoGithubFetcherTest -->
