<?xml version="1.0" encoding="UTF-8"?>
<!-- Generated by org.testng.reporters.JUnitReportReporter -->
<testsuite ignored="0" hostname="fc3c13788461" failures="0" tests="19" name="org.artifactory.addon.replication.core.push.runnable.PushReplicationDeleteRunnableTest" time="3.321" errors="0" timestamp="25 Oct 2021 16:10:09 GMT" skipped="0">
  <testcase classname="org.artifactory.addon.replication.core.push.runnable.PushReplicationDeleteRunnableTest" name="testFailureInDeleteReplicationAddsErrorToTheQueue" time="0.144"/>
  <testcase classname="org.artifactory.addon.replication.core.push.runnable.PushReplicationDeleteRunnableTest" name="testFailureInDeleteReplicationAddsErrorToTheQueue" time="0.173"/>
  <testcase classname="org.artifactory.addon.replication.core.push.runnable.PushReplicationDeleteRunnableTest" name="testFailureInDeleteReplicationAddsErrorToTheQueue" time="0.082"/>
  <testcase classname="org.artifactory.addon.replication.core.push.runnable.PushReplicationDeleteRunnableTest" name="testFailureInDeleteReplicationAddsErrorToTheQueue" time="0.106"/>
  <testcase classname="org.artifactory.addon.replication.core.push.runnable.PushReplicationDeleteRunnableTest" name="testSuccessfulErrorTaskIsMarkedSuccessful" time="0.076"/>
  <testcase classname="org.artifactory.addon.replication.core.push.runnable.PushReplicationDeleteRunnableTest" name="testFailureInDeleteReplicationAddsErrorToTheQueue" time="0.420"/>
  <testcase classname="org.artifactory.addon.replication.core.push.runnable.PushReplicationDeleteRunnableTest" name="testFailureInDeleteReplicationAddsErrorToTheQueue" time="1.215"/>
  <testcase classname="org.artifactory.addon.replication.core.push.runnable.PushReplicationDeleteRunnableTest" name="testFailureInDeleteReplicationAddsErrorToTheQueue" time="0.034"/>
  <testcase classname="org.artifactory.addon.replication.core.push.runnable.PushReplicationDeleteRunnableTest" name="testHttpClientThrowsExceptionDuringReplication" time="0.099"/>
  <testcase classname="org.artifactory.addon.replication.core.push.runnable.PushReplicationDeleteRunnableTest" name="testFailureInDeleteReplicationAddsErrorToTheQueue" time="0.081"/>
  <testcase classname="org.artifactory.addon.replication.core.push.runnable.PushReplicationDeleteRunnableTest" name="testFailureInDeleteReplicationAddsErrorToTheQueue" time="0.087"/>
  <testcase classname="org.artifactory.addon.replication.core.push.runnable.PushReplicationDeleteRunnableTest" name="testHttpClientThrowsExceptionDuringReplication" time="0.101"/>
  <testcase classname="org.artifactory.addon.replication.core.push.runnable.PushReplicationDeleteRunnableTest" name="testFailureInDeleteReplicationAddsErrorToTheQueue" time="0.152"/>
  <testcase classname="org.artifactory.addon.replication.core.push.runnable.PushReplicationDeleteRunnableTest" name="testFailureInDeleteReplicationAddsErrorToTheQueue" time="0.109"/>
  <testcase classname="org.artifactory.addon.replication.core.push.runnable.PushReplicationDeleteRunnableTest" name="testFailureInDeleteReplicationAddsErrorToTheQueue" time="0.073"/>
  <testcase classname="org.artifactory.addon.replication.core.push.runnable.PushReplicationDeleteRunnableTest" name="testFailureInDeleteReplicationAddsErrorToTheQueue" time="0.123"/>
  <testcase classname="org.artifactory.addon.replication.core.push.runnable.PushReplicationDeleteRunnableTest" name="testFailureInDeleteReplicationAddsErrorToTheQueue" time="0.098"/>
  <testcase classname="org.artifactory.addon.replication.core.push.runnable.PushReplicationDeleteRunnableTest" name="testHttpClientThrowsExceptionDuringReplication" time="0.087"/>
  <testcase classname="org.artifactory.addon.replication.core.push.runnable.PushReplicationDeleteRunnableTest" name="testFailureInDeleteReplicationAddsErrorToTheQueue" time="0.061"/>
</testsuite> <!-- org.artifactory.addon.replication.core.push.runnable.PushReplicationDeleteRunnableTest -->
