<?xml version="1.0" encoding="UTF-8"?>
<!-- Generated by org.testng.reporters.JUnitReportReporter -->
<testsuite ignored="0" hostname="fc3c13788461" failures="0" tests="4" name="org.artifactory.addon.repository.FederatedRepositoryCreateUpdateHelperTest" time="13.713" errors="0" timestamp="25 Oct 2021 16:08:13 GMT" skipped="0">
  <testcase classname="org.artifactory.addon.repository.FederatedRepositoryCreateUpdateHelperTest" name="testSetEnabled" time="11.113"/>
  <testcase classname="org.artifactory.addon.repository.FederatedRepositoryCreateUpdateHelperTest" name="testReplaceOrUpdateFederatedMembers" time="0.295"/>
  <testcase classname="org.artifactory.addon.repository.FederatedRepositoryCreateUpdateHelperTest" name="testSetProxy" time="2.193"/>
  <testcase classname="org.artifactory.addon.repository.FederatedRepositoryCreateUpdateHelperTest" name="testPlaceRepositoryInPosition" time="0.112"/>
</testsuite> <!-- org.artifactory.addon.repository.FederatedRepositoryCreateUpdateHelperTest -->
