<?xml version="1.0" encoding="UTF-8"?>
<!-- Generated by org.testng.reporters.JUnitReportReporter -->
<testsuite ignored="0" hostname="fc3c13788461" failures="0" tests="2" name="org.artifactory.addon.artifact.RepoPathTreeImplTest" time="2.770" errors="0" timestamp="25 Oct 2021 16:08:02 GMT" skipped="0">
  <testcase classname="org.artifactory.addon.artifact.RepoPathTreeImplTest" name="testReveal" time="0.104"/>
  <testcase classname="org.artifactory.addon.artifact.RepoPathTreeImplTest" name="testNoPreliminaryReveal" time="2.666"/>
</testsuite> <!-- org.artifactory.addon.artifact.RepoPathTreeImplTest -->
