<?xml version="1.0" encoding="UTF-8"?>
<!-- Generated by org.testng.reporters.JUnitReportReporter -->
<testsuite ignored="0" hostname="fc3c13788461" failures="0" tests="1" name="org.artifactory.addon.filestore.eventual.task.EventuallyPersisterTasksManagerTest" time="3.364" errors="0" timestamp="25 Oct 2021 16:05:54 GMT" skipped="0">
  <testcase classname="org.artifactory.addon.filestore.eventual.task.EventuallyPersisterTasksManagerTest" name="testRejectionPolicyFlowOfEventuallyPersisterTasksManager" time="3.364"/>
</testsuite> <!-- org.artifactory.addon.filestore.eventual.task.EventuallyPersisterTasksManagerTest -->
