<?xml version="1.0" encoding="UTF-8"?>
<!-- Generated by org.testng.reporters.JUnitReportReporter -->
<testsuite ignored="0" hostname="fc3c13788461" failures="0" tests="16" name="org.artifactory.addon.sso.auth.http.ForceAuthenticationFilterTest" time="8.822" errors="0" timestamp="25 Oct 2021 16:08:05 GMT" skipped="0">
  <testcase classname="org.artifactory.addon.sso.auth.http.ForceAuthenticationFilterTest" name="denyWhenCrowdCookiePresent" time="0.076"/>
  <testcase classname="org.artifactory.addon.sso.auth.http.ForceAuthenticationFilterTest" name="denyWhenAnonymousNoRepo" time="0.231"/>
  <testcase classname="org.artifactory.addon.sso.auth.http.ForceAuthenticationFilterTest" name="testRequiresReAuthenticationFalse" time="0.183"/>
  <testcase classname="org.artifactory.addon.sso.auth.http.ForceAuthenticationFilterTest" name="denyWhenAnonymousNoForceConfiguration" time="3.704"/>
  <testcase classname="org.artifactory.addon.sso.auth.http.ForceAuthenticationFilterTest" name="acceptWhenHttpSessionPresentButNotAuthenticated" time="0.359"/>
  <testcase classname="org.artifactory.addon.sso.auth.http.ForceAuthenticationFilterTest" name="denyWhenSsoUserPresent" time="0.180"/>
  <testcase classname="org.artifactory.addon.sso.auth.http.ForceAuthenticationFilterTest" name="denyWhenAnonymousGeneric" time="0.111"/>
  <testcase classname="org.artifactory.addon.sso.auth.http.ForceAuthenticationFilterTest" name="denyWhenAuthorizationHeaderPresent" time="0.107"/>
  <testcase classname="org.artifactory.addon.sso.auth.http.ForceAuthenticationFilterTest" name="acceptWhenAnonymousMaven" time="0.651"/>
  <testcase classname="org.artifactory.addon.sso.auth.http.ForceAuthenticationFilterTest" name="denyWhenHttpSessionPresentAndAuthenticated" time="0.118"/>
  <testcase classname="org.artifactory.addon.sso.auth.http.ForceAuthenticationFilterTest" name="denyWhenReachingNonRepoEndpoints" time="0.172"/>
  <testcase classname="org.artifactory.addon.sso.auth.http.ForceAuthenticationFilterTest" name="denyWhenApiKeyHeaderPresent" time="0.122"/>
  <testcase classname="org.artifactory.addon.sso.auth.http.ForceAuthenticationFilterTest" name="testRequiresReAuthenticationTrue" time="0.107"/>
  <testcase classname="org.artifactory.addon.sso.auth.http.ForceAuthenticationFilterTest" name="responseContainsChallenge" time="2.320"/>
  <testcase classname="org.artifactory.addon.sso.auth.http.ForceAuthenticationFilterTest" name="denyWhenAnonymousMavenLocal" time="0.223"/>
  <testcase classname="org.artifactory.addon.sso.auth.http.ForceAuthenticationFilterTest" name="denyWhenAnonymousMavenRemote" time="0.158"/>
</testsuite> <!-- org.artifactory.addon.sso.auth.http.ForceAuthenticationFilterTest -->
