<?xml version="1.0" encoding="UTF-8"?>
<!-- Generated by org.testng.reporters.JUnitReportReporter -->
<testsuite ignored="0" hostname="fc3c13788461" failures="0" tests="2" name="org.artifactory.addon.debian.DebianAddonImplTest" time="7.054" errors="0" timestamp="25 Oct 2021 16:08:37 GMT" skipped="0">
  <testcase classname="org.artifactory.addon.debian.DebianAddonImplTest" name="testGetDebianMetadataInfo" time="0.739"/>
  <testcase classname="org.artifactory.addon.debian.DebianAddonImplTest" name="testPopulateDebianMetadataInfoForAnInvalidArtifact" time="6.315"/>
</testsuite> <!-- org.artifactory.addon.debian.DebianAddonImplTest -->
