<?xml version="1.0" encoding="UTF-8"?>
<!-- Generated by org.testng.reporters.JUnitReportReporter -->
<testsuite ignored="0" hostname="fc3c13788461" failures="0" tests="16" name="org.artifactory.addon.jfevent.interceptor.JfEventDockerInterceptorTest" time="8.745" errors="0" timestamp="25 Oct 2021 16:08:52 GMT" skipped="0">
  <testcase classname="org.artifactory.addon.jfevent.interceptor.JfEventDockerInterceptorTest" name="extractPlatforms" time="2.338"/>
  <testcase classname="org.artifactory.addon.jfevent.interceptor.JfEventDockerInterceptorTest" name="shouldNotSendDeleteWhenTheFileIsNotListManifest" time="0.347"/>
  <testcase classname="org.artifactory.addon.jfevent.interceptor.JfEventDockerInterceptorTest" name="onlyManifestFilesShouldBeProcessed" time="0.047"/>
  <testcase classname="org.artifactory.addon.jfevent.interceptor.JfEventDockerInterceptorTest" name="shouldNotSendPromotedEvent" time="0.088"/>
  <testcase classname="org.artifactory.addon.jfevent.interceptor.JfEventDockerInterceptorTest" name="shouldProcessGracefullyFatManifest" time="0.120"/>
  <testcase classname="org.artifactory.addon.jfevent.interceptor.JfEventDockerInterceptorTest" name="shouldSendPromotedEventForManifest" time="0.021"/>
  <testcase classname="org.artifactory.addon.jfevent.interceptor.JfEventDockerInterceptorTest" name="shouldSendPushedEventForFatManifest" time="0.056"/>
  <testcase classname="org.artifactory.addon.jfevent.interceptor.JfEventDockerInterceptorTest" name="folderItemShouldBeSkipped" time="0.005"/>
  <testcase classname="org.artifactory.addon.jfevent.interceptor.JfEventDockerInterceptorTest" name="shouldSendDeletedEventForFatManifest" time="0.072"/>
  <testcase classname="org.artifactory.addon.jfevent.interceptor.JfEventDockerInterceptorTest" name="shouldSendDeletedEventForManifest" time="5.495"/>
  <testcase classname="org.artifactory.addon.jfevent.interceptor.JfEventDockerInterceptorTest" name="shouldSendDeletedWithImageNameAndTag" time="0.020"/>
  <testcase classname="org.artifactory.addon.jfevent.interceptor.JfEventDockerInterceptorTest" name="shouldSendPromotedEventForFatManifest" time="0.027"/>
  <testcase classname="org.artifactory.addon.jfevent.interceptor.JfEventDockerInterceptorTest" name="shouldSkipNonDockerRepo" time="0.012"/>
  <testcase classname="org.artifactory.addon.jfevent.interceptor.JfEventDockerInterceptorTest" name="shouldSendPushedEventForManifest" time="0.005"/>
  <testcase classname="org.artifactory.addon.jfevent.interceptor.JfEventDockerInterceptorTest" name="shouldNotSendPushedWhenTheFileIsNotListManifest" time="0.081"/>
  <testcase classname="org.artifactory.addon.jfevent.interceptor.JfEventDockerInterceptorTest" name="itemShouldBeProcessed" time="0.011"/>
</testsuite> <!-- org.artifactory.addon.jfevent.interceptor.JfEventDockerInterceptorTest -->
