<?xml version="1.0" encoding="UTF-8"?>
<!-- Generated by org.testng.reporters.JUnitReportReporter -->
<testsuite ignored="0" hostname="fc3c13788461" failures="0" tests="2" name="org.artifactory.addon.retention.core.rest.ArtifactRetentionResourceTest" time="7.290" errors="0" timestamp="25 Oct 2021 16:10:33 GMT" skipped="0">
  <testcase classname="org.artifactory.addon.retention.core.rest.ArtifactRetentionResourceTest" name="testGetNamespace" time="0.007"/>
  <testcase classname="org.artifactory.addon.retention.core.rest.ArtifactRetentionResourceTest" name="testGetLink" time="7.283"/>
</testsuite> <!-- org.artifactory.addon.retention.core.rest.ArtifactRetentionResourceTest -->
