<?xml version="1.0" encoding="UTF-8"?>
<!-- Generated by org.testng.reporters.JUnitReportReporter -->
<testsuite ignored="0" hostname="fc3c13788461" failures="0" tests="16" name="org.artifactory.addon.replication.core.context.server.TargetServerInfoResolverTest" time="9.583" errors="0" timestamp="25 Oct 2021 16:10:08 GMT" skipped="0">
  <testcase classname="org.artifactory.addon.replication.core.context.server.TargetServerInfoResolverTest" name="testBadResponseCode" time="1.271"/>
  <testcase classname="org.artifactory.addon.replication.core.context.server.TargetServerInfoResolverTest" name="testServerWithSameId" time="0.096"/>
  <testcase classname="org.artifactory.addon.replication.core.context.server.TargetServerInfoResolverTest" name="testServerWithSameLicenseHash" time="3.341"/>
  <testcase classname="org.artifactory.addon.replication.core.context.server.TargetServerInfoResolverTest" name="testServerWithVersionLowerThanConanMinimum" time="0.129"/>
  <testcase classname="org.artifactory.addon.replication.core.context.server.TargetServerInfoResolverTest" name="testNonArtifactoryServerHeaders" time="0.085"/>
  <testcase classname="org.artifactory.addon.replication.core.context.server.TargetServerInfoResolverTest" name="testNullContextTarget" time="0.039"/>
  <testcase classname="org.artifactory.addon.replication.core.context.server.TargetServerInfoResolverTest" name="testServerWithDifferentLicenseHash" time="0.288"/>
  <testcase classname="org.artifactory.addon.replication.core.context.server.TargetServerInfoResolverTest" name="testBlankContextTargetUrl" time="0.035"/>
  <testcase classname="org.artifactory.addon.replication.core.context.server.TargetServerInfoResolverTest" name="testCloseResponseUponException2" time="2.787"/>
  <testcase classname="org.artifactory.addon.replication.core.context.server.TargetServerInfoResolverTest" name="testNoServerHeaders" time="0.104"/>
  <testcase classname="org.artifactory.addon.replication.core.context.server.TargetServerInfoResolverTest" name="testCloseResponseUponException" time="0.310"/>
  <testcase classname="org.artifactory.addon.replication.core.context.server.TargetServerInfoResolverTest" name="testNoArtifactoryIdHeader" time="0.043"/>
  <testcase classname="org.artifactory.addon.replication.core.context.server.TargetServerInfoResolverTest" name="testNullArtifactoryContext" time="0.573"/>
  <testcase classname="org.artifactory.addon.replication.core.context.server.TargetServerInfoResolverTest" name="testServerVersionBefore261" time="0.058"/>
  <testcase classname="org.artifactory.addon.replication.core.context.server.TargetServerInfoResolverTest" name="testCloseBadResponse" time="0.318"/>
  <testcase classname="org.artifactory.addon.replication.core.context.server.TargetServerInfoResolverTest" name="testNullContextRequestExecutor" time="0.106"/>
</testsuite> <!-- org.artifactory.addon.replication.core.context.server.TargetServerInfoResolverTest -->
