<?xml version="1.0" encoding="UTF-8"?>
<!-- Generated by org.testng.reporters.JUnitReportReporter -->
<testsuite ignored="0" hostname="fc3c13788461" failures="0" tests="105" name="org.artifactory.addon.filestore.validators.EnterpriseBinaryProviderProtectorTest" time="22.086" errors="0" timestamp="25 Oct 2021 16:05:46 GMT" skipped="0">
  <testcase classname="org.artifactory.addon.filestore.validators.EnterpriseBinaryProviderProtectorTest" name="isLegalEndpointS3AwsEmptyValidCase" time="0.145"/>
  <testcase classname="org.artifactory.addon.filestore.validators.EnterpriseBinaryProviderProtectorTest" name="assertPermittedTrialLicense" time="0.099"/>
  <testcase classname="org.artifactory.addon.filestore.validators.EnterpriseBinaryProviderProtectorTest" name="assertPermittedWithSupportedLicense" time="0.067"/>
  <testcase classname="org.artifactory.addon.filestore.validators.EnterpriseBinaryProviderProtectorTest" name="assertPermittedAolLicense" time="0.079"/>
  <testcase classname="org.artifactory.addon.filestore.validators.EnterpriseBinaryProviderProtectorTest" name="assertPermittedGoogleCloudInvalidEndpoint" time="0.020"/>
  <testcase classname="org.artifactory.addon.filestore.validators.EnterpriseBinaryProviderProtectorTest" name="assertPermittedWithSupportedLicense" time="0.184"/>
  <testcase classname="org.artifactory.addon.filestore.validators.EnterpriseBinaryProviderProtectorTest" name="assertUndefinedProviderValidCase" time="0.036"/>
  <testcase classname="org.artifactory.addon.filestore.validators.EnterpriseBinaryProviderProtectorTest" name="assertPermittedGoogleJetsInvalidEndpoint" time="0.045"/>
  <testcase classname="org.artifactory.addon.filestore.validators.EnterpriseBinaryProviderProtectorTest" name="isLegalEndpointAzure" time="0.057"/>
  <testcase classname="org.artifactory.addon.filestore.validators.EnterpriseBinaryProviderProtectorTest" name="assertPermittedNoLicense" time="0.050"/>
  <testcase classname="org.artifactory.addon.filestore.validators.EnterpriseBinaryProviderProtectorTest" name="assertPermittedGoogleCloudValidCase" time="0.056"/>
  <testcase classname="org.artifactory.addon.filestore.validators.EnterpriseBinaryProviderProtectorTest" name="assertPermittedAzureNoLicense" time="0.111"/>
  <testcase classname="org.artifactory.addon.filestore.validators.EnterpriseBinaryProviderProtectorTest" name="assertPermittedTrialLicense" time="0.063"/>
  <testcase classname="org.artifactory.addon.filestore.validators.EnterpriseBinaryProviderProtectorTest" name="assertPermittedS3JetNoLicense" time="0.038"/>
  <testcase classname="org.artifactory.addon.filestore.validators.EnterpriseBinaryProviderProtectorTest" name="assertPermittedNoLicense" time="0.073"/>
  <testcase classname="org.artifactory.addon.filestore.validators.EnterpriseBinaryProviderProtectorTest" name="assertPermittedAzureValidCase" time="0.119"/>
  <testcase classname="org.artifactory.addon.filestore.validators.EnterpriseBinaryProviderProtectorTest" name="assertPermittedWithCouldBinaryProviderEntitlement" time="11.924"/>
  <testcase classname="org.artifactory.addon.filestore.validators.EnterpriseBinaryProviderProtectorTest" name="assertPermittedAolLicense" time="0.103"/>
  <testcase classname="org.artifactory.addon.filestore.validators.EnterpriseBinaryProviderProtectorTest" name="assertPermittedJcrAolLicense" time="0.055"/>
  <testcase classname="org.artifactory.addon.filestore.validators.EnterpriseBinaryProviderProtectorTest" name="assertPermittedWithSupportedLicense" time="0.090"/>
  <testcase classname="org.artifactory.addon.filestore.validators.EnterpriseBinaryProviderProtectorTest" name="assertPermittedWithSupportedLicense" time="0.039"/>
  <testcase classname="org.artifactory.addon.filestore.validators.EnterpriseBinaryProviderProtectorTest" name="assertPermittedS3JetInvalidEndpoint" time="0.165"/>
  <testcase classname="org.artifactory.addon.filestore.validators.EnterpriseBinaryProviderProtectorTest" name="assertPermittedWithSupportedLicense" time="0.028"/>
  <testcase classname="org.artifactory.addon.filestore.validators.EnterpriseBinaryProviderProtectorTest" name="assertPermittedS3JetValidCase" time="0.068"/>
  <testcase classname="org.artifactory.addon.filestore.validators.EnterpriseBinaryProviderProtectorTest" name="assertPermittedAolLicense" time="0.119"/>
  <testcase classname="org.artifactory.addon.filestore.validators.EnterpriseBinaryProviderProtectorTest" name="isLegalEndpointS3JetEmptyValidCase" time="0.028"/>
  <testcase classname="org.artifactory.addon.filestore.validators.EnterpriseBinaryProviderProtectorTest" name="assertPermittedNoLicense" time="0.031"/>
  <testcase classname="org.artifactory.addon.filestore.validators.EnterpriseBinaryProviderProtectorTest" name="assertPermittedTrialLicense" time="0.032"/>
  <testcase classname="org.artifactory.addon.filestore.validators.EnterpriseBinaryProviderProtectorTest" name="assertPermittedAolLicense" time="0.067"/>
  <testcase classname="org.artifactory.addon.filestore.validators.EnterpriseBinaryProviderProtectorTest" name="assertPermittedJcrAolLicense" time="0.085"/>
  <testcase classname="org.artifactory.addon.filestore.validators.EnterpriseBinaryProviderProtectorTest" name="isLegalEndpointGoogleCloudEmptyValidCase" time="0.101"/>
  <testcase classname="org.artifactory.addon.filestore.validators.EnterpriseBinaryProviderProtectorTest" name="assertPermittedJcrAolLicense" time="0.039"/>
  <testcase classname="org.artifactory.addon.filestore.validators.EnterpriseBinaryProviderProtectorTest" name="assertPermittedAolLicense" time="0.051"/>
  <testcase classname="org.artifactory.addon.filestore.validators.EnterpriseBinaryProviderProtectorTest" name="assertPermittedJcrTypeWithSharding" time="0.049"/>
  <testcase classname="org.artifactory.addon.filestore.validators.EnterpriseBinaryProviderProtectorTest" name="assertPermittedProWithBasicLicenseAndClusterSharding" time="0.075"/>
  <testcase classname="org.artifactory.addon.filestore.validators.EnterpriseBinaryProviderProtectorTest" name="assertPermittedGoogleJetsNoLicense" time="0.103"/>
  <testcase classname="org.artifactory.addon.filestore.validators.EnterpriseBinaryProviderProtectorTest" name="assertPermittedTrialLicenseTwice" time="0.078"/>
  <testcase classname="org.artifactory.addon.filestore.validators.EnterpriseBinaryProviderProtectorTest" name="assertPermittedWithSupportedLicense" time="0.025"/>
  <testcase classname="org.artifactory.addon.filestore.validators.EnterpriseBinaryProviderProtectorTest" name="isLegalEndpointGoogleJetsEmptyCase" time="0.082"/>
  <testcase classname="org.artifactory.addon.filestore.validators.EnterpriseBinaryProviderProtectorTest" name="isLegalEndpointS3JetValidCase" time="0.053"/>
  <testcase classname="org.artifactory.addon.filestore.validators.EnterpriseBinaryProviderProtectorTest" name="assertPermittedTrialLicense" time="0.047"/>
  <testcase classname="org.artifactory.addon.filestore.validators.EnterpriseBinaryProviderProtectorTest" name="isLegalEndpointGoogleJets" time="0.047"/>
  <testcase classname="org.artifactory.addon.filestore.validators.EnterpriseBinaryProviderProtectorTest" name="assertPermittedWithSupportedLicense" time="0.048"/>
  <testcase classname="org.artifactory.addon.filestore.validators.EnterpriseBinaryProviderProtectorTest" name="assertPermittedTrialLicense" time="0.027"/>
  <testcase classname="org.artifactory.addon.filestore.validators.EnterpriseBinaryProviderProtectorTest" name="assertPermittedWithSupportedLicense" time="0.077"/>
  <testcase classname="org.artifactory.addon.filestore.validators.EnterpriseBinaryProviderProtectorTest" name="assertPermittedJcrAolLicense" time="0.068"/>
  <testcase classname="org.artifactory.addon.filestore.validators.EnterpriseBinaryProviderProtectorTest" name="assertPermittedTrialLicense" time="0.076"/>
  <testcase classname="org.artifactory.addon.filestore.validators.EnterpriseBinaryProviderProtectorTest" name="assertPermittedNoLicense" time="0.070"/>
  <testcase classname="org.artifactory.addon.filestore.validators.EnterpriseBinaryProviderProtectorTest" name="assertPermittedProWithBasicLicenseAndClusterSharding" time="0.076"/>
  <testcase classname="org.artifactory.addon.filestore.validators.EnterpriseBinaryProviderProtectorTest" name="assertPermittedNoLicense" time="0.062"/>
  <testcase classname="org.artifactory.addon.filestore.validators.EnterpriseBinaryProviderProtectorTest" name="assertPermittedAolLicense" time="0.045"/>
  <testcase classname="org.artifactory.addon.filestore.validators.EnterpriseBinaryProviderProtectorTest" name="assertPermittedS3AwsInvalidEndpoint" time="0.076"/>
  <testcase classname="org.artifactory.addon.filestore.validators.EnterpriseBinaryProviderProtectorTest" name="isLegalEndpointGoogleCloudValidCase" time="0.059"/>
  <testcase classname="org.artifactory.addon.filestore.validators.EnterpriseBinaryProviderProtectorTest" name="assertPermittedAzureInvalidEndpoint" time="0.064"/>
  <testcase classname="org.artifactory.addon.filestore.validators.EnterpriseBinaryProviderProtectorTest" name="assertPermittedJcrAolLicense" time="0.107"/>
  <testcase classname="org.artifactory.addon.filestore.validators.EnterpriseBinaryProviderProtectorTest" name="assertPermittedTrialLicense" time="0.172"/>
  <testcase classname="org.artifactory.addon.filestore.validators.EnterpriseBinaryProviderProtectorTest" name="assertPermittedAzureInvalidEndpoint" time="0.234"/>
  <testcase classname="org.artifactory.addon.filestore.validators.EnterpriseBinaryProviderProtectorTest" name="assertPermittedJcrAolLicense" time="0.054"/>
  <testcase classname="org.artifactory.addon.filestore.validators.EnterpriseBinaryProviderProtectorTest" name="assertPermittedWithSupportedLicense" time="0.026"/>
  <testcase classname="org.artifactory.addon.filestore.validators.EnterpriseBinaryProviderProtectorTest" name="assertPermittedTrialLicense" time="0.067"/>
  <testcase classname="org.artifactory.addon.filestore.validators.EnterpriseBinaryProviderProtectorTest" name="testIsLegalEndpointS3AwsCnValidCase" time="0.060"/>
  <testcase classname="org.artifactory.addon.filestore.validators.EnterpriseBinaryProviderProtectorTest" name="assertPermittedS3JetValidCase" time="0.045"/>
  <testcase classname="org.artifactory.addon.filestore.validators.EnterpriseBinaryProviderProtectorTest" name="assertPermittedS3AwsValidCase" time="0.149"/>
  <testcase classname="org.artifactory.addon.filestore.validators.EnterpriseBinaryProviderProtectorTest" name="isGcpBinaryProvider" time="0.080"/>
  <testcase classname="org.artifactory.addon.filestore.validators.EnterpriseBinaryProviderProtectorTest" name="assertPermittedJcrAolLicense" time="0.061"/>
  <testcase classname="org.artifactory.addon.filestore.validators.EnterpriseBinaryProviderProtectorTest" name="assertPermittedTrialLicense" time="0.109"/>
  <testcase classname="org.artifactory.addon.filestore.validators.EnterpriseBinaryProviderProtectorTest" name="assertPermittedTrialLicense" time="0.063"/>
  <testcase classname="org.artifactory.addon.filestore.validators.EnterpriseBinaryProviderProtectorTest" name="assertPermittedTrialLicense" time="0.026"/>
  <testcase classname="org.artifactory.addon.filestore.validators.EnterpriseBinaryProviderProtectorTest" name="assertPermittedJcrAolLicense" time="0.053"/>
  <testcase classname="org.artifactory.addon.filestore.validators.EnterpriseBinaryProviderProtectorTest" name="assertPermittedAolLicense" time="0.073"/>
  <testcase classname="org.artifactory.addon.filestore.validators.EnterpriseBinaryProviderProtectorTest" name="assertPermittedWithSupportedLicense" time="0.463"/>
  <testcase classname="org.artifactory.addon.filestore.validators.EnterpriseBinaryProviderProtectorTest" name="assertPermittedJcrAolLicense" time="0.052"/>
  <testcase classname="org.artifactory.addon.filestore.validators.EnterpriseBinaryProviderProtectorTest" name="assertPermittedNoLicense" time="0.062"/>
  <testcase classname="org.artifactory.addon.filestore.validators.EnterpriseBinaryProviderProtectorTest" name="assertPermittedNoLicense" time="0.072"/>
  <testcase classname="org.artifactory.addon.filestore.validators.EnterpriseBinaryProviderProtectorTest" name="testIsLegalEndpointS3AwsValidCase" time="0.041"/>
  <testcase classname="org.artifactory.addon.filestore.validators.EnterpriseBinaryProviderProtectorTest" name="assertPermittedTrialThenNoLicense" time="0.101"/>
  <testcase classname="org.artifactory.addon.filestore.validators.EnterpriseBinaryProviderProtectorTest" name="assertPermittedWithSupportedLicense" time="0.073"/>
  <testcase classname="org.artifactory.addon.filestore.validators.EnterpriseBinaryProviderProtectorTest" name="assertPermittedJcrAolLicense" time="0.038"/>
  <testcase classname="org.artifactory.addon.filestore.validators.EnterpriseBinaryProviderProtectorTest" name="assertPermittedGoogleJetsValidCase" time="0.027"/>
  <testcase classname="org.artifactory.addon.filestore.validators.EnterpriseBinaryProviderProtectorTest" name="assertPermittedAolLicense" time="0.034"/>
  <testcase classname="org.artifactory.addon.filestore.validators.EnterpriseBinaryProviderProtectorTest" name="assertPermittedGoogleJetsInvalidEndpoint" time="0.048"/>
  <testcase classname="org.artifactory.addon.filestore.validators.EnterpriseBinaryProviderProtectorTest" name="assertPermittedNoLicense" time="0.080"/>
  <testcase classname="org.artifactory.addon.filestore.validators.EnterpriseBinaryProviderProtectorTest" name="assertPermittedAolLicense" time="0.080"/>
  <testcase classname="org.artifactory.addon.filestore.validators.EnterpriseBinaryProviderProtectorTest" name="assertPermittedS3AwsNoLicense" time="0.080"/>
  <testcase classname="org.artifactory.addon.filestore.validators.EnterpriseBinaryProviderProtectorTest" name="assertPermittedS3JetInvalidEndpoint" time="2.007"/>
  <testcase classname="org.artifactory.addon.filestore.validators.EnterpriseBinaryProviderProtectorTest" name="assertPermittedGoogleCloudValidCase" time="0.048"/>
  <testcase classname="org.artifactory.addon.filestore.validators.EnterpriseBinaryProviderProtectorTest" name="assertPermittedTrialLicense" time="0.037"/>
  <testcase classname="org.artifactory.addon.filestore.validators.EnterpriseBinaryProviderProtectorTest" name="assertPermittedAzureValidCase" time="0.068"/>
  <testcase classname="org.artifactory.addon.filestore.validators.EnterpriseBinaryProviderProtectorTest" name="assertPermittedS3AwsValidCase" time="0.091"/>
  <testcase classname="org.artifactory.addon.filestore.validators.EnterpriseBinaryProviderProtectorTest" name="assertPermittedWithSupportedLicense" time="0.023"/>
  <testcase classname="org.artifactory.addon.filestore.validators.EnterpriseBinaryProviderProtectorTest" name="assertPermittedGoogleCloudInvalidEndpoint" time="0.030"/>
  <testcase classname="org.artifactory.addon.filestore.validators.EnterpriseBinaryProviderProtectorTest" name="assertPermittedNoLicense" time="0.054"/>
  <testcase classname="org.artifactory.addon.filestore.validators.EnterpriseBinaryProviderProtectorTest" name="assertPermittedAolLicense" time="0.034"/>
  <testcase classname="org.artifactory.addon.filestore.validators.EnterpriseBinaryProviderProtectorTest" name="assertPermittedNoLicense" time="0.411"/>
  <testcase classname="org.artifactory.addon.filestore.validators.EnterpriseBinaryProviderProtectorTest" name="assertPermittedJcrAolLicense" time="0.041"/>
  <testcase classname="org.artifactory.addon.filestore.validators.EnterpriseBinaryProviderProtectorTest" name="assertPermittedNoLicense" time="0.028"/>
  <testcase classname="org.artifactory.addon.filestore.validators.EnterpriseBinaryProviderProtectorTest" name="assertPermittedGoogleCloudNoLicense" time="0.043"/>
  <testcase classname="org.artifactory.addon.filestore.validators.EnterpriseBinaryProviderProtectorTest" name="assertPermittedAolLicense" time="0.027"/>
  <testcase classname="org.artifactory.addon.filestore.validators.EnterpriseBinaryProviderProtectorTest" name="assertPermittedGoogleJetsValidCase" time="0.206"/>
  <testcase classname="org.artifactory.addon.filestore.validators.EnterpriseBinaryProviderProtectorTest" name="assertPermittedJcrTypeWithClusterSharding" time="0.093"/>
  <testcase classname="org.artifactory.addon.filestore.validators.EnterpriseBinaryProviderProtectorTest" name="assertPermittedS3AwsInvalidEndpoint" time="0.342"/>
  <testcase classname="org.artifactory.addon.filestore.validators.EnterpriseBinaryProviderProtectorTest" name="assertPermittedNoLicense" time="0.074"/>
  <testcase classname="org.artifactory.addon.filestore.validators.EnterpriseBinaryProviderProtectorTest" name="assertPermittedAolLicense" time="0.064"/>
  <testcase classname="org.artifactory.addon.filestore.validators.EnterpriseBinaryProviderProtectorTest" name="isRestrictedProvider" time="0.109"/>
  <testcase classname="org.artifactory.addon.filestore.validators.EnterpriseBinaryProviderProtectorTest" name="assertPermittedJcrAolLicense" time="0.052"/>
</testsuite> <!-- org.artifactory.addon.filestore.validators.EnterpriseBinaryProviderProtectorTest -->
