<?xml version="1.0" encoding="UTF-8"?>
<!-- Generated by org.testng.reporters.JUnitReportReporter -->
<testsuite ignored="0" hostname="fc3c13788461" failures="0" tests="3" name="org.artifactory.addon.filestore.eventual.cluster.EventualClusterBinaryProviderDownStreamTest" time="0.985" errors="0" timestamp="25 Oct 2021 16:05:54 GMT" skipped="0">
  <testcase classname="org.artifactory.addon.filestore.eventual.cluster.EventualClusterBinaryProviderDownStreamTest" name="getStreamThatExistInDownstreamOnly" time="0.008"/>
  <testcase classname="org.artifactory.addon.filestore.eventual.cluster.EventualClusterBinaryProviderDownStreamTest" name="binaryExistsInDownstreamOnly" time="0.953"/>
  <testcase classname="org.artifactory.addon.filestore.eventual.cluster.EventualClusterBinaryProviderDownStreamTest" name="binaryPendingDeleteAndExistInDownstream" time="0.024"/>
</testsuite> <!-- org.artifactory.addon.filestore.eventual.cluster.EventualClusterBinaryProviderDownStreamTest -->
