<?xml version="1.0" encoding="UTF-8"?>
<!-- Generated by org.testng.reporters.JUnitReportReporter -->
<testsuite ignored="0" hostname="fc3c13788461" failures="0" tests="4" name="org.artifactory.addon.npm.NpmServiceImplMockedMethodsTest" time="3.932" errors="0" timestamp="25 Oct 2021 16:09:08 GMT" skipped="0">
  <testcase classname="org.artifactory.addon.npm.NpmServiceImplMockedMethodsTest" name="testGetNpmMetadata" time="0.169"/>
  <testcase classname="org.artifactory.addon.npm.NpmServiceImplMockedMethodsTest" name="testGetNpmMetadataNotRepo" time="0.102"/>
  <testcase classname="org.artifactory.addon.npm.NpmServiceImplMockedMethodsTest" name="testGetNpmMetadataNotFound" time="2.036"/>
  <testcase classname="org.artifactory.addon.npm.NpmServiceImplMockedMethodsTest" name="testGetNpmMetadataThrowException" time="1.625"/>
</testsuite> <!-- org.artifactory.addon.npm.NpmServiceImplMockedMethodsTest -->
