<?xml version="1.0" encoding="UTF-8"?>
<!-- Generated by org.testng.reporters.JUnitReportReporter -->
<testsuite ignored="0" hostname="fc3c13788461" failures="0" tests="6" name="org.artifactory.addon.replication.core.context.server.TargetServerUrlResolverTest" time="1.863" errors="0" timestamp="25 Oct 2021 16:09:57 GMT" skipped="0">
  <testcase classname="org.artifactory.addon.replication.core.context.server.TargetServerUrlResolverTest" name="testBlankUrl" time="1.801"/>
  <testcase classname="org.artifactory.addon.replication.core.context.server.TargetServerUrlResolverTest" name="testHostWithRepoKeyAndNoContext" time="0.004"/>
  <testcase classname="org.artifactory.addon.replication.core.context.server.TargetServerUrlResolverTest" name="testHostWithNoRepoKeyAndNoContext" time="0.027"/>
  <testcase classname="org.artifactory.addon.replication.core.context.server.TargetServerUrlResolverTest" name="testHostWithRepoKeyAndContext" time="0.031"/>
  <testcase classname="org.artifactory.addon.replication.core.context.server.TargetServerUrlResolverTest" name="testNullSettings" time="0.000"/>
  <testcase classname="org.artifactory.addon.replication.core.context.server.TargetServerUrlResolverTest" name="testInvalidUrl" time="0.000"/>
</testsuite> <!-- org.artifactory.addon.replication.core.context.server.TargetServerUrlResolverTest -->
