<?xml version="1.0" encoding="UTF-8"?>
<!-- Generated by org.testng.reporters.JUnitReportReporter -->
<testsuite ignored="0" hostname="fc3c13788461" failures="0" tests="5" name="org.artifactory.addon.yum.virtual.merge.YumOtherIndexMergerTest" time="7.186" errors="0" timestamp="25 Oct 2021 16:04:40 GMT" skipped="0">
  <testcase classname="org.artifactory.addon.yum.virtual.merge.YumOtherIndexMergerTest" name="testMergeTwoTagsOnSameLine" time="0.066"/>
  <testcase classname="org.artifactory.addon.yum.virtual.merge.YumOtherIndexMergerTest" name="testReplaceIndexTagOpenerPattern" time="2.337"/>
  <testcase classname="org.artifactory.addon.yum.virtual.merge.YumOtherIndexMergerTest" name="testReplaceIndexTagCloserPatternWithNewLine" time="0.037"/>
  <testcase classname="org.artifactory.addon.yum.virtual.merge.YumOtherIndexMergerTest" name="testMerge" time="0.909"/>
  <testcase classname="org.artifactory.addon.yum.virtual.merge.YumOtherIndexMergerTest" name="testReplaceIndexTagCloserPattern" time="3.837"/>
</testsuite> <!-- org.artifactory.addon.yum.virtual.merge.YumOtherIndexMergerTest -->
