<?xml version="1.0" encoding="UTF-8"?>
<!-- Generated by org.testng.reporters.JUnitReportReporter -->
<testsuite ignored="0" hostname="fc3c13788461" failures="0" tests="123" name="org.artifactory.addon.replication.core.service.ReplicationErrorsServiceImplTest" time="3.528" errors="0" timestamp="25 Oct 2021 16:10:17 GMT" skipped="0">
  <testcase classname="org.artifactory.addon.replication.core.service.ReplicationErrorsServiceImplTest" name="testHandleDependencyOfErrorForNewErrors" time="0.068"/>
  <testcase classname="org.artifactory.addon.replication.core.service.ReplicationErrorsServiceImplTest" name="testHandleHttpErrorDisabledByFlag" time="0.040"/>
  <testcase classname="org.artifactory.addon.replication.core.service.ReplicationErrorsServiceImplTest" name="testHandleDependencyOfErrorForNewErrors" time="0.014"/>
  <testcase classname="org.artifactory.addon.replication.core.service.ReplicationErrorsServiceImplTest" name="testHandleErrorWithHttpStatus" time="0.035"/>
  <testcase classname="org.artifactory.addon.replication.core.service.ReplicationErrorsServiceImplTest" name="testHandleErrorWithException" time="0.021"/>
  <testcase classname="org.artifactory.addon.replication.core.service.ReplicationErrorsServiceImplTest" name="testHandleErrorWithHttpStatusWhileErrorExistAlready" time="0.030"/>
  <testcase classname="org.artifactory.addon.replication.core.service.ReplicationErrorsServiceImplTest" name="testHandleErrorWithException" time="0.030"/>
  <testcase classname="org.artifactory.addon.replication.core.service.ReplicationErrorsServiceImplTest" name="testHandleDependencyOfErrorForNewErrors" time="0.032"/>
  <testcase classname="org.artifactory.addon.replication.core.service.ReplicationErrorsServiceImplTest" name="testHandleErrorWithHttpStatusWhileErrorExistAlready" time="0.021"/>
  <testcase classname="org.artifactory.addon.replication.core.service.ReplicationErrorsServiceImplTest" name="testHandleErrorWithException" time="0.049"/>
  <testcase classname="org.artifactory.addon.replication.core.service.ReplicationErrorsServiceImplTest" name="testGetErrorsByReplicationKeyWhereErrorsNotExist" time="0.028"/>
  <testcase classname="org.artifactory.addon.replication.core.service.ReplicationErrorsServiceImplTest" name="testHandleDependencyOfErrorWhileErrorExists" time="0.044"/>
  <testcase classname="org.artifactory.addon.replication.core.service.ReplicationErrorsServiceImplTest" name="testHandleErrorWithHttpStatus" time="0.025"/>
  <testcase classname="org.artifactory.addon.replication.core.service.ReplicationErrorsServiceImplTest" name="testHandleErrorWithHttpStatusWhileErrorExistAlready" time="0.017"/>
  <testcase classname="org.artifactory.addon.replication.core.service.ReplicationErrorsServiceImplTest" name="testHandleErrorWithException" time="0.033"/>
  <testcase classname="org.artifactory.addon.replication.core.service.ReplicationErrorsServiceImplTest" name="testHandleErrorWithHttpStatusWhileErrorExistAlready" time="0.017"/>
  <testcase classname="org.artifactory.addon.replication.core.service.ReplicationErrorsServiceImplTest" name="testHandleErrorWithException" time="0.049"/>
  <testcase classname="org.artifactory.addon.replication.core.service.ReplicationErrorsServiceImplTest" name="testDeleteError" time="0.051"/>
  <testcase classname="org.artifactory.addon.replication.core.service.ReplicationErrorsServiceImplTest" name="testHandleErrorWithHttpStatus" time="0.020"/>
  <testcase classname="org.artifactory.addon.replication.core.service.ReplicationErrorsServiceImplTest" name="testHandleErrorWithHttpStatusWhileErrorExistAlready" time="0.043"/>
  <testcase classname="org.artifactory.addon.replication.core.service.ReplicationErrorsServiceImplTest" name="testHandleDependencyOfErrorForNewErrors" time="0.018"/>
  <testcase classname="org.artifactory.addon.replication.core.service.ReplicationErrorsServiceImplTest" name="testGetErrorsDisabledByFlag" time="0.031"/>
  <testcase classname="org.artifactory.addon.replication.core.service.ReplicationErrorsServiceImplTest" name="testGetAllErrorsWhereErrorsNotExist" time="0.024"/>
  <testcase classname="org.artifactory.addon.replication.core.service.ReplicationErrorsServiceImplTest" name="testHandleDependencyOfErrorWhileErrorExists" time="0.046"/>
  <testcase classname="org.artifactory.addon.replication.core.service.ReplicationErrorsServiceImplTest" name="testHandleDependencyOfErrorWhileErrorExists" time="0.019"/>
  <testcase classname="org.artifactory.addon.replication.core.service.ReplicationErrorsServiceImplTest" name="testHandleErrorWithHttpStatusWhileErrorExistAlready" time="0.009"/>
  <testcase classname="org.artifactory.addon.replication.core.service.ReplicationErrorsServiceImplTest" name="testHandleDependencyOfErrorForNewErrors" time="0.014"/>
  <testcase classname="org.artifactory.addon.replication.core.service.ReplicationErrorsServiceImplTest" name="testHandleErrorWithException" time="0.014"/>
  <testcase classname="org.artifactory.addon.replication.core.service.ReplicationErrorsServiceImplTest" name="testHandleErrorWithHttpStatusWhileErrorExistAlready" time="0.041"/>
  <testcase classname="org.artifactory.addon.replication.core.service.ReplicationErrorsServiceImplTest" name="testHandleDependencyOfErrorForNewErrors" time="0.018"/>
  <testcase classname="org.artifactory.addon.replication.core.service.ReplicationErrorsServiceImplTest" name="testHandleErrorWithHttpStatus" time="0.014"/>
  <testcase classname="org.artifactory.addon.replication.core.service.ReplicationErrorsServiceImplTest" name="testDeleteNonExistingErrors" time="0.025"/>
  <testcase classname="org.artifactory.addon.replication.core.service.ReplicationErrorsServiceImplTest" name="testHandleHttpErrorDisabledByFlag" time="0.008"/>
  <testcase classname="org.artifactory.addon.replication.core.service.ReplicationErrorsServiceImplTest" name="testHandleDependencyOfErrorForNewErrors" time="0.048"/>
  <testcase classname="org.artifactory.addon.replication.core.service.ReplicationErrorsServiceImplTest" name="testHandleErrorWithHttpStatus" time="0.027"/>
  <testcase classname="org.artifactory.addon.replication.core.service.ReplicationErrorsServiceImplTest" name="testHandleErrorWithHttpStatus" time="0.012"/>
  <testcase classname="org.artifactory.addon.replication.core.service.ReplicationErrorsServiceImplTest" name="testHandleReplicationExceptionDisabledByFlag" time="0.038"/>
  <testcase classname="org.artifactory.addon.replication.core.service.ReplicationErrorsServiceImplTest" name="testHandleErrorWithHttpStatusWhileErrorExistAlready" time="0.034"/>
  <testcase classname="org.artifactory.addon.replication.core.service.ReplicationErrorsServiceImplTest" name="testHandleErrorWithHttpStatus" time="0.014"/>
  <testcase classname="org.artifactory.addon.replication.core.service.ReplicationErrorsServiceImplTest" name="testHandleErrorWithHttpStatus" time="0.015"/>
  <testcase classname="org.artifactory.addon.replication.core.service.ReplicationErrorsServiceImplTest" name="testHandleErrorWithHttpStatus" time="0.035"/>
  <testcase classname="org.artifactory.addon.replication.core.service.ReplicationErrorsServiceImplTest" name="testHandleErrorWithHttpStatus" time="0.025"/>
  <testcase classname="org.artifactory.addon.replication.core.service.ReplicationErrorsServiceImplTest" name="testHandleErrorWithException" time="0.028"/>
  <testcase classname="org.artifactory.addon.replication.core.service.ReplicationErrorsServiceImplTest" name="testHandleErrorWithException" time="0.067"/>
  <testcase classname="org.artifactory.addon.replication.core.service.ReplicationErrorsServiceImplTest" name="testDeleteByReplicationKeyAndTypeDeleteEvent" time="0.030"/>
  <testcase classname="org.artifactory.addon.replication.core.service.ReplicationErrorsServiceImplTest" name="testHandleErrorWithHttpStatusWhileErrorExistAlready" time="0.008"/>
  <testcase classname="org.artifactory.addon.replication.core.service.ReplicationErrorsServiceImplTest" name="testHandleErrorWithHttpStatus" time="0.025"/>
  <testcase classname="org.artifactory.addon.replication.core.service.ReplicationErrorsServiceImplTest" name="testHandleDependencyOfErrorWhileErrorExists" time="0.024"/>
  <testcase classname="org.artifactory.addon.replication.core.service.ReplicationErrorsServiceImplTest" name="testHandleErrorWithHttpStatusWhileErrorExistAlready" time="0.007"/>
  <testcase classname="org.artifactory.addon.replication.core.service.ReplicationErrorsServiceImplTest" name="testHandleDependencyOfErrorWhileErrorExists" time="0.042"/>
  <testcase classname="org.artifactory.addon.replication.core.service.ReplicationErrorsServiceImplTest" name="testHandleErrorWithHttpStatus" time="0.013"/>
  <testcase classname="org.artifactory.addon.replication.core.service.ReplicationErrorsServiceImplTest" name="testHandleReplicationExceptionDisabledByFlag" time="0.012"/>
  <testcase classname="org.artifactory.addon.replication.core.service.ReplicationErrorsServiceImplTest" name="testHandleErrorWithHttpStatusWhileErrorExistAlready" time="0.016"/>
  <testcase classname="org.artifactory.addon.replication.core.service.ReplicationErrorsServiceImplTest" name="testGetErrorsMaintainSourceOrdering" time="0.008"/>
  <testcase classname="org.artifactory.addon.replication.core.service.ReplicationErrorsServiceImplTest" name="testHandleErrorWithHttpStatus" time="0.034"/>
  <testcase classname="org.artifactory.addon.replication.core.service.ReplicationErrorsServiceImplTest" name="testHandleErrorWithHttpStatus" time="0.053"/>
  <testcase classname="org.artifactory.addon.replication.core.service.ReplicationErrorsServiceImplTest" name="testHandleErrorWithHttpStatusWhileErrorExistAlready" time="0.021"/>
  <testcase classname="org.artifactory.addon.replication.core.service.ReplicationErrorsServiceImplTest" name="testHandleDependencyOfErrorForNewErrors" time="0.024"/>
  <testcase classname="org.artifactory.addon.replication.core.service.ReplicationErrorsServiceImplTest" name="testHandleErrorWithException" time="0.039"/>
  <testcase classname="org.artifactory.addon.replication.core.service.ReplicationErrorsServiceImplTest" name="testHandleReplicationExceptionDisabledByFlag" time="0.023"/>
  <testcase classname="org.artifactory.addon.replication.core.service.ReplicationErrorsServiceImplTest" name="testHandleErrorWithHttpStatusWhileErrorExistAlready" time="0.022"/>
  <testcase classname="org.artifactory.addon.replication.core.service.ReplicationErrorsServiceImplTest" name="testHandleErrorWithHttpStatus" time="0.008"/>
  <testcase classname="org.artifactory.addon.replication.core.service.ReplicationErrorsServiceImplTest" name="testHandleDependencyOfErrorWhileErrorExists" time="0.033"/>
  <testcase classname="org.artifactory.addon.replication.core.service.ReplicationErrorsServiceImplTest" name="testHandleDependencyOfErrorForNewErrors" time="0.013"/>
  <testcase classname="org.artifactory.addon.replication.core.service.ReplicationErrorsServiceImplTest" name="testHandleErrorWithHttpStatusWhileErrorExistAlready" time="0.052"/>
  <testcase classname="org.artifactory.addon.replication.core.service.ReplicationErrorsServiceImplTest" name="testHandleDependencyOfErrorWhileErrorExists" time="0.023"/>
  <testcase classname="org.artifactory.addon.replication.core.service.ReplicationErrorsServiceImplTest" name="testGetAllErrors" time="0.043"/>
  <testcase classname="org.artifactory.addon.replication.core.service.ReplicationErrorsServiceImplTest" name="testHandleErrorWithHttpStatusWhileErrorExistAlready" time="0.024"/>
  <testcase classname="org.artifactory.addon.replication.core.service.ReplicationErrorsServiceImplTest" name="testHandleDependencyOfErrorForNewErrors" time="0.032"/>
  <testcase classname="org.artifactory.addon.replication.core.service.ReplicationErrorsServiceImplTest" name="testHandleDependencyOfErrorWhileErrorExists" time="0.048"/>
  <testcase classname="org.artifactory.addon.replication.core.service.ReplicationErrorsServiceImplTest" name="testHandleErrorWithHttpStatus" time="0.016"/>
  <testcase classname="org.artifactory.addon.replication.core.service.ReplicationErrorsServiceImplTest" name="testHandleDependencyOfErrorForNewErrors" time="0.033"/>
  <testcase classname="org.artifactory.addon.replication.core.service.ReplicationErrorsServiceImplTest" name="testHandleDependencyOfErrorForNewErrors" time="0.009"/>
  <testcase classname="org.artifactory.addon.replication.core.service.ReplicationErrorsServiceImplTest" name="testHandleDependencyOfErrorForNewErrors" time="0.044"/>
  <testcase classname="org.artifactory.addon.replication.core.service.ReplicationErrorsServiceImplTest" name="testHandleErrorWithHttpStatusWhileErrorExistAlready" time="0.012"/>
  <testcase classname="org.artifactory.addon.replication.core.service.ReplicationErrorsServiceImplTest" name="testHandleDependencyOfErrorWhileErrorExists" time="0.010"/>
  <testcase classname="org.artifactory.addon.replication.core.service.ReplicationErrorsServiceImplTest" name="testHandleErrorWithHttpStatus" time="0.033"/>
  <testcase classname="org.artifactory.addon.replication.core.service.ReplicationErrorsServiceImplTest" name="testHandleErrorWithHttpStatus" time="0.044"/>
  <testcase classname="org.artifactory.addon.replication.core.service.ReplicationErrorsServiceImplTest" name="testHandleErrorWithHttpStatus" time="0.026"/>
  <testcase classname="org.artifactory.addon.replication.core.service.ReplicationErrorsServiceImplTest" name="testHandleErrorWithException" time="0.017"/>
  <testcase classname="org.artifactory.addon.replication.core.service.ReplicationErrorsServiceImplTest" name="testHandleErrorWithHttpStatus" time="0.022"/>
  <testcase classname="org.artifactory.addon.replication.core.service.ReplicationErrorsServiceImplTest" name="testHandleErrorWithHttpStatus" time="0.024"/>
  <testcase classname="org.artifactory.addon.replication.core.service.ReplicationErrorsServiceImplTest" name="testHandleErrorWithHttpStatusWhileErrorExistAlready" time="0.016"/>
  <testcase classname="org.artifactory.addon.replication.core.service.ReplicationErrorsServiceImplTest" name="testHandleDependencyOfErrorWhileErrorExists" time="0.033"/>
  <testcase classname="org.artifactory.addon.replication.core.service.ReplicationErrorsServiceImplTest" name="testGetErrorsByReplicationKeyDisabledByFlag" time="0.009"/>
  <testcase classname="org.artifactory.addon.replication.core.service.ReplicationErrorsServiceImplTest" name="testHandleErrorWithHttpStatus" time="0.028"/>
  <testcase classname="org.artifactory.addon.replication.core.service.ReplicationErrorsServiceImplTest" name="testHandleErrorWithHttpStatus" time="0.028"/>
  <testcase classname="org.artifactory.addon.replication.core.service.ReplicationErrorsServiceImplTest" name="testHandleErrorWithHttpStatusWhileErrorExistAlready" time="0.017"/>
  <testcase classname="org.artifactory.addon.replication.core.service.ReplicationErrorsServiceImplTest" name="testHandleErrorWithHttpStatusWhileErrorExistAlready" time="0.026"/>
  <testcase classname="org.artifactory.addon.replication.core.service.ReplicationErrorsServiceImplTest" name="testHandleErrorWithHttpStatusWhileErrorExistAlready" time="0.039"/>
  <testcase classname="org.artifactory.addon.replication.core.service.ReplicationErrorsServiceImplTest" name="testErrorGotBackToQueueTooManyTimes" time="0.072"/>
  <testcase classname="org.artifactory.addon.replication.core.service.ReplicationErrorsServiceImplTest" name="testDeleteByReplicationKeyAndTypePropEvent" time="0.041"/>
  <testcase classname="org.artifactory.addon.replication.core.service.ReplicationErrorsServiceImplTest" name="testHandleErrorWithException" time="0.025"/>
  <testcase classname="org.artifactory.addon.replication.core.service.ReplicationErrorsServiceImplTest" name="testHandleErrorWithHttpStatusWhileErrorExistAlready" time="0.012"/>
  <testcase classname="org.artifactory.addon.replication.core.service.ReplicationErrorsServiceImplTest" name="testHandleErrorWithHttpStatusWhileErrorExistAlready" time="0.029"/>
  <testcase classname="org.artifactory.addon.replication.core.service.ReplicationErrorsServiceImplTest" name="testHandleHttpErrorDisabledByFlag" time="0.021"/>
  <testcase classname="org.artifactory.addon.replication.core.service.ReplicationErrorsServiceImplTest" name="testHandleErrorWithHttpStatus" time="0.046"/>
  <testcase classname="org.artifactory.addon.replication.core.service.ReplicationErrorsServiceImplTest" name="testHandleDependencyOfErrorWhileErrorExists" time="0.050"/>
  <testcase classname="org.artifactory.addon.replication.core.service.ReplicationErrorsServiceImplTest" name="testHandleDependencyOfErrorWhileErrorExists" time="0.041"/>
  <testcase classname="org.artifactory.addon.replication.core.service.ReplicationErrorsServiceImplTest" name="testHandleDependencyOfErrorWhileErrorExists" time="0.020"/>
  <testcase classname="org.artifactory.addon.replication.core.service.ReplicationErrorsServiceImplTest" name="testHandleErrorWithHttpStatus" time="0.038"/>
  <testcase classname="org.artifactory.addon.replication.core.service.ReplicationErrorsServiceImplTest" name="testHandleErrorWithHttpStatusWhileErrorExistAlready" time="0.027"/>
  <testcase classname="org.artifactory.addon.replication.core.service.ReplicationErrorsServiceImplTest" name="testHandleErrorWithException" time="0.022"/>
  <testcase classname="org.artifactory.addon.replication.core.service.ReplicationErrorsServiceImplTest" name="testHandleErrorWithHttpStatusWhileErrorExistAlready" time="0.057"/>
  <testcase classname="org.artifactory.addon.replication.core.service.ReplicationErrorsServiceImplTest" name="testHandleErrorWithException" time="0.018"/>
  <testcase classname="org.artifactory.addon.replication.core.service.ReplicationErrorsServiceImplTest" name="testHandleErrorWithHttpStatusWhileErrorExistAlready" time="0.010"/>
  <testcase classname="org.artifactory.addon.replication.core.service.ReplicationErrorsServiceImplTest" name="testHandleDependencyOfErrorWhileErrorExists" time="0.031"/>
  <testcase classname="org.artifactory.addon.replication.core.service.ReplicationErrorsServiceImplTest" name="testHandleDependencyOfErrorForNewErrors" time="0.044"/>
  <testcase classname="org.artifactory.addon.replication.core.service.ReplicationErrorsServiceImplTest" name="testHandleErrorWithHttpStatus" time="0.017"/>
  <testcase classname="org.artifactory.addon.replication.core.service.ReplicationErrorsServiceImplTest" name="testHandleDependencyOfErrorForNewErrors" time="0.019"/>
  <testcase classname="org.artifactory.addon.replication.core.service.ReplicationErrorsServiceImplTest" name="testHandleErrorWithHttpStatus" time="0.014"/>
  <testcase classname="org.artifactory.addon.replication.core.service.ReplicationErrorsServiceImplTest" name="testHandleErrorWithHttpStatusWhileErrorExistAlready" time="0.050"/>
  <testcase classname="org.artifactory.addon.replication.core.service.ReplicationErrorsServiceImplTest" name="testHandleErrorWithException" time="0.035"/>
  <testcase classname="org.artifactory.addon.replication.core.service.ReplicationErrorsServiceImplTest" name="testHandleErrorWithException" time="0.021"/>
  <testcase classname="org.artifactory.addon.replication.core.service.ReplicationErrorsServiceImplTest" name="testGetErrorsByReplicationKey" time="0.100"/>
  <testcase classname="org.artifactory.addon.replication.core.service.ReplicationErrorsServiceImplTest" name="testHandleErrorWithHttpStatusWhileErrorExistAlready" time="0.017"/>
  <testcase classname="org.artifactory.addon.replication.core.service.ReplicationErrorsServiceImplTest" name="testHandleErrorWithHttpStatusWhileErrorExistAlready" time="0.015"/>
  <testcase classname="org.artifactory.addon.replication.core.service.ReplicationErrorsServiceImplTest" name="testGetErrorsByReplicationKeyMaintainSourceOrdering" time="0.037"/>
  <testcase classname="org.artifactory.addon.replication.core.service.ReplicationErrorsServiceImplTest" name="testHandleErrorWithHttpStatus" time="0.048"/>
  <testcase classname="org.artifactory.addon.replication.core.service.ReplicationErrorsServiceImplTest" name="testHandleErrorWithHttpStatusWhileErrorExistAlready" time="0.024"/>
  <testcase classname="org.artifactory.addon.replication.core.service.ReplicationErrorsServiceImplTest" name="testDeleteAllErrorsByReplicationKey" time="0.008"/>
  <testcase classname="org.artifactory.addon.replication.core.service.ReplicationErrorsServiceImplTest" name="testHandleErrorWithHttpStatus" time="0.012"/>
  <testcase classname="org.artifactory.addon.replication.core.service.ReplicationErrorsServiceImplTest" name="testHandleDependencyOfErrorWhileErrorExists" time="0.053"/>
</testsuite> <!-- org.artifactory.addon.replication.core.service.ReplicationErrorsServiceImplTest -->
