<?xml version="1.0" encoding="UTF-8"?>
<!-- Generated by org.testng.reporters.JUnitReportReporter -->
<testsuite ignored="0" hostname="fc3c13788461" failures="0" tests="9" name="org.artifactory.addon.nuget.NuGetCacheBuilderServiceImplTest" time="11.250" errors="0" timestamp="25 Oct 2021 16:05:07 GMT" skipped="0">
  <testcase classname="org.artifactory.addon.nuget.NuGetCacheBuilderServiceImplTest" name="testAccumulateRowToCollection" time="0.188"/>
  <testcase classname="org.artifactory.addon.nuget.NuGetCacheBuilderServiceImplTest" name="testInsertingTwoSearchResultWithDifferentRepoPathAndIdToEntry" time="0.116"/>
  <testcase classname="org.artifactory.addon.nuget.NuGetCacheBuilderServiceImplTest" name="testDisableEnableSemverComparator" time="0.292"/>
  <testcase classname="org.artifactory.addon.nuget.NuGetCacheBuilderServiceImplTest" name="testDisableEnableSemverComparator" time="4.275"/>
  <testcase classname="org.artifactory.addon.nuget.NuGetCacheBuilderServiceImplTest" name="testInsertingOneSearchResultToEntry" time="0.112"/>
  <testcase classname="org.artifactory.addon.nuget.NuGetCacheBuilderServiceImplTest" name="testInsertingTwoSearchResultWithDifferentVersionToEntry" time="0.135"/>
  <testcase classname="org.artifactory.addon.nuget.NuGetCacheBuilderServiceImplTest" name="testInsertingTwoSearchResultWithSameIdVerToEntry" time="0.098"/>
  <testcase classname="org.artifactory.addon.nuget.NuGetCacheBuilderServiceImplTest" name="testInsertingTwoSearchResultWithDifferentIdToEntry" time="5.927"/>
  <testcase classname="org.artifactory.addon.nuget.NuGetCacheBuilderServiceImplTest" name="testInsertingTwoSearchResultWithDifferentRepoPathToEntry" time="0.107"/>
</testsuite> <!-- org.artifactory.addon.nuget.NuGetCacheBuilderServiceImplTest -->
