<?xml version="1.0" encoding="UTF-8"?>
<!-- Generated by org.testng.reporters.JUnitReportReporter -->
<testsuite ignored="0" hostname="fc3c13788461" failures="0" tests="7" name="org.artifactory.addon.chef.util.ChefRepoUrlUtilsTest" time="10.906" errors="0" timestamp="25 Oct 2021 16:06:41 GMT" skipped="0">
  <testcase classname="org.artifactory.addon.chef.util.ChefRepoUrlUtilsTest" name="testApplyBaseUrlWithBadUrl" time="0.001"/>
  <testcase classname="org.artifactory.addon.chef.util.ChefRepoUrlUtilsTest" name="testGetCookbooksWithFullCriteria" time="0.002"/>
  <testcase classname="org.artifactory.addon.chef.util.ChefRepoUrlUtilsTest" name="testGetCookbooksWithPartialCriteria" time="0.000"/>
  <testcase classname="org.artifactory.addon.chef.util.ChefRepoUrlUtilsTest" name="testApplyBaseUrl" time="0.101"/>
  <testcase classname="org.artifactory.addon.chef.util.ChefRepoUrlUtilsTest" name="testGetCookbookUrl" time="0.001"/>
  <testcase classname="org.artifactory.addon.chef.util.ChefRepoUrlUtilsTest" name="testGetUrlToArtefact" time="10.800"/>
  <testcase classname="org.artifactory.addon.chef.util.ChefRepoUrlUtilsTest" name="testGetCookbookVersionUrl" time="0.001"/>
</testsuite> <!-- org.artifactory.addon.chef.util.ChefRepoUrlUtilsTest -->
