<?xml version="1.0" encoding="UTF-8"?>
<!-- Generated by org.testng.reporters.JUnitReportReporter -->
<testsuite ignored="0" hostname="fc3c13788461" failures="0" tests="12" name="org.artifactory.addon.filestore.multiple.strategy.write.ZoneWriteStrategyTest" time="2.471" errors="0" timestamp="25 Oct 2021 16:05:35 GMT" skipped="0">
  <testcase classname="org.artifactory.addon.filestore.multiple.strategy.write.ZoneWriteStrategyTest" name="testGetProvidersWithWriteDisabled" time="0.094"/>
  <testcase classname="org.artifactory.addon.filestore.multiple.strategy.write.ZoneWriteStrategyTest" name="getProviders" time="0.120"/>
  <testcase classname="org.artifactory.addon.filestore.multiple.strategy.write.ZoneWriteStrategyTest" name="getProviders" time="1.207"/>
  <testcase classname="org.artifactory.addon.filestore.multiple.strategy.write.ZoneWriteStrategyTest" name="isBinaryProviderActive" time="0.032"/>
  <testcase classname="org.artifactory.addon.filestore.multiple.strategy.write.ZoneWriteStrategyTest" name="testGetProvidersWithWriteDisabled" time="0.049"/>
  <testcase classname="org.artifactory.addon.filestore.multiple.strategy.write.ZoneWriteStrategyTest" name="testGetProvidersWithWriteDisabled" time="0.177"/>
  <testcase classname="org.artifactory.addon.filestore.multiple.strategy.write.ZoneWriteStrategyTest" name="testGetProvidersWithWriteDisabled" time="0.096"/>
  <testcase classname="org.artifactory.addon.filestore.multiple.strategy.write.ZoneWriteStrategyTest" name="isBinaryProviderActive" time="0.024"/>
  <testcase classname="org.artifactory.addon.filestore.multiple.strategy.write.ZoneWriteStrategyTest" name="getProviders" time="0.150"/>
  <testcase classname="org.artifactory.addon.filestore.multiple.strategy.write.ZoneWriteStrategyTest" name="getProviders" time="0.146"/>
  <testcase classname="org.artifactory.addon.filestore.multiple.strategy.write.ZoneWriteStrategyTest" name="testGetProvidersWithWriteDisabled" time="0.140"/>
  <testcase classname="org.artifactory.addon.filestore.multiple.strategy.write.ZoneWriteStrategyTest" name="getProviders" time="0.236"/>
</testsuite> <!-- org.artifactory.addon.filestore.multiple.strategy.write.ZoneWriteStrategyTest -->
