<?xml version="1.0" encoding="UTF-8"?>
<!-- Generated by org.testng.reporters.JUnitReportReporter -->
<testsuite ignored="0" hostname="fc3c13788461" failures="0" tests="38" name="org.artifactory.addon.nugetv3.repo.NuGetV3VirtualRepoHandlerTest" time="9.295" errors="0" timestamp="25 Oct 2021 16:05:12 GMT" skipped="0">
  <testcase classname="org.artifactory.addon.nugetv3.repo.NuGetV3VirtualRepoHandlerTest" name="testRegistrationSpecificPackageVersionNoSuchVirtualRepo" time="0.015"/>
  <testcase classname="org.artifactory.addon.nugetv3.repo.NuGetV3VirtualRepoHandlerTest" name="testCollectAllRegistrationResultPageItemsWithConflicts" time="0.143"/>
  <testcase classname="org.artifactory.addon.nugetv3.repo.NuGetV3VirtualRepoHandlerTest" name="testCollectAllRegistrationResultPageItemsWithConflicts2" time="0.085"/>
  <testcase classname="org.artifactory.addon.nugetv3.repo.NuGetV3VirtualRepoHandlerTest" name="testCollectAllSearchResultDataItemsNoSuchVirtualRepo" time="0.026"/>
  <testcase classname="org.artifactory.addon.nugetv3.repo.NuGetV3VirtualRepoHandlerTest" name="testDownloadDirectDownloadFromRemoteRepo" time="0.056"/>
  <testcase classname="org.artifactory.addon.nugetv3.repo.NuGetV3VirtualRepoHandlerTest" name="testRegistrationPrioritizedLocalRepos" time="0.062"/>
  <testcase classname="org.artifactory.addon.nugetv3.repo.NuGetV3VirtualRepoHandlerTest" name="testCollectAllRegistrationResultPageItems" time="1.638"/>
  <testcase classname="org.artifactory.addon.nugetv3.repo.NuGetV3VirtualRepoHandlerTest" name="testCollectAllSearchResultDataItems" time="0.188"/>
  <testcase classname="org.artifactory.addon.nugetv3.repo.NuGetV3VirtualRepoHandlerTest" name="testSearch" time="0.051"/>
  <testcase classname="org.artifactory.addon.nugetv3.repo.NuGetV3VirtualRepoHandlerTest" name="testCollectAllRegistrationResultPageItemsNoSuchVirtualRepo" time="0.033"/>
  <testcase classname="org.artifactory.addon.nugetv3.repo.NuGetV3VirtualRepoHandlerTest" name="testRegistrationNoPageItemsPrioritised" time="0.035"/>
  <testcase classname="org.artifactory.addon.nugetv3.repo.NuGetV3VirtualRepoHandlerTest" name="testMergeAndSortSearchResultDataVersions" time="5.139"/>
  <testcase classname="org.artifactory.addon.nugetv3.repo.NuGetV3VirtualRepoHandlerTest" name="testRegistrationPrioritizedLocalRemoteReposCountAll" time="0.075"/>
  <testcase classname="org.artifactory.addon.nugetv3.repo.NuGetV3VirtualRepoHandlerTest" name="testSearchByPrioritisedLocalNotRemoteRepos" time="0.055"/>
  <testcase classname="org.artifactory.addon.nugetv3.repo.NuGetV3VirtualRepoHandlerTest" name="testRegistrationPageNoPageItems" time="0.025"/>
  <testcase classname="org.artifactory.addon.nugetv3.repo.NuGetV3VirtualRepoHandlerTest" name="testRegistrationSpecificPackageVersionNotFoundPrioritised" time="0.026"/>
  <testcase classname="org.artifactory.addon.nugetv3.repo.NuGetV3VirtualRepoHandlerTest" name="testDownloadNotFound" time="0.028"/>
  <testcase classname="org.artifactory.addon.nugetv3.repo.NuGetV3VirtualRepoHandlerTest" name="testRegistrationSpecificPackageVersionLocal" time="0.059"/>
  <testcase classname="org.artifactory.addon.nugetv3.repo.NuGetV3VirtualRepoHandlerTest" name="testMergeSearchResultDataItemsWithSortedVersions" time="0.048"/>
  <testcase classname="org.artifactory.addon.nugetv3.repo.NuGetV3VirtualRepoHandlerTest" name="testDownloadWithRedirectFromLocalRepo" time="0.041"/>
  <testcase classname="org.artifactory.addon.nugetv3.repo.NuGetV3VirtualRepoHandlerTest" name="testDownloadWithRedirectFromRemoteRepo" time="0.020"/>
  <testcase classname="org.artifactory.addon.nugetv3.repo.NuGetV3VirtualRepoHandlerTest" name="testRegistrationNoSuchVirtualRepo" time="0.018"/>
  <testcase classname="org.artifactory.addon.nugetv3.repo.NuGetV3VirtualRepoHandlerTest" name="testDownloadDirectDownloadFromLocalPrioritizedRepo" time="0.226"/>
  <testcase classname="org.artifactory.addon.nugetv3.repo.NuGetV3VirtualRepoHandlerTest" name="testRegistrationSpecificPackageVersionRemote" time="0.067"/>
  <testcase classname="org.artifactory.addon.nugetv3.repo.NuGetV3VirtualRepoHandlerTest" name="testRegistrationPageNoSuchVirtualRepo" time="0.040"/>
  <testcase classname="org.artifactory.addon.nugetv3.repo.NuGetV3VirtualRepoHandlerTest" name="testFeed" time="0.036"/>
  <testcase classname="org.artifactory.addon.nugetv3.repo.NuGetV3VirtualRepoHandlerTest" name="testRegistrationSemVer2" time="0.047"/>
  <testcase classname="org.artifactory.addon.nugetv3.repo.NuGetV3VirtualRepoHandlerTest" name="testSearchByPrioritisedLocalNotRemoteAndLocalRepos" time="0.040"/>
  <testcase classname="org.artifactory.addon.nugetv3.repo.NuGetV3VirtualRepoHandlerTest" name="testRegistration" time="0.149"/>
  <testcase classname="org.artifactory.addon.nugetv3.repo.NuGetV3VirtualRepoHandlerTest" name="testRegistrationPageNoPageItemsPrioritised" time="0.024"/>
  <testcase classname="org.artifactory.addon.nugetv3.repo.NuGetV3VirtualRepoHandlerTest" name="testRegistrationNoPageItems" time="0.050"/>
  <testcase classname="org.artifactory.addon.nugetv3.repo.NuGetV3VirtualRepoHandlerTest" name="testRegistrationNonPrioritizedLocalRemoteReposCountAll" time="0.070"/>
  <testcase classname="org.artifactory.addon.nugetv3.repo.NuGetV3VirtualRepoHandlerTest" name="testRegistrationPage" time="0.246"/>
  <testcase classname="org.artifactory.addon.nugetv3.repo.NuGetV3VirtualRepoHandlerTest" name="testRegistrationSpecificPackageVersionNotFound" time="0.038"/>
  <testcase classname="org.artifactory.addon.nugetv3.repo.NuGetV3VirtualRepoHandlerTest" name="testDownloadDirectDownloadFromLocalRepo" time="0.037"/>
  <testcase classname="org.artifactory.addon.nugetv3.repo.NuGetV3VirtualRepoHandlerTest" name="testSearchByPrioritisedRemoteNotLocalRepos" time="0.057"/>
  <testcase classname="org.artifactory.addon.nugetv3.repo.NuGetV3VirtualRepoHandlerTest" name="testSearchByPrioritisedRepos" time="0.043"/>
  <testcase classname="org.artifactory.addon.nugetv3.repo.NuGetV3VirtualRepoHandlerTest" name="testDownloadDirectDownloadFromRemotePrioritizedRepo" time="0.259"/>
</testsuite> <!-- org.artifactory.addon.nugetv3.repo.NuGetV3VirtualRepoHandlerTest -->
