<?xml version="1.0" encoding="UTF-8"?>
<!-- Generated by org.testng.reporters.JUnitReportReporter -->
<testsuite ignored="0" hostname="fc3c13788461" failures="0" tests="5" name="org.artifactory.addon.filestore.eventual.cluster.EventualDispatcherTest" time="2.748" errors="0" timestamp="25 Oct 2021 16:05:54 GMT" skipped="0">
  <testcase classname="org.artifactory.addon.filestore.eventual.cluster.EventualDispatcherTest" name="dispatcherStopsTheWorkerPool" time="1.017"/>
  <testcase classname="org.artifactory.addon.filestore.eventual.cluster.EventualDispatcherTest" name="testNewFilesArePickedUpForUpload" time="1.624"/>
  <testcase classname="org.artifactory.addon.filestore.eventual.cluster.EventualDispatcherTest" name="testUploadsFinishedAndStateCleared" time="0.006"/>
  <testcase classname="org.artifactory.addon.filestore.eventual.cluster.EventualDispatcherTest" name="testTraceIdAttachedByExecutor" time="0.030"/>
  <testcase classname="org.artifactory.addon.filestore.eventual.cluster.EventualDispatcherTest" name="testUploadTwoFilesOneLarge" time="0.071"/>
</testsuite> <!-- org.artifactory.addon.filestore.eventual.cluster.EventualDispatcherTest -->
