<?xml version="1.0" encoding="UTF-8"?>
<!-- Generated by org.testng.reporters.JUnitReportReporter -->
<testsuite ignored="0" hostname="fc3c13788461" failures="0" tests="36" name="org.artifactory.addon.replication.core.StreamingOutboundReplicationChannelVersionTest" time="51.717" errors="0" timestamp="25 Oct 2021 16:10:15 GMT" skipped="0">
  <testcase classname="org.artifactory.addon.replication.core.StreamingOutboundReplicationChannelVersionTest" name="testPropertyChangedPerArtifactoryVersion[11]" time="1.384"/>
  <testcase classname="org.artifactory.addon.replication.core.StreamingOutboundReplicationChannelVersionTest" name="testPropertyChangedPerArtifactoryVersion[19]" time="1.449"/>
  <testcase classname="org.artifactory.addon.replication.core.StreamingOutboundReplicationChannelVersionTest" name="testPropertyChangedPerArtifactoryVersion[25]" time="1.489"/>
  <testcase classname="org.artifactory.addon.replication.core.StreamingOutboundReplicationChannelVersionTest" name="testPropertyChangedPerArtifactoryVersion[22]" time="1.470"/>
  <testcase classname="org.artifactory.addon.replication.core.StreamingOutboundReplicationChannelVersionTest" name="testPropertyChangedPerArtifactoryVersion[3]" time="1.356"/>
  <testcase classname="org.artifactory.addon.replication.core.StreamingOutboundReplicationChannelVersionTest" name="testPropertyChangedPerArtifactoryVersion[4]" time="1.358"/>
  <testcase classname="org.artifactory.addon.replication.core.StreamingOutboundReplicationChannelVersionTest" name="testPropertyChangedPerArtifactoryVersion[1]" time="1.348"/>
  <testcase classname="org.artifactory.addon.replication.core.StreamingOutboundReplicationChannelVersionTest" name="testPropertyChangedPerArtifactoryVersion[17]" time="1.429"/>
  <testcase classname="org.artifactory.addon.replication.core.StreamingOutboundReplicationChannelVersionTest" name="testPropertyChangedPerArtifactoryVersion[34]" time="1.523"/>
  <testcase classname="org.artifactory.addon.replication.core.StreamingOutboundReplicationChannelVersionTest" name="testPropertyChangedPerArtifactoryVersion[14]" time="1.395"/>
  <testcase classname="org.artifactory.addon.replication.core.StreamingOutboundReplicationChannelVersionTest" name="testPropertyChangedPerArtifactoryVersion[16]" time="1.426"/>
  <testcase classname="org.artifactory.addon.replication.core.StreamingOutboundReplicationChannelVersionTest" name="testPropertyChangedPerArtifactoryVersion[31]" time="1.520"/>
  <testcase classname="org.artifactory.addon.replication.core.StreamingOutboundReplicationChannelVersionTest" name="testPropertyChangedPerArtifactoryVersion[21]" time="1.465"/>
  <testcase classname="org.artifactory.addon.replication.core.StreamingOutboundReplicationChannelVersionTest" name="testPropertyChangedPerArtifactoryVersion[24]" time="1.484"/>
  <testcase classname="org.artifactory.addon.replication.core.StreamingOutboundReplicationChannelVersionTest" name="testPropertyChangedPerArtifactoryVersion[20]" time="1.461"/>
  <testcase classname="org.artifactory.addon.replication.core.StreamingOutboundReplicationChannelVersionTest" name="testPropertyChangedPerArtifactoryVersion[15]" time="1.410"/>
  <testcase classname="org.artifactory.addon.replication.core.StreamingOutboundReplicationChannelVersionTest" name="testPropertyChangedPerArtifactoryVersion[18]" time="1.440"/>
  <testcase classname="org.artifactory.addon.replication.core.StreamingOutboundReplicationChannelVersionTest" name="testPropertyChangedPerArtifactoryVersion[0]" time="1.346"/>
  <testcase classname="org.artifactory.addon.replication.core.StreamingOutboundReplicationChannelVersionTest" name="testPropertyChangedPerArtifactoryVersion[6]" time="1.366"/>
  <testcase classname="org.artifactory.addon.replication.core.StreamingOutboundReplicationChannelVersionTest" name="testPropertyChangedPerArtifactoryVersion[33]" time="1.523"/>
  <testcase classname="org.artifactory.addon.replication.core.StreamingOutboundReplicationChannelVersionTest" name="testPropertyChangedPerArtifactoryVersion[5]" time="1.362"/>
  <testcase classname="org.artifactory.addon.replication.core.StreamingOutboundReplicationChannelVersionTest" name="testPropertyChangedPerArtifactoryVersion[23]" time="1.474"/>
  <testcase classname="org.artifactory.addon.replication.core.StreamingOutboundReplicationChannelVersionTest" name="testPropertyChangedPerArtifactoryVersion[26]" time="1.499"/>
  <testcase classname="org.artifactory.addon.replication.core.StreamingOutboundReplicationChannelVersionTest" name="testPropertyChangedPerArtifactoryVersion[27]" time="1.515"/>
  <testcase classname="org.artifactory.addon.replication.core.StreamingOutboundReplicationChannelVersionTest" name="testPropertyChangedPerArtifactoryVersion[32]" time="1.521"/>
  <testcase classname="org.artifactory.addon.replication.core.StreamingOutboundReplicationChannelVersionTest" name="testPropertyChangedPerArtifactoryVersion[28]" time="1.516"/>
  <testcase classname="org.artifactory.addon.replication.core.StreamingOutboundReplicationChannelVersionTest" name="testPropertyChangedPerArtifactoryVersion[8]" time="1.369"/>
  <testcase classname="org.artifactory.addon.replication.core.StreamingOutboundReplicationChannelVersionTest" name="testPropertyChangedPerArtifactoryVersion[2]" time="1.349"/>
  <testcase classname="org.artifactory.addon.replication.core.StreamingOutboundReplicationChannelVersionTest" name="testPropertyChangedPerArtifactoryVersion[30]" time="1.519"/>
  <testcase classname="org.artifactory.addon.replication.core.StreamingOutboundReplicationChannelVersionTest" name="testPropertyChangedPerArtifactoryVersion[9]" time="1.376"/>
  <testcase classname="org.artifactory.addon.replication.core.StreamingOutboundReplicationChannelVersionTest" name="testPropertyChangedPerArtifactoryVersion[10]" time="1.380"/>
  <testcase classname="org.artifactory.addon.replication.core.StreamingOutboundReplicationChannelVersionTest" name="testPropertyChangedPerArtifactoryVersion[29]" time="1.517"/>
  <testcase classname="org.artifactory.addon.replication.core.StreamingOutboundReplicationChannelVersionTest" name="testPropertyChangedPerArtifactoryVersion[7]" time="1.375"/>
  <testcase classname="org.artifactory.addon.replication.core.StreamingOutboundReplicationChannelVersionTest" name="testPropertyChangedPerArtifactoryVersion[13]" time="1.391"/>
  <testcase classname="org.artifactory.addon.replication.core.StreamingOutboundReplicationChannelVersionTest" name="testPropertyChangedPerArtifactoryVersion[12]" time="1.388"/>
  <testcase classname="org.artifactory.addon.replication.core.StreamingOutboundReplicationChannelVersionTest" name="testPropertyChangedPerArtifactoryVersion[35]" time="1.524"/>
</testsuite> <!-- org.artifactory.addon.replication.core.StreamingOutboundReplicationChannelVersionTest -->
