<?xml version="1.0" encoding="UTF-8"?>
<!-- Generated by org.testng.reporters.JUnitReportReporter -->
<testsuite ignored="0" hostname="fc3c13788461" failures="0" tests="6" name="org.artifactory.addon.ha.manager.HaRoleManagerServiceFactoryTest" time="4.742" errors="0" timestamp="25 Oct 2021 16:11:35 GMT" skipped="0">
  <testcase classname="org.artifactory.addon.ha.manager.HaRoleManagerServiceFactoryTest" name="testModeToggle" time="2.077"/>
  <testcase classname="org.artifactory.addon.ha.manager.HaRoleManagerServiceFactoryTest" name="testModeToggle" time="0.036"/>
  <testcase classname="org.artifactory.addon.ha.manager.HaRoleManagerServiceFactoryTest" name="testModeToggle" time="0.034"/>
  <testcase classname="org.artifactory.addon.ha.manager.HaRoleManagerServiceFactoryTest" name="testModeToggle" time="0.012"/>
  <testcase classname="org.artifactory.addon.ha.manager.HaRoleManagerServiceFactoryTest" name="testModeToggle" time="2.514"/>
  <testcase classname="org.artifactory.addon.ha.manager.HaRoleManagerServiceFactoryTest" name="testModeToggle" time="0.069"/>
</testsuite> <!-- org.artifactory.addon.ha.manager.HaRoleManagerServiceFactoryTest -->
