<?xml version="1.0" encoding="UTF-8"?>
<!-- Generated by org.testng.reporters.JUnitReportReporter -->
<testsuite ignored="1" hostname="fc3c13788461" failures="0" tests="54" name="org.artifactory.addon.docker.rest.DockerV2AuthenticationFilterTest" time="1.386" errors="0" timestamp="25 Oct 2021 16:05:04 GMT" skipped="0">
  <testcase classname="org.artifactory.addon.docker.rest.DockerV2AuthenticationFilterTest" name="testRequiresReAuthenticationFalse" time="0.015"/>
  <testcase classname="org.artifactory.addon.docker.rest.DockerV2AuthenticationFilterTest" name="testDontAcceptFilterReplicationRequestWithApiKey" time="0.017"/>
  <testcase classname="org.artifactory.addon.docker.rest.DockerV2AuthenticationFilterTest" name="testJfrogBaseUrl" time="0.021"/>
  <testcase classname="org.artifactory.addon.docker.rest.DockerV2AuthenticationFilterTest" name="testDontAcceptFilterDockerV2ReplicationWithEmptyAuth" time="0.013"/>
  <testcase classname="org.artifactory.addon.docker.rest.DockerV2AuthenticationFilterTest" name="testRequiresReAuthenticationWithAnonymous" time="0.019"/>
  <testcase classname="org.artifactory.addon.docker.rest.DockerV2AuthenticationFilterTest" name="testAcceptFilterGetV2PingRequestNoSlashWithoutAuth" time="0.018"/>
  <testcase classname="org.artifactory.addon.docker.rest.DockerV2AuthenticationFilterTest" name="testDoFilterNoAuthenticationBlobsPutUri" time="0.026"/>
  <testcase classname="org.artifactory.addon.docker.rest.DockerV2AuthenticationFilterTest" name="testDontAcceptFilterGetCatalogRequestWithHttpSSO" time="0.025"/>
  <testcase classname="org.artifactory.addon.docker.rest.DockerV2AuthenticationFilterTest" name="testDoFilterNoAuthenticationManifestsHeadUri" time="0.015"/>
  <testcase classname="org.artifactory.addon.docker.rest.DockerV2AuthenticationFilterTest" name="testAcceptFilterGetV2NotPingRequestWithoutAuth" time="0.020"/>
  <testcase classname="org.artifactory.addon.docker.rest.DockerV2AuthenticationFilterTest" name="testDontAcceptFilterDockerV2ReplicationWithAuth" time="0.015"/>
  <testcase classname="org.artifactory.addon.docker.rest.DockerV2AuthenticationFilterTest" name="testDoFilterDockerV2RepicationNoAuth" time="0.053"/>
  <testcase classname="org.artifactory.addon.docker.rest.DockerV2AuthenticationFilterTest" name="testAcceptFilterGetV2NotPingRequest" time="0.019"/>
  <testcase classname="org.artifactory.addon.docker.rest.DockerV2AuthenticationFilterTest" name="testAcceptFilterDockerV2ReplicationNoAuth" time="0.017"/>
  <testcase classname="org.artifactory.addon.docker.rest.DockerV2AuthenticationFilterTest" name="testDoFilterNoAuthenticationManifestsDeleteUri" time="0.021"/>
  <testcase classname="org.artifactory.addon.docker.rest.DockerV2AuthenticationFilterTest" name="testAcceptFilterGetV2PingRequest" time="0.021"/>
  <testcase classname="org.artifactory.addon.docker.rest.DockerV2AuthenticationFilterTest" name="testDoFilterNoAuthenticationV1Repo" time="0.030"/>
  <testcase classname="org.artifactory.addon.docker.rest.DockerV2AuthenticationFilterTest" name="testLoginIdentifierIsNotPresent" time="0.015"/>
  <testcase classname="org.artifactory.addon.docker.rest.DockerV2AuthenticationFilterTest" name="testDontAcceptFilterNonExistRepoReplicationNoAuth" time="0.014"/>
  <testcase classname="org.artifactory.addon.docker.rest.DockerV2AuthenticationFilterTest" name="testDontAcceptFilterDockerV1ReplicationNoAuth" time="0.016"/>
  <testcase classname="org.artifactory.addon.docker.rest.DockerV2AuthenticationFilterTest" name="testAcceptFilterGetReplicationRequestWithoutAuth" time="0.015"/>
  <testcase classname="org.artifactory.addon.docker.rest.DockerV2AuthenticationFilterTest" name="testDoFilterTokenRequestWithBasicAuthHeader" time="0.023"/>
  <testcase classname="org.artifactory.addon.docker.rest.DockerV2AuthenticationFilterTest" name="testAcceptFilterPutBlobRequestWithoutAuth" time="0.021"/>
  <testcase classname="org.artifactory.addon.docker.rest.DockerV2AuthenticationFilterTest" name="testDontAcceptFilterNonDockerReplicationNoAuth" time="0.013"/>
  <testcase classname="org.artifactory.addon.docker.rest.DockerV2AuthenticationFilterTest" name="testRequiresReAuthenticationTrue" time="0.010"/>
  <testcase classname="org.artifactory.addon.docker.rest.DockerV2AuthenticationFilterTest" name="testLoginIdentifierIsPresent" time="0.028"/>
  <testcase classname="org.artifactory.addon.docker.rest.DockerV2AuthenticationFilterTest" name="testAcceptFilterPutManifestsRequestWithoutAuth" time="0.014"/>
  <testcase classname="org.artifactory.addon.docker.rest.DockerV2AuthenticationFilterTest" name="testAcceptFilterDockerV1PingNoAuthBadRequest" time="0.063"/>
  <testcase classname="org.artifactory.addon.docker.rest.DockerV2AuthenticationFilterTest" name="testDoFilterCallChainForDockerV2ReplicationWithEmptyAuth" time="0.070"/>
  <testcase classname="org.artifactory.addon.docker.rest.DockerV2AuthenticationFilterTest" name="testAcceptFilterGetV2PingRequestNoSlash" time="0.088"/>
  <testcase classname="org.artifactory.addon.docker.rest.DockerV2AuthenticationFilterTest" name="testDontAcceptFilterGetCatalogRequestWithTokenApiKeyHeader" time="0.011"/>
  <testcase classname="org.artifactory.addon.docker.rest.DockerV2AuthenticationFilterTest" name="testDoFilterNoAuthenticationBlobsPatchUri" time="0.014"/>
  <testcase classname="org.artifactory.addon.docker.rest.DockerV2AuthenticationFilterTest" name="testDoFilterTokenRequest" time="0.014"/>
  <testcase classname="org.artifactory.addon.docker.rest.DockerV2AuthenticationFilterTest" name="testBaseUrl" time="0.125"/>
  <testcase classname="org.artifactory.addon.docker.rest.DockerV2AuthenticationFilterTest" name="testDontAcceptFilterGetCatalogRequestWithTokenAuthorizationHeader" time="0.016"/>
  <testcase classname="org.artifactory.addon.docker.rest.DockerV2AuthenticationFilterTest" name="testDoFilterNoAuthenticationTagsUri" time="0.015"/>
  <testcase classname="org.artifactory.addon.docker.rest.DockerV2AuthenticationFilterTest" name="testDoFilterNoAuthenticationPingUri" time="0.018"/>
  <testcase classname="org.artifactory.addon.docker.rest.DockerV2AuthenticationFilterTest" name="testAcceptFilterGetWithoutAuth" time="0.030"/>
  <testcase classname="org.artifactory.addon.docker.rest.DockerV2AuthenticationFilterTest" name="testAcceptFilterDeleteManifestsRequestWithoutAuth" time="0.106"/>
  <testcase classname="org.artifactory.addon.docker.rest.DockerV2AuthenticationFilterTest" name="testAcceptFilterPostBlobsUploadsRequestWithoutAuth" time="0.015"/>
  <testcase classname="org.artifactory.addon.docker.rest.DockerV2AuthenticationFilterTest" name="testDoFilterNoAuthenticationBlobsUri" time="0.029"/>
  <testcase classname="org.artifactory.addon.docker.rest.DockerV2AuthenticationFilterTest" name="testAcceptFilterGetV1PingRequest" time="0.015"/>
  <testcase classname="org.artifactory.addon.docker.rest.DockerV2AuthenticationFilterTest" name="testAcceptFilterGetTagsRequestWithoutAuth" time="0.013"/>
  <testcase classname="org.artifactory.addon.docker.rest.DockerV2AuthenticationFilterTest" name="testAcceptFilterGetNoPingRequest" time="0.019"/>
  <testcase classname="org.artifactory.addon.docker.rest.DockerV2AuthenticationFilterTest" name="testAcceptFilterNoGetRequest" time="0.014"/>
  <testcase classname="org.artifactory.addon.docker.rest.DockerV2AuthenticationFilterTest" name="testDoFilterNoAuthenticationBlobsHeadUri" time="0.019"/>
  <testcase classname="org.artifactory.addon.docker.rest.DockerV2AuthenticationFilterTest" name="testDoFilterNoAuthenticationManifestsGetUri" time="0.014"/>
  <testcase classname="org.artifactory.addon.docker.rest.DockerV2AuthenticationFilterTest" name="testAcceptFilterGetCatalogRequestWithoutAuth" time="0.015"/>
  <testcase classname="org.artifactory.addon.docker.rest.DockerV2AuthenticationFilterTest" name="testAcceptFilterPostBlobsUploadsRequestNoDockerRepoWithoutAuth" time="0.014"/>
  <testcase classname="org.artifactory.addon.docker.rest.DockerV2AuthenticationFilterTest" name="testDoFilterNoAuthenticationCatalogUri" time="0.022"/>
  <testcase classname="org.artifactory.addon.docker.rest.DockerV2AuthenticationFilterTest" name="testDoFilterNoAuthenticationManifestsPutUri" time="0.030"/>
  <testcase classname="org.artifactory.addon.docker.rest.DockerV2AuthenticationFilterTest" name="testAcceptFilterGetReplicationRequestWithAuth" time="0.025"/>
  <testcase classname="org.artifactory.addon.docker.rest.DockerV2AuthenticationFilterTest" name="testAcceptFilterGetManifestsRequestWithoutAuth" time="0.018"/>
  <testcase classname="org.artifactory.addon.docker.rest.DockerV2AuthenticationFilterTest" name="testDoFilterNoAuthenticationBlobsGetUri" time="0.020"/>
  <testcase classname="org.artifactory.addon.docker.indexer.CatalogIndexWorkItemTest" name="testDupWorkItemsHandledOnlyOnceMultithreaded">
    <skipped/>
  </testcase> <!-- testDupWorkItemsHandledOnlyOnceMultithreaded -->
</testsuite> <!-- org.artifactory.addon.docker.rest.DockerV2AuthenticationFilterTest -->
