<?xml version="1.0" encoding="UTF-8"?>
<!-- Generated by org.testng.reporters.JUnitReportReporter -->
<testsuite ignored="0" hostname="fc3c13788461" failures="0" tests="38" name="org.artifactory.addon.jfevent.interceptor.JfEventArtifactInterceptorEventFilteringTest" time="5.859" errors="0" timestamp="25 Oct 2021 16:08:49 GMT" skipped="0">
  <testcase classname="org.artifactory.addon.jfevent.interceptor.JfEventArtifactInterceptorEventFilteringTest" name="itemFromIgnoredRepositoriesShouldBeSkipped" time="0.003"/>
  <testcase classname="org.artifactory.addon.jfevent.interceptor.JfEventArtifactInterceptorEventFilteringTest" name="itemFromIgnoredRepositoriesShouldBeSkipped" time="0.031"/>
  <testcase classname="org.artifactory.addon.jfevent.interceptor.JfEventArtifactInterceptorEventFilteringTest" name="itemFromIgnoredRepositoriesShouldBeSkipped" time="0.002"/>
  <testcase classname="org.artifactory.addon.jfevent.interceptor.JfEventArtifactInterceptorEventFilteringTest" name="itemFromIgnoredRepositoriesShouldBeSkipped" time="0.004"/>
  <testcase classname="org.artifactory.addon.jfevent.interceptor.JfEventArtifactInterceptorEventFilteringTest" name="itemFromIgnoredRepositoriesShouldBeSkipped" time="0.020"/>
  <testcase classname="org.artifactory.addon.jfevent.interceptor.JfEventArtifactInterceptorEventFilteringTest" name="itemFromIgnoredRepositoriesShouldBeSkipped" time="0.003"/>
  <testcase classname="org.artifactory.addon.jfevent.interceptor.JfEventArtifactInterceptorEventFilteringTest" name="itemFromIgnoredRepositoriesShouldBeSkipped" time="0.004"/>
  <testcase classname="org.artifactory.addon.jfevent.interceptor.JfEventArtifactInterceptorEventFilteringTest" name="itemFromIgnoredRepositoriesShouldBeSkipped" time="0.010"/>
  <testcase classname="org.artifactory.addon.jfevent.interceptor.JfEventArtifactInterceptorEventFilteringTest" name="itemFromIgnoredRepositoriesShouldBeSkipped" time="0.002"/>
  <testcase classname="org.artifactory.addon.jfevent.interceptor.JfEventArtifactInterceptorEventFilteringTest" name="itemFromIgnoredRepositoriesShouldBeSkipped" time="0.002"/>
  <testcase classname="org.artifactory.addon.jfevent.interceptor.JfEventArtifactInterceptorEventFilteringTest" name="virtualRepoEventsShouldBeSkipped" time="0.003"/>
  <testcase classname="org.artifactory.addon.jfevent.interceptor.JfEventArtifactInterceptorEventFilteringTest" name="itemFromIgnoredRepositoriesShouldBeSkipped" time="0.028"/>
  <testcase classname="org.artifactory.addon.jfevent.interceptor.JfEventArtifactInterceptorEventFilteringTest" name="itemFromIgnoredRepositoriesShouldBeSkipped" time="0.022"/>
  <testcase classname="org.artifactory.addon.jfevent.interceptor.JfEventArtifactInterceptorEventFilteringTest" name="itemFromIgnoredRepositoriesShouldBeSkipped" time="0.031"/>
  <testcase classname="org.artifactory.addon.jfevent.interceptor.JfEventArtifactInterceptorEventFilteringTest" name="itemFromIgnoredRepositoriesShouldBeSkipped" time="0.006"/>
  <testcase classname="org.artifactory.addon.jfevent.interceptor.JfEventArtifactInterceptorEventFilteringTest" name="itemFromIgnoredRepositoriesShouldBeSkipped" time="0.017"/>
  <testcase classname="org.artifactory.addon.jfevent.interceptor.JfEventArtifactInterceptorEventFilteringTest" name="itemFromIgnoredRepositoriesShouldBeSkipped" time="0.010"/>
  <testcase classname="org.artifactory.addon.jfevent.interceptor.JfEventArtifactInterceptorEventFilteringTest" name="itemFromIgnoredRepositoriesShouldBeSkipped" time="0.011"/>
  <testcase classname="org.artifactory.addon.jfevent.interceptor.JfEventArtifactInterceptorEventFilteringTest" name="itemFromIgnoredRepositoriesShouldBeSkipped" time="0.012"/>
  <testcase classname="org.artifactory.addon.jfevent.interceptor.JfEventArtifactInterceptorEventFilteringTest" name="itemFromIgnoredRepositoriesShouldBeSkipped" time="0.023"/>
  <testcase classname="org.artifactory.addon.jfevent.interceptor.JfEventArtifactInterceptorEventFilteringTest" name="itemFromIgnoredRepositoriesShouldBeSkipped" time="0.002"/>
  <testcase classname="org.artifactory.addon.jfevent.interceptor.JfEventArtifactInterceptorEventFilteringTest" name="itemFromIgnoredRepositoriesShouldBeSkipped" time="0.013"/>
  <testcase classname="org.artifactory.addon.jfevent.interceptor.JfEventArtifactInterceptorEventFilteringTest" name="itemFromIgnoredRepositoriesShouldBeSkipped" time="0.015"/>
  <testcase classname="org.artifactory.addon.jfevent.interceptor.JfEventArtifactInterceptorEventFilteringTest" name="localGeneratedEventsShouldBeSkipped" time="0.028"/>
  <testcase classname="org.artifactory.addon.jfevent.interceptor.JfEventArtifactInterceptorEventFilteringTest" name="itemFromIgnoredRepositoriesShouldBeSkipped" time="0.004"/>
  <testcase classname="org.artifactory.addon.jfevent.interceptor.JfEventArtifactInterceptorEventFilteringTest" name="itemFromIgnoredRepositoriesShouldBeSkipped" time="0.007"/>
  <testcase classname="org.artifactory.addon.jfevent.interceptor.JfEventArtifactInterceptorEventFilteringTest" name="itemFromIgnoredRepositoriesShouldBeSkipped" time="0.002"/>
  <testcase classname="org.artifactory.addon.jfevent.interceptor.JfEventArtifactInterceptorEventFilteringTest" name="triggeredByMoveItemShouldBeSkipped" time="4.938"/>
  <testcase classname="org.artifactory.addon.jfevent.interceptor.JfEventArtifactInterceptorEventFilteringTest" name="itemFromIgnoredRepositoriesShouldBeSkipped" time="0.003"/>
  <testcase classname="org.artifactory.addon.jfevent.interceptor.JfEventArtifactInterceptorEventFilteringTest" name="notFileItemShouldBeSkipped" time="0.011"/>
  <testcase classname="org.artifactory.addon.jfevent.interceptor.JfEventArtifactInterceptorEventFilteringTest" name="happyFlow" time="0.519"/>
  <testcase classname="org.artifactory.addon.jfevent.interceptor.JfEventArtifactInterceptorEventFilteringTest" name="itemFromIgnoredRepositoriesShouldBeSkipped" time="0.009"/>
  <testcase classname="org.artifactory.addon.jfevent.interceptor.JfEventArtifactInterceptorEventFilteringTest" name="itemCreatedBySystemUserShouldBeSkipped" time="0.023"/>
  <testcase classname="org.artifactory.addon.jfevent.interceptor.JfEventArtifactInterceptorEventFilteringTest" name="itemFromIgnoredRepositoriesShouldBeSkipped" time="0.012"/>
  <testcase classname="org.artifactory.addon.jfevent.interceptor.JfEventArtifactInterceptorEventFilteringTest" name="itemFromIgnoredRepositoriesShouldBeSkipped" time="0.001"/>
  <testcase classname="org.artifactory.addon.jfevent.interceptor.JfEventArtifactInterceptorEventFilteringTest" name="itemFromIgnoredRepositoriesShouldBeSkipped" time="0.007"/>
  <testcase classname="org.artifactory.addon.jfevent.interceptor.JfEventArtifactInterceptorEventFilteringTest" name="itemFromIgnoredRepositoriesShouldBeSkipped" time="0.005"/>
  <testcase classname="org.artifactory.addon.jfevent.interceptor.JfEventArtifactInterceptorEventFilteringTest" name="itemFromIgnoredRepositoriesShouldBeSkipped" time="0.016"/>
</testsuite> <!-- org.artifactory.addon.jfevent.interceptor.JfEventArtifactInterceptorEventFilteringTest -->
