<?xml version="1.0" encoding="UTF-8"?>
<!-- Generated by org.testng.reporters.JUnitReportReporter -->
<testsuite ignored="0" hostname="fc3c13788461" failures="0" tests="2" name="org.artifactory.addon.gems.model.GemPackageInfoTest" time="2.420" errors="0" timestamp="25 Oct 2021 16:05:30 GMT" skipped="0">
  <testcase classname="org.artifactory.addon.gems.model.GemPackageInfoTest" name="toStringWithVersions" time="2.166"/>
  <testcase classname="org.artifactory.addon.gems.model.GemPackageInfoTest" name="toStringNoVersions" time="0.254"/>
</testsuite> <!-- org.artifactory.addon.gems.model.GemPackageInfoTest -->
