<?xml version="1.0" encoding="UTF-8"?>
<!-- Generated by org.testng.reporters.JUnitReportReporter -->
<testsuite ignored="0" hostname="fc3c13788461" failures="0" tests="1" name="org.artifactory.addon.federated.sharding.ClusterShardingProviderTest" time="13.816" errors="0" timestamp="25 Oct 2021 16:11:17 GMT" skipped="0">
  <testcase classname="org.artifactory.addon.federated.sharding.ClusterShardingProviderTest" name="federatedClusterShardingTest" time="13.816"/>
</testsuite> <!-- org.artifactory.addon.federated.sharding.ClusterShardingProviderTest -->
