<?xml version="1.0" encoding="UTF-8"?>
<!-- Generated by org.testng.reporters.JUnitReportReporter -->
<testsuite ignored="0" hostname="fc3c13788461" failures="0" tests="2" name="org.artifactory.addon.gems.GemSpecsIndexCheckerTest" time="0.109" errors="0" timestamp="25 Oct 2021 16:05:27 GMT" skipped="0">
  <testcase classname="org.artifactory.addon.gems.GemSpecsIndexCheckerTest" name="isExpirable" time="0.108"/>
  <testcase classname="org.artifactory.addon.gems.GemSpecsIndexCheckerTest" name="testsShouldExcludePropertyFromMirroring" time="0.001"/>
</testsuite> <!-- org.artifactory.addon.gems.GemSpecsIndexCheckerTest -->
