<?xml version="1.0" encoding="UTF-8"?>
<!-- Generated by org.testng.reporters.JUnitReportReporter -->
<testsuite ignored="0" hostname="fc3c13788461" failures="0" tests="5" name="org.artifactory.addon.helm.repo.HelmRemoteRepoHandlerTest" time="10.609" errors="0" timestamp="25 Oct 2021 16:07:00 GMT" skipped="0">
  <testcase classname="org.artifactory.addon.helm.repo.HelmRemoteRepoHandlerTest" name="shouldReturnUrlInChartsBaseUrlForEmptyChartsBaseUrl" time="0.019"/>
  <testcase classname="org.artifactory.addon.helm.repo.HelmRemoteRepoHandlerTest" name="shouldThrowNotFoundException" time="0.072"/>
  <testcase classname="org.artifactory.addon.helm.repo.HelmRemoteRepoHandlerTest" name="shouldThrowExceptionForNotFoundHelm" time="8.832"/>
  <testcase classname="org.artifactory.addon.helm.repo.HelmRemoteRepoHandlerTest" name="shouldReturnUrlInChartsBaseUrlForNullChartsBaseUrl" time="0.003"/>
  <testcase classname="org.artifactory.addon.helm.repo.HelmRemoteRepoHandlerTest" name="shouldReturnChartsBaseUrl" time="1.683"/>
</testsuite> <!-- org.artifactory.addon.helm.repo.HelmRemoteRepoHandlerTest -->
