<?xml version="1.0" encoding="UTF-8"?>
<!-- Generated by org.testng.reporters.JUnitReportReporter -->
<testsuite ignored="0" hostname="fc3c13788461" failures="0" tests="2" name="org.artifactory.addon.opkg.index.OpkgCalculationWorkItemTest" time="0.134" errors="0" timestamp="25 Oct 2021 16:08:24 GMT" skipped="0">
  <testcase classname="org.artifactory.addon.opkg.index.OpkgCalculationWorkItemTest" name="testEqualsContract" time="0.118"/>
  <testcase classname="org.artifactory.addon.opkg.index.OpkgCalculationWorkItemTest" name="testGetUniqueKey" time="0.016"/>
</testsuite> <!-- org.artifactory.addon.opkg.index.OpkgCalculationWorkItemTest -->
