<?xml version="1.0" encoding="UTF-8"?>
<!-- Generated by org.testng.reporters.JUnitReportReporter -->
<testsuite ignored="0" hostname="fc3c13788461" failures="0" tests="3" name="org.artifactory.addon.federated.traffic.FederationTrafficHelperTest" time="9.136" errors="0" timestamp="25 Oct 2021 16:11:08 GMT" skipped="0">
  <testcase classname="org.artifactory.addon.federated.traffic.FederationTrafficHelperTest" name="testWriteToTrafficLog" time="8.957"/>
  <testcase classname="org.artifactory.addon.federated.traffic.FederationTrafficHelperTest" name="testNoWriteToTrafficLog" time="0.176"/>
  <testcase classname="org.artifactory.addon.federated.traffic.FederationTrafficHelperTest" name="testNoWriteToTrafficLog" time="0.003"/>
</testsuite> <!-- org.artifactory.addon.federated.traffic.FederationTrafficHelperTest -->
