<?xml version="1.0" encoding="UTF-8"?>
<!-- Generated by org.testng.reporters.JUnitReportReporter -->
<testsuite ignored="0" hostname="fc3c13788461" failures="0" tests="4" name="org.artifactory.addon.debian.DebianServiceImplTest" time="6.543" errors="0" timestamp="25 Oct 2021 16:08:35 GMT" skipped="0">
  <testcase classname="org.artifactory.addon.debian.DebianServiceImplTest" name="calculateMetadataOnStorageEvent" time="0.136"/>
  <testcase classname="org.artifactory.addon.debian.DebianServiceImplTest" name="calculateMetadataOnStorageEventWhenAutoCalcDisabled" time="0.031"/>
  <testcase classname="org.artifactory.addon.debian.DebianServiceImplTest" name="calculateVirtualMetadataAfterInternalEvent" time="6.338"/>
  <testcase classname="org.artifactory.addon.debian.DebianServiceImplTest" name="calculateVirtualMetadataAfterInternalEventWhenAutoCalcDisabled" time="0.038"/>
</testsuite> <!-- org.artifactory.addon.debian.DebianServiceImplTest -->
