<?xml version="1.0" encoding="UTF-8"?>
<!-- Generated by org.testng.reporters.JUnitReportReporter -->
<testsuite ignored="0" hostname="fc3c13788461" failures="0" tests="8" name="org.artifactory.addon.ConverterBlockerImplTest" time="5.617" errors="0" timestamp="25 Oct 2021 16:03:08 GMT" skipped="0">
  <testcase classname="org.artifactory.addon.ConverterBlockerImplTest" name="testMissingLicenseOnProEnd" time="0.031"/>
  <testcase classname="org.artifactory.addon.ConverterBlockerImplTest" name="testInvalidLicense" time="0.073"/>
  <testcase classname="org.artifactory.addon.ConverterBlockerImplTest" name="testInvalidLicenseOnProEnv" time="0.196"/>
  <testcase classname="org.artifactory.addon.ConverterBlockerImplTest" name="testValidLicense" time="0.054"/>
  <testcase classname="org.artifactory.addon.ConverterBlockerImplTest" name="testInalidLicenses" time="5.192"/>
  <testcase classname="org.artifactory.addon.ConverterBlockerImplTest" name="testValidLicense2" time="0.027"/>
  <testcase classname="org.artifactory.addon.ConverterBlockerImplTest" name="testValidLicenses" time="0.017"/>
  <testcase classname="org.artifactory.addon.ConverterBlockerImplTest" name="testProLicenseProEnv" time="0.027"/>
</testsuite> <!-- org.artifactory.addon.ConverterBlockerImplTest -->
