<?xml version="1.0" encoding="UTF-8"?>
<!-- Generated by org.testng.reporters.JUnitReportReporter -->
<testsuite ignored="0" hostname="fc3c13788461" failures="0" tests="1" name="org.artifactory.addon.license.reader.LicencesReaderTest" time="2.073" errors="0" timestamp="25 Oct 2021 16:03:50 GMT" skipped="0">
  <testcase classname="org.artifactory.addon.license.reader.LicencesReaderTest" name="read" time="2.073"/>
</testsuite> <!-- org.artifactory.addon.license.reader.LicencesReaderTest -->
