<?xml version="1.0" encoding="UTF-8"?>
<!-- Generated by org.testng.reporters.JUnitReportReporter -->
<testsuite ignored="0" hostname="fc3c13788461" failures="0" tests="37" name="org.artifactory.addon.replication.core.push.runnable.PushReplicationPropertyChangeRunnableTest" time="4.576" errors="0" timestamp="25 Oct 2021 16:10:11 GMT" skipped="0">
  <testcase classname="org.artifactory.addon.replication.core.push.runnable.PushReplicationPropertyChangeRunnableTest" name="testFailureInPropsReplicationAddsErrorToTheQueue" time="0.061"/>
  <testcase classname="org.artifactory.addon.replication.core.push.runnable.PushReplicationPropertyChangeRunnableTest" name="testFailureInPropsReplicationAddsErrorToTheQueue" time="0.076"/>
  <testcase classname="org.artifactory.addon.replication.core.push.runnable.PushReplicationPropertyChangeRunnableTest" name="testFailureInPropsReplicationAddsErrorToTheQueue" time="0.152"/>
  <testcase classname="org.artifactory.addon.replication.core.push.runnable.PushReplicationPropertyChangeRunnableTest" name="testFailureInPropsReplicationAddsErrorToTheQueue" time="0.171"/>
  <testcase classname="org.artifactory.addon.replication.core.push.runnable.PushReplicationPropertyChangeRunnableTest" name="testFailureInPropsReplicationAddsErrorToTheQueue" time="0.066"/>
  <testcase classname="org.artifactory.addon.replication.core.push.runnable.PushReplicationPropertyChangeRunnableTest" name="testFailureInPropsReplicationAddsErrorToTheQueue" time="1.026"/>
  <testcase classname="org.artifactory.addon.replication.core.push.runnable.PushReplicationPropertyChangeRunnableTest" name="testFailureInPropsReplicationAddsErrorToTheQueue" time="0.081"/>
  <testcase classname="org.artifactory.addon.replication.core.push.runnable.PushReplicationPropertyChangeRunnableTest" name="testFailureInPropsReplicationAddsErrorToTheQueue" time="0.106"/>
  <testcase classname="org.artifactory.addon.replication.core.push.runnable.PushReplicationPropertyChangeRunnableTest" name="testFailureInPropsReplicationAddsErrorToTheQueue" time="0.070"/>
  <testcase classname="org.artifactory.addon.replication.core.push.runnable.PushReplicationPropertyChangeRunnableTest" name="testFailureInPropsReplicationAddsErrorToTheQueue" time="0.074"/>
  <testcase classname="org.artifactory.addon.replication.core.push.runnable.PushReplicationPropertyChangeRunnableTest" name="testFailureInPropsReplicationAddsErrorToTheQueue" time="0.087"/>
  <testcase classname="org.artifactory.addon.replication.core.push.runnable.PushReplicationPropertyChangeRunnableTest" name="testFailureInPropsReplicationAddsErrorToTheQueue" time="0.096"/>
  <testcase classname="org.artifactory.addon.replication.core.push.runnable.PushReplicationPropertyChangeRunnableTest" name="testFailureInPropsReplicationAddsErrorToTheQueue" time="0.105"/>
  <testcase classname="org.artifactory.addon.replication.core.push.runnable.PushReplicationPropertyChangeRunnableTest" name="testFailureInPropsReplicationAddsErrorToTheQueue" time="0.096"/>
  <testcase classname="org.artifactory.addon.replication.core.push.runnable.PushReplicationPropertyChangeRunnableTest" name="testHttpClientThrowsExceptionDuringReplication" time="0.199"/>
  <testcase classname="org.artifactory.addon.replication.core.push.runnable.PushReplicationPropertyChangeRunnableTest" name="testFailureInPropsReplicationAddsErrorToTheQueue" time="0.060"/>
  <testcase classname="org.artifactory.addon.replication.core.push.runnable.PushReplicationPropertyChangeRunnableTest" name="testFailureInPropsReplicationAddsErrorToTheQueue" time="0.090"/>
  <testcase classname="org.artifactory.addon.replication.core.push.runnable.PushReplicationPropertyChangeRunnableTest" name="testFailureInPropsReplicationAddsErrorToTheQueue" time="0.055"/>
  <testcase classname="org.artifactory.addon.replication.core.push.runnable.PushReplicationPropertyChangeRunnableTest" name="testRepoServiceThrowsExceptionDuringReplication" time="0.072"/>
  <testcase classname="org.artifactory.addon.replication.core.push.runnable.PushReplicationPropertyChangeRunnableTest" name="testSuccessfulErrorTaskIsDeleted" time="0.057"/>
  <testcase classname="org.artifactory.addon.replication.core.push.runnable.PushReplicationPropertyChangeRunnableTest" name="testFailureInPropsReplicationAddsErrorToTheQueue" time="0.056"/>
  <testcase classname="org.artifactory.addon.replication.core.push.runnable.PushReplicationPropertyChangeRunnableTest" name="testHttpClientThrowsExceptionDuringReplication" time="0.092"/>
  <testcase classname="org.artifactory.addon.replication.core.push.runnable.PushReplicationPropertyChangeRunnableTest" name="testFailureInPropsReplicationAddsErrorToTheQueue" time="0.126"/>
  <testcase classname="org.artifactory.addon.replication.core.push.runnable.PushReplicationPropertyChangeRunnableTest" name="testFailureInPropsReplicationAddsErrorToTheQueue" time="0.047"/>
  <testcase classname="org.artifactory.addon.replication.core.push.runnable.PushReplicationPropertyChangeRunnableTest" name="testFailureInPropsReplicationAddsErrorToTheQueue" time="0.091"/>
  <testcase classname="org.artifactory.addon.replication.core.push.runnable.PushReplicationPropertyChangeRunnableTest" name="testFailureInPropsReplicationAddsErrorToTheQueue" time="0.126"/>
  <testcase classname="org.artifactory.addon.replication.core.push.runnable.PushReplicationPropertyChangeRunnableTest" name="testFailureInPropsReplicationAddsErrorToTheQueue" time="0.065"/>
  <testcase classname="org.artifactory.addon.replication.core.push.runnable.PushReplicationPropertyChangeRunnableTest" name="testRepoServiceThrowsExceptionDuringReplication" time="0.105"/>
  <testcase classname="org.artifactory.addon.replication.core.push.runnable.PushReplicationPropertyChangeRunnableTest" name="testFailureInPropsReplicationAddsErrorToTheQueue" time="0.060"/>
  <testcase classname="org.artifactory.addon.replication.core.push.runnable.PushReplicationPropertyChangeRunnableTest" name="testFailureInPropsReplicationAddsErrorToTheQueue" time="0.122"/>
  <testcase classname="org.artifactory.addon.replication.core.push.runnable.PushReplicationPropertyChangeRunnableTest" name="testRepoServiceThrowsExceptionDuringReplication" time="0.090"/>
  <testcase classname="org.artifactory.addon.replication.core.push.runnable.PushReplicationPropertyChangeRunnableTest" name="testFailureInPropsReplicationAddsErrorToTheQueue" time="0.067"/>
  <testcase classname="org.artifactory.addon.replication.core.push.runnable.PushReplicationPropertyChangeRunnableTest" name="testHttpClientThrowsExceptionDuringReplication" time="0.113"/>
  <testcase classname="org.artifactory.addon.replication.core.push.runnable.PushReplicationPropertyChangeRunnableTest" name="testFailureInPropsReplicationAddsErrorToTheQueue" time="0.090"/>
  <testcase classname="org.artifactory.addon.replication.core.push.runnable.PushReplicationPropertyChangeRunnableTest" name="testFailureInPropsReplicationAddsErrorToTheQueue" time="0.178"/>
  <testcase classname="org.artifactory.addon.replication.core.push.runnable.PushReplicationPropertyChangeRunnableTest" name="testFailureInPropsReplicationAddsErrorToTheQueue" time="0.094"/>
  <testcase classname="org.artifactory.addon.replication.core.push.runnable.PushReplicationPropertyChangeRunnableTest" name="testFailureInPropsReplicationAddsErrorToTheQueue" time="0.254"/>
</testsuite> <!-- org.artifactory.addon.replication.core.push.runnable.PushReplicationPropertyChangeRunnableTest -->
