<?xml version="1.0" encoding="UTF-8"?>
<!-- Generated by org.testng.reporters.JUnitReportReporter -->
<testsuite ignored="0" hostname="fc3c13788461" failures="0" tests="6" name="org.artifactory.addon.mirror.internal.MirrorBidirectionalTest" time="5.606" errors="0" timestamp="25 Oct 2021 16:09:45 GMT" skipped="0">
  <testcase classname="org.artifactory.addon.mirror.internal.MirrorBidirectionalTest" name="handleReceiveStatusFromLocalOldVersion" time="0.135"/>
  <testcase classname="org.artifactory.addon.mirror.internal.MirrorBidirectionalTest" name="handleReceiveLocalEventMessageToInvalidMirror" time="5.377"/>
  <testcase classname="org.artifactory.addon.mirror.internal.MirrorBidirectionalTest" name="handleReceiveRemoteEventMessage" time="0.035"/>
  <testcase classname="org.artifactory.addon.mirror.internal.MirrorBidirectionalTest" name="handleReceiveStatusFromRemoteOldVersion" time="0.023"/>
  <testcase classname="org.artifactory.addon.mirror.internal.MirrorBidirectionalTest" name="handleReceiveStatusFromRemoteSameVersion" time="0.016"/>
  <testcase classname="org.artifactory.addon.mirror.internal.MirrorBidirectionalTest" name="handleReceiveStatusFromRemoteNewVersion" time="0.020"/>
</testsuite> <!-- org.artifactory.addon.mirror.internal.MirrorBidirectionalTest -->
