<?xml version="1.0" encoding="UTF-8"?>
<!-- Generated by org.testng.reporters.JUnitReportReporter -->
<testsuite ignored="0" hostname="fc3c13788461" failures="0" tests="26" name="org.artifactory.addon.RepositoryCreateUpdateHelperTest" time="0.355" errors="0" timestamp="25 Oct 2021 16:08:15 GMT" skipped="0">
  <testcase classname="org.artifactory.addon.RepositoryCreateUpdateHelperTest" name="addLocalDockerRepositoryWithLowerCasePlace" time="0.110"/>
  <testcase classname="org.artifactory.addon.RepositoryCreateUpdateHelperTest" name="addRemoteNugetRepositoryWithoutDownloadContext" time="0.001"/>
  <testcase classname="org.artifactory.addon.RepositoryCreateUpdateHelperTest" name="addLocalRepositoryInLastPlace" time="0.001"/>
  <testcase classname="org.artifactory.addon.RepositoryCreateUpdateHelperTest" name="addRemoteRepositoryInSecondPlace" time="0.009"/>
  <testcase classname="org.artifactory.addon.RepositoryCreateUpdateHelperTest" name="addRemoteDockerRepositoryWithUpperCasePlace" time="0.033"/>
  <testcase classname="org.artifactory.addon.RepositoryCreateUpdateHelperTest" name="replaceOrUpdateUseDefaultGpgKey" time="0.003"/>
  <testcase classname="org.artifactory.addon.RepositoryCreateUpdateHelperTest" name="addRemoteNugetRepositoryWithDownloadContext" time="0.081"/>
  <testcase classname="org.artifactory.addon.RepositoryCreateUpdateHelperTest" name="addRemoteRepositoryInLastPlaceZeroPosition" time="0.000"/>
  <testcase classname="org.artifactory.addon.RepositoryCreateUpdateHelperTest" name="addLocalRepositoryInFirstPlace" time="0.000"/>
  <testcase classname="org.artifactory.addon.RepositoryCreateUpdateHelperTest" name="replaceOrUpdatePrimarySameAsSecondaryKeyPair" time="0.001"/>
  <testcase classname="org.artifactory.addon.RepositoryCreateUpdateHelperTest" name="addRemoteWithSystemDefaultProxy" time="0.017"/>
  <testcase classname="org.artifactory.addon.RepositoryCreateUpdateHelperTest" name="replaceOrUpdateNotExistsSecondaryKeyPair" time="0.001"/>
  <testcase classname="org.artifactory.addon.RepositoryCreateUpdateHelperTest" name="addRemoteRepositoryVerifyBackupAddExcludedRepo" time="0.078"/>
  <testcase classname="org.artifactory.addon.RepositoryCreateUpdateHelperTest" name="addRemoteRepositoryInFirstPlace" time="0.001"/>
  <testcase classname="org.artifactory.addon.RepositoryCreateUpdateHelperTest" name="replaceOrUpdateNotExistsPrimaryKeyPair" time="0.001"/>
  <testcase classname="org.artifactory.addon.RepositoryCreateUpdateHelperTest" name="addVirtualRepositoryInLastPlace" time="0.000"/>
  <testcase classname="org.artifactory.addon.RepositoryCreateUpdateHelperTest" name="duplicateLocalRepo" time="0.001"/>
  <testcase classname="org.artifactory.addon.RepositoryCreateUpdateHelperTest" name="addVirtualRepositoryInFirstPlace" time="0.000"/>
  <testcase classname="org.artifactory.addon.RepositoryCreateUpdateHelperTest" name="addVirtualRepositoryInSecondPlace" time="0.004"/>
  <testcase classname="org.artifactory.addon.RepositoryCreateUpdateHelperTest" name="replaceOrUpdateWithKeyPair" time="0.001"/>
  <testcase classname="org.artifactory.addon.RepositoryCreateUpdateHelperTest" name="addVirtualDockerRepositoryWithUpperCasePlace" time="0.005"/>
  <testcase classname="org.artifactory.addon.RepositoryCreateUpdateHelperTest" name="replaceOrUpdateWithSecondaryKeyPairOnly" time="0.001"/>
  <testcase classname="org.artifactory.addon.RepositoryCreateUpdateHelperTest" name="addLocalDockerRepositoryWithUpperCasePlace" time="0.001"/>
  <testcase classname="org.artifactory.addon.RepositoryCreateUpdateHelperTest" name="addRemoteRepositoryInLastPlace" time="0.001"/>
  <testcase classname="org.artifactory.addon.RepositoryCreateUpdateHelperTest" name="replaceOrUpdateWithPrimaryAndSecondaryKeyPair" time="0.003"/>
  <testcase classname="org.artifactory.addon.RepositoryCreateUpdateHelperTest" name="addLocalRepositoryInSecondPlace" time="0.001"/>
</testsuite> <!-- org.artifactory.addon.RepositoryCreateUpdateHelperTest -->
