<?xml version="1.0" encoding="UTF-8"?>
<!-- Generated by org.testng.reporters.JUnitReportReporter -->
<testsuite ignored="0" hostname="fc3c13788461" failures="0" tests="6" name="org.artifactory.addon.pypi.repo.PypiHeadGetTest" time="4.059" errors="0" timestamp="25 Oct 2021 16:06:10 GMT" skipped="0">
  <testcase classname="org.artifactory.addon.pypi.repo.PypiHeadGetTest" name="testDownloadPackageRemote" time="0.478"/>
  <testcase classname="org.artifactory.addon.pypi.repo.PypiHeadGetTest" name="testDownloadPackageRemote" time="0.003"/>
  <testcase classname="org.artifactory.addon.pypi.repo.PypiHeadGetTest" name="testDownloadPackageLocal" time="0.018"/>
  <testcase classname="org.artifactory.addon.pypi.repo.PypiHeadGetTest" name="testDownloadPackageVirtual" time="0.005"/>
  <testcase classname="org.artifactory.addon.pypi.repo.PypiHeadGetTest" name="testDownloadPackageVirtual" time="0.018"/>
  <testcase classname="org.artifactory.addon.pypi.repo.PypiHeadGetTest" name="testDownloadPackageLocal" time="3.537"/>
</testsuite> <!-- org.artifactory.addon.pypi.repo.PypiHeadGetTest -->
