<?xml version="1.0" encoding="UTF-8"?>
<!-- Generated by org.testng.reporters.JUnitReportReporter -->
<testsuite ignored="0" hostname="fc3c13788461" failures="0" tests="10" name="org.artifactory.addon.replication.core.push.event.EventQueueTest" time="1.487" errors="0" timestamp="25 Oct 2021 16:10:13 GMT" skipped="0">
  <testcase classname="org.artifactory.addon.replication.core.push.event.EventQueueTest" name="testConsumerSubmissionException" time="0.076"/>
  <testcase classname="org.artifactory.addon.replication.core.push.event.EventQueueTest" name="testLocking" time="0.045"/>
  <testcase classname="org.artifactory.addon.replication.core.push.event.EventQueueTest" name="testRefuseEventFromTheSameServer" time="1.044"/>
  <testcase classname="org.artifactory.addon.replication.core.push.event.EventQueueTest" name="testQueueInvalidEvent" time="0.038"/>
  <testcase classname="org.artifactory.addon.replication.core.push.event.EventQueueTest" name="testRefuseDeleteEvent" time="0.027"/>
  <testcase classname="org.artifactory.addon.replication.core.push.event.EventQueueTest" name="testRefusePropertiesEvent" time="0.033"/>
  <testcase classname="org.artifactory.addon.replication.core.push.event.EventQueueTest" name="testConsumerSubmission" time="0.047"/>
  <testcase classname="org.artifactory.addon.replication.core.push.event.EventQueueTest" name="testPolling" time="0.056"/>
  <testcase classname="org.artifactory.addon.replication.core.push.event.EventQueueTest" name="testRefuseExcludedPathEventEvent" time="0.107"/>
  <testcase classname="org.artifactory.addon.replication.core.push.event.EventQueueTest" name="testRefuseFullQueue" time="0.014"/>
</testsuite> <!-- org.artifactory.addon.replication.core.push.event.EventQueueTest -->
