<?xml version="1.0" encoding="UTF-8"?>
<!-- Generated by org.testng.reporters.JUnitReportReporter -->
<testsuite ignored="0" hostname="fc3c13788461" failures="0" tests="6" name="org.artifactory.addon.replication.core.ReplicationErrorQueueConfigChangeTest" time="1.705" errors="0" timestamp="25 Oct 2021 16:10:14 GMT" skipped="0">
  <testcase classname="org.artifactory.addon.replication.core.ReplicationErrorQueueConfigChangeTest" name="testSyncPropsTurnedOff" time="0.002"/>
  <testcase classname="org.artifactory.addon.replication.core.ReplicationErrorQueueConfigChangeTest" name="replicationConfigHasNotChanged" time="0.002"/>
  <testcase classname="org.artifactory.addon.replication.core.ReplicationErrorQueueConfigChangeTest" name="replicationDeleted" time="0.019"/>
  <testcase classname="org.artifactory.addon.replication.core.ReplicationErrorQueueConfigChangeTest" name="oldDescriptorIsNull" time="0.012"/>
  <testcase classname="org.artifactory.addon.replication.core.ReplicationErrorQueueConfigChangeTest" name="replicationURLChanged" time="1.668"/>
  <testcase classname="org.artifactory.addon.replication.core.ReplicationErrorQueueConfigChangeTest" name="testSyncDeletesTurnedOff" time="0.002"/>
</testsuite> <!-- org.artifactory.addon.replication.core.ReplicationErrorQueueConfigChangeTest -->
