<?xml version="1.0" encoding="UTF-8"?>
<!-- Generated by org.testng.reporters.JUnitReportReporter -->
<testsuite ignored="0" hostname="fc3c13788461" failures="0" tests="7" name="org.artifactory.addon.npm.repo.cache.NpmCacheCleanerTest" time="4.051" errors="0" timestamp="25 Oct 2021 16:09:06 GMT" skipped="0">
  <testcase classname="org.artifactory.addon.npm.repo.cache.NpmCacheCleanerTest" name="testBatchCleanupOnlyOneBatchIncomplete" time="1.496"/>
  <testcase classname="org.artifactory.addon.npm.repo.cache.NpmCacheCleanerTest" name="testRunOnlyForNpm" time="0.068"/>
  <testcase classname="org.artifactory.addon.npm.repo.cache.NpmCacheCleanerTest" name="testBatchCleanupOnlyOneBatchComplete" time="0.132"/>
  <testcase classname="org.artifactory.addon.npm.repo.cache.NpmCacheCleanerTest" name="testCleanUpWithInitialError" time="0.094"/>
  <testcase classname="org.artifactory.addon.npm.repo.cache.NpmCacheCleanerTest" name="testCleanCacheNoItemsToDelete" time="1.891"/>
  <testcase classname="org.artifactory.addon.npm.repo.cache.NpmCacheCleanerTest" name="testBatchCleanup" time="0.271"/>
  <testcase classname="org.artifactory.addon.npm.repo.cache.NpmCacheCleanerTest" name="testBatchCleanupWithErrorDuringCleaning" time="0.099"/>
</testsuite> <!-- org.artifactory.addon.npm.repo.cache.NpmCacheCleanerTest -->
