<?xml version="1.0" encoding="UTF-8"?>
<!-- Generated by org.testng.reporters.JUnitReportReporter -->
<testsuite ignored="0" hostname="fc3c13788461" failures="0" tests="3" name="org.artifactory.addon.replication.core.EventBasedRemoteReplicationManagerTest" time="2.824" errors="0" timestamp="25 Oct 2021 16:10:15 GMT" skipped="0">
  <testcase classname="org.artifactory.addon.replication.core.EventBasedRemoteReplicationManagerTest" name="testAddRepoDoesNotShutdownAnyExecutor" time="0.941"/>
  <testcase classname="org.artifactory.addon.replication.core.EventBasedRemoteReplicationManagerTest" name="testNoChangeInReposDoesNotShutdownAnyExecutor" time="0.941"/>
  <testcase classname="org.artifactory.addon.replication.core.EventBasedRemoteReplicationManagerTest" name="testDeleteRepoShutdownExecutor" time="0.942"/>
</testsuite> <!-- org.artifactory.addon.replication.core.EventBasedRemoteReplicationManagerTest -->
