<?xml version="1.0" encoding="UTF-8"?>
<!-- Generated by org.testng.reporters.JUnitReportReporter -->
<testsuite ignored="0" hostname="fc3c13788461" failures="0" tests="11" name="org.artifactory.addon.debian.interceptor.DebianVirtualInterceptorTest" time="0.929" errors="0" timestamp="25 Oct 2021 16:08:37 GMT" skipped="0">
  <testcase classname="org.artifactory.addon.debian.interceptor.DebianVirtualInterceptorTest" name="testIsMetadataRequest" time="0.028"/>
  <testcase classname="org.artifactory.addon.debian.interceptor.DebianVirtualInterceptorTest" name="testIsMetadataRequest" time="0.054"/>
  <testcase classname="org.artifactory.addon.debian.interceptor.DebianVirtualInterceptorTest" name="testReleaseGpgRequest" time="0.109"/>
  <testcase classname="org.artifactory.addon.debian.interceptor.DebianVirtualInterceptorTest" name="testIsMetadataRequest" time="0.087"/>
  <testcase classname="org.artifactory.addon.debian.interceptor.DebianVirtualInterceptorTest" name="testIsMetadataRequest" time="0.069"/>
  <testcase classname="org.artifactory.addon.debian.interceptor.DebianVirtualInterceptorTest" name="testIsMetadataRequest" time="0.080"/>
  <testcase classname="org.artifactory.addon.debian.interceptor.DebianVirtualInterceptorTest" name="testIsMetadataRequest" time="0.063"/>
  <testcase classname="org.artifactory.addon.debian.interceptor.DebianVirtualInterceptorTest" name="testIsMetadataRequest" time="0.031"/>
  <testcase classname="org.artifactory.addon.debian.interceptor.DebianVirtualInterceptorTest" name="testIsMetadataRequest" time="0.087"/>
  <testcase classname="org.artifactory.addon.debian.interceptor.DebianVirtualInterceptorTest" name="testIsMetadataRequest" time="0.075"/>
  <testcase classname="org.artifactory.addon.debian.interceptor.DebianVirtualInterceptorTest" name="testReleaseGpgRequest" time="0.246"/>
</testsuite> <!-- org.artifactory.addon.debian.interceptor.DebianVirtualInterceptorTest -->
