<?xml version="1.0" encoding="UTF-8"?>
<!-- Generated by org.testng.reporters.JUnitReportReporter -->
<testsuite ignored="0" hostname="fc3c13788461" failures="0" tests="2" name="org.artifactory.addon.federated.binary.RemoteBinaryImporterTest" time="8.990" errors="0" timestamp="25 Oct 2021 16:11:08 GMT" skipped="0">
  <testcase classname="org.artifactory.addon.federated.binary.RemoteBinaryImporterTest" name="testRunFetch" time="0.199"/>
  <testcase classname="org.artifactory.addon.federated.binary.RemoteBinaryImporterTest" name="testRunExists" time="8.791"/>
</testsuite> <!-- org.artifactory.addon.federated.binary.RemoteBinaryImporterTest -->
