<?xml version="1.0" encoding="UTF-8"?>
<!-- Generated by org.testng.reporters.JUnitReportReporter -->
<testsuite ignored="0" hostname="fc3c13788461" failures="0" tests="59" name="org.artifactory.addon.pypi.repo.remote.PypiRemoteIndexProviderTest" time="4.421" errors="0" timestamp="25 Oct 2021 16:06:11 GMT" skipped="0">
  <testcase classname="org.artifactory.addon.pypi.repo.remote.PypiRemoteIndexProviderTest" name="testIsInvalidUrl" time="0.002"/>
  <testcase classname="org.artifactory.addon.pypi.repo.remote.PypiRemoteIndexProviderTest" name="testIsInvalidUrl" time="0.001"/>
  <testcase classname="org.artifactory.addon.pypi.repo.remote.PypiRemoteIndexProviderTest" name="getDefaultRemoteIndexUrl" time="2.707"/>
  <testcase classname="org.artifactory.addon.pypi.repo.remote.PypiRemoteIndexProviderTest" name="translatedDevPiPackageLink" time="0.000"/>
  <testcase classname="org.artifactory.addon.pypi.repo.remote.PypiRemoteIndexProviderTest" name="testEnsurePackagesPrefix" time="0.000"/>
  <testcase classname="org.artifactory.addon.pypi.repo.remote.PypiRemoteIndexProviderTest" name="testIsInvalidUrl" time="0.000"/>
  <testcase classname="org.artifactory.addon.pypi.repo.remote.PypiRemoteIndexProviderTest" name="testIsInvalidUrl" time="0.001"/>
  <testcase classname="org.artifactory.addon.pypi.repo.remote.PypiRemoteIndexProviderTest" name="testEnsurePackagesPrefix" time="0.000"/>
  <testcase classname="org.artifactory.addon.pypi.repo.remote.PypiRemoteIndexProviderTest" name="testGetTranslatedRepoLink" time="0.000"/>
  <testcase classname="org.artifactory.addon.pypi.repo.remote.PypiRemoteIndexProviderTest" name="testIsInvalidUrl" time="0.001"/>
  <testcase classname="org.artifactory.addon.pypi.repo.remote.PypiRemoteIndexProviderTest" name="testEnsurePackagesPrefix" time="0.000"/>
  <testcase classname="org.artifactory.addon.pypi.repo.remote.PypiRemoteIndexProviderTest" name="getIndexSmartRemoteOffline" time="0.175"/>
  <testcase classname="org.artifactory.addon.pypi.repo.remote.PypiRemoteIndexProviderTest" name="getDevPiNetRemoteIndexUrl" time="0.002"/>
  <testcase classname="org.artifactory.addon.pypi.repo.remote.PypiRemoteIndexProviderTest" name="testEnsurePackagesPrefix" time="0.000"/>
  <testcase classname="org.artifactory.addon.pypi.repo.remote.PypiRemoteIndexProviderTest" name="testIsInvalidUrl" time="0.001"/>
  <testcase classname="org.artifactory.addon.pypi.repo.remote.PypiRemoteIndexProviderTest" name="testGetTranslatedRepoLink" time="0.000"/>
  <testcase classname="org.artifactory.addon.pypi.repo.remote.PypiRemoteIndexProviderTest" name="testIsInvalidUrl" time="0.001"/>
  <testcase classname="org.artifactory.addon.pypi.repo.remote.PypiRemoteIndexProviderTest" name="testGetTranslatedRepoLink" time="0.000"/>
  <testcase classname="org.artifactory.addon.pypi.repo.remote.PypiRemoteIndexProviderTest" name="getPyPiOrgRemoteIndexUrl" time="0.003"/>
  <testcase classname="org.artifactory.addon.pypi.repo.remote.PypiRemoteIndexProviderTest" name="testEnsurePackagesPrefix" time="0.000"/>
  <testcase classname="org.artifactory.addon.pypi.repo.remote.PypiRemoteIndexProviderTest" name="testIsInvalidUrl" time="0.001"/>
  <testcase classname="org.artifactory.addon.pypi.repo.remote.PypiRemoteIndexProviderTest" name="testEnsurePackagesPrefix" time="0.000"/>
  <testcase classname="org.artifactory.addon.pypi.repo.remote.PypiRemoteIndexProviderTest" name="translatedPackageLinkWithLeadingSlash" time="0.000"/>
  <testcase classname="org.artifactory.addon.pypi.repo.remote.PypiRemoteIndexProviderTest" name="testGetTranslatedRepoLink" time="0.000"/>
  <testcase classname="org.artifactory.addon.pypi.repo.remote.PypiRemoteIndexProviderTest" name="testIsInvalidUrl" time="0.000"/>
  <testcase classname="org.artifactory.addon.pypi.repo.remote.PypiRemoteIndexProviderTest" name="testGetTranslatedRepoLink" time="0.000"/>
  <testcase classname="org.artifactory.addon.pypi.repo.remote.PypiRemoteIndexProviderTest" name="getLegacyArtifactoryRemoteIndexUrl" time="0.002"/>
  <testcase classname="org.artifactory.addon.pypi.repo.remote.PypiRemoteIndexProviderTest" name="testEnsurePackagesPrefix" time="0.000"/>
  <testcase classname="org.artifactory.addon.pypi.repo.remote.PypiRemoteIndexProviderTest" name="testIsInvalidUrl" time="0.000"/>
  <testcase classname="org.artifactory.addon.pypi.repo.remote.PypiRemoteIndexProviderTest" name="testGetTranslatedRepoLink" time="0.001"/>
  <testcase classname="org.artifactory.addon.pypi.repo.remote.PypiRemoteIndexProviderTest" name="getDistributionRemoteIndexSmartRemoteOffline" time="1.498"/>
  <testcase classname="org.artifactory.addon.pypi.repo.remote.PypiRemoteIndexProviderTest" name="testEnsurePackagesPrefix" time="0.000"/>
  <testcase classname="org.artifactory.addon.pypi.repo.remote.PypiRemoteIndexProviderTest" name="testIsInvalidUrl" time="0.001"/>
  <testcase classname="org.artifactory.addon.pypi.repo.remote.PypiRemoteIndexProviderTest" name="testIsInvalidUrl" time="0.002"/>
  <testcase classname="org.artifactory.addon.pypi.repo.remote.PypiRemoteIndexProviderTest" name="testGetTranslatedRepoLink" time="0.001"/>
  <testcase classname="org.artifactory.addon.pypi.repo.remote.PypiRemoteIndexProviderTest" name="testIsInvalidUrl" time="0.000"/>
  <testcase classname="org.artifactory.addon.pypi.repo.remote.PypiRemoteIndexProviderTest" name="testGetTranslatedRepoLink" time="0.001"/>
  <testcase classname="org.artifactory.addon.pypi.repo.remote.PypiRemoteIndexProviderTest" name="translatedAbsoluteURLWrongRegistryRepo" time="0.001"/>
  <testcase classname="org.artifactory.addon.pypi.repo.remote.PypiRemoteIndexProviderTest" name="translatePackageRelativeNoSlashWithSha" time="0.001"/>
  <testcase classname="org.artifactory.addon.pypi.repo.remote.PypiRemoteIndexProviderTest" name="testIsInvalidUrl" time="0.000"/>
  <testcase classname="org.artifactory.addon.pypi.repo.remote.PypiRemoteIndexProviderTest" name="testIsInvalidUrl" time="0.001"/>
  <testcase classname="org.artifactory.addon.pypi.repo.remote.PypiRemoteIndexProviderTest" name="testGetTranslatedRepoLink" time="0.000"/>
  <testcase classname="org.artifactory.addon.pypi.repo.remote.PypiRemoteIndexProviderTest" name="testIsInvalidUrl" time="0.000"/>
  <testcase classname="org.artifactory.addon.pypi.repo.remote.PypiRemoteIndexProviderTest" name="testIsInvalidUrl" time="0.000"/>
  <testcase classname="org.artifactory.addon.pypi.repo.remote.PypiRemoteIndexProviderTest" name="testIsInvalidUrl" time="0.000"/>
  <testcase classname="org.artifactory.addon.pypi.repo.remote.PypiRemoteIndexProviderTest" name="testIsInvalidUrl" time="0.004"/>
  <testcase classname="org.artifactory.addon.pypi.repo.remote.PypiRemoteIndexProviderTest" name="translatePackageWithLeadingSlashOfRoot" time="0.000"/>
  <testcase classname="org.artifactory.addon.pypi.repo.remote.PypiRemoteIndexProviderTest" name="testGetTranslatedRepoLink" time="0.001"/>
  <testcase classname="org.artifactory.addon.pypi.repo.remote.PypiRemoteIndexProviderTest" name="testIsInvalidUrl" time="0.002"/>
  <testcase classname="org.artifactory.addon.pypi.repo.remote.PypiRemoteIndexProviderTest" name="translatedPyPiPackageLink" time="0.001"/>
  <testcase classname="org.artifactory.addon.pypi.repo.remote.PypiRemoteIndexProviderTest" name="translatePackageRelativeNoSlash" time="0.002"/>
  <testcase classname="org.artifactory.addon.pypi.repo.remote.PypiRemoteIndexProviderTest" name="testEnsurePackagesPrefix" time="0.000"/>
  <testcase classname="org.artifactory.addon.pypi.repo.remote.PypiRemoteIndexProviderTest" name="testGetTranslatedRepoLink" time="0.001"/>
  <testcase classname="org.artifactory.addon.pypi.repo.remote.PypiRemoteIndexProviderTest" name="testIsInvalidUrl" time="0.005"/>
  <testcase classname="org.artifactory.addon.pypi.repo.remote.PypiRemoteIndexProviderTest" name="testIsInvalidUrl" time="0.001"/>
  <testcase classname="org.artifactory.addon.pypi.repo.remote.PypiRemoteIndexProviderTest" name="testIsInvalidUrl" time="0.000"/>
  <testcase classname="org.artifactory.addon.pypi.repo.remote.PypiRemoteIndexProviderTest" name="testIsInvalidUrl" time="0.000"/>
  <testcase classname="org.artifactory.addon.pypi.repo.remote.PypiRemoteIndexProviderTest" name="testIsInvalidUrl" time="0.000"/>
  <testcase classname="org.artifactory.addon.pypi.repo.remote.PypiRemoteIndexProviderTest" name="testIsInvalidUrl" time="0.000"/>
</testsuite> <!-- org.artifactory.addon.pypi.repo.remote.PypiRemoteIndexProviderTest -->
