<?xml version="1.0" encoding="UTF-8"?>
<!-- Generated by org.testng.reporters.JUnitReportReporter -->
<testsuite ignored="0" hostname="fc3c13788461" failures="0" tests="17" name="org.artifactory.addon.replication.core.ReplicationErrorMessageBuilderTest" time="0.047" errors="0" timestamp="25 Oct 2021 16:10:14 GMT" skipped="0">
  <testcase classname="org.artifactory.addon.replication.core.ReplicationErrorMessageBuilderTest" name="testNoErrorReason" time="0.000"/>
  <testcase classname="org.artifactory.addon.replication.core.ReplicationErrorMessageBuilderTest" name="testHttpMessageBuilder" time="0.004"/>
  <testcase classname="org.artifactory.addon.replication.core.ReplicationErrorMessageBuilderTest" name="testReplicationExceptionMessages" time="0.001"/>
  <testcase classname="org.artifactory.addon.replication.core.ReplicationErrorMessageBuilderTest" name="testReplicationExceptionMessages" time="0.002"/>
  <testcase classname="org.artifactory.addon.replication.core.ReplicationErrorMessageBuilderTest" name="testNoReplicationKey" time="0.001"/>
  <testcase classname="org.artifactory.addon.replication.core.ReplicationErrorMessageBuilderTest" name="testMixedMessage" time="0.001"/>
  <testcase classname="org.artifactory.addon.replication.core.ReplicationErrorMessageBuilderTest" name="testHttpMessageBuilder" time="0.001"/>
  <testcase classname="org.artifactory.addon.replication.core.ReplicationErrorMessageBuilderTest" name="testMessageTooLongIsTrimmed" time="0.017"/>
  <testcase classname="org.artifactory.addon.replication.core.ReplicationErrorMessageBuilderTest" name="testNoEventType" time="0.014"/>
  <testcase classname="org.artifactory.addon.replication.core.ReplicationErrorMessageBuilderTest" name="testReplicationExceptionMessages" time="0.001"/>
  <testcase classname="org.artifactory.addon.replication.core.ReplicationErrorMessageBuilderTest" name="testHttpMessageBuilder" time="0.001"/>
  <testcase classname="org.artifactory.addon.replication.core.ReplicationErrorMessageBuilderTest" name="testReplicationExceptionMessages" time="0.001"/>
  <testcase classname="org.artifactory.addon.replication.core.ReplicationErrorMessageBuilderTest" name="testReplicationExceptionMessages" time="0.001"/>
  <testcase classname="org.artifactory.addon.replication.core.ReplicationErrorMessageBuilderTest" name="testNoEventPath" time="0.001"/>
  <testcase classname="org.artifactory.addon.replication.core.ReplicationErrorMessageBuilderTest" name="testHttpMessageBuilder" time="0.000"/>
  <testcase classname="org.artifactory.addon.replication.core.ReplicationErrorMessageBuilderTest" name="testHttpMessageBuilder" time="0.000"/>
  <testcase classname="org.artifactory.addon.replication.core.ReplicationErrorMessageBuilderTest" name="testReplicationExceptionMessages" time="0.001"/>
</testsuite> <!-- org.artifactory.addon.replication.core.ReplicationErrorMessageBuilderTest -->
