<?xml version="1.0" encoding="UTF-8"?>
<!-- Generated by org.testng.reporters.JUnitReportReporter -->
<testsuite ignored="0" hostname="fc3c13788461" failures="0" tests="13" name="org.artifactory.addon.release.bundle.service.airgap.tasks.AirGapReleaseBundleTasksServiceTest" time="4.510" errors="0" timestamp="25 Oct 2021 16:07:09 GMT" skipped="0">
  <testcase classname="org.artifactory.addon.release.bundle.service.airgap.tasks.AirGapReleaseBundleTasksServiceTest" name="testRunAsyncAirGapReleaseBundleExportWithException" time="1.743"/>
  <testcase classname="org.artifactory.addon.release.bundle.service.airgap.tasks.AirGapReleaseBundleTasksServiceTest" name="testRunAsyncAirGapReleaseBundleExportAlreadyExported" time="0.556"/>
  <testcase classname="org.artifactory.addon.release.bundle.service.airgap.tasks.AirGapReleaseBundleTasksServiceTest" name="testRunAsyncAirGapReleaseBundleExportFromRecoveryTaskFinished" time="0.085"/>
  <testcase classname="org.artifactory.addon.release.bundle.service.airgap.tasks.AirGapReleaseBundleTasksServiceTest" name="testRunAsyncAirGapReleaseBundleExportFromRecovery" time="0.084"/>
  <testcase classname="org.artifactory.addon.release.bundle.service.airgap.tasks.AirGapReleaseBundleTasksServiceTest" name="testRecoverTasks" time="0.102"/>
  <testcase classname="org.artifactory.addon.release.bundle.service.airgap.tasks.AirGapReleaseBundleTasksServiceTest" name="testRunAsyncAirGapReleaseBundleExportFromRecoveryTaskFailed" time="0.083"/>
  <testcase classname="org.artifactory.addon.release.bundle.service.airgap.tasks.AirGapReleaseBundleTasksServiceTest" name="testRecoverTasksEmptyTaskList" time="0.077"/>
  <testcase classname="org.artifactory.addon.release.bundle.service.airgap.tasks.AirGapReleaseBundleTasksServiceTest" name="testRunAsyncAirGapReleaseBundleExport" time="0.207"/>
  <testcase classname="org.artifactory.addon.release.bundle.service.airgap.tasks.AirGapReleaseBundleTasksServiceTest" name="testGetExportStatusNotFound" time="1.068"/>
  <testcase classname="org.artifactory.addon.release.bundle.service.airgap.tasks.AirGapReleaseBundleTasksServiceTest" name="testRecoverTasksThrowsException" time="0.185"/>
  <testcase classname="org.artifactory.addon.release.bundle.service.airgap.tasks.AirGapReleaseBundleTasksServiceTest" name="testGetExportStatusRunning" time="0.060"/>
  <testcase classname="org.artifactory.addon.release.bundle.service.airgap.tasks.AirGapReleaseBundleTasksServiceTest" name="testRunAsyncAirGapReleaseBundleExportExportInProgress" time="0.107"/>
  <testcase classname="org.artifactory.addon.release.bundle.service.airgap.tasks.AirGapReleaseBundleTasksServiceTest" name="testRecoverTasksWithBadDataFormat" time="0.153"/>
</testsuite> <!-- org.artifactory.addon.release.bundle.service.airgap.tasks.AirGapReleaseBundleTasksServiceTest -->
