<?xml version="1.0" encoding="UTF-8"?>
<!-- Generated by org.testng.reporters.JUnitReportReporter -->
<testsuite ignored="0" hostname="fc3c13788461" failures="0" tests="1" name="org.artifactory.addon.yum.virtual.resolve.YumIndexPathsResolverTest" time="6.500" errors="0" timestamp="25 Oct 2021 16:04:40 GMT" skipped="0">
  <testcase classname="org.artifactory.addon.yum.virtual.resolve.YumIndexPathsResolverTest" name="testResolver" time="6.500"/>
</testsuite> <!-- org.artifactory.addon.yum.virtual.resolve.YumIndexPathsResolverTest -->
