<?xml version="1.0" encoding="UTF-8"?>
<!-- Generated by org.testng.reporters.JUnitReportReporter -->
<testsuite ignored="1" hostname="fc3c13788461" failures="0" tests="7" name="org.artifactory.addon.docker.rest.v2.repo.cleanup.DockerTagCleanerInterceptorTest" time="0.039" errors="0" timestamp="25 Oct 2021 16:05:04 GMT" skipped="0">
  <testcase classname="org.artifactory.addon.docker.rest.v2.repo.cleanup.DockerTagCleanerInterceptorTest" name="testAfterCreateNotAFile" time="0.004"/>
  <testcase classname="org.artifactory.addon.docker.rest.v2.repo.cleanup.DockerTagCleanerInterceptorTest" name="testAfterCreateNoMaxUniqueTags" time="0.001"/>
  <testcase classname="org.artifactory.addon.docker.rest.v2.repo.cleanup.DockerTagCleanerInterceptorTest" name="testAfterCreateRepoNotFound" time="0.000"/>
  <testcase classname="org.artifactory.addon.docker.rest.v2.repo.cleanup.DockerTagCleanerInterceptorTest" name="testAfterCreateNotAManifest" time="0.001"/>
  <testcase classname="org.artifactory.addon.docker.rest.v2.repo.cleanup.DockerTagCleanerInterceptorTest" name="testAfterCreateNotADockerV2Repo" time="0.000"/>
  <testcase classname="org.artifactory.addon.docker.rest.v2.repo.cleanup.DockerTagCleanerInterceptorTest" name="testAfterCreate" time="0.032"/>
  <testcase classname="org.artifactory.addon.docker.rest.v2.repo.cleanup.DockerTagCleanerInterceptorTest" name="testAfterCreateNotADockerRepo" time="0.001"/>
  <testcase classname="org.artifactory.addon.docker.indexer.CatalogIndexWorkItemTest" name="testDupWorkItemsHandledOnlyOnceMultithreaded">
    <skipped/>
  </testcase> <!-- testDupWorkItemsHandledOnlyOnceMultithreaded -->
</testsuite> <!-- org.artifactory.addon.docker.rest.v2.repo.cleanup.DockerTagCleanerInterceptorTest -->
