<?xml version="1.0" encoding="UTF-8"?>
<!-- Generated by org.testng.reporters.JUnitReportReporter -->
<testsuite ignored="0" hostname="fc3c13788461" failures="0" tests="18" name="org.artifactory.addon.nuget.NuGetServiceImplTest" time="14.649" errors="0" timestamp="25 Oct 2021 16:05:09 GMT" skipped="0">
  <testcase classname="org.artifactory.addon.nuget.NuGetServiceImplTest" name="testSearchFiltersByPartialId" time="0.030"/>
  <testcase classname="org.artifactory.addon.nuget.NuGetServiceImplTest" name="createFullMetadataFeedSyncNoEntriesTest" time="1.489"/>
  <testcase classname="org.artifactory.addon.nuget.NuGetServiceImplTest" name="testGetRemotePackageEntry" time="0.122"/>
  <testcase classname="org.artifactory.addon.nuget.NuGetServiceImplTest" name="testSearchFiltersByIdCaseInsensitivity" time="0.146"/>
  <testcase classname="org.artifactory.addon.nuget.NuGetServiceImplTest" name="testBuildingCacheBlocked" time="0.354"/>
  <testcase classname="org.artifactory.addon.nuget.NuGetServiceImplTest" name="testSearchFiltersByPartialIdPackage" time="0.085"/>
  <testcase classname="org.artifactory.addon.nuget.NuGetServiceImplTest" name="testSearchFiltersByTags" time="0.051"/>
  <testcase classname="org.artifactory.addon.nuget.NuGetServiceImplTest" name="testXStreamPackageEntryWithoutReuse" time="0.084"/>
  <testcase classname="org.artifactory.addon.nuget.NuGetServiceImplTest" name="testBuildingCacheHappenedOnce" time="0.181"/>
  <testcase classname="org.artifactory.addon.nuget.NuGetServiceImplTest" name="testGetRemoteFeed" time="4.451"/>
  <testcase classname="org.artifactory.addon.nuget.NuGetServiceImplTest" name="testPopulateCacheIfNeeded" time="0.178"/>
  <testcase classname="org.artifactory.addon.nuget.NuGetServiceImplTest" name="testSearchFiltersById" time="0.030"/>
  <testcase classname="org.artifactory.addon.nuget.NuGetServiceImplTest" name="testSearchFiltersByKeyWord" time="0.060"/>
  <testcase classname="org.artifactory.addon.nuget.NuGetServiceImplTest" name="testXStreamFeedWithoutReuse" time="6.973"/>
  <testcase classname="org.artifactory.addon.nuget.NuGetServiceImplTest" name="testGetFromDbWithBlocks" time="0.097"/>
  <testcase classname="org.artifactory.addon.nuget.NuGetServiceImplTest" name="testXStreamSingleInitsByDefault" time="0.058"/>
  <testcase classname="org.artifactory.addon.nuget.NuGetServiceImplTest" name="testGetRemoteNugetUrl" time="0.123"/>
  <testcase classname="org.artifactory.addon.nuget.NuGetServiceImplTest" name="testSearchFiltersByDescription" time="0.137"/>
</testsuite> <!-- org.artifactory.addon.nuget.NuGetServiceImplTest -->
