<?xml version="1.0" encoding="UTF-8"?>
<!-- Generated by org.testng.reporters.JUnitReportReporter -->
<testsuite ignored="0" hostname="fc3c13788461" failures="0" tests="3" name="org.artifactory.addon.distribution.strategy.ChecksumDeployUtilTrafficLogTest" time="8.380" errors="0" timestamp="25 Oct 2021 16:07:03 GMT" skipped="0">
  <testcase classname="org.artifactory.addon.distribution.strategy.ChecksumDeployUtilTrafficLogTest" name="happyFlow" time="0.270"/>
  <testcase classname="org.artifactory.addon.distribution.strategy.ChecksumDeployUtilTrafficLogTest" name="exceptionDuringProcess" time="6.335"/>
  <testcase classname="org.artifactory.addon.distribution.strategy.ChecksumDeployUtilTrafficLogTest" name="errorResponse" time="1.775"/>
</testsuite> <!-- org.artifactory.addon.distribution.strategy.ChecksumDeployUtilTrafficLogTest -->
