<?xml version="1.0" encoding="UTF-8"?>
<!-- Generated by org.testng.reporters.JUnitReportReporter -->
<testsuite ignored="0" hostname="fc3c13788461" failures="0" tests="9" name="org.artifactory.addon.aol.webapp.CustomerUpdatesServiceImplTest" time="6.928" errors="0" timestamp="25 Oct 2021 16:11:55 GMT" skipped="0">
  <testcase classname="org.artifactory.addon.aol.webapp.CustomerUpdatesServiceImplTest" name="testFetchFromApiOldResponse" time="0.123"/>
  <testcase classname="org.artifactory.addon.aol.webapp.CustomerUpdatesServiceImplTest" name="testFetchFromApiUrlAndKeyIsMissing" time="3.144"/>
  <testcase classname="org.artifactory.addon.aol.webapp.CustomerUpdatesServiceImplTest" name="testFailedToScheduleAJob" time="0.073"/>
  <testcase classname="org.artifactory.addon.aol.webapp.CustomerUpdatesServiceImplTest" name="positiveStartingJob" time="0.102"/>
  <testcase classname="org.artifactory.addon.aol.webapp.CustomerUpdatesServiceImplTest" name="testNotFound" time="0.028"/>
  <testcase classname="org.artifactory.addon.aol.webapp.CustomerUpdatesServiceImplTest" name="testFetchFromApi" time="0.100"/>
  <testcase classname="org.artifactory.addon.aol.webapp.CustomerUpdatesServiceImplTest" name="testFetchOverride" time="2.914"/>
  <testcase classname="org.artifactory.addon.aol.webapp.CustomerUpdatesServiceImplTest" name="testBeforeFetch" time="0.020"/>
  <testcase classname="org.artifactory.addon.aol.webapp.CustomerUpdatesServiceImplTest" name="testFetch" time="0.424"/>
</testsuite> <!-- org.artifactory.addon.aol.webapp.CustomerUpdatesServiceImplTest -->
