<?xml version="1.0" encoding="UTF-8"?>
<!-- Generated by org.testng.reporters.JUnitReportReporter -->
<testsuite ignored="0" hostname="fc3c13788461" failures="0" tests="2" name="org.artifactory.addon.LicenseProviderTest" time="5.446" errors="0" timestamp="25 Oct 2021 16:03:09 GMT" skipped="0">
  <testcase classname="org.artifactory.addon.LicenseProviderTest" name="testThreadCantGetLockAndAssertFalseResponse" time="5.429"/>
  <testcase classname="org.artifactory.addon.LicenseProviderTest" name="testTwoThreadsAtTheSameTime" time="0.017"/>
</testsuite> <!-- org.artifactory.addon.LicenseProviderTest -->
