<?xml version="1.0" encoding="UTF-8"?>
<!-- Generated by org.testng.reporters.JUnitReportReporter -->
<testsuite ignored="0" hostname="fc3c13788461" failures="0" tests="4" name="org.artifactory.addon.build.BuildAddonImplTest" time="1.977" errors="0" timestamp="25 Oct 2021 16:03:22 GMT" skipped="0">
  <testcase classname="org.artifactory.addon.build.BuildAddonImplTest" name="testCreateProjectRelatedBuildInfoRepo" time="0.009"/>
  <testcase classname="org.artifactory.addon.build.BuildAddonImplTest" name="testDiscardOldBuildsEnabled" time="0.003"/>
  <testcase classname="org.artifactory.addon.build.BuildAddonImplTest" name="testDiscardOldBuildsDisabled" time="0.229"/>
  <testcase classname="org.artifactory.addon.build.BuildAddonImplTest" name="testCreateBuildInfoRepoIfNotExist" time="1.736"/>
</testsuite> <!-- org.artifactory.addon.build.BuildAddonImplTest -->
