<?xml version="1.0" encoding="UTF-8"?>
<!-- Generated by org.testng.reporters.JUnitReportReporter -->
<testsuite ignored="0" hostname="fc3c13788461" failures="0" tests="3" name="org.artifactory.addon.ha.propagate.NodeTokenSpecTest" time="1.681" errors="0" timestamp="25 Oct 2021 16:11:33 GMT" skipped="0">
  <testcase classname="org.artifactory.addon.ha.propagate.NodeTokenSpecTest" name="failCreateRequiresNodeId" time="0.046"/>
  <testcase classname="org.artifactory.addon.ha.propagate.NodeTokenSpecTest" name="testCreate" time="1.632"/>
  <testcase classname="org.artifactory.addon.ha.propagate.NodeTokenSpecTest" name="failCreateRequiresNodeId" time="0.003"/>
</testsuite> <!-- org.artifactory.addon.ha.propagate.NodeTokenSpecTest -->
