<?xml version="1.0" encoding="UTF-8"?>
<!-- Generated by org.testng.reporters.JUnitReportReporter -->
<testsuite ignored="1" hostname="fc3c13788461" failures="0" tests="3" name="org.artifactory.addon.retention.core.ColdRepositoriesHandlerTest" time="18.461" errors="0" timestamp="25 Oct 2021 16:10:46 GMT" skipped="0">
  <testcase classname="org.artifactory.addon.retention.core.ColdRepositoriesHandlerTest" name="testCreateColdReposIfAllExists" time="4.705"/>
  <testcase classname="org.artifactory.addon.retention.core.ColdRepositoriesHandlerTest" name="testCreateColdReposIfDoesNotExist" time="13.516"/>
  <testcase classname="org.artifactory.addon.retention.core.ColdRepositoriesHandlerTest" name="testCreateColdReposIfSomeExist" time="0.240"/>
  <testcase classname="org.artifactory.addon.retention.core.ColdRepositoriesHandlerTest" name="testNotAllReposCreatedThrowsException">
    <skipped/>
  </testcase> <!-- testNotAllReposCreatedThrowsException -->
</testsuite> <!-- org.artifactory.addon.retention.core.ColdRepositoriesHandlerTest -->
