<?xml version="1.0" encoding="UTF-8"?>
<!-- Generated by org.testng.reporters.JUnitReportReporter -->
<testsuite ignored="0" hostname="fc3c13788461" failures="0" tests="13" name="org.artifactory.addon.nuget.NuGetPackagesFilterDelegateTest" time="6.168" errors="0" timestamp="25 Oct 2021 16:05:01 GMT" skipped="0">
  <testcase classname="org.artifactory.addon.nuget.NuGetPackagesFilterDelegateTest" name="testByIds" time="0.328"/>
  <testcase classname="org.artifactory.addon.nuget.NuGetPackagesFilterDelegateTest" name="testBySearch" time="4.144"/>
  <testcase classname="org.artifactory.addon.nuget.NuGetPackagesFilterDelegateTest" name="testAcceptAll" time="0.214"/>
  <testcase classname="org.artifactory.addon.nuget.NuGetPackagesFilterDelegateTest" name="testByPartialId" time="0.126"/>
  <testcase classname="org.artifactory.addon.nuget.NuGetPackagesFilterDelegateTest" name="testBySearch" time="0.060"/>
  <testcase classname="org.artifactory.addon.nuget.NuGetPackagesFilterDelegateTest" name="testByIdAndVersion" time="0.145"/>
  <testcase classname="org.artifactory.addon.nuget.NuGetPackagesFilterDelegateTest" name="testById" time="0.085"/>
  <testcase classname="org.artifactory.addon.nuget.NuGetPackagesFilterDelegateTest" name="testById" time="0.088"/>
  <testcase classname="org.artifactory.addon.nuget.NuGetPackagesFilterDelegateTest" name="testAcceptAll" time="0.314"/>
  <testcase classname="org.artifactory.addon.nuget.NuGetPackagesFilterDelegateTest" name="testByIds" time="0.252"/>
  <testcase classname="org.artifactory.addon.nuget.NuGetPackagesFilterDelegateTest" name="testByIdAndVersion" time="0.153"/>
  <testcase classname="org.artifactory.addon.nuget.NuGetPackagesFilterDelegateTest" name="testPackageLookupElement" time="0.081"/>
  <testcase classname="org.artifactory.addon.nuget.NuGetPackagesFilterDelegateTest" name="testByPartialId" time="0.178"/>
</testsuite> <!-- org.artifactory.addon.nuget.NuGetPackagesFilterDelegateTest -->
