<?xml version="1.0" encoding="UTF-8"?>
<!-- Generated by org.testng.reporters.JUnitReportReporter -->
<testsuite ignored="0" hostname="fc3c13788461" failures="0" tests="4" name="org.artifactory.addon.filestore.multiple.strategy.write.FreeSpacePercentageWriteStrategyTest" time="12.944" errors="0" timestamp="25 Oct 2021 16:05:32 GMT" skipped="0">
  <testcase classname="org.artifactory.addon.filestore.multiple.strategy.write.FreeSpacePercentageWriteStrategyTest" name="testGetProvidersWithWriteDisabled" time="0.166"/>
  <testcase classname="org.artifactory.addon.filestore.multiple.strategy.write.FreeSpacePercentageWriteStrategyTest" name="testGetProvidersWithWriteDisabled" time="0.060"/>
  <testcase classname="org.artifactory.addon.filestore.multiple.strategy.write.FreeSpacePercentageWriteStrategyTest" name="testGetProviders" time="12.647"/>
  <testcase classname="org.artifactory.addon.filestore.multiple.strategy.write.FreeSpacePercentageWriteStrategyTest" name="testGetProviders" time="0.071"/>
</testsuite> <!-- org.artifactory.addon.filestore.multiple.strategy.write.FreeSpacePercentageWriteStrategyTest -->
