<?xml version="1.0" encoding="UTF-8"?>
<!-- Generated by org.testng.reporters.JUnitReportReporter -->
<testsuite ignored="0" hostname="fc3c13788461" failures="0" tests="22" name="org.artifactory.addon.nuget.search.delegate.BaseRequestDelegateTest" time="10.081" errors="0" timestamp="25 Oct 2021 16:05:08 GMT" skipped="0">
  <testcase classname="org.artifactory.addon.nuget.search.delegate.BaseRequestDelegateTest" name="testAggregateLatestVersion" time="0.098"/>
  <testcase classname="org.artifactory.addon.nuget.search.delegate.BaseRequestDelegateTest" name="testTopValues" time="0.105"/>
  <testcase classname="org.artifactory.addon.nuget.search.delegate.BaseRequestDelegateTest" name="testTopValues" time="0.165"/>
  <testcase classname="org.artifactory.addon.nuget.search.delegate.BaseRequestDelegateTest" name="testSortFeedEntriesDisableEnableSemverComparator" time="0.049"/>
  <testcase classname="org.artifactory.addon.nuget.search.delegate.BaseRequestDelegateTest" name="testSortFeedEntriesDisableEnableSemverComparator" time="0.051"/>
  <testcase classname="org.artifactory.addon.nuget.search.delegate.BaseRequestDelegateTest" name="testTopValues" time="0.074"/>
  <testcase classname="org.artifactory.addon.nuget.search.delegate.BaseRequestDelegateTest" name="testTopValues" time="0.127"/>
  <testcase classname="org.artifactory.addon.nuget.search.delegate.BaseRequestDelegateTest" name="testAggregateLatestVersion" time="2.163"/>
  <testcase classname="org.artifactory.addon.nuget.search.delegate.BaseRequestDelegateTest" name="testAggregateLatestVersion" time="0.054"/>
  <testcase classname="org.artifactory.addon.nuget.search.delegate.BaseRequestDelegateTest" name="testAggregateLatestVersion" time="0.036"/>
  <testcase classname="org.artifactory.addon.nuget.search.delegate.BaseRequestDelegateTest" name="testAggregateLatestVersion" time="0.048"/>
  <testcase classname="org.artifactory.addon.nuget.search.delegate.BaseRequestDelegateTest" name="testSortFeedEntries" time="0.087"/>
  <testcase classname="org.artifactory.addon.nuget.search.delegate.BaseRequestDelegateTest" name="testAggregateLatestVersion" time="0.115"/>
  <testcase classname="org.artifactory.addon.nuget.search.delegate.BaseRequestDelegateTest" name="testSortFeedEntries" time="0.113"/>
  <testcase classname="org.artifactory.addon.nuget.search.delegate.BaseRequestDelegateTest" name="testSortFeedEntries" time="0.033"/>
  <testcase classname="org.artifactory.addon.nuget.search.delegate.BaseRequestDelegateTest" name="testResponseFromVirtualPriorityDuplicationInNotPrioritised" time="0.170"/>
  <testcase classname="org.artifactory.addon.nuget.search.delegate.BaseRequestDelegateTest" name="testSortFeedEntries" time="0.040"/>
  <testcase classname="org.artifactory.addon.nuget.search.delegate.BaseRequestDelegateTest" name="testAggregateLatestVersion" time="0.246"/>
  <testcase classname="org.artifactory.addon.nuget.search.delegate.BaseRequestDelegateTest" name="testTopValues" time="0.851"/>
  <testcase classname="org.artifactory.addon.nuget.search.delegate.BaseRequestDelegateTest" name="testResponseFromVirtualPriorityAllEntriesUnique" time="5.237"/>
  <testcase classname="org.artifactory.addon.nuget.search.delegate.BaseRequestDelegateTest" name="testSortFeedEntries" time="0.085"/>
  <testcase classname="org.artifactory.addon.nuget.search.delegate.BaseRequestDelegateTest" name="testResponseFromVirtualRemoteNonPrioritisedSkipped" time="0.134"/>
</testsuite> <!-- org.artifactory.addon.nuget.search.delegate.BaseRequestDelegateTest -->
