<?xml version="1.0" encoding="UTF-8"?>
<!-- Generated by org.testng.reporters.JUnitReportReporter -->
<testsuite ignored="0" hostname="fc3c13788461" failures="0" tests="8" name="org.artifactory.addon.jfevent.service.filter.ArtifactSubscriptionFilterStrategyTest" time="2.913" errors="0" timestamp="25 Oct 2021 16:08:54 GMT" skipped="0">
  <testcase classname="org.artifactory.addon.jfevent.service.filter.ArtifactSubscriptionFilterStrategyTest" name="testMatchesForIncludePatterns" time="0.011"/>
  <testcase classname="org.artifactory.addon.jfevent.service.filter.ArtifactSubscriptionFilterStrategyTest" name="testMatchesForRepoKeysRemoteRepoRepoKeyOfSubscriptionWithSuffix" time="0.006"/>
  <testcase classname="org.artifactory.addon.jfevent.service.filter.ArtifactSubscriptionFilterStrategyTest" name="testMatchesForRepoKeysRemoteRepoRepoKeyOfPayloadWithSuffix" time="0.777"/>
  <testcase classname="org.artifactory.addon.jfevent.service.filter.ArtifactSubscriptionFilterStrategyTest" name="testNotMatchesFilterConfigNull" time="0.017"/>
  <testcase classname="org.artifactory.addon.jfevent.service.filter.ArtifactSubscriptionFilterStrategyTest" name="testMatchesForAnyRemote" time="0.006"/>
  <testcase classname="org.artifactory.addon.jfevent.service.filter.ArtifactSubscriptionFilterStrategyTest" name="testMatchesForRepoKeys" time="1.712"/>
  <testcase classname="org.artifactory.addon.jfevent.service.filter.ArtifactSubscriptionFilterStrategyTest" name="testMatchesForIncludeExcludePatterns" time="0.035"/>
  <testcase classname="org.artifactory.addon.jfevent.service.filter.ArtifactSubscriptionFilterStrategyTest" name="testMatchesForAnyLocal" time="0.349"/>
</testsuite> <!-- org.artifactory.addon.jfevent.service.filter.ArtifactSubscriptionFilterStrategyTest -->
