<?xml version="1.0" encoding="UTF-8"?>
<!-- Generated by org.testng.reporters.JUnitReportReporter -->
<testsuite ignored="0" hostname="fc3c13788461" failures="0" tests="5" name="org.artifactory.addon.npm.repo.NpmHeadGetTest" time="4.286" errors="0" timestamp="25 Oct 2021 16:09:05 GMT" skipped="0">
  <testcase classname="org.artifactory.addon.npm.repo.NpmHeadGetTest" name="testDownloadLocal" time="0.081"/>
  <testcase classname="org.artifactory.addon.npm.repo.NpmHeadGetTest" name="testDownloadLocal" time="2.357"/>
  <testcase classname="org.artifactory.addon.npm.repo.NpmHeadGetTest" name="testDownloadRemote" time="1.392"/>
  <testcase classname="org.artifactory.addon.npm.repo.NpmHeadGetTest" name="testDownloadRemoteWhenResponseFromDownloadExpectOkResponse" time="0.049"/>
  <testcase classname="org.artifactory.addon.npm.repo.NpmHeadGetTest" name="testDownloadRemote" time="0.407"/>
</testsuite> <!-- org.artifactory.addon.npm.repo.NpmHeadGetTest -->
