<?xml version="1.0" encoding="UTF-8"?>
<!-- Generated by org.testng.reporters.JUnitReportReporter -->
<testsuite ignored="0" hostname="fc3c13788461" failures="0" tests="18" name="org.artifactory.addon.ArtifactoryLicenseProviderTest" time="3.144" errors="0" timestamp="25 Oct 2021 16:03:08 GMT" skipped="0">
  <testcase classname="org.artifactory.addon.ArtifactoryLicenseProviderTest" name="getLicenseKeyHashWithExcludeNewLicenseSuffix" time="0.003"/>
  <testcase classname="org.artifactory.addon.ArtifactoryLicenseProviderTest" name="reloadLicenseTest" time="1.877"/>
  <testcase classname="org.artifactory.addon.ArtifactoryLicenseProviderTest" name="getLicenseKeyHashWithExcludeNewLicenseSuffix" time="0.002"/>
  <testcase classname="org.artifactory.addon.ArtifactoryLicenseProviderTest" name="getLicenseKeyHashWithExcludeNewLicenseSuffix" time="0.002"/>
  <testcase classname="org.artifactory.addon.ArtifactoryLicenseProviderTest" name="getLicenseKeyHashWithExcludeNewLicenseSuffix" time="0.006"/>
  <testcase classname="org.artifactory.addon.ArtifactoryLicenseProviderTest" name="getLicenseKeyHashWithExcludeNewLicenseSuffix" time="0.002"/>
  <testcase classname="org.artifactory.addon.ArtifactoryLicenseProviderTest" name="getLicenseKeyHashWithExcludeNewLicenseSuffix" time="0.011"/>
  <testcase classname="org.artifactory.addon.ArtifactoryLicenseProviderTest" name="getLicenseKeyHashWithExcludeNewLicenseSuffix" time="0.002"/>
  <testcase classname="org.artifactory.addon.ArtifactoryLicenseProviderTest" name="getLicenseKeyHashWithExcludeNewLicenseSuffix" time="0.005"/>
  <testcase classname="org.artifactory.addon.ArtifactoryLicenseProviderTest" name="licenseComparatorTest" time="0.065"/>
  <testcase classname="org.artifactory.addon.ArtifactoryLicenseProviderTest" name="getLicenseKeyHashWithExcludeNewLicenseSuffix" time="0.000"/>
  <testcase classname="org.artifactory.addon.ArtifactoryLicenseProviderTest" name="getLicenseKeyHashWithExcludeNewLicenseSuffix" time="0.001"/>
  <testcase classname="org.artifactory.addon.ArtifactoryLicenseProviderTest" name="getLicenseKeyHashWithExcludeNewLicenseSuffix" time="1.160"/>
  <testcase classname="org.artifactory.addon.ArtifactoryLicenseProviderTest" name="getLicenseKeyHashWithExcludeNewLicenseSuffix" time="0.002"/>
  <testcase classname="org.artifactory.addon.ArtifactoryLicenseProviderTest" name="getLicenseKeyHashWithExcludeNewLicenseSuffix" time="0.001"/>
  <testcase classname="org.artifactory.addon.ArtifactoryLicenseProviderTest" name="getLicenseKeyHashWithExcludeNewLicenseSuffix" time="0.000"/>
  <testcase classname="org.artifactory.addon.ArtifactoryLicenseProviderTest" name="getLicenseKeyHashWithExcludeNewLicenseSuffix" time="0.003"/>
  <testcase classname="org.artifactory.addon.ArtifactoryLicenseProviderTest" name="getLicenseKeyHashWithExcludeNewLicenseSuffix" time="0.002"/>
</testsuite> <!-- org.artifactory.addon.ArtifactoryLicenseProviderTest -->
