<?xml version="1.0" encoding="UTF-8"?>
<!-- Generated by org.testng.reporters.JUnitReportReporter -->
<testsuite ignored="0" hostname="fc3c13788461" failures="0" tests="19" name="org.artifactory.addon.helm.repo.merger.HelmVirtualMergerTest" time="19.012" errors="0" timestamp="25 Oct 2021 16:07:09 GMT" skipped="0">
  <testcase classname="org.artifactory.addon.helm.repo.merger.HelmVirtualMergerTest" name="mergeFullAndEmptyFilesTest" time="0.028"/>
  <testcase classname="org.artifactory.addon.helm.repo.merger.HelmVirtualMergerTest" name="testApiReplaceRepoUrl" time="1.103"/>
  <testcase classname="org.artifactory.addon.helm.repo.merger.HelmVirtualMergerTest" name="testExternalUrlNoReplacementWithNamespace1" time="0.029"/>
  <testcase classname="org.artifactory.addon.helm.repo.merger.HelmVirtualMergerTest" name="mergeEmptyFilesTest" time="14.639"/>
  <testcase classname="org.artifactory.addon.helm.repo.merger.HelmVirtualMergerTest" name="testExternalUrlNoReplacement1" time="0.240"/>
  <testcase classname="org.artifactory.addon.helm.repo.merger.HelmVirtualMergerTest" name="mergeLocalRepositoryBaseUrlNotEmptyExpectCorrectUrl" time="0.252"/>
  <testcase classname="org.artifactory.addon.helm.repo.merger.HelmVirtualMergerTest" name="testExternalUrlNoReplacementWithNamespace2" time="0.036"/>
  <testcase classname="org.artifactory.addon.helm.repo.merger.HelmVirtualMergerTest" name="testUseNamespaceRemoteRepoUrl" time="0.031"/>
  <testcase classname="org.artifactory.addon.helm.repo.merger.HelmVirtualMergerTest" name="testGoogleapisReplaceRepoUrl" time="0.032"/>
  <testcase classname="org.artifactory.addon.helm.repo.merger.HelmVirtualMergerTest" name="testReplaceRepoUrl" time="0.019"/>
  <testcase classname="org.artifactory.addon.helm.repo.merger.HelmVirtualMergerTest" name="mergeFilesTest" time="0.069"/>
  <testcase classname="org.artifactory.addon.helm.repo.merger.HelmVirtualMergerTest" name="mergeEmptyAndInitAndFullFilesTest" time="0.051"/>
  <testcase classname="org.artifactory.addon.helm.repo.merger.HelmVirtualMergerTest" name="testUseNamespaceLocalRepoUrl" time="0.060"/>
  <testcase classname="org.artifactory.addon.helm.repo.merger.HelmVirtualMergerTest" name="testExternalUrlNoReplacement2" time="0.110"/>
  <testcase classname="org.artifactory.addon.helm.repo.merger.HelmVirtualMergerTest" name="mergeEmptyAndFullFilesTest" time="1.435"/>
  <testcase classname="org.artifactory.addon.helm.repo.merger.HelmVirtualMergerTest" name="mergeLocalRepositoryBaseUrlNullExpectCorrectUrl" time="0.059"/>
  <testcase classname="org.artifactory.addon.helm.repo.merger.HelmVirtualMergerTest" name="mergeLocalRepositoryBaseUrlEmptyExpectCorrectUrl" time="0.783"/>
  <testcase classname="org.artifactory.addon.helm.repo.merger.HelmVirtualMergerTest" name="testExternalUrlReplacement" time="0.017"/>
  <testcase classname="org.artifactory.addon.helm.repo.merger.HelmVirtualMergerTest" name="testExternalUrlReplacementWithNamespace" time="0.019"/>
</testsuite> <!-- org.artifactory.addon.helm.repo.merger.HelmVirtualMergerTest -->
