<?xml version="1.0" encoding="UTF-8"?>
<!-- Generated by org.testng.reporters.JUnitReportReporter -->
<testsuite ignored="0" hostname="fc3c13788461" failures="0" tests="8" name="org.artifactory.addon.webstart.keystore.KeyStoreHelperTest" time="0.804" errors="0" timestamp="25 Oct 2021 16:03:39 GMT" skipped="0">
  <testcase classname="org.artifactory.addon.webstart.keystore.KeyStoreHelperTest" name="getAliasKeyBadPassword" time="0.003"/>
  <testcase classname="org.artifactory.addon.webstart.keystore.KeyStoreHelperTest" name="getAliasKeyNoSuchAlias" time="0.003"/>
  <testcase classname="org.artifactory.addon.webstart.keystore.KeyStoreHelperTest" name="getAliases" time="0.038"/>
  <testcase classname="org.artifactory.addon.webstart.keystore.KeyStoreHelperTest" name="getAliasEntryGoodPassword" time="0.009"/>
  <testcase classname="org.artifactory.addon.webstart.keystore.KeyStoreHelperTest" name="loadKeystoreBadPassword" time="0.043"/>
  <testcase classname="org.artifactory.addon.webstart.keystore.KeyStoreHelperTest" name="changeKeyStorePassword" time="0.041"/>
  <testcase classname="org.artifactory.addon.webstart.keystore.KeyStoreHelperTest" name="newKeyStore" time="0.001"/>
  <testcase classname="org.artifactory.addon.webstart.keystore.KeyStoreHelperTest" name="loadKeystoreGoodPassword" time="0.666"/>
</testsuite> <!-- org.artifactory.addon.webstart.keystore.KeyStoreHelperTest -->
