<?xml version="1.0" encoding="UTF-8"?>
<!-- Generated by org.testng.reporters.JUnitReportReporter -->
<testsuite ignored="0" hostname="fc3c13788461" failures="0" tests="1" name="org.artifactory.addon.retention.core.model.ArtifactRetentionOperationBatchStatsTest" time="0.823" errors="0" timestamp="25 Oct 2021 16:10:33 GMT" skipped="0">
  <testcase classname="org.artifactory.addon.retention.core.model.ArtifactRetentionOperationBatchStatsTest" name="testCountAndSizeCalculation" time="0.823"/>
</testsuite> <!-- org.artifactory.addon.retention.core.model.ArtifactRetentionOperationBatchStatsTest -->
