<?xml version="1.0" encoding="UTF-8"?>
<!-- Generated by org.testng.reporters.JUnitReportReporter -->
<testsuite ignored="0" hostname="fc3c13788461" failures="0" tests="46" name="org.artifactory.addon.replication.core.push.runnable.PushReplicationDeployRunnableTest" time="9.705" errors="0" timestamp="25 Oct 2021 16:10:12 GMT" skipped="0">
  <testcase classname="org.artifactory.addon.replication.core.push.runnable.PushReplicationDeployRunnableTest" name="testFailureInChecksumDeployButSuccessInRegularDeploy" time="0.151"/>
  <testcase classname="org.artifactory.addon.replication.core.push.runnable.PushReplicationDeployRunnableTest" name="testFailureInDeployReplicationTargetFailures" time="0.084"/>
  <testcase classname="org.artifactory.addon.replication.core.push.runnable.PushReplicationDeployRunnableTest" name="testFailureInChecksumDeployButSuccessInRegularDeploy" time="0.122"/>
  <testcase classname="org.artifactory.addon.replication.core.push.runnable.PushReplicationDeployRunnableTest" name="testFailureInDeployReplicationTargetFailures" time="0.191"/>
  <testcase classname="org.artifactory.addon.replication.core.push.runnable.PushReplicationDeployRunnableTest" name="testBuildRemoteUrlSemicolonEscaped" time="0.073"/>
  <testcase classname="org.artifactory.addon.replication.core.push.runnable.PushReplicationDeployRunnableTest" name="testFailureInDeployReplicationOnSrcFileNotExist" time="0.085"/>
  <testcase classname="org.artifactory.addon.replication.core.push.runnable.PushReplicationDeployRunnableTest" name="testFailureInDeployReplicationTargetFailures" time="0.151"/>
  <testcase classname="org.artifactory.addon.replication.core.push.runnable.PushReplicationDeployRunnableTest" name="testFailureInDeployReplicationTargetFailures" time="0.150"/>
  <testcase classname="org.artifactory.addon.replication.core.push.runnable.PushReplicationDeployRunnableTest" name="testFailureInDeployReplicationTargetFailures" time="0.077"/>
  <testcase classname="org.artifactory.addon.replication.core.push.runnable.PushReplicationDeployRunnableTest" name="testFailureInChecksumDeployButSuccessInRegularDeploy" time="0.391"/>
  <testcase classname="org.artifactory.addon.replication.core.push.runnable.PushReplicationDeployRunnableTest" name="testFailureInDeployReplicationTargetFailures" time="0.120"/>
  <testcase classname="org.artifactory.addon.replication.core.push.runnable.PushReplicationDeployRunnableTest" name="testSuccessfulRegularDeployWithTrafficLogger" time="0.075"/>
  <testcase classname="org.artifactory.addon.replication.core.push.runnable.PushReplicationDeployRunnableTest" name="testFailureInDeployReplicationTargetFailures" time="0.083"/>
  <testcase classname="org.artifactory.addon.replication.core.push.runnable.PushReplicationDeployRunnableTest" name="testFailureInChecksumDeployButSuccessInRegularDeploy" time="0.096"/>
  <testcase classname="org.artifactory.addon.replication.core.push.runnable.PushReplicationDeployRunnableTest" name="testSuccessfulErrorTaskIsMarkedSuccessful" time="0.148"/>
  <testcase classname="org.artifactory.addon.replication.core.push.runnable.PushReplicationDeployRunnableTest" name="testBinaryServiceThrowsException" time="2.394"/>
  <testcase classname="org.artifactory.addon.replication.core.push.runnable.PushReplicationDeployRunnableTest" name="testFailureInChecksumDeployButSuccessInRegularDeploy" time="0.173"/>
  <testcase classname="org.artifactory.addon.replication.core.push.runnable.PushReplicationDeployRunnableTest" name="testFailureInChecksumDeployButSuccessInRegularDeploy" time="0.098"/>
  <testcase classname="org.artifactory.addon.replication.core.push.runnable.PushReplicationDeployRunnableTest" name="testHttpClientThrowsExceptionDuringReplication" time="0.091"/>
  <testcase classname="org.artifactory.addon.replication.core.push.runnable.PushReplicationDeployRunnableTest" name="testFailureInChecksumDeployButSuccessInRegularDeploy" time="0.126"/>
  <testcase classname="org.artifactory.addon.replication.core.push.runnable.PushReplicationDeployRunnableTest" name="testHttpClientThrowsExceptionDuringReplication" time="0.053"/>
  <testcase classname="org.artifactory.addon.replication.core.push.runnable.PushReplicationDeployRunnableTest" name="testFailureInChecksumDeployButSuccessInRegularDeploy" time="0.069"/>
  <testcase classname="org.artifactory.addon.replication.core.push.runnable.PushReplicationDeployRunnableTest" name="testFailureInChecksumDeployButSuccessInRegularDeploy" time="0.089"/>
  <testcase classname="org.artifactory.addon.replication.core.push.runnable.PushReplicationDeployRunnableTest" name="testFailureInDeployReplicationTargetFailures" time="0.073"/>
  <testcase classname="org.artifactory.addon.replication.core.push.runnable.PushReplicationDeployRunnableTest" name="testFailureInDeployReplicationTargetFailures" time="0.393"/>
  <testcase classname="org.artifactory.addon.replication.core.push.runnable.PushReplicationDeployRunnableTest" name="testFailureInDeployReplicationTargetFailures" time="0.171"/>
  <testcase classname="org.artifactory.addon.replication.core.push.runnable.PushReplicationDeployRunnableTest" name="testFailureInChecksumDeployButSuccessInRegularDeploy" time="0.098"/>
  <testcase classname="org.artifactory.addon.replication.core.push.runnable.PushReplicationDeployRunnableTest" name="testBinaryServiceThrowsException" time="0.097"/>
  <testcase classname="org.artifactory.addon.replication.core.push.runnable.PushReplicationDeployRunnableTest" name="testFailureInDeployReplicationOnSrcFileNotExist" time="0.083"/>
  <testcase classname="org.artifactory.addon.replication.core.push.runnable.PushReplicationDeployRunnableTest" name="testFailureInDeployReplicationTargetFailures" time="0.111"/>
  <testcase classname="org.artifactory.addon.replication.core.push.runnable.PushReplicationDeployRunnableTest" name="testHttpClientThrowsExceptionDuringReplication" time="0.072"/>
  <testcase classname="org.artifactory.addon.replication.core.push.runnable.PushReplicationDeployRunnableTest" name="testBuildRemoteUrlSemicolonEscaped" time="0.068"/>
  <testcase classname="org.artifactory.addon.replication.core.push.runnable.PushReplicationDeployRunnableTest" name="testBuildRemoteUrlSemicolonEscaped" time="2.156"/>
  <testcase classname="org.artifactory.addon.replication.core.push.runnable.PushReplicationDeployRunnableTest" name="testBinaryServiceThrowsException" time="0.102"/>
  <testcase classname="org.artifactory.addon.replication.core.push.runnable.PushReplicationDeployRunnableTest" name="testFailureInDeployReplicationTargetFailures" time="0.083"/>
  <testcase classname="org.artifactory.addon.replication.core.push.runnable.PushReplicationDeployRunnableTest" name="testBuildRemoteUrlSemicolonEscaped" time="0.090"/>
  <testcase classname="org.artifactory.addon.replication.core.push.runnable.PushReplicationDeployRunnableTest" name="testFailureInDeployReplicationTargetFailures" time="0.077"/>
  <testcase classname="org.artifactory.addon.replication.core.push.runnable.PushReplicationDeployRunnableTest" name="testFailureInChecksumDeployButSuccessInRegularDeploy" time="0.082"/>
  <testcase classname="org.artifactory.addon.replication.core.push.runnable.PushReplicationDeployRunnableTest" name="testFailureInChecksumDeployButSuccessInRegularDeploy" time="0.075"/>
  <testcase classname="org.artifactory.addon.replication.core.push.runnable.PushReplicationDeployRunnableTest" name="testFailureInDeployReplicationTargetFailures" time="0.055"/>
  <testcase classname="org.artifactory.addon.replication.core.push.runnable.PushReplicationDeployRunnableTest" name="testSuccessfulChecksumDeployWithTrafficLogger" time="0.148"/>
  <testcase classname="org.artifactory.addon.replication.core.push.runnable.PushReplicationDeployRunnableTest" name="testFailureInChecksumDeployButSuccessInRegularDeploy" time="0.136"/>
  <testcase classname="org.artifactory.addon.replication.core.push.runnable.PushReplicationDeployRunnableTest" name="testFailureInChecksumDeployButSuccessInRegularDeploy" time="0.083"/>
  <testcase classname="org.artifactory.addon.replication.core.push.runnable.PushReplicationDeployRunnableTest" name="testFailureInDeployReplicationOnSrcFileNotExist" time="0.126"/>
  <testcase classname="org.artifactory.addon.replication.core.push.runnable.PushReplicationDeployRunnableTest" name="testFailureInChecksumDeployButSuccessInRegularDeploy" time="0.170"/>
  <testcase classname="org.artifactory.addon.replication.core.push.runnable.PushReplicationDeployRunnableTest" name="testFailureInDeployReplicationTargetFailures" time="0.066"/>
</testsuite> <!-- org.artifactory.addon.replication.core.push.runnable.PushReplicationDeployRunnableTest -->
