<?xml version="1.0" encoding="UTF-8"?>
<!-- Generated by org.testng.reporters.JUnitReportReporter -->
<testsuite ignored="0" hostname="fc3c13788461" failures="0" tests="6" name="org.artifactory.addon.xray.XRayBlockUnscannedTest" time="3.378" errors="0" timestamp="25 Oct 2021 16:04:10 GMT" skipped="0">
  <testcase classname="org.artifactory.addon.xray.XRayBlockUnscannedTest" name="testBlock" time="0.008"/>
  <testcase classname="org.artifactory.addon.xray.XRayBlockUnscannedTest" name="testBlock" time="0.002"/>
  <testcase classname="org.artifactory.addon.xray.XRayBlockUnscannedTest" name="testBlock" time="0.010"/>
  <testcase classname="org.artifactory.addon.xray.XRayBlockUnscannedTest" name="testBlock" time="0.002"/>
  <testcase classname="org.artifactory.addon.xray.XRayBlockUnscannedTest" name="testBlock" time="3.354"/>
  <testcase classname="org.artifactory.addon.xray.XRayBlockUnscannedTest" name="testBlock" time="0.002"/>
</testsuite> <!-- org.artifactory.addon.xray.XRayBlockUnscannedTest -->
