<?xml version="1.0" encoding="UTF-8"?>
<!-- Generated by org.testng.reporters.JUnitReportReporter -->
<testsuite ignored="0" hostname="fc3c13788461" failures="0" tests="45" name="org.artifactory.addon.xray.XrayAddonImplTest" time="6.320" errors="0" timestamp="25 Oct 2021 16:04:14 GMT" skipped="0">
  <testcase classname="org.artifactory.addon.xray.XrayAddonImplTest" name="testNpmAuditExceptionOccured" time="0.010"/>
  <testcase classname="org.artifactory.addon.xray.XrayAddonImplTest" name="testNpmAuditBadReportToEnhance" time="0.028"/>
  <testcase classname="org.artifactory.addon.xray.XrayAddonImplTest" name="testNpmAuditExceptionOccured" time="0.004"/>
  <testcase classname="org.artifactory.addon.xray.XrayAddonImplTest" name="testGetXrayVersion" time="0.001"/>
  <testcase classname="org.artifactory.addon.xray.XrayAddonImplTest" name="testNpmAuditBadResponse" time="0.005"/>
  <testcase classname="org.artifactory.addon.xray.XrayAddonImplTest" name="testGetArtifactXraySummaryProblems" time="0.028"/>
  <testcase classname="org.artifactory.addon.xray.XrayAddonImplTest" name="testAuditRequestXrayNotAvailable" time="0.047"/>
  <testcase classname="org.artifactory.addon.xray.XrayAddonImplTest" name="testNpmAuditOK" time="0.026"/>
  <testcase classname="org.artifactory.addon.xray.XrayAddonImplTest" name="shouldExecuteNewIndexing" time="0.138"/>
  <testcase classname="org.artifactory.addon.xray.XrayAddonImplTest" name="testIsDecryptionNeededXrayDisabled" time="0.009"/>
  <testcase classname="org.artifactory.addon.xray.XrayAddonImplTest" name="shouldExecuteNewIndexingAfterExceptionThrown" time="0.031"/>
  <testcase classname="org.artifactory.addon.xray.XrayAddonImplTest" name="testAuditRequestXrayNotAvailable" time="0.006"/>
  <testcase classname="org.artifactory.addon.xray.XrayAddonImplTest" name="testGetArtifactXraySummaryMinimalSummary" time="0.005"/>
  <testcase classname="org.artifactory.addon.xray.XrayAddonImplTest" name="testNpmAuditBadReportToEnhance" time="0.011"/>
  <testcase classname="org.artifactory.addon.xray.XrayAddonImplTest" name="updateXraySelectedIndexedReposTest" time="0.031"/>
  <testcase classname="org.artifactory.addon.xray.XrayAddonImplTest" name="testUpdateXraySelectedIndexedRepos" time="0.140"/>
  <testcase classname="org.artifactory.addon.xray.XrayAddonImplTest" name="testGetXrayIndexedAndNonIndexed" time="0.022"/>
  <testcase classname="org.artifactory.addon.xray.XrayAddonImplTest" name="testNpmAuditOK" time="0.005"/>
  <testcase classname="org.artifactory.addon.xray.XrayAddonImplTest" name="testIsDecryptionNeeded" time="0.004"/>
  <testcase classname="org.artifactory.addon.xray.XrayAddonImplTest" name="testNpmAuditOK" time="0.006"/>
  <testcase classname="org.artifactory.addon.xray.XrayAddonImplTest" name="setXrayEnabledOnReposTest" time="0.258"/>
  <testcase classname="org.artifactory.addon.xray.XrayAddonImplTest" name="testAuditRequestXrayNotAvailable" time="0.002"/>
  <testcase classname="org.artifactory.addon.xray.XrayAddonImplTest" name="shouldCompareStringXrayVersion" time="0.010"/>
  <testcase classname="org.artifactory.addon.xray.XrayAddonImplTest" name="testGetArtifactXrayFullSummary" time="0.030"/>
  <testcase classname="org.artifactory.addon.xray.XrayAddonImplTest" name="testGetXrayIndexedAndNonIndexed" time="0.006"/>
  <testcase classname="org.artifactory.addon.xray.XrayAddonImplTest" name="testNpmAuditXrayError" time="0.005"/>
  <testcase classname="org.artifactory.addon.xray.XrayAddonImplTest" name="testGetArtifactXraySummaryXrayDisabled" time="0.006"/>
  <testcase classname="org.artifactory.addon.xray.XrayAddonImplTest" name="shouldExecuteOldIndexing" time="4.818"/>
  <testcase classname="org.artifactory.addon.xray.XrayAddonImplTest" name="testNpmAuditBadReportToEnhance" time="0.008"/>
  <testcase classname="org.artifactory.addon.xray.XrayAddonImplTest" name="testNpmAuditBadResponse" time="0.043"/>
  <testcase classname="org.artifactory.addon.xray.XrayAddonImplTest" name="testNpmAuditBadResponse" time="0.019"/>
  <testcase classname="org.artifactory.addon.xray.XrayAddonImplTest" name="testGetXrayVersion" time="0.009"/>
  <testcase classname="org.artifactory.addon.xray.XrayAddonImplTest" name="testNpmAuditExceptionOccured" time="0.012"/>
  <testcase classname="org.artifactory.addon.xray.XrayAddonImplTest" name="testGetXrayVersion" time="0.002"/>
  <testcase classname="org.artifactory.addon.xray.XrayAddonImplTest" name="testGetXrayVersion" time="0.002"/>
  <testcase classname="org.artifactory.addon.xray.XrayAddonImplTest" name="testNpmAuditBadReportToEnhance" time="0.475"/>
  <testcase classname="org.artifactory.addon.xray.XrayAddonImplTest" name="testNpmAuditXrayError" time="0.004"/>
  <testcase classname="org.artifactory.addon.xray.XrayAddonImplTest" name="testNpmAuditXrayError" time="0.006"/>
  <testcase classname="org.artifactory.addon.xray.XrayAddonImplTest" name="testNpmAuditBadResponse" time="0.004"/>
  <testcase classname="org.artifactory.addon.xray.XrayAddonImplTest" name="testNpmAuditXrayError" time="0.004"/>
  <testcase classname="org.artifactory.addon.xray.XrayAddonImplTest" name="testGetArtifactXraySummaryNotXrayLicensed" time="0.004"/>
  <testcase classname="org.artifactory.addon.xray.XrayAddonImplTest" name="testNpmAuditOK" time="0.004"/>
  <testcase classname="org.artifactory.addon.xray.XrayAddonImplTest" name="testNpmAuditExceptionOccured" time="0.006"/>
  <testcase classname="org.artifactory.addon.xray.XrayAddonImplTest" name="testAuditRequestXrayNotAvailable" time="0.004"/>
  <testcase classname="org.artifactory.addon.xray.XrayAddonImplTest" name="testIsXrayOrSystemUser" time="0.022"/>
</testsuite> <!-- org.artifactory.addon.xray.XrayAddonImplTest -->
