<?xml version="1.0" encoding="UTF-8"?>
<!-- Generated by org.testng.reporters.JUnitReportReporter -->
<testsuite ignored="0" hostname="fc3c13788461" failures="0" tests="2" name="org.artifactory.addon.replication.core.push.event.DeleteEventReducingExecutorTest" time="0.054" errors="0" timestamp="25 Oct 2021 16:10:09 GMT" skipped="0">
  <testcase classname="org.artifactory.addon.replication.core.push.event.DeleteEventReducingExecutorTest" name="testReducible" time="0.001"/>
  <testcase classname="org.artifactory.addon.replication.core.push.event.DeleteEventReducingExecutorTest" name="testCycle" time="0.053"/>
</testsuite> <!-- org.artifactory.addon.replication.core.push.event.DeleteEventReducingExecutorTest -->
