<?xml version="1.0" encoding="UTF-8"?>
<!-- Generated by org.testng.reporters.JUnitReportReporter -->
<testsuite ignored="0" hostname="fc3c13788461" failures="0" tests="2" name="org.artifactory.addon.helm.rest.HelmRepositoryTypeHelperTest" time="6.246" errors="0" timestamp="25 Oct 2021 16:06:56 GMT" skipped="0">
  <testcase classname="org.artifactory.addon.helm.rest.HelmRepositoryTypeHelperTest" name="shouldNotSupportType" time="6.244"/>
  <testcase classname="org.artifactory.addon.helm.rest.HelmRepositoryTypeHelperTest" name="shouldSupportType" time="0.002"/>
</testsuite> <!-- org.artifactory.addon.helm.rest.HelmRepositoryTypeHelperTest -->
