<?xml version="1.0" encoding="UTF-8"?>
<!-- Generated by org.testng.reporters.JUnitReportReporter -->
<testsuite ignored="0" hostname="fc3c13788461" failures="0" tests="2" name="org.artifactory.addon.nuget.NuGetPkgV2CacheEntryTest" time="0.157" errors="0" timestamp="25 Oct 2021 16:05:01 GMT" skipped="0">
  <testcase classname="org.artifactory.addon.nuget.NuGetPkgV2CacheEntryTest" name="testSemverComparatorDefaultBehavior" time="0.081"/>
  <testcase classname="org.artifactory.addon.nuget.NuGetPkgV2CacheEntryTest" name="testDisableSemverComparator" time="0.076"/>
</testsuite> <!-- org.artifactory.addon.nuget.NuGetPkgV2CacheEntryTest -->
