<?xml version="1.0" encoding="UTF-8"?>
<!-- Generated by org.testng.reporters.JUnitReportReporter -->
<testsuite ignored="0" hostname="fc3c13788461" failures="0" tests="7" name="org.artifactory.addon.conda.CondaAddonImplTest" time="5.060" errors="0" timestamp="25 Oct 2021 16:07:30 GMT" skipped="0">
  <testcase classname="org.artifactory.addon.conda.CondaAddonImplTest" name="testReindexEventSync" time="0.033"/>
  <testcase classname="org.artifactory.addon.conda.CondaAddonImplTest" name="testGetCondaMetadataToUiModel" time="0.487"/>
  <testcase classname="org.artifactory.addon.conda.CondaAddonImplTest" name="testIsCondaPackageFalse" time="0.475"/>
  <testcase classname="org.artifactory.addon.conda.CondaAddonImplTest" name="testReindexEventAsync" time="0.059"/>
  <testcase classname="org.artifactory.addon.conda.CondaAddonImplTest" name="testRemoveCondaPackage" time="0.029"/>
  <testcase classname="org.artifactory.addon.conda.CondaAddonImplTest" name="testAddCondaPackage" time="0.302"/>
  <testcase classname="org.artifactory.addon.conda.CondaAddonImplTest" name="testIsCondaPackageTrue" time="3.675"/>
</testsuite> <!-- org.artifactory.addon.conda.CondaAddonImplTest -->
