<?xml version="1.0" encoding="UTF-8"?>
<!-- Generated by org.testng.reporters.JUnitReportReporter -->
<testsuite ignored="0" hostname="fc3c13788461" failures="0" tests="4" name="org.artifactory.addon.SingleLicensePoolImplTest" time="2.385" errors="0" timestamp="25 Oct 2021 16:03:08 GMT" skipped="0">
  <testcase classname="org.artifactory.addon.SingleLicensePoolImplTest" name="testAddLicenseToSinglePoolWhenArtifactoryLicenseAndClusterLicenseExists" time="0.155"/>
  <testcase classname="org.artifactory.addon.SingleLicensePoolImplTest" name="testSingleLicensePoolWhenArtifactoryClusterLicenseExists" time="0.024"/>
  <testcase classname="org.artifactory.addon.SingleLicensePoolImplTest" name="testSingleLicensePoolWhenArtifactoryLicenseAndClusterLicenseExists" time="0.020"/>
  <testcase classname="org.artifactory.addon.SingleLicensePoolImplTest" name="testSingleLicensePoolWhenArtifactoryLicenseExists" time="2.186"/>
</testsuite> <!-- org.artifactory.addon.SingleLicensePoolImplTest -->
