<?xml version="1.0" encoding="UTF-8"?>
<!-- Generated by org.testng.reporters.JUnitReportReporter -->
<testsuite ignored="0" hostname="fc3c13788461" failures="0" tests="6" name="org.artifactory.addon.mirror.internal.MirrorSendHeartBeatTest" time="4.874" errors="0" timestamp="25 Oct 2021 16:09:43 GMT" skipped="0">
  <testcase classname="org.artifactory.addon.mirror.internal.MirrorSendHeartBeatTest" name="testSendHeartbeatGetVersionGotDeleted" time="0.457"/>
  <testcase classname="org.artifactory.addon.mirror.internal.MirrorSendHeartBeatTest" name="testSendHeartbeatGetVersionGotHigherVersion" time="0.028"/>
  <testcase classname="org.artifactory.addon.mirror.internal.MirrorSendHeartBeatTest" name="testSendHeartbeatGetVersionGotNotFound" time="0.027"/>
  <testcase classname="org.artifactory.addon.mirror.internal.MirrorSendHeartBeatTest" name="testSendHeartbeatGetVersionGotSmallerVersion" time="0.026"/>
  <testcase classname="org.artifactory.addon.mirror.internal.MirrorSendHeartBeatTest" name="testSendHeartbeatGetVersionGotNoChange" time="0.047"/>
  <testcase classname="org.artifactory.addon.mirror.internal.MirrorSendHeartBeatTest" name="testSendHeartbeatGotInvalidRequest" time="4.289"/>
</testsuite> <!-- org.artifactory.addon.mirror.internal.MirrorSendHeartBeatTest -->
