<?xml version="1.0" encoding="UTF-8"?>
<!-- Generated by org.testng.reporters.JUnitReportReporter -->
<testsuite ignored="0" hostname="fc3c13788461" failures="0" tests="25" name="org.artifactory.addon.replication.core.push.runnable.PushReplicationMkDirRunnableTest" time="4.191" errors="0" timestamp="25 Oct 2021 16:10:10 GMT" skipped="0">
  <testcase classname="org.artifactory.addon.replication.core.push.runnable.PushReplicationMkDirRunnableTest" name="testFailureInMkdirReplicationAddsErrorToTheQueue" time="0.062"/>
  <testcase classname="org.artifactory.addon.replication.core.push.runnable.PushReplicationMkDirRunnableTest" name="testFailureInMkdirReplicationAddsErrorToTheQueue" time="0.410"/>
  <testcase classname="org.artifactory.addon.replication.core.push.runnable.PushReplicationMkDirRunnableTest" name="testFailureInMkdirReplicationAddsErrorToTheQueue" time="0.062"/>
  <testcase classname="org.artifactory.addon.replication.core.push.runnable.PushReplicationMkDirRunnableTest" name="testFailureInMkdirReplicationAddsErrorToTheQueue" time="0.046"/>
  <testcase classname="org.artifactory.addon.replication.core.push.runnable.PushReplicationMkDirRunnableTest" name="testFailureInMkdirReplicationAddsErrorToTheQueue" time="0.085"/>
  <testcase classname="org.artifactory.addon.replication.core.push.runnable.PushReplicationMkDirRunnableTest" name="testHttpClientThrowsExceptionDuringReplication" time="0.062"/>
  <testcase classname="org.artifactory.addon.replication.core.push.runnable.PushReplicationMkDirRunnableTest" name="testFailureInMkdirReplicationAddsErrorToTheQueue" time="0.109"/>
  <testcase classname="org.artifactory.addon.replication.core.push.runnable.PushReplicationMkDirRunnableTest" name="testHttpClientThrowsExceptionDuringReplication" time="0.053"/>
  <testcase classname="org.artifactory.addon.replication.core.push.runnable.PushReplicationMkDirRunnableTest" name="testFailureInMkdirReplicationAddsErrorToTheQueue" time="0.053"/>
  <testcase classname="org.artifactory.addon.replication.core.push.runnable.PushReplicationMkDirRunnableTest" name="testFailureInMkDirReplicationOnSrcDirNotExist" time="0.057"/>
  <testcase classname="org.artifactory.addon.replication.core.push.runnable.PushReplicationMkDirRunnableTest" name="testFailureInMkdirReplicationAddsErrorToTheQueue" time="0.112"/>
  <testcase classname="org.artifactory.addon.replication.core.push.runnable.PushReplicationMkDirRunnableTest" name="testFailureInMkdirReplicationAddsErrorToTheQueue" time="0.050"/>
  <testcase classname="org.artifactory.addon.replication.core.push.runnable.PushReplicationMkDirRunnableTest" name="testFailureInMkdirReplicationAddsErrorToTheQueue" time="0.063"/>
  <testcase classname="org.artifactory.addon.replication.core.push.runnable.PushReplicationMkDirRunnableTest" name="testHttpClientThrowsExceptionDuringReplication" time="0.047"/>
  <testcase classname="org.artifactory.addon.replication.core.push.runnable.PushReplicationMkDirRunnableTest" name="testFailureInMkDirReplicationOnSrcDirNotExist" time="2.137"/>
  <testcase classname="org.artifactory.addon.replication.core.push.runnable.PushReplicationMkDirRunnableTest" name="testFailureInMkdirReplicationAddsErrorToTheQueue" time="0.079"/>
  <testcase classname="org.artifactory.addon.replication.core.push.runnable.PushReplicationMkDirRunnableTest" name="testFailureInMkDirReplicationOnSrcDirNotExist" time="0.075"/>
  <testcase classname="org.artifactory.addon.replication.core.push.runnable.PushReplicationMkDirRunnableTest" name="testFailureInMkdirReplicationAddsErrorToTheQueue" time="0.081"/>
  <testcase classname="org.artifactory.addon.replication.core.push.runnable.PushReplicationMkDirRunnableTest" name="testFailureInMkdirReplicationAddsErrorToTheQueue" time="0.068"/>
  <testcase classname="org.artifactory.addon.replication.core.push.runnable.PushReplicationMkDirRunnableTest" name="testFailureInMkdirReplicationAddsErrorToTheQueue" time="0.108"/>
  <testcase classname="org.artifactory.addon.replication.core.push.runnable.PushReplicationMkDirRunnableTest" name="testSuccessfulErrorTaskIsMarkedSuccessful" time="0.097"/>
  <testcase classname="org.artifactory.addon.replication.core.push.runnable.PushReplicationMkDirRunnableTest" name="testFailureInMkdirReplicationAddsErrorToTheQueue" time="0.060"/>
  <testcase classname="org.artifactory.addon.replication.core.push.runnable.PushReplicationMkDirRunnableTest" name="testFailureInMkdirReplicationAddsErrorToTheQueue" time="0.060"/>
  <testcase classname="org.artifactory.addon.replication.core.push.runnable.PushReplicationMkDirRunnableTest" name="testFailureInMkdirReplicationAddsErrorToTheQueue" time="0.101"/>
  <testcase classname="org.artifactory.addon.replication.core.push.runnable.PushReplicationMkDirRunnableTest" name="testFailureInMkdirReplicationAddsErrorToTheQueue" time="0.054"/>
</testsuite> <!-- org.artifactory.addon.replication.core.push.runnable.PushReplicationMkDirRunnableTest -->
