<?xml version="1.0" encoding="UTF-8"?>
<!-- Generated by org.testng.reporters.JUnitReportReporter -->
<testsuite ignored="0" hostname="fc3c13788461" failures="0" tests="1" name="org.artifactory.addon.filestore.multiple.strategy.util.FreeSpaceBySizeComparatorTest" time="0.011" errors="0" timestamp="25 Oct 2021 16:05:34 GMT" skipped="0">
  <testcase classname="org.artifactory.addon.filestore.multiple.strategy.util.FreeSpaceBySizeComparatorTest" name="testComparator" time="0.011"/>
</testsuite> <!-- org.artifactory.addon.filestore.multiple.strategy.util.FreeSpaceBySizeComparatorTest -->
