<?xml version="1.0" encoding="UTF-8"?>
<!-- Generated by org.testng.reporters.JUnitReportReporter -->
<testsuite ignored="0" hostname="fc3c13788461" failures="0" tests="1" name="org.artifactory.addon.distribution.strategy.ChecksumDeployUtilTest" time="6.387" errors="0" timestamp="25 Oct 2021 16:07:03 GMT" skipped="0">
  <testcase classname="org.artifactory.addon.distribution.strategy.ChecksumDeployUtilTest" name="checksumDeployTest" time="6.387"/>
</testsuite> <!-- org.artifactory.addon.distribution.strategy.ChecksumDeployUtilTest -->
