<?xml version="1.0" encoding="UTF-8"?>
<!-- Generated by org.testng.reporters.JUnitReportReporter -->
<testsuite ignored="0" hostname="fc3c13788461" failures="0" tests="10" name="org.artifactory.addon.replication.core.push.incremental.PushReplicationIncrementalTest" time="21.662" errors="0" timestamp="25 Oct 2021 16:10:20 GMT" skipped="0">
  <testcase classname="org.artifactory.addon.replication.core.push.incremental.PushReplicationIncrementalTest" name="testMultipleErrors" time="2.859"/>
  <testcase classname="org.artifactory.addon.replication.core.push.incremental.PushReplicationIncrementalTest" name="testReplicate1001" time="2.326"/>
  <testcase classname="org.artifactory.addon.replication.core.push.incremental.PushReplicationIncrementalTest" name="testReplicateErrorsAndEvents" time="3.543"/>
  <testcase classname="org.artifactory.addon.replication.core.push.incremental.PushReplicationIncrementalTest" name="testRequiresExponentialBackoffDelay" time="4.972"/>
  <testcase classname="org.artifactory.addon.replication.core.push.incremental.PushReplicationIncrementalTest" name="testReplicate1000" time="6.679"/>
  <testcase classname="org.artifactory.addon.replication.core.push.incremental.PushReplicationIncrementalTest" name="testReplicateSkipIfShouldNot" time="0.029"/>
  <testcase classname="org.artifactory.addon.replication.core.push.incremental.PushReplicationIncrementalTest" name="testReplicateOnlyErrors" time="0.046"/>
  <testcase classname="org.artifactory.addon.replication.core.push.incremental.PushReplicationIncrementalTest" name="testStopReplicationIfTooManyErrorsOccurred" time="0.069"/>
  <testcase classname="org.artifactory.addon.replication.core.push.incremental.PushReplicationIncrementalTest" name="replicateErrorsAndEvents" time="1.060"/>
  <testcase classname="org.artifactory.addon.replication.core.push.incremental.PushReplicationIncrementalTest" name="testReplicate" time="0.079"/>
</testsuite> <!-- org.artifactory.addon.replication.core.push.incremental.PushReplicationIncrementalTest -->
