<?xml version="1.0" encoding="UTF-8"?>
<!-- Generated by org.testng.reporters.JUnitReportReporter -->
<testsuite ignored="0" hostname="fc3c13788461" failures="0" tests="10" name="org.artifactory.addon.retention.core.ColdInstanceInterceptorTest" time="1.616" errors="0" timestamp="25 Oct 2021 16:10:41 GMT" skipped="0">
  <testcase classname="org.artifactory.addon.retention.core.ColdInstanceInterceptorTest" name="testCreatePolicies" time="0.019"/>
  <testcase classname="org.artifactory.addon.retention.core.ColdInstanceInterceptorTest" name="testCantSaveKeyPairs" time="0.020"/>
  <testcase classname="org.artifactory.addon.retention.core.ColdInstanceInterceptorTest" name="testCantCreateReleaseBundled" time="0.007"/>
  <testcase classname="org.artifactory.addon.retention.core.ColdInstanceInterceptorTest" name="testNonGenericNotAllowed" time="0.030"/>
  <testcase classname="org.artifactory.addon.retention.core.ColdInstanceInterceptorTest" name="testCantCreateLocalReplication" time="0.045"/>
  <testcase classname="org.artifactory.addon.retention.core.ColdInstanceInterceptorTest" name="testCantDefineXray" time="0.003"/>
  <testcase classname="org.artifactory.addon.retention.core.ColdInstanceInterceptorTest" name="testCreateDefaultBuildInfoRepoRepositories" time="0.019"/>
  <testcase classname="org.artifactory.addon.retention.core.ColdInstanceInterceptorTest" name="testCreateGenericRepositories" time="0.007"/>
  <testcase classname="org.artifactory.addon.retention.core.ColdInstanceInterceptorTest" name="testCantCreateRemoteReplication" time="0.004"/>
  <testcase classname="org.artifactory.addon.retention.core.ColdInstanceInterceptorTest" name="testColdInstanceInterceptorClassExist" time="1.462"/>
</testsuite> <!-- org.artifactory.addon.retention.core.ColdInstanceInterceptorTest -->
