<?xml version="1.0" encoding="UTF-8"?>
<!-- Generated by org.testng.reporters.JUnitReportReporter -->
<testsuite ignored="0" hostname="fc3c13788461" failures="0" tests="6" name="org.artifactory.addon.aol.webapp.SubscriptionsServiceImplTest" time="5.192" errors="0" timestamp="25 Oct 2021 16:11:53 GMT" skipped="0">
  <testcase classname="org.artifactory.addon.aol.webapp.SubscriptionsServiceImplTest" name="getPurchaseUrl" time="0.806"/>
  <testcase classname="org.artifactory.addon.aol.webapp.SubscriptionsServiceImplTest" name="isSubscriptionSet" time="0.072"/>
  <testcase classname="org.artifactory.addon.aol.webapp.SubscriptionsServiceImplTest" name="getPurchaseUrlWithException" time="3.286"/>
  <testcase classname="org.artifactory.addon.aol.webapp.SubscriptionsServiceImplTest" name="shouldExposePurchaseUrlTest" time="0.888"/>
  <testcase classname="org.artifactory.addon.aol.webapp.SubscriptionsServiceImplTest" name="getPurchaseUrlWithException" time="0.062"/>
  <testcase classname="org.artifactory.addon.aol.webapp.SubscriptionsServiceImplTest" name="getSubscriptionType" time="0.078"/>
</testsuite> <!-- org.artifactory.addon.aol.webapp.SubscriptionsServiceImplTest -->
