<?xml version="1.0" encoding="UTF-8"?>
<!-- Generated by org.testng.reporters.JUnitReportReporter -->
<testsuite ignored="0" hostname="fc3c13788461" failures="0" tests="1" name="org.artifactory.addon.jfevent.model.payload.DockerPayloadTest" time="2.561" errors="0" timestamp="25 Oct 2021 16:08:48 GMT" skipped="0">
  <testcase classname="org.artifactory.addon.jfevent.model.payload.DockerPayloadTest" name="shouldSerializeDockerPayload" time="2.561"/>
</testsuite> <!-- org.artifactory.addon.jfevent.model.payload.DockerPayloadTest -->
