<?xml version="1.0" encoding="UTF-8"?>
<!-- Generated by org.testng.reporters.JUnitReportReporter -->
<testsuite ignored="0" hostname="fc3c13788461" failures="0" tests="2" name="org.artifactory.addon.release.bundle.service.airgap.tasks.AirGapRecoveryTaskTest" time="2.017" errors="0" timestamp="25 Oct 2021 16:07:07 GMT" skipped="0">
  <testcase classname="org.artifactory.addon.release.bundle.service.airgap.tasks.AirGapRecoveryTaskTest" name="testAirGapRecoveryTask" time="0.347"/>
  <testcase classname="org.artifactory.addon.release.bundle.service.airgap.tasks.AirGapRecoveryTaskTest" name="testAirGapRecoveryTaskWithException" time="1.670"/>
</testsuite> <!-- org.artifactory.addon.release.bundle.service.airgap.tasks.AirGapRecoveryTaskTest -->
