<?xml version="1.0" encoding="UTF-8"?>
<!-- Generated by org.testng.reporters.JUnitReportReporter -->
<testsuite ignored="0" hostname="fc3c13788461" failures="0" tests="6" name="org.artifactory.build.diff.BuildItemDiffBuilderTest" time="0.038" errors="0" timestamp="25 Oct 2021 16:03:21 GMT" skipped="0">
  <testcase classname="org.artifactory.build.diff.BuildItemDiffBuilderTest" name="testBuilderSetters" time="0.037"/>
  <testcase classname="org.artifactory.build.diff.BuildItemDiffBuilderTest" name="testParsingBaseIdFromFullId" time="0.000"/>
  <testcase classname="org.artifactory.build.diff.BuildItemDiffBuilderTest" name="testEmptyModuleId" time="0.000"/>
  <testcase classname="org.artifactory.build.diff.BuildItemDiffBuilderTest" name="testEmptyId" time="0.000"/>
  <testcase classname="org.artifactory.build.diff.BuildItemDiffBuilderTest" name="testEmptyFullId" time="0.000"/>
  <testcase classname="org.artifactory.build.diff.BuildItemDiffBuilderTest" name="testDefaultValues" time="0.001"/>
</testsuite> <!-- org.artifactory.build.diff.BuildItemDiffBuilderTest -->
