<?xml version="1.0" encoding="UTF-8"?>
<!-- Generated by org.testng.reporters.JUnitReportReporter -->
<testsuite ignored="0" hostname="fc3c13788461" failures="0" tests="31" name="org.artifactory.addon.conda.repo.CondaVirtualRepositoryHandlerTest" time="10.588" errors="0" timestamp="25 Oct 2021 16:07:32 GMT" skipped="0">
  <testcase classname="org.artifactory.addon.conda.repo.CondaVirtualRepositoryHandlerTest" name="mergeRepoDataTwoNotPrioritisedExpectBoth" time="0.010"/>
  <testcase classname="org.artifactory.addon.conda.repo.CondaVirtualRepositoryHandlerTest" name="testGetRepoDataFromRemote" time="0.017"/>
  <testcase classname="org.artifactory.addon.conda.repo.CondaVirtualRepositoryHandlerTest" name="testCreateAndSaveMergedOrderByPriorityNoPrioritised" time="0.062"/>
  <testcase classname="org.artifactory.addon.conda.repo.CondaVirtualRepositoryHandlerTest" name="testMergeAndPutEmpty" time="0.006"/>
  <testcase classname="org.artifactory.addon.conda.repo.CondaVirtualRepositoryHandlerTest" name="testFetchRepoDataModelFromRealRepo" time="0.164"/>
  <testcase classname="org.artifactory.addon.conda.repo.CondaVirtualRepositoryHandlerTest" name="mergeRepoDataOnePrioritisedAndOneNotPrioritisedExpectPrioritised" time="0.089"/>
  <testcase classname="org.artifactory.addon.conda.repo.CondaVirtualRepositoryHandlerTest" name="testGetRepoDataWithCache" time="0.015"/>
  <testcase classname="org.artifactory.addon.conda.repo.CondaVirtualRepositoryHandlerTest" name="testCreateAndSaveMergedOrderByPriorityEmptyPrioritised" time="1.452"/>
  <testcase classname="org.artifactory.addon.conda.repo.CondaVirtualRepositoryHandlerTest" name="testDownloadNullVirtualRepo" time="0.166"/>
  <testcase classname="org.artifactory.addon.conda.repo.CondaVirtualRepositoryHandlerTest" name="testGetRepoDataWithCache" time="0.030"/>
  <testcase classname="org.artifactory.addon.conda.repo.CondaVirtualRepositoryHandlerTest" name="mergeRepoDataTwoPrioritisedExpectBoth" time="0.815"/>
  <testcase classname="org.artifactory.addon.conda.repo.CondaVirtualRepositoryHandlerTest" name="testCreateAndSaveMergedRepodataNonEmptySet" time="0.026"/>
  <testcase classname="org.artifactory.addon.conda.repo.CondaVirtualRepositoryHandlerTest" name="testDownloadExistingPackage" time="0.006"/>
  <testcase classname="org.artifactory.addon.conda.repo.CondaVirtualRepositoryHandlerTest" name="testDownloadWithNoModifiedSinceHeader" time="0.014"/>
  <testcase classname="org.artifactory.addon.conda.repo.CondaVirtualRepositoryHandlerTest" name="testFetchRepoDataModelFromRealRepoWithoutContent" time="0.010"/>
  <testcase classname="org.artifactory.addon.conda.repo.CondaVirtualRepositoryHandlerTest" name="testDownloadExistingPackage" time="0.258"/>
  <testcase classname="org.artifactory.addon.conda.repo.CondaVirtualRepositoryHandlerTest" name="testGetRepoDataFromLocalUnfoundResource" time="0.004"/>
  <testcase classname="org.artifactory.addon.conda.repo.CondaVirtualRepositoryHandlerTest" name="testGetRepoDataNoCache" time="0.006"/>
  <testcase classname="org.artifactory.addon.conda.repo.CondaVirtualRepositoryHandlerTest" name="testMergeAndPut" time="0.024"/>
  <testcase classname="org.artifactory.addon.conda.repo.CondaVirtualRepositoryHandlerTest" name="testDownloadWithModifiedSinceHeader" time="0.145"/>
  <testcase classname="org.artifactory.addon.conda.repo.CondaVirtualRepositoryHandlerTest" name="testGetRepoDataUnfoundVirtual" time="0.021"/>
  <testcase classname="org.artifactory.addon.conda.repo.CondaVirtualRepositoryHandlerTest" name="testGetRepoDataFromRemoteUnfoundResource" time="0.007"/>
  <testcase classname="org.artifactory.addon.conda.repo.CondaVirtualRepositoryHandlerTest" name="testMergeAndPutOppositeOrder" time="0.005"/>
  <testcase classname="org.artifactory.addon.conda.repo.CondaVirtualRepositoryHandlerTest" name="testCreateAndSaveMergedRepodataNonEmptySet" time="0.042"/>
  <testcase classname="org.artifactory.addon.conda.repo.CondaVirtualRepositoryHandlerTest" name="testCollectRepodataFromAggregatedRepos" time="0.365"/>
  <testcase classname="org.artifactory.addon.conda.repo.CondaVirtualRepositoryHandlerTest" name="testGetRepoDataNoCache" time="5.900"/>
  <testcase classname="org.artifactory.addon.conda.repo.CondaVirtualRepositoryHandlerTest" name="testGetRepoDataFromLocal" time="0.661"/>
  <testcase classname="org.artifactory.addon.conda.repo.CondaVirtualRepositoryHandlerTest" name="mergeRepoDataEmptySetNotFail" time="0.135"/>
  <testcase classname="org.artifactory.addon.conda.repo.CondaVirtualRepositoryHandlerTest" name="testCreateAndSaveMergedRepodataEmptySet" time="0.025"/>
  <testcase classname="org.artifactory.addon.conda.repo.CondaVirtualRepositoryHandlerTest" name="testFetchRepoDataModelFromRealRepoWithoutContent" time="0.065"/>
  <testcase classname="org.artifactory.addon.conda.repo.CondaVirtualRepositoryHandlerTest" name="testCreateAndSaveMergedOrderByPriorityNonEmptyPrioritised" time="0.043"/>
</testsuite> <!-- org.artifactory.addon.conda.repo.CondaVirtualRepositoryHandlerTest -->
