<?xml version="1.0" encoding="UTF-8"?>
<!-- Generated by org.testng.reporters.JUnitReportReporter -->
<testsuite ignored="0" hostname="fc3c13788461" failures="0" tests="25" name="org.artifactory.addon.ldap.provider.strategy.DynamicLdapGroupStrategyTest" time="3.794" errors="0" timestamp="25 Oct 2021 16:03:34 GMT" skipped="0">
  <testcase classname="org.artifactory.addon.ldap.provider.strategy.DynamicLdapGroupStrategyTest" name="testObjectSearchDcRemoval" time="0.016"/>
  <testcase classname="org.artifactory.addon.ldap.provider.strategy.DynamicLdapGroupStrategyTest" name="testMemberOfTransitiveObjectSearch" time="0.013"/>
  <testcase classname="org.artifactory.addon.ldap.provider.strategy.DynamicLdapGroupStrategyTest" name="testGetExistingUserLdapGroupsFullMatch" time="0.023"/>
  <testcase classname="org.artifactory.addon.ldap.provider.strategy.DynamicLdapGroupStrategyTest" name="testGetExistingUserLdapGroupsPartialMatch" time="0.036"/>
  <testcase classname="org.artifactory.addon.ldap.provider.strategy.DynamicLdapGroupStrategyTest" name="testDoActiveDirectoryTransitiveGroupsSearch" time="1.302"/>
  <testcase classname="org.artifactory.addon.ldap.provider.strategy.DynamicLdapGroupStrategyTest" name="testObjectSearchDcRemoval" time="0.016"/>
  <testcase classname="org.artifactory.addon.ldap.provider.strategy.DynamicLdapGroupStrategyTest" name="getTransitiveSearchAttributeWithSystemProperty" time="0.008"/>
  <testcase classname="org.artifactory.addon.ldap.provider.strategy.DynamicLdapGroupStrategyTest" name="testGetGroupsDnObjectBasedUserSearch" time="0.014"/>
  <testcase classname="org.artifactory.addon.ldap.provider.strategy.DynamicLdapGroupStrategyTest" name="testGetExistingUserLdapGroupsEmptyResultFromLdap" time="0.257"/>
  <testcase classname="org.artifactory.addon.ldap.provider.strategy.DynamicLdapGroupStrategyTest" name="testObjectSearchDcRemoval" time="0.004"/>
  <testcase classname="org.artifactory.addon.ldap.provider.strategy.DynamicLdapGroupStrategyTest" name="testObjectSearchDcRemoval" time="0.006"/>
  <testcase classname="org.artifactory.addon.ldap.provider.strategy.DynamicLdapGroupStrategyTest" name="testObjectSearchDcRemoval" time="0.011"/>
  <testcase classname="org.artifactory.addon.ldap.provider.strategy.DynamicLdapGroupStrategyTest" name="testObjectSearchDcRemoval" time="0.020"/>
  <testcase classname="org.artifactory.addon.ldap.provider.strategy.DynamicLdapGroupStrategyTest" name="testObjectSearchDcRemoval" time="0.011"/>
  <testcase classname="org.artifactory.addon.ldap.provider.strategy.DynamicLdapGroupStrategyTest" name="testObjectSearchDcRemoval" time="0.006"/>
  <testcase classname="org.artifactory.addon.ldap.provider.strategy.DynamicLdapGroupStrategyTest" name="getTransitiveSearchFilterWithoutSystemProperty" time="0.034"/>
  <testcase classname="org.artifactory.addon.ldap.provider.strategy.DynamicLdapGroupStrategyTest" name="getTransitiveSearchAttributeWithoutSystemProperty" time="0.019"/>
  <testcase classname="org.artifactory.addon.ldap.provider.strategy.DynamicLdapGroupStrategyTest" name="testGetGroupsDnFilterBasedUserSearch" time="0.238"/>
  <testcase classname="org.artifactory.addon.ldap.provider.strategy.DynamicLdapGroupStrategyTest" name="getTransitiveSearchFilterWithSystemProperty" time="0.009"/>
  <testcase classname="org.artifactory.addon.ldap.provider.strategy.DynamicLdapGroupStrategyTest" name="testMemberOfTransitiveObjectSearch" time="0.693"/>
  <testcase classname="org.artifactory.addon.ldap.provider.strategy.DynamicLdapGroupStrategyTest" name="testObjectSearchDcRemoval" time="0.005"/>
  <testcase classname="org.artifactory.addon.ldap.provider.strategy.DynamicLdapGroupStrategyTest" name="testObjectSearchDcRemoval" time="0.859"/>
  <testcase classname="org.artifactory.addon.ldap.provider.strategy.DynamicLdapGroupStrategyTest" name="testObjectSearchDcRemoval" time="0.007"/>
  <testcase classname="org.artifactory.addon.ldap.provider.strategy.DynamicLdapGroupStrategyTest" name="getTransitiveGroupSearchControlsTest" time="0.162"/>
  <testcase classname="org.artifactory.addon.ldap.provider.strategy.DynamicLdapGroupStrategyTest" name="testObjectSearchDcRemoval" time="0.025"/>
</testsuite> <!-- org.artifactory.addon.ldap.provider.strategy.DynamicLdapGroupStrategyTest -->
