<?xml version="1.0" encoding="UTF-8"?>
<!-- Generated by org.testng.reporters.JUnitReportReporter -->
<testsuite ignored="0" hostname="fc3c13788461" failures="0" tests="21" name="org.artifactory.addon.npm.repo.audit.NpmAuditFetcherTest" time="4.862" errors="0" timestamp="25 Oct 2021 16:09:01 GMT" skipped="0">
  <testcase classname="org.artifactory.addon.npm.repo.audit.NpmAuditFetcherTest" name="testCreateAuditRequest" time="0.002"/>
  <testcase classname="org.artifactory.addon.npm.repo.audit.NpmAuditFetcherTest" name="testCreateAuditRequest" time="0.086"/>
  <testcase classname="org.artifactory.addon.npm.repo.audit.NpmAuditFetcherTest" name="testCreateAuditRequest" time="0.008"/>
  <testcase classname="org.artifactory.addon.npm.repo.audit.NpmAuditFetcherTest" name="testFetchAuditFromRemoteRegistryReturnsNotFound" time="0.032"/>
  <testcase classname="org.artifactory.addon.npm.repo.audit.NpmAuditFetcherTest" name="testFetchAuditFromXrayException" time="0.003"/>
  <testcase classname="org.artifactory.addon.npm.repo.audit.NpmAuditFetcherTest" name="testCreateAuditRequest" time="0.014"/>
  <testcase classname="org.artifactory.addon.npm.repo.audit.NpmAuditFetcherTest" name="testFetchAuditFromXrayRegistryReturnsNotFound" time="0.044"/>
  <testcase classname="org.artifactory.addon.npm.repo.audit.NpmAuditFetcherTest" name="testCreateAuditRequest" time="0.003"/>
  <testcase classname="org.artifactory.addon.npm.repo.audit.NpmAuditFetcherTest" name="testCreateAuditRequest" time="4.331"/>
  <testcase classname="org.artifactory.addon.npm.repo.audit.NpmAuditFetcherTest" name="testCreateAuditRequest" time="0.026"/>
  <testcase classname="org.artifactory.addon.npm.repo.audit.NpmAuditFetcherTest" name="testIsRemoteDoesnotSupportsAudit" time="0.012"/>
  <testcase classname="org.artifactory.addon.npm.repo.audit.NpmAuditFetcherTest" name="testCreateAuditRequest" time="0.012"/>
  <testcase classname="org.artifactory.addon.npm.repo.audit.NpmAuditFetcherTest" name="testFetchAuditFromXrayBadResponse" time="0.008"/>
  <testcase classname="org.artifactory.addon.npm.repo.audit.NpmAuditFetcherTest" name="testFetchAuditFromRemote" time="0.158"/>
  <testcase classname="org.artifactory.addon.npm.repo.audit.NpmAuditFetcherTest" name="testFetchAuditFromRemoteRegistryException" time="0.033"/>
  <testcase classname="org.artifactory.addon.npm.repo.audit.NpmAuditFetcherTest" name="testCreateAuditRequest" time="0.030"/>
  <testcase classname="org.artifactory.addon.npm.repo.audit.NpmAuditFetcherTest" name="testFetchAuditFromXray" time="0.019"/>
  <testcase classname="org.artifactory.addon.npm.repo.audit.NpmAuditFetcherTest" name="testCreateAuditRequest" time="0.006"/>
  <testcase classname="org.artifactory.addon.npm.repo.audit.NpmAuditFetcherTest" name="testCreateAuditRequest" time="0.009"/>
  <testcase classname="org.artifactory.addon.npm.repo.audit.NpmAuditFetcherTest" name="testCreateAuditRequest" time="0.001"/>
  <testcase classname="org.artifactory.addon.npm.repo.audit.NpmAuditFetcherTest" name="testIsRemoteSupportsAudit" time="0.025"/>
</testsuite> <!-- org.artifactory.addon.npm.repo.audit.NpmAuditFetcherTest -->
