<?xml version="1.0" encoding="UTF-8"?>
<!-- Generated by org.testng.reporters.JUnitReportReporter -->
<testsuite ignored="0" hostname="fc3c13788461" failures="0" tests="8" name="org.artifactory.addon.license.RegexpTest" time="0.071" errors="0" timestamp="25 Oct 2021 16:03:50 GMT" skipped="0">
  <testcase classname="org.artifactory.addon.license.RegexpTest" name="testGPL2" time="0.001"/>
  <testcase classname="org.artifactory.addon.license.RegexpTest" name="testApache1Regexp" time="0.049"/>
  <testcase classname="org.artifactory.addon.license.RegexpTest" name="testCddlRegexp" time="0.001"/>
  <testcase classname="org.artifactory.addon.license.RegexpTest" name="testApache2Regexp" time="0.001"/>
  <testcase classname="org.artifactory.addon.license.RegexpTest" name="testLGPL21Regexp" time="0.003"/>
  <testcase classname="org.artifactory.addon.license.RegexpTest" name="testGPL3" time="0.001"/>
  <testcase classname="org.artifactory.addon.license.RegexpTest" name="testBSD" time="0.001"/>
  <testcase classname="org.artifactory.addon.license.RegexpTest" name="testLGPL30Regexp" time="0.014"/>
</testsuite> <!-- org.artifactory.addon.license.RegexpTest -->
