<?xml version="1.0" encoding="UTF-8"?>
<!-- Generated by org.testng.reporters.JUnitReportReporter -->
<testsuite ignored="0" hostname="fc3c13788461" failures="0" tests="19" name="org.artifactory.addon.filestore.eventual.cluster.EventualClusterBinaryProviderTest" time="0.335" errors="0" timestamp="25 Oct 2021 16:05:55 GMT" skipped="0">
  <testcase classname="org.artifactory.addon.filestore.eventual.cluster.EventualClusterBinaryProviderTest" name="addSameStreamMultipleTimes" time="0.033"/>
  <testcase classname="org.artifactory.addon.filestore.eventual.cluster.EventualClusterBinaryProviderTest" name="existsOnNonExistingBinary" time="0.003"/>
  <testcase classname="org.artifactory.addon.filestore.eventual.cluster.EventualClusterBinaryProviderTest" name="testInitialization" time="0.003"/>
  <testcase classname="org.artifactory.addon.filestore.eventual.cluster.EventualClusterBinaryProviderTest" name="simplePassThroughAddStream" time="0.003"/>
  <testcase classname="org.artifactory.addon.filestore.eventual.cluster.EventualClusterBinaryProviderTest" name="getStreamNonExistentBinary" time="0.002"/>
  <testcase classname="org.artifactory.addon.filestore.eventual.cluster.EventualClusterBinaryProviderTest" name="sortedActions" time="0.009"/>
  <testcase classname="org.artifactory.addon.filestore.eventual.cluster.EventualClusterBinaryProviderTest" name="deleteSameBinaryMultipleTimes" time="0.020"/>
  <testcase classname="org.artifactory.addon.filestore.eventual.cluster.EventualClusterBinaryProviderTest" name="existsOnExistingBinary" time="0.017"/>
  <testcase classname="org.artifactory.addon.filestore.eventual.cluster.EventualClusterBinaryProviderTest" name="existsOnBinaryPendingDelete" time="0.007"/>
  <testcase classname="org.artifactory.addon.filestore.eventual.cluster.EventualClusterBinaryProviderTest" name="deleteBinaryForLocalRequest" time="0.004"/>
  <testcase classname="org.artifactory.addon.filestore.eventual.cluster.EventualClusterBinaryProviderTest" name="getStreamBinaryPendingDelete" time="0.012"/>
  <testcase classname="org.artifactory.addon.filestore.eventual.cluster.EventualClusterBinaryProviderTest" name="storageInfo" time="0.068"/>
  <testcase classname="org.artifactory.addon.filestore.eventual.cluster.EventualClusterBinaryProviderTest" name="addStreamClosesInputStream" time="0.010"/>
  <testcase classname="org.artifactory.addon.filestore.eventual.cluster.EventualClusterBinaryProviderTest" name="simpleDeleteBinary" time="0.004"/>
  <testcase classname="org.artifactory.addon.filestore.eventual.cluster.EventualClusterBinaryProviderTest" name="simpleAddStream" time="0.035"/>
  <testcase classname="org.artifactory.addon.filestore.eventual.cluster.EventualClusterBinaryProviderTest" name="addThenDeleteBinary" time="0.014"/>
  <testcase classname="org.artifactory.addon.filestore.eventual.cluster.EventualClusterBinaryProviderTest" name="testDispatcherStartStop" time="0.061"/>
  <testcase classname="org.artifactory.addon.filestore.eventual.cluster.EventualClusterBinaryProviderTest" name="getStreamExistingBinary" time="0.003"/>
  <testcase classname="org.artifactory.addon.filestore.eventual.cluster.EventualClusterBinaryProviderTest" name="simpleDeleteBinaryPassThrough" time="0.027"/>
</testsuite> <!-- org.artifactory.addon.filestore.eventual.cluster.EventualClusterBinaryProviderTest -->
