<?xml version="1.0" encoding="UTF-8"?>
<!-- Generated by org.testng.reporters.JUnitReportReporter -->
<testsuite ignored="0" hostname="fc3c13788461" failures="0" tests="3" name="org.artifactory.addon.replication.core.push.runnable.PushReplicationPropertyChangeTrafficLogTest" time="1.973" errors="0" timestamp="25 Oct 2021 16:10:08 GMT" skipped="0">
  <testcase classname="org.artifactory.addon.replication.core.push.runnable.PushReplicationPropertyChangeTrafficLogTest" name="happyFlow" time="0.170"/>
  <testcase classname="org.artifactory.addon.replication.core.push.runnable.PushReplicationPropertyChangeTrafficLogTest" name="targetError" time="1.002"/>
  <testcase classname="org.artifactory.addon.replication.core.push.runnable.PushReplicationPropertyChangeTrafficLogTest" name="exceptionWhileReplication" time="0.801"/>
</testsuite> <!-- org.artifactory.addon.replication.core.push.runnable.PushReplicationPropertyChangeTrafficLogTest -->
