<?xml version="1.0" encoding="UTF-8"?>
<!-- Generated by org.testng.reporters.JUnitReportReporter -->
<testsuite ignored="0" hostname="fc3c13788461" failures="0" tests="16" name="org.artifactory.addon.replication.core.push.strategy.PushReplicationStrategySelectorSimulateScenarioTest" time="0.470" errors="0" timestamp="25 Oct 2021 16:10:12 GMT" skipped="0">
  <testcase classname="org.artifactory.addon.replication.core.push.strategy.PushReplicationStrategySelectorSimulateScenarioTest" name="testChooseStrategySigChangedBySettingsNoProps" time="0.019"/>
  <testcase classname="org.artifactory.addon.replication.core.push.strategy.PushReplicationStrategySelectorSimulateScenarioTest" name="testChooseStrategyAfterError" time="0.025"/>
  <testcase classname="org.artifactory.addon.replication.core.push.strategy.PushReplicationStrategySelectorSimulateScenarioTest" name="testEventLogOff" time="0.036"/>
  <testcase classname="org.artifactory.addon.replication.core.push.strategy.PushReplicationStrategySelectorSimulateScenarioTest" name="testChooseStrategy" time="0.004"/>
  <testcase classname="org.artifactory.addon.replication.core.push.strategy.PushReplicationStrategySelectorSimulateScenarioTest" name="testChooseJustEnabledEventLog" time="0.208"/>
  <testcase classname="org.artifactory.addon.replication.core.push.strategy.PushReplicationStrategySelectorSimulateScenarioTest" name="testChooseStrategySigChangedBySettingsNoDelete" time="0.023"/>
  <testcase classname="org.artifactory.addon.replication.core.push.strategy.PushReplicationStrategySelectorSimulateScenarioTest" name="testChooseStrategySigChangedBySettingsTargets" time="0.012"/>
  <testcase classname="org.artifactory.addon.replication.core.push.strategy.PushReplicationStrategySelectorSimulateScenarioTest" name="testChooseStrategyIncrementalEventError" time="0.029"/>
  <testcase classname="org.artifactory.addon.replication.core.push.strategy.PushReplicationStrategySelectorSimulateScenarioTest" name="testChooseStrategyAfterWarn" time="0.018"/>
  <testcase classname="org.artifactory.addon.replication.core.push.strategy.PushReplicationStrategySelectorSimulateScenarioTest" name="testChooseStrategySigChangedBySettingsNoStats" time="0.020"/>
  <testcase classname="org.artifactory.addon.replication.core.push.strategy.PushReplicationStrategySelectorSimulateScenarioTest" name="testChooseStrategySigChangedBySettings" time="0.005"/>
  <testcase classname="org.artifactory.addon.replication.core.push.strategy.PushReplicationStrategySelectorSimulateScenarioTest" name="testFeatureOff" time="0.004"/>
  <testcase classname="org.artifactory.addon.replication.core.push.strategy.PushReplicationStrategySelectorSimulateScenarioTest" name="testChooseStrategyForceTree" time="0.008"/>
  <testcase classname="org.artifactory.addon.replication.core.push.strategy.PushReplicationStrategySelectorSimulateScenarioTest" name="testChooseStrategyEvent" time="0.006"/>
  <testcase classname="org.artifactory.addon.replication.core.push.strategy.PushReplicationStrategySelectorSimulateScenarioTest" name="testChooseStrategySigChangedByInclude" time="0.033"/>
  <testcase classname="org.artifactory.addon.replication.core.push.strategy.PushReplicationStrategySelectorSimulateScenarioTest" name="testChooseStrategyAfterErrorIgnore" time="0.020"/>
</testsuite> <!-- org.artifactory.addon.replication.core.push.strategy.PushReplicationStrategySelectorSimulateScenarioTest -->
