<?xml version="1.0" encoding="UTF-8"?>
<!-- Generated by org.testng.reporters.JUnitReportReporter -->
<testsuite ignored="0" hostname="fc3c13788461" failures="0" tests="1" name="org.artifactory.p2.test.P2ExtractCompositeContentXmlTest" time="0.587" errors="0" timestamp="25 Oct 2021 16:03:58 GMT" skipped="0">
  <testcase classname="org.artifactory.p2.test.P2ExtractCompositeContentXmlTest" name="extractAndValidate" time="0.587"/>
</testsuite> <!-- org.artifactory.p2.test.P2ExtractCompositeContentXmlTest -->
