<?xml version="1.0" encoding="UTF-8"?>
<!-- Generated by org.testng.reporters.JUnitReportReporter -->
<testsuite ignored="0" hostname="fc3c13788461" failures="0" tests="10" name="org.artifactory.addon.sso.saml.SamlUrlManagerTest" time="6.068" errors="0" timestamp="25 Oct 2021 16:07:56 GMT" skipped="0">
  <testcase classname="org.artifactory.addon.sso.saml.SamlUrlManagerTest" name="testAcsUrlWithOverrideContextPath" time="0.261"/>
  <testcase classname="org.artifactory.addon.sso.saml.SamlUrlManagerTest" name="testAcsUrlWithDefaultContextPath" time="0.890"/>
  <testcase classname="org.artifactory.addon.sso.saml.SamlUrlManagerTest" name="testAcsUrlWithOverrideContextPath" time="0.088"/>
  <testcase classname="org.artifactory.addon.sso.saml.SamlUrlManagerTest" name="testAcsUrlWithOverrideContextPath" time="0.118"/>
  <testcase classname="org.artifactory.addon.sso.saml.SamlUrlManagerTest" name="testAcsUrlWithOverrideContextPath" time="0.127"/>
  <testcase classname="org.artifactory.addon.sso.saml.SamlUrlManagerTest" name="testAcsUrlWithOverrideContextPath" time="0.094"/>
  <testcase classname="org.artifactory.addon.sso.saml.SamlUrlManagerTest" name="testAcsUrlWithOverrideContextPath" time="4.173"/>
  <testcase classname="org.artifactory.addon.sso.saml.SamlUrlManagerTest" name="testAcsUrlWithOverrideContextPath" time="0.092"/>
  <testcase classname="org.artifactory.addon.sso.saml.SamlUrlManagerTest" name="testAcsUrlWithOverrideContextPath" time="0.103"/>
  <testcase classname="org.artifactory.addon.sso.saml.SamlUrlManagerTest" name="testAcsUrlWithOverrideContextPath" time="0.122"/>
</testsuite> <!-- org.artifactory.addon.sso.saml.SamlUrlManagerTest -->
