<?xml version="1.0" encoding="UTF-8"?>
<!-- Generated by org.testng.reporters.JUnitReportReporter -->
<testsuite ignored="0" hostname="fc3c13788461" failures="0" tests="1" name="org.artifactory.addon.federated.binary.LocalBinaryImporterTest" time="10.888" errors="0" timestamp="25 Oct 2021 16:11:09 GMT" skipped="0">
  <testcase classname="org.artifactory.addon.federated.binary.LocalBinaryImporterTest" name="localBinaryImporter" time="10.888"/>
</testsuite> <!-- org.artifactory.addon.federated.binary.LocalBinaryImporterTest -->
