<?xml version="1.0" encoding="UTF-8"?>
<!-- Generated by org.testng.reporters.JUnitReportReporter -->
<testsuite ignored="0" hostname="fc3c13788461" failures="0" tests="3" name="org.artifactory.addon.distribution.strategy.DirectDeployDistributionStrategyTrafficLogTest" time="7.713" errors="0" timestamp="25 Oct 2021 16:07:03 GMT" skipped="0">
  <testcase classname="org.artifactory.addon.distribution.strategy.DirectDeployDistributionStrategyTrafficLogTest" name="happyFlow" time="7.270"/>
  <testcase classname="org.artifactory.addon.distribution.strategy.DirectDeployDistributionStrategyTrafficLogTest" name="exceptionDuringDistribution" time="0.427"/>
  <testcase classname="org.artifactory.addon.distribution.strategy.DirectDeployDistributionStrategyTrafficLogTest" name="targetError" time="0.016"/>
</testsuite> <!-- org.artifactory.addon.distribution.strategy.DirectDeployDistributionStrategyTrafficLogTest -->
