<?xml version="1.0" encoding="UTF-8"?>
<!-- Generated by org.testng.reporters.JUnitReportReporter -->
<testsuite ignored="0" hostname="fc3c13788461" failures="0" tests="2" name="org.artifactory.addon.sso.saml.SamlResolverStringToUrlTest" time="0.115" errors="0" timestamp="25 Oct 2021 16:07:59 GMT" skipped="0">
  <testcase classname="org.artifactory.addon.sso.saml.SamlResolverStringToUrlTest" name="stringToUrlTest" time="0.001"/>
  <testcase classname="org.artifactory.addon.sso.saml.SamlResolverStringToUrlTest" name="stringToMalformedUrlTest" time="0.114"/>
</testsuite> <!-- org.artifactory.addon.sso.saml.SamlResolverStringToUrlTest -->
