<?xml version="1.0" encoding="UTF-8"?>
<!-- Generated by org.testng.reporters.JUnitReportReporter -->
<testsuite ignored="0" hostname="fc3c13788461" failures="0" tests="2" name="org.artifactory.addon.conan.rest.ConanResourceTest" time="8.363" errors="0" timestamp="25 Oct 2021 16:06:41 GMT" skipped="0">
  <testcase classname="org.artifactory.addon.conan.rest.ConanResourceTest" name="testRegexpForDownloadResource" time="0.031"/>
  <testcase classname="org.artifactory.addon.conan.rest.ConanResourceTest" name="shouldReturnNonFoundError" time="8.332"/>
</testsuite> <!-- org.artifactory.addon.conan.rest.ConanResourceTest -->
