<?xml version="1.0" encoding="UTF-8"?>
<!-- Generated by org.testng.reporters.JUnitReportReporter -->
<testsuite ignored="0" hostname="fc3c13788461" failures="0" tests="2" name="org.artifactory.addon.mirror.internal.MirrorControllerTest" time="4.102" errors="0" timestamp="25 Oct 2021 16:09:43 GMT" skipped="0">
  <testcase classname="org.artifactory.addon.mirror.internal.MirrorControllerTest" name="testTriggerFullSyncSpecificMirror" time="0.006"/>
  <testcase classname="org.artifactory.addon.mirror.internal.MirrorControllerTest" name="testTriggerFullSync" time="4.096"/>
</testsuite> <!-- org.artifactory.addon.mirror.internal.MirrorControllerTest -->
