<?xml version="1.0" encoding="UTF-8"?>
<!-- Generated by org.testng.reporters.JUnitReportReporter -->
<testsuite ignored="0" hostname="fc3c13788461" failures="0" tests="3" name="org.artifactory.addon.gems.index.merge.NvpComparatorTest" time="0.157" errors="0" timestamp="25 Oct 2021 16:05:27 GMT" skipped="0">
  <testcase classname="org.artifactory.addon.gems.index.merge.NvpComparatorTest" name="test" time="0.139"/>
  <testcase classname="org.artifactory.addon.gems.index.merge.NvpComparatorTest" name="testNullPlatform" time="0.000"/>
  <testcase classname="org.artifactory.addon.gems.index.merge.NvpComparatorTest" name="test2" time="0.018"/>
</testsuite> <!-- org.artifactory.addon.gems.index.merge.NvpComparatorTest -->
