<?xml version="1.0" encoding="UTF-8"?>
<!-- Generated by org.testng.reporters.JUnitReportReporter -->
<testsuite ignored="0" hostname="fc3c13788461" failures="0" tests="30" name="org.artifactory.addon.nugetv3.repo.NuGetV3RemoteRepoHandlerTest" time="4.819" errors="0" timestamp="25 Oct 2021 16:05:11 GMT" skipped="0">
  <testcase classname="org.artifactory.addon.nugetv3.repo.NuGetV3RemoteRepoHandlerTest" name="testDownloadWithNullRegistrationSpecificVersion" time="0.784"/>
  <testcase classname="org.artifactory.addon.nugetv3.repo.NuGetV3RemoteRepoHandlerTest" name="testFeedBadJson" time="0.096"/>
  <testcase classname="org.artifactory.addon.nugetv3.repo.NuGetV3RemoteRepoHandlerTest" name="testRegistrationPageIOException" time="0.049"/>
  <testcase classname="org.artifactory.addon.nugetv3.repo.NuGetV3RemoteRepoHandlerTest" name="testRegistrationSpecificPackageVersionBadStatusCode" time="0.031"/>
  <testcase classname="org.artifactory.addon.nugetv3.repo.NuGetV3RemoteRepoHandlerTest" name="testSearchWithSemVer2" time="0.080"/>
  <testcase classname="org.artifactory.addon.nugetv3.repo.NuGetV3RemoteRepoHandlerTest" name="testSearchBadResponseCode" time="1.650"/>
  <testcase classname="org.artifactory.addon.nugetv3.repo.NuGetV3RemoteRepoHandlerTest" name="testRegistrationPageBadJson" time="0.044"/>
  <testcase classname="org.artifactory.addon.nugetv3.repo.NuGetV3RemoteRepoHandlerTest" name="testRegistrationSpecificPackageVersionIOException" time="0.041"/>
  <testcase classname="org.artifactory.addon.nugetv3.repo.NuGetV3RemoteRepoHandlerTest" name="testRegistrationSpecificPackageVersionPageBadJson" time="0.025"/>
  <testcase classname="org.artifactory.addon.nugetv3.repo.NuGetV3RemoteRepoHandlerTest" name="testRegistrationNull" time="0.037"/>
  <testcase classname="org.artifactory.addon.nugetv3.repo.NuGetV3RemoteRepoHandlerTest" name="testFeedNull" time="0.686"/>
  <testcase classname="org.artifactory.addon.nugetv3.repo.NuGetV3RemoteRepoHandlerTest" name="testRegistrationSpecificPackageVersion" time="0.034"/>
  <testcase classname="org.artifactory.addon.nugetv3.repo.NuGetV3RemoteRepoHandlerTest" name="testRegistrationBadJson" time="0.042"/>
  <testcase classname="org.artifactory.addon.nugetv3.repo.NuGetV3RemoteRepoHandlerTest" name="testFeedBadStatusCode" time="0.049"/>
  <testcase classname="org.artifactory.addon.nugetv3.repo.NuGetV3RemoteRepoHandlerTest" name="testDownloadWithSemVer2" time="0.120"/>
  <testcase classname="org.artifactory.addon.nugetv3.repo.NuGetV3RemoteRepoHandlerTest" name="testRegistrationSpecificPackageVersionPageNull" time="0.068"/>
  <testcase classname="org.artifactory.addon.nugetv3.repo.NuGetV3RemoteRepoHandlerTest" name="testSearchWithoutSemVer2" time="0.034"/>
  <testcase classname="org.artifactory.addon.nugetv3.repo.NuGetV3RemoteRepoHandlerTest" name="testFeedWithUnknownType" time="0.042"/>
  <testcase classname="org.artifactory.addon.nugetv3.repo.NuGetV3RemoteRepoHandlerTest" name="testSearchWithComplexQuery" time="0.086"/>
  <testcase classname="org.artifactory.addon.nugetv3.repo.NuGetV3RemoteRepoHandlerTest" name="testFeed" time="0.117"/>
  <testcase classname="org.artifactory.addon.nugetv3.repo.NuGetV3RemoteRepoHandlerTest" name="testRegistrationBadStatusCode" time="0.051"/>
  <testcase classname="org.artifactory.addon.nugetv3.repo.NuGetV3RemoteRepoHandlerTest" name="testRegistrationIOException" time="0.026"/>
  <testcase classname="org.artifactory.addon.nugetv3.repo.NuGetV3RemoteRepoHandlerTest" name="testRegistrationPageNull" time="0.085"/>
  <testcase classname="org.artifactory.addon.nugetv3.repo.NuGetV3RemoteRepoHandlerTest" name="testSearchWithPreReleaseWithSemVer2" time="0.112"/>
  <testcase classname="org.artifactory.addon.nugetv3.repo.NuGetV3RemoteRepoHandlerTest" name="testSearchWhenRemoteOffline" time="0.018"/>
  <testcase classname="org.artifactory.addon.nugetv3.repo.NuGetV3RemoteRepoHandlerTest" name="testRegistrationPageBadStatusCode" time="0.061"/>
  <testcase classname="org.artifactory.addon.nugetv3.repo.NuGetV3RemoteRepoHandlerTest" name="testRegistrationPage" time="0.071"/>
  <testcase classname="org.artifactory.addon.nugetv3.repo.NuGetV3RemoteRepoHandlerTest" name="testFeedIOException" time="0.053"/>
  <testcase classname="org.artifactory.addon.nugetv3.repo.NuGetV3RemoteRepoHandlerTest" name="testSearchWithPreReleaseWithoutSemVer2" time="0.048"/>
  <testcase classname="org.artifactory.addon.nugetv3.repo.NuGetV3RemoteRepoHandlerTest" name="testRegistration" time="0.179"/>
</testsuite> <!-- org.artifactory.addon.nugetv3.repo.NuGetV3RemoteRepoHandlerTest -->
