<?xml version="1.0" encoding="UTF-8"?>
<!-- Generated by org.testng.reporters.JUnitReportReporter -->
<testsuite ignored="0" hostname="fc3c13788461" failures="0" tests="2" name="org.artifactory.addon.bower.git.GitRefsMatcherTest" time="0.305" errors="0" timestamp="25 Oct 2021 16:10:40 GMT" skipped="0">
  <testcase classname="org.artifactory.addon.bower.git.GitRefsMatcherTest" name="matchByBranchName" time="0.303"/>
  <testcase classname="org.artifactory.addon.bower.git.GitRefsMatcherTest" name="matchByTagName" time="0.002"/>
</testsuite> <!-- org.artifactory.addon.bower.git.GitRefsMatcherTest -->
