<?xml version="1.0" encoding="UTF-8"?>
<!-- Generated by org.testng.reporters.JUnitReportReporter -->
<testsuite ignored="0" hostname="fc3c13788461" failures="0" tests="3" name="org.artifactory.addon.mirror.internal.MirrorsControllersTest" time="4.661" errors="0" timestamp="25 Oct 2021 16:09:43 GMT" skipped="0">
  <testcase classname="org.artifactory.addon.mirror.internal.MirrorsControllersTest" name="testGetWithLazyInitializationNotLazy" time="0.031"/>
  <testcase classname="org.artifactory.addon.mirror.internal.MirrorsControllersTest" name="testGetWithLazyInitializationNoRemoteMember" time="0.686"/>
  <testcase classname="org.artifactory.addon.mirror.internal.MirrorsControllersTest" name="testGetWithLazyInitializationNoController" time="3.944"/>
</testsuite> <!-- org.artifactory.addon.mirror.internal.MirrorsControllersTest -->
