<?xml version="1.0" encoding="UTF-8"?>
<!-- Generated by org.testng.reporters.JUnitReportReporter -->
<testsuite ignored="0" hostname="fc3c13788461" failures="0" tests="3" name="org.artifactory.addon.conda.workqueue.CondaRecalculateMetadataWorkItemTest" time="0.260" errors="0" timestamp="25 Oct 2021 16:07:22 GMT" skipped="0">
  <testcase classname="org.artifactory.addon.conda.workqueue.CondaRecalculateMetadataWorkItemTest" name="testGetUniqueKey" time="0.085"/>
  <testcase classname="org.artifactory.addon.conda.workqueue.CondaRecalculateMetadataWorkItemTest" name="testTestHashCode" time="0.006"/>
  <testcase classname="org.artifactory.addon.conda.workqueue.CondaRecalculateMetadataWorkItemTest" name="testTestEquals" time="0.169"/>
</testsuite> <!-- org.artifactory.addon.conda.workqueue.CondaRecalculateMetadataWorkItemTest -->
