<?xml version="1.0" encoding="UTF-8"?>
<!-- Generated by org.testng.reporters.JUnitReportReporter -->
<testsuite ignored="0" hostname="fc3c13788461" failures="0" tests="130" name="org.artifactory.addon.retention.core.service.ArtifactRetentionServiceImplTest" time="61.172" errors="0" timestamp="25 Oct 2021 16:11:40 GMT" skipped="0">
  <testcase classname="org.artifactory.addon.retention.core.service.ArtifactRetentionServiceImplTest" name="testAddPolicyWithSearchCriteriaForm" time="0.016"/>
  <testcase classname="org.artifactory.addon.retention.core.service.ArtifactRetentionServiceImplTest" name="executeDisabledPolicyTest" time="0.300"/>
  <testcase classname="org.artifactory.addon.retention.core.service.ArtifactRetentionServiceImplTest" name="testPolicyKeyValidators" time="0.030"/>
  <testcase classname="org.artifactory.addon.retention.core.service.ArtifactRetentionServiceImplTest" name="disableIcePullRestoredItemsTest" time="0.251"/>
  <testcase classname="org.artifactory.addon.retention.core.service.ArtifactRetentionServiceImplTest" name="testPolicyKeyValidators" time="0.020"/>
  <testcase classname="org.artifactory.addon.retention.core.service.ArtifactRetentionServiceImplTest" name="executeRestoreRequestWithOrWithoutAddingNamespaceTest" time="0.720"/>
  <testcase classname="org.artifactory.addon.retention.core.service.ArtifactRetentionServiceImplTest" name="testAddPolicyWithSearchCriteriaForm" time="0.057"/>
  <testcase classname="org.artifactory.addon.retention.core.service.ArtifactRetentionServiceImplTest" name="testRefreshMasterTokenIfNeeded" time="0.199"/>
  <testcase classname="org.artifactory.addon.retention.core.service.ArtifactRetentionServiceImplTest" name="deployResponseMetadataMismatchTest" time="1.631"/>
  <testcase classname="org.artifactory.addon.retention.core.service.ArtifactRetentionServiceImplTest" name="testExecutePolicyConcurrently" time="2.377"/>
  <testcase classname="org.artifactory.addon.retention.core.service.ArtifactRetentionServiceImplTest" name="testGetArtifactRetentionLinkWhenArtifactLifecycleIsDisabled" time="0.219"/>
  <testcase classname="org.artifactory.addon.retention.core.service.ArtifactRetentionServiceImplTest" name="testFullRestore" time="1.024"/>
  <testcase classname="org.artifactory.addon.retention.core.service.ArtifactRetentionServiceImplTest" name="testWrongInstanceNoRestoreTreeRendering" time="0.011"/>
  <testcase classname="org.artifactory.addon.retention.core.service.ArtifactRetentionServiceImplTest" name="testDontActivateColdInstanceStorageConsumptionLoggingJobOnWarm" time="0.224"/>
  <testcase classname="org.artifactory.addon.retention.core.service.ArtifactRetentionServiceImplTest" name="testPreviewByPolicyWithSearchCriteriaForm" time="0.239"/>
  <testcase classname="org.artifactory.addon.retention.core.service.ArtifactRetentionServiceImplTest" name="testRestoreToFallbackIfOrigRepoIsDeprecated" time="0.727"/>
  <testcase classname="org.artifactory.addon.retention.core.service.ArtifactRetentionServiceImplTest" name="disableIceDisablesDeleteTest" time="0.069"/>
  <testcase classname="org.artifactory.addon.retention.core.service.ArtifactRetentionServiceImplTest" name="testGetColdStorageArchiveRepositories" time="0.204"/>
  <testcase classname="org.artifactory.addon.retention.core.service.ArtifactRetentionServiceImplTest" name="archiveAnyRepoTest" time="1.110"/>
  <testcase classname="org.artifactory.addon.retention.core.service.ArtifactRetentionServiceImplTest" name="testPolicyKeyValidators" time="0.004"/>
  <testcase classname="org.artifactory.addon.retention.core.service.ArtifactRetentionServiceImplTest" name="copyItemsTest" time="1.939"/>
  <testcase classname="org.artifactory.addon.retention.core.service.ArtifactRetentionServiceImplTest" name="testRestoreWhenPartOfTheItemsNotExistInArchive" time="0.036"/>
  <testcase classname="org.artifactory.addon.retention.core.service.ArtifactRetentionServiceImplTest" name="testGetArtifactRetentionLinkOnColdInstance" time="0.688"/>
  <testcase classname="org.artifactory.addon.retention.core.service.ArtifactRetentionServiceImplTest" name="testDisableIceFeatureNoRestoreTreeRendering" time="0.027"/>
  <testcase classname="org.artifactory.addon.retention.core.service.ArtifactRetentionServiceImplTest" name="deployResponseMetadataMismatchTest" time="1.736"/>
  <testcase classname="org.artifactory.addon.retention.core.service.ArtifactRetentionServiceImplTest" name="archiveAnyRepoTest" time="1.367"/>
  <testcase classname="org.artifactory.addon.retention.core.service.ArtifactRetentionServiceImplTest" name="testRetentionDisabled" time="0.016"/>
  <testcase classname="org.artifactory.addon.retention.core.service.ArtifactRetentionServiceImplTest" name="testAddPolicyWithSearchCriteriaForm" time="0.019"/>
  <testcase classname="org.artifactory.addon.retention.core.service.ArtifactRetentionServiceImplTest" name="testPolicyKeyValidators" time="0.011"/>
  <testcase classname="org.artifactory.addon.retention.core.service.ArtifactRetentionServiceImplTest" name="testPolicyKeyValidators" time="0.002"/>
  <testcase classname="org.artifactory.addon.retention.core.service.ArtifactRetentionServiceImplTest" name="testPreviewByPolicyWithNoSearchFields" time="0.038"/>
  <testcase classname="org.artifactory.addon.retention.core.service.ArtifactRetentionServiceImplTest" name="testAddPolicyWithSearchCriteriaForm" time="0.013"/>
  <testcase classname="org.artifactory.addon.retention.core.service.ArtifactRetentionServiceImplTest" name="testAddPolicyWithSearchCriteriaForm" time="0.021"/>
  <testcase classname="org.artifactory.addon.retention.core.service.ArtifactRetentionServiceImplTest" name="disableIceDisablesUpdateTest" time="0.047"/>
  <testcase classname="org.artifactory.addon.retention.core.service.ArtifactRetentionServiceImplTest" name="testAddPolicyWithSearchCriteriaForm" time="0.016"/>
  <testcase classname="org.artifactory.addon.retention.core.service.ArtifactRetentionServiceImplTest" name="testPolicyKeyValidators" time="0.008"/>
  <testcase classname="org.artifactory.addon.retention.core.service.ArtifactRetentionServiceImplTest" name="executePolicyTest" time="1.859"/>
  <testcase classname="org.artifactory.addon.retention.core.service.ArtifactRetentionServiceImplTest" name="testRestoreToOriginalAndFallback" time="5.521"/>
  <testcase classname="org.artifactory.addon.retention.core.service.ArtifactRetentionServiceImplTest" name="testSystemYamlColdStorageConfigurationMatrix" time="0.031"/>
  <testcase classname="org.artifactory.addon.retention.core.service.ArtifactRetentionServiceImplTest" name="testMarkPolicyAsStoppingWhenRetentionIsDisabled" time="0.042"/>
  <testcase classname="org.artifactory.addon.retention.core.service.ArtifactRetentionServiceImplTest" name="testRestoreToCentral" time="0.680"/>
  <testcase classname="org.artifactory.addon.retention.core.service.ArtifactRetentionServiceImplTest" name="testExecutePolicyConcurrently" time="4.080"/>
  <testcase classname="org.artifactory.addon.retention.core.service.ArtifactRetentionServiceImplTest" name="updateAndGetPolicyTest" time="0.011"/>
  <testcase classname="org.artifactory.addon.retention.core.service.ArtifactRetentionServiceImplTest" name="testPolicyKeyValidators" time="0.004"/>
  <testcase classname="org.artifactory.addon.retention.core.service.ArtifactRetentionServiceImplTest" name="testPolicyKeyValidators" time="0.007"/>
  <testcase classname="org.artifactory.addon.retention.core.service.ArtifactRetentionServiceImplTest" name="createAndGetAllPoliciesTest" time="0.170"/>
  <testcase classname="org.artifactory.addon.retention.core.service.ArtifactRetentionServiceImplTest" name="createPolicyWithAqlAndSearchCriteriaFormTest" time="0.034"/>
  <testcase classname="org.artifactory.addon.retention.core.service.ArtifactRetentionServiceImplTest" name="archiveAnyRepoTest" time="1.186"/>
  <testcase classname="org.artifactory.addon.retention.core.service.ArtifactRetentionServiceImplTest" name="testAddPolicyWithSearchCriteriaForm" time="0.018"/>
  <testcase classname="org.artifactory.addon.retention.core.service.ArtifactRetentionServiceImplTest" name="testMutualExclusiveFallbackAndCentral" time="0.245"/>
  <testcase classname="org.artifactory.addon.retention.core.service.ArtifactRetentionServiceImplTest" name="testAddPolicyWithSearchCriteriaForm" time="0.015"/>
  <testcase classname="org.artifactory.addon.retention.core.service.ArtifactRetentionServiceImplTest" name="executeRestoreRequestReturnErrorOnStatusHolderWhenNamespaceIsNotConfiguredTest" time="0.071"/>
  <testcase classname="org.artifactory.addon.retention.core.service.ArtifactRetentionServiceImplTest" name="testAddPolicyWithSearchCriteriaForm" time="0.027"/>
  <testcase classname="org.artifactory.addon.retention.core.service.ArtifactRetentionServiceImplTest" name="testPolicyKeyValidators" time="0.006"/>
  <testcase classname="org.artifactory.addon.retention.core.service.ArtifactRetentionServiceImplTest" name="testRestoreItemsUpload" time="0.131"/>
  <testcase classname="org.artifactory.addon.retention.core.service.ArtifactRetentionServiceImplTest" name="testAddPolicyWithSearchCriteriaForm" time="0.009"/>
  <testcase classname="org.artifactory.addon.retention.core.service.ArtifactRetentionServiceImplTest" name="testPolicyKeyValidators" time="0.003"/>
  <testcase classname="org.artifactory.addon.retention.core.service.ArtifactRetentionServiceImplTest" name="pullItemsTest" time="0.927"/>
  <testcase classname="org.artifactory.addon.retention.core.service.ArtifactRetentionServiceImplTest" name="archiveAnyRepoTest" time="5.771"/>
  <testcase classname="org.artifactory.addon.retention.core.service.ArtifactRetentionServiceImplTest" name="testGetRetentionLinkWhenWarmAndColdNotPaired" time="0.184"/>
  <testcase classname="org.artifactory.addon.retention.core.service.ArtifactRetentionServiceImplTest" name="deployResponseMetadataMismatchTest" time="1.529"/>
  <testcase classname="org.artifactory.addon.retention.core.service.ArtifactRetentionServiceImplTest" name="testAddPolicyWithSearchCriteriaForm" time="0.017"/>
  <testcase classname="org.artifactory.addon.retention.core.service.ArtifactRetentionServiceImplTest" name="disableRetentionTest" time="0.153"/>
  <testcase classname="org.artifactory.addon.retention.core.service.ArtifactRetentionServiceImplTest" name="testRestoreItemNotExistInArchive" time="1.439"/>
  <testcase classname="org.artifactory.addon.retention.core.service.ArtifactRetentionServiceImplTest" name="testSystemYamlColdStorageConfigurationMatrix" time="0.028"/>
  <testcase classname="org.artifactory.addon.retention.core.service.ArtifactRetentionServiceImplTest" name="deployResponseMetadataMismatchTest" time="1.445"/>
  <testcase classname="org.artifactory.addon.retention.core.service.ArtifactRetentionServiceImplTest" name="testRestoreToOriginal" time="0.624"/>
  <testcase classname="org.artifactory.addon.retention.core.service.ArtifactRetentionServiceImplTest" name="testMarkPolicyAsStoppingForColdMode" time="0.029"/>
  <testcase classname="org.artifactory.addon.retention.core.service.ArtifactRetentionServiceImplTest" name="testPreviewByPolicyWithInvalidSearchFields" time="0.052"/>
  <testcase classname="org.artifactory.addon.retention.core.service.ArtifactRetentionServiceImplTest" name="testAddPolicyWithSearchCriteriaForm" time="0.020"/>
  <testcase classname="org.artifactory.addon.retention.core.service.ArtifactRetentionServiceImplTest" name="testAddPolicyWithSearchCriteriaForm" time="0.009"/>
  <testcase classname="org.artifactory.addon.retention.core.service.ArtifactRetentionServiceImplTest" name="testPolicyKeyValidators" time="0.003"/>
  <testcase classname="org.artifactory.addon.retention.core.service.ArtifactRetentionServiceImplTest" name="disableIceDisablesGetTest" time="0.061"/>
  <testcase classname="org.artifactory.addon.retention.core.service.ArtifactRetentionServiceImplTest" name="testRestoreItemsUploadFails" time="0.710"/>
  <testcase classname="org.artifactory.addon.retention.core.service.ArtifactRetentionServiceImplTest" name="createPolicyBadCronExpTest" time="0.054"/>
  <testcase classname="org.artifactory.addon.retention.core.service.ArtifactRetentionServiceImplTest" name="testGetArchiveRepositories" time="0.215"/>
  <testcase classname="org.artifactory.addon.retention.core.service.ArtifactRetentionServiceImplTest" name="testAddPolicyWithSearchCriteriaForm" time="0.011"/>
  <testcase classname="org.artifactory.addon.retention.core.service.ArtifactRetentionServiceImplTest" name="testExecutePolicyConcurrently" time="0.085"/>
  <testcase classname="org.artifactory.addon.retention.core.service.ArtifactRetentionServiceImplTest" name="disableIceTest" time="0.337"/>
  <testcase classname="org.artifactory.addon.retention.core.service.ArtifactRetentionServiceImplTest" name="testAddPolicyWithSearchCriteriaForm" time="0.008"/>
  <testcase classname="org.artifactory.addon.retention.core.service.ArtifactRetentionServiceImplTest" name="testAddPolicyWithSearchCriteriaForm" time="0.016"/>
  <testcase classname="org.artifactory.addon.retention.core.service.ArtifactRetentionServiceImplTest" name="testAddPolicyWithSearchCriteriaForm" time="0.015"/>
  <testcase classname="org.artifactory.addon.retention.core.service.ArtifactRetentionServiceImplTest" name="testMarkPolicyAsStoppingForMissedPolicy" time="0.026"/>
  <testcase classname="org.artifactory.addon.retention.core.service.ArtifactRetentionServiceImplTest" name="testFailIfFallbackDoesNotExist" time="0.066"/>
  <testcase classname="org.artifactory.addon.retention.core.service.ArtifactRetentionServiceImplTest" name="testDisableIceModeNoStatusMapping" time="0.339"/>
  <testcase classname="org.artifactory.addon.retention.core.service.ArtifactRetentionServiceImplTest" name="testAddPolicyWithSearchCriteriaForm" time="0.023"/>
  <testcase classname="org.artifactory.addon.retention.core.service.ArtifactRetentionServiceImplTest" name="copyItemsTest" time="1.681"/>
  <testcase classname="org.artifactory.addon.retention.core.service.ArtifactRetentionServiceImplTest" name="copyItemsTest" time="2.216"/>
  <testcase classname="org.artifactory.addon.retention.core.service.ArtifactRetentionServiceImplTest" name="testDontActivateColdInstanceStorageConsumptionLoggingJobWhenJobIsAlreadyRunning" time="0.012"/>
  <testcase classname="org.artifactory.addon.retention.core.service.ArtifactRetentionServiceImplTest" name="testExecutePolicyConcurrently" time="0.046"/>
  <testcase classname="org.artifactory.addon.retention.core.service.ArtifactRetentionServiceImplTest" name="copyItemsTest" time="1.310"/>
  <testcase classname="org.artifactory.addon.retention.core.service.ArtifactRetentionServiceImplTest" name="previewByPolicyKeyTest" time="0.048"/>
  <testcase classname="org.artifactory.addon.retention.core.service.ArtifactRetentionServiceImplTest" name="testGenerateJFrogColdStorageNamespaceOnWarm" time="0.130"/>
  <testcase classname="org.artifactory.addon.retention.core.service.ArtifactRetentionServiceImplTest" name="testAddPolicyWithSearchCriteriaForm" time="0.054"/>
  <testcase classname="org.artifactory.addon.retention.core.service.ArtifactRetentionServiceImplTest" name="testAddPolicyWithSearchCriteriaForm" time="0.011"/>
  <testcase classname="org.artifactory.addon.retention.core.service.ArtifactRetentionServiceImplTest" name="archiveAnyRepoTest" time="1.130"/>
  <testcase classname="org.artifactory.addon.retention.core.service.ArtifactRetentionServiceImplTest" name="testPolicyKeyValidators" time="0.005"/>
  <testcase classname="org.artifactory.addon.retention.core.service.ArtifactRetentionServiceImplTest" name="executePolicyWithProLicense" time="0.212"/>
  <testcase classname="org.artifactory.addon.retention.core.service.ArtifactRetentionServiceImplTest" name="testFailIfCentralDoesNotExist" time="0.236"/>
  <testcase classname="org.artifactory.addon.retention.core.service.ArtifactRetentionServiceImplTest" name="executePolicyWithSearchCriteriaFormTest" time="1.415"/>
  <testcase classname="org.artifactory.addon.retention.core.service.ArtifactRetentionServiceImplTest" name="testActivateColdInstanceStorageConsumptionLoggingJob" time="0.294"/>
  <testcase classname="org.artifactory.addon.retention.core.service.ArtifactRetentionServiceImplTest" name="deployResponseMetadataMismatchTest" time="1.607"/>
  <testcase classname="org.artifactory.addon.retention.core.service.ArtifactRetentionServiceImplTest" name="testFailIfCentralNotProvided" time="0.091"/>
  <testcase classname="org.artifactory.addon.retention.core.service.ArtifactRetentionServiceImplTest" name="testGetRetentionLink" time="0.186"/>
  <testcase classname="org.artifactory.addon.retention.core.service.ArtifactRetentionServiceImplTest" name="deployResponseMetadataMismatchTest" time="1.550"/>
  <testcase classname="org.artifactory.addon.retention.core.service.ArtifactRetentionServiceImplTest" name="testPolicyKeyValidators" time="0.004"/>
  <testcase classname="org.artifactory.addon.retention.core.service.ArtifactRetentionServiceImplTest" name="coldRepoCreationTest" time="1.295"/>
  <testcase classname="org.artifactory.addon.retention.core.service.ArtifactRetentionServiceImplTest" name="testAddPolicyWithSearchCriteriaForm" time="0.007"/>
  <testcase classname="org.artifactory.addon.retention.core.service.ArtifactRetentionServiceImplTest" name="testAddPolicyWithSearchCriteriaForm" time="0.035"/>
  <testcase classname="org.artifactory.addon.retention.core.service.ArtifactRetentionServiceImplTest" name="testPolicyKeyValidators" time="0.010"/>
  <testcase classname="org.artifactory.addon.retention.core.service.ArtifactRetentionServiceImplTest" name="testRestoreToFallbackIfOrigRepoIsRemote" time="0.658"/>
  <testcase classname="org.artifactory.addon.retention.core.service.ArtifactRetentionServiceImplTest" name="deleteAndGetPolicyTest" time="0.086"/>
  <testcase classname="org.artifactory.addon.retention.core.service.ArtifactRetentionServiceImplTest" name="executePolicyWithSkipTrashcanTest" time="1.755"/>
  <testcase classname="org.artifactory.addon.retention.core.service.ArtifactRetentionServiceImplTest" name="executeRestoreRequestWithOrWithoutAddingNamespaceTest" time="0.161"/>
  <testcase classname="org.artifactory.addon.retention.core.service.ArtifactRetentionServiceImplTest" name="updatePolicyBadCronExp" time="0.011"/>
  <testcase classname="org.artifactory.addon.retention.core.service.ArtifactRetentionServiceImplTest" name="testAddPolicyWithSearchCriteriaForm" time="0.052"/>
  <testcase classname="org.artifactory.addon.retention.core.service.ArtifactRetentionServiceImplTest" name="updatePolicyNoAql" time="0.010"/>
  <testcase classname="org.artifactory.addon.retention.core.service.ArtifactRetentionServiceImplTest" name="executeRestoreOnColdInstanceRequestTest" time="0.280"/>
  <testcase classname="org.artifactory.addon.retention.core.service.ArtifactRetentionServiceImplTest" name="disableIceDisablesCreateTest" time="0.068"/>
  <testcase classname="org.artifactory.addon.retention.core.service.ArtifactRetentionServiceImplTest" name="pullItemsTestForProLicense" time="0.079"/>
  <testcase classname="org.artifactory.addon.retention.core.service.ArtifactRetentionServiceImplTest" name="executeRestoreRequestWithOrWithoutAddingNamespaceTest" time="0.125"/>
  <testcase classname="org.artifactory.addon.retention.core.service.ArtifactRetentionServiceImplTest" name="testFailIfFallbackNotProvided" time="0.146"/>
  <testcase classname="org.artifactory.addon.retention.core.service.ArtifactRetentionServiceImplTest" name="testSystemYamlColdStorageConfigurationMatrix" time="0.027"/>
  <testcase classname="org.artifactory.addon.retention.core.service.ArtifactRetentionServiceImplTest" name="createAndGetPolicyTest" time="0.049"/>
  <testcase classname="org.artifactory.addon.retention.core.service.ArtifactRetentionServiceImplTest" name="testMarkStoppedPolicyAsStopping" time="0.021"/>
  <testcase classname="org.artifactory.addon.retention.core.service.ArtifactRetentionServiceImplTest" name="testAddPolicyWithSearchCriteriaForm" time="0.007"/>
  <testcase classname="org.artifactory.addon.retention.core.service.ArtifactRetentionServiceImplTest" name="createPolicyWithoutAqlOrSearchCriteriaFormTest" time="0.099"/>
  <testcase classname="org.artifactory.addon.retention.core.service.ArtifactRetentionServiceImplTest" name="testMarkPolicyAsStoppingTwice" time="0.038"/>
  <testcase classname="org.artifactory.addon.retention.core.service.ArtifactRetentionServiceImplTest" name="testPreviewByPolicyWithAql" time="0.141"/>
  <testcase classname="org.artifactory.addon.retention.core.service.ArtifactRetentionServiceImplTest" name="testSystemYamlColdStorageConfigurationMatrix" time="0.012"/>
</testsuite> <!-- org.artifactory.addon.retention.core.service.ArtifactRetentionServiceImplTest -->
