<?xml version="1.0" encoding="UTF-8"?>
<!-- Generated by org.testng.reporters.JUnitReportReporter -->
<testsuite ignored="0" hostname="fc3c13788461" failures="0" tests="4" name="org.artifactory.addon.debian.DebianEventsTest" time="3.570" errors="0" timestamp="25 Oct 2021 16:08:34 GMT" skipped="0">
  <testcase classname="org.artifactory.addon.debian.DebianEventsTest" name="testEqualsEventsAccumulator" time="3.255"/>
  <testcase classname="org.artifactory.addon.debian.DebianEventsTest" name="testDifferentRepositoriesPackagesEventsAccumulator" time="0.092"/>
  <testcase classname="org.artifactory.addon.debian.DebianEventsTest" name="testDifferentRepositoriesReleaseEventsAccumulator" time="0.083"/>
  <testcase classname="org.artifactory.addon.debian.DebianEventsTest" name="testDifferentEventsAccumulator" time="0.140"/>
</testsuite> <!-- org.artifactory.addon.debian.DebianEventsTest -->
