<?xml version="1.0" encoding="UTF-8"?>
<!-- Generated by org.testng.reporters.JUnitReportReporter -->
<testsuite ignored="0" hostname="fc3c13788461" failures="0" tests="1" name="org.artifactory.addon.go.repo.GoMetadataCheckerTest" time="0.134" errors="0" timestamp="25 Oct 2021 16:09:27 GMT" skipped="0">
  <testcase classname="org.artifactory.addon.go.repo.GoMetadataCheckerTest" name="testShouldExcludePropertyOnReplication" time="0.134"/>
</testsuite> <!-- org.artifactory.addon.go.repo.GoMetadataCheckerTest -->
