<?xml version="1.0" encoding="UTF-8"?>
<!-- Generated by org.testng.reporters.JUnitReportReporter -->
<testsuite ignored="0" hostname="fc3c13788461" failures="0" tests="2" name="org.artifactory.addon.layouts.LayoutsAddonImplTest" time="0.038" errors="0" timestamp="25 Oct 2021 16:03:25 GMT" skipped="0">
  <testcase classname="org.artifactory.addon.layouts.LayoutsAddonImplTest" name="testCanCrossLayouts" time="0.016"/>
  <testcase classname="org.artifactory.addon.layouts.LayoutsAddonImplTest" name="testTranslateArtifactPathWithUnCrossablePatterns" time="0.022"/>
</testsuite> <!-- org.artifactory.addon.layouts.LayoutsAddonImplTest -->
