<?xml version="1.0" encoding="UTF-8"?>
<!-- Generated by org.testng.reporters.JUnitReportReporter -->
<testsuite ignored="0" hostname="fc3c13788461" failures="0" tests="1" name="org.artifactory.addon.webstart.WebstartAddonImplTest" time="0.026" errors="0" timestamp="25 Oct 2021 16:03:39 GMT" skipped="0">
  <testcase classname="org.artifactory.addon.webstart.WebstartAddonImplTest" name="checkGetCertAliases" time="0.026"/>
</testsuite> <!-- org.artifactory.addon.webstart.WebstartAddonImplTest -->
