<?xml version="1.0" encoding="UTF-8"?>
<!-- Generated by org.testng.reporters.JUnitReportReporter -->
<testsuite ignored="0" hostname="fc3c13788461" failures="0" tests="3" name="org.artifactory.addon.sso.auth.crowd.CrowdSettingsTest" time="4.413" errors="0" timestamp="25 Oct 2021 16:07:50 GMT" skipped="0">
  <testcase classname="org.artifactory.addon.sso.auth.crowd.CrowdSettingsTest" name="testCustomClientCrowdPropertyConfig" time="3.712"/>
  <testcase classname="org.artifactory.addon.sso.auth.crowd.CrowdSettingsTest" name="testClientPropertiesProduction" time="0.690"/>
  <testcase classname="org.artifactory.addon.sso.auth.crowd.CrowdSettingsTest" name="testDefaultConstructor" time="0.011"/>
</testsuite> <!-- org.artifactory.addon.sso.auth.crowd.CrowdSettingsTest -->
