<?xml version="1.0" encoding="UTF-8"?>
<!-- Generated by org.testng.reporters.JUnitReportReporter -->
<testsuite ignored="0" hostname="fc3c13788461" failures="0" tests="2" name="org.jfrog.repomd.PubSpecYamlExtractorTest" time="1.396" errors="0" timestamp="25 Oct 2021 16:07:42 GMT" skipped="0">
  <testcase classname="org.jfrog.repomd.PubSpecYamlExtractorTest" name="extractByPath" time="0.766"/>
  <testcase classname="org.jfrog.repomd.PubSpecYamlExtractorTest" name="extractByArtifact" time="0.630"/>
</testsuite> <!-- org.jfrog.repomd.PubSpecYamlExtractorTest -->
