<?xml version="1.0" encoding="UTF-8"?>
<!-- Generated by org.testng.reporters.JUnitReportReporter -->
<testsuite ignored="0" hostname="fc3c13788461" failures="0" tests="11" name="org.artifactory.addon.HaMembersVerificationTest" time="2.327" errors="0" timestamp="25 Oct 2021 16:03:06 GMT" skipped="0">
  <testcase classname="org.artifactory.addon.HaMembersVerificationTest" name="allHaAndLocalTrailLicense" time="2.200"/>
  <testcase classname="org.artifactory.addon.HaMembersVerificationTest" name="memberHaveOssLicenseExists" time="0.003"/>
  <testcase classname="org.artifactory.addon.HaMembersVerificationTest" name="allHaLicenseAndDuplicateLicenseExists" time="0.026"/>
  <testcase classname="org.artifactory.addon.HaMembersVerificationTest" name="localHaWithNoneHaMembers" time="0.004"/>
  <testcase classname="org.artifactory.addon.HaMembersVerificationTest" name="noneUniqueServerId" time="0.009"/>
  <testcase classname="org.artifactory.addon.HaMembersVerificationTest" name="haConfiguredWithProLicense" time="0.021"/>
  <testcase classname="org.artifactory.addon.HaMembersVerificationTest" name="localHaWithRemoteOss" time="0.003"/>
  <testcase classname="org.artifactory.addon.HaMembersVerificationTest" name="allHaLicense" time="0.007"/>
  <testcase classname="org.artifactory.addon.HaMembersVerificationTest" name="duplicateLicenseAndRunningModeConflict" time="0.023"/>
  <testcase classname="org.artifactory.addon.HaMembersVerificationTest" name="localIsNotHARemoteAreHALicenseExists" time="0.008"/>
  <testcase classname="org.artifactory.addon.HaMembersVerificationTest" name="localAndMembersAreNotHAExists" time="0.023"/>
</testsuite> <!-- org.artifactory.addon.HaMembersVerificationTest -->
