<?xml version="1.0" encoding="UTF-8"?>
<!-- Generated by org.testng.reporters.JUnitReportReporter -->
<testsuite ignored="1" hostname="fc3c13788461" failures="0" tests="6" name="org.artifactory.addon.docker.util.v2.DockerUtilTest" time="0.118" errors="0" timestamp="25 Oct 2021 16:05:04 GMT" skipped="0">
  <testcase classname="org.artifactory.addon.docker.util.v2.DockerUtilTest" name="testIsFileExistOnFederatedRepoWithBinary" time="0.013"/>
  <testcase classname="org.artifactory.addon.docker.util.v2.DockerUtilTest" name="testIsManifestDigestDifferentV1" time="0.099"/>
  <testcase classname="org.artifactory.addon.docker.util.v2.DockerUtilTest" name="testIsFileExistOnFederatedRepoWithoutBinary" time="0.003"/>
  <testcase classname="org.artifactory.addon.docker.util.v2.DockerUtilTest" name="testIsFileExistOnFederatedRepoNoBinary" time="0.001"/>
  <testcase classname="org.artifactory.addon.docker.util.v2.DockerUtilTest" name="testIsManifestDigestDifferentV2" time="0.001"/>
  <testcase classname="org.artifactory.addon.docker.util.v2.DockerUtilTest" name="testIsFileExistOnFederationRepoNonFederatedRepo" time="0.001"/>
  <testcase classname="org.artifactory.addon.docker.indexer.CatalogIndexWorkItemTest" name="testDupWorkItemsHandledOnlyOnceMultithreaded">
    <skipped/>
  </testcase> <!-- testDupWorkItemsHandledOnlyOnceMultithreaded -->
</testsuite> <!-- org.artifactory.addon.docker.util.v2.DockerUtilTest -->
