<?xml version="1.0" encoding="UTF-8"?>
<!-- Generated by org.testng.reporters.JUnitReportReporter -->
<testsuite ignored="0" hostname="fc3c13788461" failures="0" tests="10" name="org.artifactory.addon.cran.repo.merger.CranVirtualMergerTest" time="1.592" errors="0" timestamp="25 Oct 2021 16:07:19 GMT" skipped="0">
  <testcase classname="org.artifactory.addon.cran.repo.merger.CranVirtualMergerTest" name="testMergeOnlyOneEmptyIndexFiles" time="0.023"/>
  <testcase classname="org.artifactory.addon.cran.repo.merger.CranVirtualMergerTest" name="mergeWithPriorityResolutionFlagExpectOnlyAllPriorityLocal" time="0.030"/>
  <testcase classname="org.artifactory.addon.cran.repo.merger.CranVirtualMergerTest" name="mergeWithOnePriorityResolutionFlagExpectOnlyOnePriorityLocal" time="0.038"/>
  <testcase classname="org.artifactory.addon.cran.repo.merger.CranVirtualMergerTest" name="testMergeSamePackageDifferentVersion" time="0.008"/>
  <testcase classname="org.artifactory.addon.cran.repo.merger.CranVirtualMergerTest" name="testMergeSamePackageNameSameVersion" time="0.009"/>
  <testcase classname="org.artifactory.addon.cran.repo.merger.CranVirtualMergerTest" name="testMergeResultIsOrdered" time="0.023"/>
  <testcase classname="org.artifactory.addon.cran.repo.merger.CranVirtualMergerTest" name="mergeRemoteLocalNonPrioritizedExpectAll" time="1.433"/>
  <testcase classname="org.artifactory.addon.cran.repo.merger.CranVirtualMergerTest" name="mergeRemotePrioritizedLocalNonPrioritized" time="0.012"/>
  <testcase classname="org.artifactory.addon.cran.repo.merger.CranVirtualMergerTest" name="testMergeAllDifferentSourcePackages" time="0.005"/>
  <testcase classname="org.artifactory.addon.cran.repo.merger.CranVirtualMergerTest" name="testMergeBothEmptyIndexFiles" time="0.011"/>
</testsuite> <!-- org.artifactory.addon.cran.repo.merger.CranVirtualMergerTest -->
