<?xml version="1.0" encoding="UTF-8"?>
<!-- Generated by org.testng.reporters.JUnitReportReporter -->
<testsuite ignored="0" hostname="fc3c13788461" failures="0" tests="20" name="org.artifactory.addon.federated.federation.BidirectionalFullReplicationVisitorTest" time="3.686" errors="0" timestamp="25 Oct 2021 16:11:21 GMT" skipped="0">
  <testcase classname="org.artifactory.addon.federated.federation.BidirectionalFullReplicationVisitorTest" name="sameFilesDifferentPropertiesRemoteAndSameModification" time="0.116"/>
  <testcase classname="org.artifactory.addon.federated.federation.BidirectionalFullReplicationVisitorTest" name="localAndRemoteSamePathSameSha2RemoteIsNewer" time="0.119"/>
  <testcase classname="org.artifactory.addon.federated.federation.BidirectionalFullReplicationVisitorTest" name="sameFilesDifferentPathAndChecksumsAndPropertiesSameModification" time="0.140"/>
  <testcase classname="org.artifactory.addon.federated.federation.BidirectionalFullReplicationVisitorTest" name="sameFilesDifferentPropertiesLocalNewer" time="0.112"/>
  <testcase classname="org.artifactory.addon.federated.federation.BidirectionalFullReplicationVisitorTest" name="localAndRemoteDifferentPathSameModification" time="0.135"/>
  <testcase classname="org.artifactory.addon.federated.federation.BidirectionalFullReplicationVisitorTest" name="localAndRemoteSamePathDifferentSha2LocalIsNewer" time="0.155"/>
  <testcase classname="org.artifactory.addon.federated.federation.BidirectionalFullReplicationVisitorTest" name="sameContent" time="0.168"/>
  <testcase classname="org.artifactory.addon.federated.federation.BidirectionalFullReplicationVisitorTest" name="sameFilesDifferentChecksumsAndPropertiesRemoteNewer" time="0.121"/>
  <testcase classname="org.artifactory.addon.federated.federation.BidirectionalFullReplicationVisitorTest" name="sameFilesDifferentPropertiesRemoteNewer" time="0.119"/>
  <testcase classname="org.artifactory.addon.federated.federation.BidirectionalFullReplicationVisitorTest" name="sameFilesDifferentChecksumsAndPropertiesLocalNewer" time="0.158"/>
  <testcase classname="org.artifactory.addon.federated.federation.BidirectionalFullReplicationVisitorTest" name="sameFilesDifferentChecksumsAndPropertiesSameModification" time="0.119"/>
  <testcase classname="org.artifactory.addon.federated.federation.BidirectionalFullReplicationVisitorTest" name="sameContentLocalIsRemote" time="0.114"/>
  <testcase classname="org.artifactory.addon.federated.federation.BidirectionalFullReplicationVisitorTest" name="sameFilesDifferentPathAndChecksumsAndPropertiesLocalNewer" time="0.121"/>
  <testcase classname="org.artifactory.addon.federated.federation.BidirectionalFullReplicationVisitorTest" name="sameFilesDifferentPathAndChecksumsAndPropertiesRemoteIsNewer" time="0.116"/>
  <testcase classname="org.artifactory.addon.federated.federation.BidirectionalFullReplicationVisitorTest" name="localAndRemoteDifferentPathRemoteNewer" time="0.114"/>
  <testcase classname="org.artifactory.addon.federated.federation.BidirectionalFullReplicationVisitorTest" name="localAndRemoteSamePathDifferentSha2SameModification" time="0.138"/>
  <testcase classname="org.artifactory.addon.federated.federation.BidirectionalFullReplicationVisitorTest" name="localAndRemoteDifferentPathLocalNewer" time="1.116"/>
  <testcase classname="org.artifactory.addon.federated.federation.BidirectionalFullReplicationVisitorTest" name="localAndRemoteSamePathDifferentSha2RemoteIsNewer" time="0.131"/>
  <testcase classname="org.artifactory.addon.federated.federation.BidirectionalFullReplicationVisitorTest" name="sameContentLocalIsNewer" time="0.146"/>
  <testcase classname="org.artifactory.addon.federated.federation.BidirectionalFullReplicationVisitorTest" name="localFullRemoteEmpty" time="0.228"/>
</testsuite> <!-- org.artifactory.addon.federated.federation.BidirectionalFullReplicationVisitorTest -->
