<?xml version="1.0" encoding="UTF-8"?>
<!-- Generated by org.testng.reporters.JUnitReportReporter -->
<testsuite ignored="0" hostname="fc3c13788461" failures="0" tests="4" name="org.artifactory.addon.jfevent.JfEventAddonImplTest" time="6.953" errors="0" timestamp="25 Oct 2021 16:08:52 GMT" skipped="0">
  <testcase classname="org.artifactory.addon.jfevent.JfEventAddonImplTest" name="testGetDomainsListWhenRetentionIsNotEnabled" time="4.141"/>
  <testcase classname="org.artifactory.addon.jfevent.JfEventAddonImplTest" name="testIsDefault" time="0.071"/>
  <testcase classname="org.artifactory.addon.jfevent.JfEventAddonImplTest" name="testGetDomainsList" time="2.655"/>
  <testcase classname="org.artifactory.addon.jfevent.JfEventAddonImplTest" name="testGetDomainsListWhenLicenseIsNotEnterprisePlus" time="0.086"/>
</testsuite> <!-- org.artifactory.addon.jfevent.JfEventAddonImplTest -->
