<?xml version="1.0" encoding="UTF-8"?>
<!-- Generated by org.testng.reporters.JUnitReportReporter -->
<testsuite ignored="0" hostname="fc3c13788461" failures="0" tests="24" name="org.artifactory.addon.replication.core.push.incremental.dependency.DependencyUtilTest" time="0.108" errors="0" timestamp="25 Oct 2021 16:09:57 GMT" skipped="0">
  <testcase classname="org.artifactory.addon.replication.core.push.incremental.dependency.DependencyUtilTest" name="deleteNotDependsOnDeleteOnNonRelatedPaths" time="0.000"/>
  <testcase classname="org.artifactory.addon.replication.core.push.incremental.dependency.DependencyUtilTest" name="deployNotDependsOnPropChangeOnDifferentPath" time="0.000"/>
  <testcase classname="org.artifactory.addon.replication.core.push.incremental.dependency.DependencyUtilTest" name="deleteDependsOnPropChange" time="0.032"/>
  <testcase classname="org.artifactory.addon.replication.core.push.incremental.dependency.DependencyUtilTest" name="deleteDependsOnMkdir" time="0.002"/>
  <testcase classname="org.artifactory.addon.replication.core.push.incremental.dependency.DependencyUtilTest" name="deployNotDependsOnDifferentPathDeployment" time="0.001"/>
  <testcase classname="org.artifactory.addon.replication.core.push.incremental.dependency.DependencyUtilTest" name="deployNotDependsOnDifferentPathMkdir" time="0.001"/>
  <testcase classname="org.artifactory.addon.replication.core.push.incremental.dependency.DependencyUtilTest" name="deployDependsOnPropChangeOnSamePath" time="0.017"/>
  <testcase classname="org.artifactory.addon.replication.core.push.incremental.dependency.DependencyUtilTest" name="deployDependsOnSamePathDeployment" time="0.019"/>
  <testcase classname="org.artifactory.addon.replication.core.push.incremental.dependency.DependencyUtilTest" name="mkdirNotDependsOnDifferentPathsDeletion" time="0.000"/>
  <testcase classname="org.artifactory.addon.replication.core.push.incremental.dependency.DependencyUtilTest" name="deleteNotDependsOnDifferentPathDeployment" time="0.001"/>
  <testcase classname="org.artifactory.addon.replication.core.push.incremental.dependency.DependencyUtilTest" name="deployDependsOnSamePathDeletion" time="0.000"/>
  <testcase classname="org.artifactory.addon.replication.core.push.incremental.dependency.DependencyUtilTest" name="deployNotDependsOnDifferentPathDeletions" time="0.001"/>
  <testcase classname="org.artifactory.addon.replication.core.push.incremental.dependency.DependencyUtilTest" name="deleteDependsOnDelete" time="0.002"/>
  <testcase classname="org.artifactory.addon.replication.core.push.incremental.dependency.DependencyUtilTest" name="propChangeDependsOnDelete" time="0.001"/>
  <testcase classname="org.artifactory.addon.replication.core.push.incremental.dependency.DependencyUtilTest" name="statsNotDependsOnAnything" time="0.000"/>
  <testcase classname="org.artifactory.addon.replication.core.push.incremental.dependency.DependencyUtilTest" name="deleteNotDependsOnPropChangeWithDifferentPath" time="0.000"/>
  <testcase classname="org.artifactory.addon.replication.core.push.incremental.dependency.DependencyUtilTest" name="deleteDependsOnSamePathDeployment" time="0.002"/>
  <testcase classname="org.artifactory.addon.replication.core.push.incremental.dependency.DependencyUtilTest" name="propChangeNotDependsOnDeleteOnDifferentPaths" time="0.001"/>
  <testcase classname="org.artifactory.addon.replication.core.push.incremental.dependency.DependencyUtilTest" name="deleteNotDependsOnMkdir" time="0.001"/>
  <testcase classname="org.artifactory.addon.replication.core.push.incremental.dependency.DependencyUtilTest" name="mkdirNotDepsndsOnDifferentPathsMkdir" time="0.026"/>
  <testcase classname="org.artifactory.addon.replication.core.push.incremental.dependency.DependencyUtilTest" name="deployDependsOnAncestorPathDeletion" time="0.000"/>
  <testcase classname="org.artifactory.addon.replication.core.push.incremental.dependency.DependencyUtilTest" name="deployDependsOnAncestorsPathMkdir" time="0.001"/>
  <testcase classname="org.artifactory.addon.replication.core.push.incremental.dependency.DependencyUtilTest" name="mkdirDependsOnMkdir" time="0.000"/>
  <testcase classname="org.artifactory.addon.replication.core.push.incremental.dependency.DependencyUtilTest" name="mkdirDependsOnDeletion" time="0.000"/>
</testsuite> <!-- org.artifactory.addon.replication.core.push.incremental.dependency.DependencyUtilTest -->
