<?xml version="1.0" encoding="UTF-8"?>
<!-- Generated by org.testng.reporters.JUnitReportReporter -->
<testsuite ignored="0" hostname="fc3c13788461" failures="0" tests="22" name="org.artifactory.addon.debian.DebianServiceImplDbTest" time="1.873" errors="0" timestamp="25 Oct 2021 16:08:38 GMT" skipped="0">
  <testcase classname="org.artifactory.addon.debian.DebianServiceImplDbTest" name="calculateVirtualMetadataAfterInternalEventWhenAutoCalcDisabled" time="0.015"/>
  <testcase classname="org.artifactory.addon.debian.DebianServiceImplDbTest" name="calculateVirtualMetadataAfterInternalEvent" time="0.070"/>
  <testcase classname="org.artifactory.addon.debian.DebianServiceImplDbTest" name="toTaskInfo" time="0.006"/>
  <testcase classname="org.artifactory.addon.debian.DebianServiceImplDbTest" name="toDebianEvent" time="0.007"/>
  <testcase classname="org.artifactory.addon.debian.DebianServiceImplDbTest" name="toTaskInfo" time="0.013"/>
  <testcase classname="org.artifactory.addon.debian.DebianServiceImplDbTest" name="toDebianEvent" time="0.007"/>
  <testcase classname="org.artifactory.addon.debian.DebianServiceImplDbTest" name="toDebianEvent" time="0.006"/>
  <testcase classname="org.artifactory.addon.debian.DebianServiceImplDbTest" name="toDebianEvent" time="0.006"/>
  <testcase classname="org.artifactory.addon.debian.DebianServiceImplDbTest" name="toTaskInfo" time="0.010"/>
  <testcase classname="org.artifactory.addon.debian.DebianServiceImplDbTest" name="toTaskInfo" time="0.009"/>
  <testcase classname="org.artifactory.addon.debian.DebianServiceImplDbTest" name="toDebianEvent" time="0.016"/>
  <testcase classname="org.artifactory.addon.debian.DebianServiceImplDbTest" name="calculateMetadataOnStorageEventWhenAutoCalcDisabled" time="0.006"/>
  <testcase classname="org.artifactory.addon.debian.DebianServiceImplDbTest" name="toTaskInfo" time="0.017"/>
  <testcase classname="org.artifactory.addon.debian.DebianServiceImplDbTest" name="toTaskInfo" time="0.007"/>
  <testcase classname="org.artifactory.addon.debian.DebianServiceImplDbTest" name="queueDebianEvents" time="0.032"/>
  <testcase classname="org.artifactory.addon.debian.DebianServiceImplDbTest" name="toDebianEvent" time="0.008"/>
  <testcase classname="org.artifactory.addon.debian.DebianServiceImplDbTest" name="toDebianEvent" time="1.550"/>
  <testcase classname="org.artifactory.addon.debian.DebianServiceImplDbTest" name="toTaskInfo" time="0.006"/>
  <testcase classname="org.artifactory.addon.debian.DebianServiceImplDbTest" name="testIsDbQueueEnabled" time="0.049"/>
  <testcase classname="org.artifactory.addon.debian.DebianServiceImplDbTest" name="toTaskInfo" time="0.006"/>
  <testcase classname="org.artifactory.addon.debian.DebianServiceImplDbTest" name="toTaskInfo" time="0.006"/>
  <testcase classname="org.artifactory.addon.debian.DebianServiceImplDbTest" name="calculateMetadataOnStorageEvent" time="0.021"/>
</testsuite> <!-- org.artifactory.addon.debian.DebianServiceImplDbTest -->
