<?xml version="1.0" encoding="UTF-8"?>
<!-- Generated by org.testng.reporters.JUnitReportReporter -->
<testsuite ignored="0" hostname="fc3c13788461" failures="0" tests="5" name="org.artifactory.addon.filestore.type.s3.S3AwsArchiveBinaryProviderAddStreamTest" time="4.348" errors="0" timestamp="25 Oct 2021 16:05:51 GMT" skipped="0">
  <testcase classname="org.artifactory.addon.filestore.type.s3.S3AwsArchiveBinaryProviderAddStreamTest" name="testAddStreamToColdStorage" time="0.140"/>
  <testcase classname="org.artifactory.addon.filestore.type.s3.S3AwsArchiveBinaryProviderAddStreamTest" name="testAddStreamToStandardStorage" time="0.068"/>
  <testcase classname="org.artifactory.addon.filestore.type.s3.S3AwsArchiveBinaryProviderAddStreamTest" name="testAddStreamToStandardStorageWithFailedVerificationStep" time="0.127"/>
  <testcase classname="org.artifactory.addon.filestore.type.s3.S3AwsArchiveBinaryProviderAddStreamTest" name="testAddStreamToUnsupportedColdStorage" time="0.106"/>
  <testcase classname="org.artifactory.addon.filestore.type.s3.S3AwsArchiveBinaryProviderAddStreamTest" name="testAddStreamWithInvalidStorageClass" time="3.907"/>
</testsuite> <!-- org.artifactory.addon.filestore.type.s3.S3AwsArchiveBinaryProviderAddStreamTest -->
