<?xml version="1.0" encoding="UTF-8"?>
<!-- Generated by org.testng.reporters.JUnitReportReporter -->
<testsuite ignored="0" hostname="fc3c13788461" failures="0" tests="4" name="org.artifactory.addon.aol.CentralConfigValidationInterceptorTest" time="5.765" errors="0" timestamp="25 Oct 2021 16:11:54 GMT" skipped="0">
  <testcase classname="org.artifactory.addon.aol.CentralConfigValidationInterceptorTest" name="onBeforeSaveWithLdap" time="1.909"/>
  <testcase classname="org.artifactory.addon.aol.CentralConfigValidationInterceptorTest" name="onBeforeSaveBackupNotIncremental" time="0.104"/>
  <testcase classname="org.artifactory.addon.aol.CentralConfigValidationInterceptorTest" name="onBeforeSaveValidDescriptor" time="3.724"/>
  <testcase classname="org.artifactory.addon.aol.CentralConfigValidationInterceptorTest" name="onBeforeSaveNoBackup" time="0.028"/>
</testsuite> <!-- org.artifactory.addon.aol.CentralConfigValidationInterceptorTest -->
