<?xml version="1.0" encoding="UTF-8"?>
<!-- Generated by org.testng.reporters.JUnitReportReporter -->
<testsuite ignored="0" hostname="fc3c13788461" failures="0" tests="11" name="org.artifactory.addon.filestore.multiple.ShardingBinaryProviderImplTest" time="17.269" errors="0" timestamp="25 Oct 2021 16:05:39 GMT" skipped="0">
  <testcase classname="org.artifactory.addon.filestore.multiple.ShardingBinaryProviderImplTest" name="testWaitForAllProviders" time="0.204"/>
  <testcase classname="org.artifactory.addon.filestore.multiple.ShardingBinaryProviderImplTest" name="testInitialize" time="0.154"/>
  <testcase classname="org.artifactory.addon.filestore.multiple.ShardingBinaryProviderImplTest" name="testInitialize" time="0.177"/>
  <testcase classname="org.artifactory.addon.filestore.multiple.ShardingBinaryProviderImplTest" name="testIsWriteActive" time="1.518"/>
  <testcase classname="org.artifactory.addon.filestore.multiple.ShardingBinaryProviderImplTest" name="testIsWriteActive" time="0.269"/>
  <testcase classname="org.artifactory.addon.filestore.multiple.ShardingBinaryProviderImplTest" name="testInitialize" time="2.260"/>
  <testcase classname="org.artifactory.addon.filestore.multiple.ShardingBinaryProviderImplTest" name="testWaitForAllProviders" time="0.226"/>
  <testcase classname="org.artifactory.addon.filestore.multiple.ShardingBinaryProviderImplTest" name="testWaitForAllProviders" time="0.425"/>
  <testcase classname="org.artifactory.addon.filestore.multiple.ShardingBinaryProviderImplTest" name="testInitialize" time="0.143"/>
  <testcase classname="org.artifactory.addon.filestore.multiple.ShardingBinaryProviderImplTest" name="testIsWriteActive" time="0.114"/>
  <testcase classname="org.artifactory.addon.filestore.multiple.ShardingBinaryProviderImplTest" name="testIsWriteActive" time="11.779"/>
</testsuite> <!-- org.artifactory.addon.filestore.multiple.ShardingBinaryProviderImplTest -->
