<?xml version="1.0" encoding="UTF-8"?>
<!-- Generated by org.testng.reporters.JUnitReportReporter -->
<testsuite ignored="0" hostname="fc3c13788461" failures="0" tests="4" name="org.artifactory.addon.yum.YumServiceImplTest" time="0.327" errors="0" timestamp="25 Oct 2021 16:04:39 GMT" skipped="0">
  <testcase classname="org.artifactory.addon.yum.YumServiceImplTest" name="testInitRpmCacheDir" time="0.121"/>
  <testcase classname="org.artifactory.addon.yum.YumServiceImplTest" name="testInitRpmCacheDir" time="0.045"/>
  <testcase classname="org.artifactory.addon.yum.YumServiceImplTest" name="testInitRpmCacheDir" time="0.100"/>
  <testcase classname="org.artifactory.addon.yum.YumServiceImplTest" name="testInitRpmCacheDir" time="0.061"/>
</testsuite> <!-- org.artifactory.addon.yum.YumServiceImplTest -->
