<?xml version="1.0" encoding="UTF-8"?>
<!-- Generated by org.testng.reporters.JUnitReportReporter -->
<testsuite ignored="1" hostname="fc3c13788461" failures="0" tests="3" name="org.artifactory.addon.docker.DockerV2UploadsCleanerTest" time="0.142" errors="0" timestamp="25 Oct 2021 16:05:04 GMT" skipped="0">
  <testcase classname="org.artifactory.addon.docker.DockerV2UploadsCleanerTest" name="testUndeployExpiredArtifactsLastModifiedIsBiggerThanExpiry" time="0.035"/>
  <testcase classname="org.artifactory.addon.docker.DockerV2UploadsCleanerTest" name="testUndeployExpiredArtifactsArtifactNotExist" time="0.077"/>
  <testcase classname="org.artifactory.addon.docker.DockerV2UploadsCleanerTest" name="testUndeployExpiredArtifactsValidateUndeploy" time="0.030"/>
  <testcase classname="org.artifactory.addon.docker.indexer.CatalogIndexWorkItemTest" name="testDupWorkItemsHandledOnlyOnceMultithreaded">
    <skipped/>
  </testcase> <!-- testDupWorkItemsHandledOnlyOnceMultithreaded -->
</testsuite> <!-- org.artifactory.addon.docker.DockerV2UploadsCleanerTest -->
