<?xml version="1.0" encoding="UTF-8"?>
<!-- Generated by org.testng.reporters.JUnitReportReporter -->
<testsuite ignored="0" hostname="fc3c13788461" failures="0" tests="2" name="org.artifactory.addon.mirror.internal.UnidirectionalMirrorImplTest" time="0.058" errors="0" timestamp="25 Oct 2021 16:09:38 GMT" skipped="0">
  <testcase classname="org.artifactory.addon.mirror.internal.UnidirectionalMirrorImplTest" name="testUnidirectionalMessage" time="0.008"/>
  <testcase classname="org.artifactory.addon.mirror.internal.UnidirectionalMirrorImplTest" name="testUnidirectionalMessage" time="0.050"/>
</testsuite> <!-- org.artifactory.addon.mirror.internal.UnidirectionalMirrorImplTest -->
