<?xml version="1.0" encoding="UTF-8"?>
<!-- Generated by org.testng.reporters.JUnitReportReporter -->
<testsuite ignored="0" hostname="fc3c13788461" failures="0" tests="1" name="org.artifactory.addon.replication.v2.replication.streamer.LocalTreeProviderTest" time="0.641" errors="0" timestamp="25 Oct 2021 16:10:15 GMT" skipped="0">
  <testcase classname="org.artifactory.addon.replication.v2.replication.streamer.LocalTreeProviderTest" name="testGetStreamClosingResultSet" time="0.641"/>
</testsuite> <!-- org.artifactory.addon.replication.v2.replication.streamer.LocalTreeProviderTest -->
