<?xml version="1.0" encoding="UTF-8"?>
<!-- Generated by org.testng.reporters.JUnitReportReporter -->
<testsuite ignored="0" hostname="fc3c13788461" failures="0" tests="3" name="org.artifactory.addon.replication.core.push.event.PushReplicationEventQueuesTest" time="1.587" errors="0" timestamp="25 Oct 2021 16:10:11 GMT" skipped="0">
  <testcase classname="org.artifactory.addon.replication.core.push.event.PushReplicationEventQueuesTest" name="testCreateAndUpdateContext" time="1.366"/>
  <testcase classname="org.artifactory.addon.replication.core.push.event.PushReplicationEventQueuesTest" name="testOfferEvent" time="0.097"/>
  <testcase classname="org.artifactory.addon.replication.core.push.event.PushReplicationEventQueuesTest" name="testRemoveDeletedAndDisabledConfigurations" time="0.124"/>
</testsuite> <!-- org.artifactory.addon.replication.core.push.event.PushReplicationEventQueuesTest -->
