<?xml version="1.0" encoding="UTF-8"?>
<!-- Generated by org.testng.reporters.JUnitReportReporter -->
<testsuite ignored="0" hostname="fc3c13788461" failures="0" tests="12" name="org.artifactory.addon.retention.core.processor.ArchiveItemsProcessorTest" time="13.477" errors="0" timestamp="25 Oct 2021 16:10:48 GMT" skipped="0">
  <testcase classname="org.artifactory.addon.retention.core.processor.ArchiveItemsProcessorTest" name="testBatchQueryExecutor" time="2.906"/>
  <testcase classname="org.artifactory.addon.retention.core.processor.ArchiveItemsProcessorTest" name="testFetchItemsWhenBatchSizeIsNotBigEnough" time="0.025"/>
  <testcase classname="org.artifactory.addon.retention.core.processor.ArchiveItemsProcessorTest" name="testBatchQueryExecutor" time="0.555"/>
  <testcase classname="org.artifactory.addon.retention.core.processor.ArchiveItemsProcessorTest" name="testFetchItems" time="0.024"/>
  <testcase classname="org.artifactory.addon.retention.core.processor.ArchiveItemsProcessorTest" name="testBatchQueryExecutor" time="0.017"/>
  <testcase classname="org.artifactory.addon.retention.core.processor.ArchiveItemsProcessorTest" name="testBatchQueryExecutor" time="4.164"/>
  <testcase classname="org.artifactory.addon.retention.core.processor.ArchiveItemsProcessorTest" name="testBatchQueryExecutor" time="4.211"/>
  <testcase classname="org.artifactory.addon.retention.core.processor.ArchiveItemsProcessorTest" name="testFetchItems" time="0.049"/>
  <testcase classname="org.artifactory.addon.retention.core.processor.ArchiveItemsProcessorTest" name="testBatchQueryExecutor" time="0.077"/>
  <testcase classname="org.artifactory.addon.retention.core.processor.ArchiveItemsProcessorTest" name="testBatchQueryExecutor" time="0.663"/>
  <testcase classname="org.artifactory.addon.retention.core.processor.ArchiveItemsProcessorTest" name="testBatchQueryExecutor" time="0.697"/>
  <testcase classname="org.artifactory.addon.retention.core.processor.ArchiveItemsProcessorTest" name="testFetchItems" time="0.089"/>
</testsuite> <!-- org.artifactory.addon.retention.core.processor.ArchiveItemsProcessorTest -->
