<?xml version="1.0" encoding="UTF-8"?>
<!-- Generated by org.testng.reporters.JUnitReportReporter -->
<testsuite ignored="0" hostname="fc3c13788461" failures="0" tests="6" name="org.artifactory.addon.conda.repomd.CondaArtifactoryServiceTest" time="2.547" errors="0" timestamp="25 Oct 2021 16:07:31 GMT" skipped="0">
  <testcase classname="org.artifactory.addon.conda.repomd.CondaArtifactoryServiceTest" name="testOracle" time="0.435"/>
  <testcase classname="org.artifactory.addon.conda.repomd.CondaArtifactoryServiceTest" name="testMovedContentErrorsWarningsSuccess" time="1.909"/>
  <testcase classname="org.artifactory.addon.conda.repomd.CondaArtifactoryServiceTest" name="testMovedContentErrorsWarningsSuccess" time="0.045"/>
  <testcase classname="org.artifactory.addon.conda.repomd.CondaArtifactoryServiceTest" name="testMovedContentErrorsWarningsSuccess" time="0.055"/>
  <testcase classname="org.artifactory.addon.conda.repomd.CondaArtifactoryServiceTest" name="testOracle" time="0.039"/>
  <testcase classname="org.artifactory.addon.conda.repomd.CondaArtifactoryServiceTest" name="testMovedContentErrorsWarningsSuccess" time="0.064"/>
</testsuite> <!-- org.artifactory.addon.conda.repomd.CondaArtifactoryServiceTest -->
