<?xml version="1.0" encoding="UTF-8"?>
<!-- Generated by org.testng.reporters.JUnitReportReporter -->
<testsuite ignored="1" hostname="fc3c13788461" failures="0" tests="29" name="org.artifactory.addon.nugetv3.repo.NuGetV3VirtualAndRemoteCommonTest" time="4.927" errors="0" timestamp="25 Oct 2021 16:05:08 GMT" skipped="0">
  <testcase classname="org.artifactory.addon.nugetv3.repo.NuGetV3VirtualAndRemoteCommonTest" name="testDownloadRemoteRegistration" time="0.189"/>
  <testcase classname="org.artifactory.addon.nugetv3.repo.NuGetV3VirtualAndRemoteCommonTest" name="testDownloadRemoteRegistrationPageBadJson" time="0.068"/>
  <testcase classname="org.artifactory.addon.nugetv3.repo.NuGetV3VirtualAndRemoteCommonTest" name="testDownloadSearchResultBadJson" time="0.040"/>
  <testcase classname="org.artifactory.addon.nugetv3.repo.NuGetV3VirtualAndRemoteCommonTest" name="testDownloadSearchResult" time="0.602"/>
  <testcase classname="org.artifactory.addon.nugetv3.repo.NuGetV3VirtualAndRemoteCommonTest" name="testDownloadRemoteFeedV3FeedUrlEmptyString" time="0.033"/>
  <testcase classname="org.artifactory.addon.nugetv3.repo.NuGetV3VirtualAndRemoteCommonTest" name="testDownloadRemoteRegistrationBadJson" time="0.090"/>
  <testcase classname="org.artifactory.addon.nugetv3.repo.NuGetV3VirtualAndRemoteCommonTest" name="testExtractTypeByUrlForUnknownUrl" time="0.000"/>
  <testcase classname="org.artifactory.addon.nugetv3.repo.NuGetV3VirtualAndRemoteCommonTest" name="shouldFailToReadGithubRegistrationWithRegularJsonUtil" time="0.664"/>
  <testcase classname="org.artifactory.addon.nugetv3.repo.NuGetV3VirtualAndRemoteCommonTest" name="testGetRemoteFeedUrl" time="0.014"/>
  <testcase classname="org.artifactory.addon.nugetv3.repo.NuGetV3VirtualAndRemoteCommonTest" name="testDownloadRemoteRegistrationSpecificVersion" time="0.093"/>
  <testcase classname="org.artifactory.addon.nugetv3.repo.NuGetV3VirtualAndRemoteCommonTest" name="testDownloadRemoteRegistrationSpecificVersionBadJson" time="0.057"/>
  <testcase classname="org.artifactory.addon.nugetv3.repo.NuGetV3VirtualAndRemoteCommonTest" name="testDownloadRemoteFeed" time="0.060"/>
  <testcase classname="org.artifactory.addon.nugetv3.repo.NuGetV3VirtualAndRemoteCommonTest" name="testGithubRegistrationRead" time="0.057"/>
  <testcase classname="org.artifactory.addon.nugetv3.repo.NuGetV3VirtualAndRemoteCommonTest" name="testDownload" time="0.006"/>
  <testcase classname="org.artifactory.addon.nugetv3.repo.NuGetV3VirtualAndRemoteCommonTest" name="testDownloadBadStatus" time="0.036"/>
  <testcase classname="org.artifactory.addon.nugetv3.repo.NuGetV3VirtualAndRemoteCommonTest" name="testExtractTypeByUrlForRegistration" time="0.000"/>
  <testcase classname="org.artifactory.addon.nugetv3.repo.NuGetV3VirtualAndRemoteCommonTest" name="testDownloadRemoteFeedNoV3FeedUrlNull" time="0.007"/>
  <testcase classname="org.artifactory.addon.nugetv3.repo.NuGetV3VirtualAndRemoteCommonTest" name="testExtractRemoteUrlFromFeedByTypeTwoWithSameUrl" time="0.000"/>
  <testcase classname="org.artifactory.addon.nugetv3.repo.NuGetV3VirtualAndRemoteCommonTest" name="testExtractRemoteUrlFromFeedByType" time="0.001"/>
  <testcase classname="org.artifactory.addon.nugetv3.repo.NuGetV3VirtualAndRemoteCommonTest" name="testDownloadSearchResultFailedToDownloadFeed" time="0.000"/>
  <testcase classname="org.artifactory.addon.nugetv3.repo.NuGetV3VirtualAndRemoteCommonTest" name="testDownloadSearchResultBadResponseStatusCode" time="0.025"/>
  <testcase classname="org.artifactory.addon.nugetv3.repo.NuGetV3VirtualAndRemoteCommonTest" name="testDownloadRemoteFeedBadJson" time="0.055"/>
  <testcase classname="org.artifactory.addon.nugetv3.repo.NuGetV3VirtualAndRemoteCommonTest" name="testDownloadIOException" time="0.031"/>
  <testcase classname="org.artifactory.addon.nugetv3.repo.NuGetV3VirtualAndRemoteCommonTest" name="testDownloadEmptyBody" time="0.027"/>
  <testcase classname="org.artifactory.addon.nugetv3.repo.NuGetV3VirtualAndRemoteCommonTest" name="testConvertToOriginalUrl" time="2.376"/>
  <testcase classname="org.artifactory.addon.nugetv3.repo.NuGetV3VirtualAndRemoteCommonTest" name="shouldSucceedToReadGithubRegistrationWithCustomizedJsonUtil" time="0.176"/>
  <testcase classname="org.artifactory.addon.nugetv3.repo.NuGetV3VirtualAndRemoteCommonTest" name="testDownloadRemoteRegistrationPage" time="0.219"/>
  <testcase classname="org.artifactory.addon.nugetv3.repo.NuGetV3VirtualAndRemoteCommonTest" name="testExtractRemoteUrlFromFeedByTypeWithBadType" time="0.001"/>
  <testcase classname="org.artifactory.addon.nugetv3.repo.NuGetV3VirtualAndRemoteCommonTest" name="testExtractTypeByUrlForRegistrationWithSemVer2" time="0.000"/>
  <testcase classname="org.artifactory.addon.nugetv3.repo.NuGetV3VirtualAndRemoteCommonTest" name="testDownloadRemoteRegistrationMultipleAuthors">
    <skipped/>
  </testcase> <!-- testDownloadRemoteRegistrationMultipleAuthors -->
</testsuite> <!-- org.artifactory.addon.nugetv3.repo.NuGetV3VirtualAndRemoteCommonTest -->
