<?xml version="1.0" encoding="UTF-8"?>
<!-- Generated by org.testng.reporters.JUnitReportReporter -->
<testsuite ignored="0" hostname="fc3c13788461" failures="0" tests="3" name="org.artifactory.addon.replication.core.push.incremental.task.ReplicationTasksServiceImplTest" time="6.088" errors="0" timestamp="25 Oct 2021 16:10:06 GMT" skipped="0">
  <testcase classname="org.artifactory.addon.replication.core.push.incremental.task.ReplicationTasksServiceImplTest" name="testGetReplicationEventsWhenBatchLimitIsSmallerThanNumberOfEventsAndLastTimeStampHasMoreEvents" time="2.665"/>
  <testcase classname="org.artifactory.addon.replication.core.push.incremental.task.ReplicationTasksServiceImplTest" name="testGetReplicationEvents" time="0.126"/>
  <testcase classname="org.artifactory.addon.replication.core.push.incremental.task.ReplicationTasksServiceImplTest" name="testGetReplicationEventsWhenBatchLimitIsSmallerThanNumberOfEvents" time="3.297"/>
</testsuite> <!-- org.artifactory.addon.replication.core.push.incremental.task.ReplicationTasksServiceImplTest -->
