<?xml version="1.0" encoding="UTF-8"?>
<!-- Generated by org.testng.reporters.JUnitReportReporter -->
<testsuite ignored="0" hostname="fc3c13788461" failures="0" tests="1" name="org.artifactory.addon.nuget.NuGetConfigurationChangesInterceptorTest" time="0.870" errors="0" timestamp="25 Oct 2021 16:05:02 GMT" skipped="0">
  <testcase classname="org.artifactory.addon.nuget.NuGetConfigurationChangesInterceptorTest" name="testOnAfterSave" time="0.870"/>
</testsuite> <!-- org.artifactory.addon.nuget.NuGetConfigurationChangesInterceptorTest -->
