<?xml version="1.0" encoding="UTF-8"?>
<!-- Generated by org.testng.reporters.JUnitReportReporter -->
<testsuite ignored="0" hostname="fc3c13788461" failures="0" tests="6" name="org.artifactory.addon.jfevent.interceptor.JfEventArtifactInterceptorTest" time="8.938" errors="0" timestamp="25 Oct 2021 16:08:52 GMT" skipped="0">
  <testcase classname="org.artifactory.addon.jfevent.interceptor.JfEventArtifactInterceptorTest" name="testAfterCopy" time="1.204"/>
  <testcase classname="org.artifactory.addon.jfevent.interceptor.JfEventArtifactInterceptorTest" name="testAfterMove" time="0.050"/>
  <testcase classname="org.artifactory.addon.jfevent.interceptor.JfEventArtifactInterceptorTest" name="testAfterPropertyCreate" time="0.016"/>
  <testcase classname="org.artifactory.addon.jfevent.interceptor.JfEventArtifactInterceptorTest" name="testAfterCreate" time="0.052"/>
  <testcase classname="org.artifactory.addon.jfevent.interceptor.JfEventArtifactInterceptorTest" name="testAfterPropertyDelete" time="7.423"/>
  <testcase classname="org.artifactory.addon.jfevent.interceptor.JfEventArtifactInterceptorTest" name="testAfterDelete" time="0.193"/>
</testsuite> <!-- org.artifactory.addon.jfevent.interceptor.JfEventArtifactInterceptorTest -->
