<?xml version="1.0" encoding="UTF-8"?>
<!-- Generated by org.testng.reporters.JUnitReportReporter -->
<testsuite ignored="1" hostname="fc3c13788461" failures="0" tests="1" name="org.artifactory.addon.rest.util.RepoConfigSerializerTest" time="0.399" errors="0" timestamp="25 Oct 2021 16:08:01 GMT" skipped="0">
  <testcase classname="org.artifactory.addon.rest.util.RepoConfigSerializerTest" name="validateAnnotations" time="0.399"/>
  <testcase classname="org.artifactory.addon.rest.util.RepoConfigSerializerTest" name="getAllMappedFields">
    <skipped/>
  </testcase> <!-- getAllMappedFields -->
</testsuite> <!-- org.artifactory.addon.rest.util.RepoConfigSerializerTest -->
