<?xml version="1.0" encoding="UTF-8"?>
<!-- Generated by org.testng.reporters.JUnitReportReporter -->
<testsuite ignored="0" hostname="fc3c13788461" failures="0" tests="1" name="org.artifactory.addon.chef.util.aql.AqlItemsToChefUniverseTest" time="11.741" errors="0" timestamp="25 Oct 2021 16:06:41 GMT" skipped="0">
  <testcase classname="org.artifactory.addon.chef.util.aql.AqlItemsToChefUniverseTest" name="testFromSimpleCookbook" time="11.741"/>
</testsuite> <!-- org.artifactory.addon.chef.util.aql.AqlItemsToChefUniverseTest -->
