<?xml version="1.0" encoding="UTF-8"?>
<!-- Generated by org.testng.reporters.JUnitReportReporter -->
<testsuite ignored="0" hostname="fc3c13788461" failures="0" tests="3" name="org.artifactory.addon.gems.model.GemArtifactInfoTest" time="2.081" errors="0" timestamp="25 Oct 2021 16:05:31 GMT" skipped="0">
  <testcase classname="org.artifactory.addon.gems.model.GemArtifactInfoTest" name="constructFromLineNoReqVersions" time="0.002"/>
  <testcase classname="org.artifactory.addon.gems.model.GemArtifactInfoTest" name="constructFromLine" time="2.077"/>
  <testcase classname="org.artifactory.addon.gems.model.GemArtifactInfoTest" name="constructFromLineNoDep" time="0.002"/>
</testsuite> <!-- org.artifactory.addon.gems.model.GemArtifactInfoTest -->
