<?xml version="1.0" encoding="UTF-8"?>
<!-- Generated by org.testng.reporters.JUnitReportReporter -->
<testsuite ignored="1" hostname="fc3c13788461" failures="0" tests="20" name="org.artifactory.addon.docker.rest.v2.promotion.DockerV2TagPromoterTest" time="0.179" errors="0" timestamp="25 Oct 2021 16:05:04 GMT" skipped="0">
  <testcase classname="org.artifactory.addon.docker.rest.v2.promotion.DockerV2TagPromoterTest" name="testDeletePreviousFilesPromoteOfTheSameImageInTheSameRepository" time="0.001"/>
  <testcase classname="org.artifactory.addon.docker.rest.v2.promotion.DockerV2TagPromoterTest" name="testDeletePreviousFilesPromoteOfTheSameImageInTheSameRepository" time="0.001"/>
  <testcase classname="org.artifactory.addon.docker.rest.v2.promotion.DockerV2TagPromoterTest" name="testPromoteWithCopyOrWithoutIt" time="0.007"/>
  <testcase classname="org.artifactory.addon.docker.rest.v2.promotion.DockerV2TagPromoterTest" name="testPromoteWithInvalidManifestInSourceDirectoryEmptyParent" time="0.003"/>
  <testcase classname="org.artifactory.addon.docker.rest.v2.promotion.DockerV2TagPromoterTest" name="testDeletePreviousCanDelete" time="0.002"/>
  <testcase classname="org.artifactory.addon.docker.rest.v2.promotion.DockerV2TagPromoterTest" name="testPromoteCopyFailedUserCannotAnnotate" time="0.027"/>
  <testcase classname="org.artifactory.addon.docker.rest.v2.promotion.DockerV2TagPromoterTest" name="testPromoteWhenUserCannotReadSourcePath" time="0.004"/>
  <testcase classname="org.artifactory.addon.docker.rest.v2.promotion.DockerV2TagPromoterTest" name="testPromoteWithInvalidManifestInSourceDirectoryNoParentOfParent" time="0.005"/>
  <testcase classname="org.artifactory.addon.docker.rest.v2.promotion.DockerV2TagPromoterTest" name="testPromoteCopyWithBadRequestError" time="0.006"/>
  <testcase classname="org.artifactory.addon.docker.rest.v2.promotion.DockerV2TagPromoterTest" name="testPromoteNoManifestInSourceDirectoryNullIterator" time="0.004"/>
  <testcase classname="org.artifactory.addon.docker.rest.v2.promotion.DockerV2TagPromoterTest" name="testPromoteWhenNoWritePermissionToToRepo" time="0.001"/>
  <testcase classname="org.artifactory.addon.docker.rest.v2.promotion.DockerV2TagPromoterTest" name="testPromoteNoManifestInSourceDirectoryEmptyIterator" time="0.007"/>
  <testcase classname="org.artifactory.addon.docker.rest.v2.promotion.DockerV2TagPromoterTest" name="testDeletePreviousFilesPromoteOfTheSameImageInTheSameRepository" time="0.001"/>
  <testcase classname="org.artifactory.addon.docker.rest.v2.promotion.DockerV2TagPromoterTest" name="testPromoteCopyWithForbiddenRequestError" time="0.054"/>
  <testcase classname="org.artifactory.addon.docker.rest.v2.promotion.DockerV2TagPromoterTest" name="testPromoteWhenSourcePathDoesntExist" time="0.004"/>
  <testcase classname="org.artifactory.addon.docker.rest.v2.promotion.DockerV2TagPromoterTest" name="testPromoteWithInvalidManifestInSourceDirectoryNoParent" time="0.023"/>
  <testcase classname="org.artifactory.addon.docker.rest.v2.promotion.DockerV2TagPromoterTest" name="testDeletePreviousWithManifestRepoDoesntExist" time="0.001"/>
  <testcase classname="org.artifactory.addon.docker.rest.v2.promotion.DockerV2TagPromoterTest" name="testDeletePreviousFilesUserCannotDelete" time="0.002"/>
  <testcase classname="org.artifactory.addon.docker.rest.v2.promotion.DockerV2TagPromoterTest" name="testDeletePreviousNoManifest" time="0.001"/>
  <testcase classname="org.artifactory.addon.docker.rest.v2.promotion.DockerV2TagPromoterTest" name="testDeletePreviousFilesPromoteOfTheSameImageInTheSameRepository" time="0.025"/>
  <testcase classname="org.artifactory.addon.docker.indexer.CatalogIndexWorkItemTest" name="testDupWorkItemsHandledOnlyOnceMultithreaded">
    <skipped/>
  </testcase> <!-- testDupWorkItemsHandledOnlyOnceMultithreaded -->
</testsuite> <!-- org.artifactory.addon.docker.rest.v2.promotion.DockerV2TagPromoterTest -->
