<?xml version="1.0" encoding="UTF-8"?>
<!-- Generated by org.testng.reporters.JUnitReportReporter -->
<testsuite ignored="0" hostname="fc3c13788461" failures="0" tests="3" name="org.artifactory.addon.composer.expirable.ComposerIndexCheckerTest" time="0.070" errors="0" timestamp="25 Oct 2021 16:09:20 GMT" skipped="0">
  <testcase classname="org.artifactory.addon.composer.expirable.ComposerIndexCheckerTest" name="testIsExpirable" time="0.069"/>
  <testcase classname="org.artifactory.addon.composer.expirable.ComposerIndexCheckerTest" name="testIsLocalGenerated" time="0.000"/>
  <testcase classname="org.artifactory.addon.composer.expirable.ComposerIndexCheckerTest" name="testsShouldExcludePropertyFromMirroring" time="0.001"/>
</testsuite> <!-- org.artifactory.addon.composer.expirable.ComposerIndexCheckerTest -->
