<?xml version="1.0" encoding="UTF-8"?>
<!-- Generated by org.testng.reporters.JUnitReportReporter -->
<testsuite ignored="0" hostname="fc3c13788461" failures="0" tests="6" name="org.artifactory.addon.gems.metadata.GemsCompactUtilsTest" time="3.201" errors="0" timestamp="25 Oct 2021 16:05:30 GMT" skipped="0">
  <testcase classname="org.artifactory.addon.gems.metadata.GemsCompactUtilsTest" name="getPackageInfoChecksum" time="2.462"/>
  <testcase classname="org.artifactory.addon.gems.metadata.GemsCompactUtilsTest" name="parseChildrenEtags" time="0.093"/>
  <testcase classname="org.artifactory.addon.gems.metadata.GemsCompactUtilsTest" name="parseVersions" time="0.042"/>
  <testcase classname="org.artifactory.addon.gems.metadata.GemsCompactUtilsTest" name="parsePackageInfo" time="0.601"/>
  <testcase classname="org.artifactory.addon.gems.metadata.GemsCompactUtilsTest" name="parseEtagsLine" time="0.001"/>
  <testcase classname="org.artifactory.addon.gems.metadata.GemsCompactUtilsTest" name="parseVersionsLine" time="0.002"/>
</testsuite> <!-- org.artifactory.addon.gems.metadata.GemsCompactUtilsTest -->
