<?xml version="1.0" encoding="UTF-8"?>
<!-- Generated by org.testng.reporters.JUnitReportReporter -->
<testsuite ignored="0" hostname="fc3c13788461" failures="0" tests="383" name="org.artifactory.addon.LicenseAddonsManagerImplTest" time="7.120" errors="0" timestamp="25 Oct 2021 16:03:13 GMT" skipped="0">
  <testcase classname="org.artifactory.addon.LicenseAddonsManagerImplTest" name="testAddonBlockedBySubscriptionType" time="0.012"/>
  <testcase classname="org.artifactory.addon.LicenseAddonsManagerImplTest" name="testIsEntitlementSupportWithoutJFConnectOnPrem" time="0.006"/>
  <testcase classname="org.artifactory.addon.LicenseAddonsManagerImplTest" name="testIsEntitlementSupportWithoutJFConnectOnPrem" time="0.007"/>
  <testcase classname="org.artifactory.addon.LicenseAddonsManagerImplTest" name="testIsFederatedSupportedForAol" time="0.009"/>
  <testcase classname="org.artifactory.addon.LicenseAddonsManagerImplTest" name="testIsEnterpriseLicensed" time="0.008"/>
  <testcase classname="org.artifactory.addon.LicenseAddonsManagerImplTest" name="testAddonByTypeWithLicense" time="0.007"/>
  <testcase classname="org.artifactory.addon.LicenseAddonsManagerImplTest" name="testIsEntitlementSupportWithoutJFConnectOnPrem" time="0.013"/>
  <testcase classname="org.artifactory.addon.LicenseAddonsManagerImplTest" name="testIsEntitlementSupportWithoutJFConnectOnPrem" time="0.007"/>
  <testcase classname="org.artifactory.addon.LicenseAddonsManagerImplTest" name="testIsP2pLicensed" time="0.008"/>
  <testcase classname="org.artifactory.addon.LicenseAddonsManagerImplTest" name="testIsEntitlementSupportWithoutJFConnectOnPrem" time="0.006"/>
  <testcase classname="org.artifactory.addon.LicenseAddonsManagerImplTest" name="testIsEntitlementSupportWithoutJFConnectOnPrem" time="0.011"/>
  <testcase classname="org.artifactory.addon.LicenseAddonsManagerImplTest" name="testAddonNotBlockedBySubscriptionType" time="0.007"/>
  <testcase classname="org.artifactory.addon.LicenseAddonsManagerImplTest" name="testAddonBlockedBySubscriptionType" time="0.011"/>
  <testcase classname="org.artifactory.addon.LicenseAddonsManagerImplTest" name="testIsEntitlementSupportWithoutJFConnectOnPrem" time="0.005"/>
  <testcase classname="org.artifactory.addon.LicenseAddonsManagerImplTest" name="testIsEnterpriseLicensed" time="0.005"/>
  <testcase classname="org.artifactory.addon.LicenseAddonsManagerImplTest" name="testIsEntitlementSupportWithoutJFConnectOnPrem" time="0.005"/>
  <testcase classname="org.artifactory.addon.LicenseAddonsManagerImplTest" name="testIsEntitlementSupportWithoutJFConnectOnPrem" time="0.008"/>
  <testcase classname="org.artifactory.addon.LicenseAddonsManagerImplTest" name="testNoLicenseFooterMessage" time="0.006"/>
  <testcase classname="org.artifactory.addon.LicenseAddonsManagerImplTest" name="testExpiredLicenseFooterMessage" time="0.004"/>
  <testcase classname="org.artifactory.addon.LicenseAddonsManagerImplTest" name="testIsEntitlementSupportWithoutJFConnectOnPrem" time="0.017"/>
  <testcase classname="org.artifactory.addon.LicenseAddonsManagerImplTest" name="testIsEnterpriseLicensed" time="0.005"/>
  <testcase classname="org.artifactory.addon.LicenseAddonsManagerImplTest" name="testIsEntitlementSupportWithoutJFConnectOnPrem" time="0.009"/>
  <testcase classname="org.artifactory.addon.LicenseAddonsManagerImplTest" name="testAddonBlockedBySubscriptionType" time="0.009"/>
  <testcase classname="org.artifactory.addon.LicenseAddonsManagerImplTest" name="testIsEntitlementSupportWithoutJFConnectOnPrem" time="0.019"/>
  <testcase classname="org.artifactory.addon.LicenseAddonsManagerImplTest" name="testIsFederatedSupported" time="0.005"/>
  <testcase classname="org.artifactory.addon.LicenseAddonsManagerImplTest" name="testConcurrentBlockedBySubscription" time="0.014"/>
  <testcase classname="org.artifactory.addon.LicenseAddonsManagerImplTest" name="testIsP2pLicensed" time="0.007"/>
  <testcase classname="org.artifactory.addon.LicenseAddonsManagerImplTest" name="testGetFooterMessageNoLicense" time="0.009"/>
  <testcase classname="org.artifactory.addon.LicenseAddonsManagerImplTest" name="testIsEntitlementSupportWithoutJFConnectOnPrem" time="0.009"/>
  <testcase classname="org.artifactory.addon.LicenseAddonsManagerImplTest" name="testExpiredLicenseFooterMessage" time="0.007"/>
  <testcase classname="org.artifactory.addon.LicenseAddonsManagerImplTest" name="testConcurrentBlockedBySubscription" time="0.014"/>
  <testcase classname="org.artifactory.addon.LicenseAddonsManagerImplTest" name="testIsEntitlementSupportWithoutJFConnectOnPrem" time="0.006"/>
  <testcase classname="org.artifactory.addon.LicenseAddonsManagerImplTest" name="testLicenseToPlatformId" time="0.039"/>
  <testcase classname="org.artifactory.addon.LicenseAddonsManagerImplTest" name="testIsEntitlementSupportWithoutJFConnectOnPrem" time="0.005"/>
  <testcase classname="org.artifactory.addon.LicenseAddonsManagerImplTest" name="testIsFederatedSupportedForAol" time="0.008"/>
  <testcase classname="org.artifactory.addon.LicenseAddonsManagerImplTest" name="testIsXraySupported" time="0.005"/>
  <testcase classname="org.artifactory.addon.LicenseAddonsManagerImplTest" name="testAddonBlockedBySubscriptionType" time="0.011"/>
  <testcase classname="org.artifactory.addon.LicenseAddonsManagerImplTest" name="testIsEntitlementSupportWithoutJFConnectOnPrem" time="0.005"/>
  <testcase classname="org.artifactory.addon.LicenseAddonsManagerImplTest" name="testIsEntitlementSupportWithoutJFConnectOnPrem" time="0.009"/>
  <testcase classname="org.artifactory.addon.LicenseAddonsManagerImplTest" name="testAddonNotBlockedBySubscriptionType" time="0.009"/>
  <testcase classname="org.artifactory.addon.LicenseAddonsManagerImplTest" name="testInterceptResponse" time="0.007"/>
  <testcase classname="org.artifactory.addon.LicenseAddonsManagerImplTest" name="testIsEntitlementSupportWithoutJFConnectOnPrem" time="0.011"/>
  <testcase classname="org.artifactory.addon.LicenseAddonsManagerImplTest" name="testIsXraySupported" time="0.010"/>
  <testcase classname="org.artifactory.addon.LicenseAddonsManagerImplTest" name="testAboutToExpireLicenseFooterMessage" time="0.034"/>
  <testcase classname="org.artifactory.addon.LicenseAddonsManagerImplTest" name="testIsEntitlementSupportWithoutJFConnectOnPrem" time="0.006"/>
  <testcase classname="org.artifactory.addon.LicenseAddonsManagerImplTest" name="testExpiredLicenseFooterMessage" time="0.008"/>
  <testcase classname="org.artifactory.addon.LicenseAddonsManagerImplTest" name="testIsEntitlementSupportWithoutJFConnectOnPrem" time="0.013"/>
  <testcase classname="org.artifactory.addon.LicenseAddonsManagerImplTest" name="testLicenseToPlatformId" time="0.007"/>
  <testcase classname="org.artifactory.addon.LicenseAddonsManagerImplTest" name="testIsEntitlementSupportWithoutJFConnectOnPrem" time="0.033"/>
  <testcase classname="org.artifactory.addon.LicenseAddonsManagerImplTest" name="testIsFederatedSupported" time="0.007"/>
  <testcase classname="org.artifactory.addon.LicenseAddonsManagerImplTest" name="testIsEntitlementSupportWithoutJFConnectOnPrem" time="0.008"/>
  <testcase classname="org.artifactory.addon.LicenseAddonsManagerImplTest" name="testIsEntitlementSupportWithoutJFConnectOnPrem" time="0.007"/>
  <testcase classname="org.artifactory.addon.LicenseAddonsManagerImplTest" name="testIsEntitlementSupportWithoutJFConnectOnPrem" time="0.029"/>
  <testcase classname="org.artifactory.addon.LicenseAddonsManagerImplTest" name="testIsEntitlementSupportWithoutJFConnectOnPrem" time="0.008"/>
  <testcase classname="org.artifactory.addon.LicenseAddonsManagerImplTest" name="testIsEntitlementSupportWithoutJFConnectOnPrem" time="0.006"/>
  <testcase classname="org.artifactory.addon.LicenseAddonsManagerImplTest" name="testIsEntitlementSupportWithoutJFConnectOnPrem" time="0.007"/>
  <testcase classname="org.artifactory.addon.LicenseAddonsManagerImplTest" name="testAddonByTypeWithLicense" time="0.009"/>
  <testcase classname="org.artifactory.addon.LicenseAddonsManagerImplTest" name="testAddonNotBlockedBySubscriptionType" time="0.008"/>
  <testcase classname="org.artifactory.addon.LicenseAddonsManagerImplTest" name="testIsP2pLicensed" time="0.006"/>
  <testcase classname="org.artifactory.addon.LicenseAddonsManagerImplTest" name="testIsEntitlementSupportWithoutJFConnectOnPrem" time="0.005"/>
  <testcase classname="org.artifactory.addon.LicenseAddonsManagerImplTest" name="testIsFederatedSupportedForAol" time="0.009"/>
  <testcase classname="org.artifactory.addon.LicenseAddonsManagerImplTest" name="testAddonByTypeWithoutLicenseWithHa" time="0.008"/>
  <testcase classname="org.artifactory.addon.LicenseAddonsManagerImplTest" name="testIsEdgeOrEntPlusLicensed" time="0.006"/>
  <testcase classname="org.artifactory.addon.LicenseAddonsManagerImplTest" name="testIsEntitlementSupportWithoutJFConnectOnPrem" time="0.007"/>
  <testcase classname="org.artifactory.addon.LicenseAddonsManagerImplTest" name="testIsEntitlementSupportWithoutJFConnectOnPrem" time="0.007"/>
  <testcase classname="org.artifactory.addon.LicenseAddonsManagerImplTest" name="testIsEntitlementSupportWithoutJFConnectOnPrem" time="0.005"/>
  <testcase classname="org.artifactory.addon.LicenseAddonsManagerImplTest" name="testIsEntitlementSupportWithoutJFConnectOnPrem" time="0.012"/>
  <testcase classname="org.artifactory.addon.LicenseAddonsManagerImplTest" name="testAboutToExpireLicenseFooterMessage" time="0.006"/>
  <testcase classname="org.artifactory.addon.LicenseAddonsManagerImplTest" name="testAddonNotBlockedBySubscriptionType" time="0.011"/>
  <testcase classname="org.artifactory.addon.LicenseAddonsManagerImplTest" name="testGetFooterMessageWithLicense" time="0.005"/>
  <testcase classname="org.artifactory.addon.LicenseAddonsManagerImplTest" name="testIsEntitlementSupportWithoutJFConnectOnPrem" time="0.005"/>
  <testcase classname="org.artifactory.addon.LicenseAddonsManagerImplTest" name="testIsEntitlementSupportWithoutJFConnectOnPrem" time="0.006"/>
  <testcase classname="org.artifactory.addon.LicenseAddonsManagerImplTest" name="testAddonBlockedBySubscriptionType" time="0.015"/>
  <testcase classname="org.artifactory.addon.LicenseAddonsManagerImplTest" name="testIsEntitlementSupportWithoutJFConnectOnAol" time="0.006"/>
  <testcase classname="org.artifactory.addon.LicenseAddonsManagerImplTest" name="testAddonByTypeWithLicense" time="0.022"/>
  <testcase classname="org.artifactory.addon.LicenseAddonsManagerImplTest" name="testIsEntitlementSupportWithoutJFConnectOnPrem" time="0.007"/>
  <testcase classname="org.artifactory.addon.LicenseAddonsManagerImplTest" name="testConcurrentBlockedBySubscription" time="0.024"/>
  <testcase classname="org.artifactory.addon.LicenseAddonsManagerImplTest" name="testIsEntitlementSupportWithoutJFConnectOnPrem" time="0.004"/>
  <testcase classname="org.artifactory.addon.LicenseAddonsManagerImplTest" name="testIsEntitlementSupportWithoutJFConnectOnPrem" time="0.016"/>
  <testcase classname="org.artifactory.addon.LicenseAddonsManagerImplTest" name="testIsEntitlementSupportWithoutJFConnectOnPrem" time="0.008"/>
  <testcase classname="org.artifactory.addon.LicenseAddonsManagerImplTest" name="testIsEntitlementSupportWithoutJFConnectOnPrem" time="0.004"/>
  <testcase classname="org.artifactory.addon.LicenseAddonsManagerImplTest" name="testAddonNotBlockedBySubscriptionType" time="0.012"/>
  <testcase classname="org.artifactory.addon.LicenseAddonsManagerImplTest" name="testIsP2pLicensed" time="0.006"/>
  <testcase classname="org.artifactory.addon.LicenseAddonsManagerImplTest" name="testConcurrentBlockedBySubscription" time="0.030"/>
  <testcase classname="org.artifactory.addon.LicenseAddonsManagerImplTest" name="testAboutToExpireLicenseFooterMessage" time="0.017"/>
  <testcase classname="org.artifactory.addon.LicenseAddonsManagerImplTest" name="testLicenseToPlatformId" time="0.009"/>
  <testcase classname="org.artifactory.addon.LicenseAddonsManagerImplTest" name="testIsEntitlementSupportWithoutJFConnectOnAol" time="0.009"/>
  <testcase classname="org.artifactory.addon.LicenseAddonsManagerImplTest" name="testConcurrentBlockedBySubscription" time="0.018"/>
  <testcase classname="org.artifactory.addon.LicenseAddonsManagerImplTest" name="testExpiredLicenseFooterMessage" time="0.006"/>
  <testcase classname="org.artifactory.addon.LicenseAddonsManagerImplTest" name="testIsFederatedSupported" time="0.006"/>
  <testcase classname="org.artifactory.addon.LicenseAddonsManagerImplTest" name="testIsEntitlementSupportWithoutJFConnectOnPrem" time="0.006"/>
  <testcase classname="org.artifactory.addon.LicenseAddonsManagerImplTest" name="testIsEntitlementSupportWithoutJFConnectOnPrem" time="0.006"/>
  <testcase classname="org.artifactory.addon.LicenseAddonsManagerImplTest" name="testIsEntitlementSupportWithoutJFConnectOnPrem" time="0.007"/>
  <testcase classname="org.artifactory.addon.LicenseAddonsManagerImplTest" name="testIsEntitlementSupportWithoutJFConnectOnPrem" time="0.006"/>
  <testcase classname="org.artifactory.addon.LicenseAddonsManagerImplTest" name="testAboutToExpireLicenseFooterMessage" time="0.007"/>
  <testcase classname="org.artifactory.addon.LicenseAddonsManagerImplTest" name="testAboutToExpireLicenseFooterMessage" time="0.007"/>
  <testcase classname="org.artifactory.addon.LicenseAddonsManagerImplTest" name="testIsFederatedSupportedForAol" time="0.015"/>
  <testcase classname="org.artifactory.addon.LicenseAddonsManagerImplTest" name="testAddonByTypeWithLicense" time="0.013"/>
  <testcase classname="org.artifactory.addon.LicenseAddonsManagerImplTest" name="testIsEntitlementSupportWithoutJFConnectOnPrem" time="0.009"/>
  <testcase classname="org.artifactory.addon.LicenseAddonsManagerImplTest" name="testIsEntitlementSupportWithoutJFConnectOnPrem" time="0.005"/>
  <testcase classname="org.artifactory.addon.LicenseAddonsManagerImplTest" name="testIsEntitlementSupportWithoutJFConnectOnPrem" time="0.005"/>
  <testcase classname="org.artifactory.addon.LicenseAddonsManagerImplTest" name="testIsEntitlementSupportWithoutJFConnectOnPrem" time="0.005"/>
  <testcase classname="org.artifactory.addon.LicenseAddonsManagerImplTest" name="testIsEntitlementSupportWithoutJFConnectOnPrem" time="0.005"/>
  <testcase classname="org.artifactory.addon.LicenseAddonsManagerImplTest" name="testIsEntitlementSupportWithoutJFConnectOnPrem" time="0.007"/>
  <testcase classname="org.artifactory.addon.LicenseAddonsManagerImplTest" name="testExpiredLicenseFooterMessage" time="0.005"/>
  <testcase classname="org.artifactory.addon.LicenseAddonsManagerImplTest" name="testIsEntitlementSupportWithoutJFConnectOnPrem" time="0.007"/>
  <testcase classname="org.artifactory.addon.LicenseAddonsManagerImplTest" name="testIsP2pLicensed" time="0.005"/>
  <testcase classname="org.artifactory.addon.LicenseAddonsManagerImplTest" name="testIsEntitlementSupportWithoutJFConnectOnPrem" time="0.006"/>
  <testcase classname="org.artifactory.addon.LicenseAddonsManagerImplTest" name="testIsEntitlementSupportWithoutJFConnectOnPrem" time="0.006"/>
  <testcase classname="org.artifactory.addon.LicenseAddonsManagerImplTest" name="testLicenseToPlatformId" time="0.005"/>
  <testcase classname="org.artifactory.addon.LicenseAddonsManagerImplTest" name="testIsEntitlementSupportWithoutJFConnectOnPrem" time="0.005"/>
  <testcase classname="org.artifactory.addon.LicenseAddonsManagerImplTest" name="testIsEntitlementSupportWithoutJFConnectOnPrem" time="0.010"/>
  <testcase classname="org.artifactory.addon.LicenseAddonsManagerImplTest" name="testAddonBlockedBySubscriptionType" time="0.008"/>
  <testcase classname="org.artifactory.addon.LicenseAddonsManagerImplTest" name="testIsEntitlementSupportWithoutJFConnectOnPrem" time="0.019"/>
  <testcase classname="org.artifactory.addon.LicenseAddonsManagerImplTest" name="testIsEntitlementSupportWithoutJFConnectOnPrem" time="0.009"/>
  <testcase classname="org.artifactory.addon.LicenseAddonsManagerImplTest" name="testConcurrentBlockedBySubscription" time="0.065"/>
  <testcase classname="org.artifactory.addon.LicenseAddonsManagerImplTest" name="testAddonBlockedBySubscriptionType" time="0.009"/>
  <testcase classname="org.artifactory.addon.LicenseAddonsManagerImplTest" name="testIsP2pLicensed" time="0.006"/>
  <testcase classname="org.artifactory.addon.LicenseAddonsManagerImplTest" name="testIsEntitlementSupportWithoutJFConnectOnAol" time="0.007"/>
  <testcase classname="org.artifactory.addon.LicenseAddonsManagerImplTest" name="testIsEnterpriseLicensed" time="0.006"/>
  <testcase classname="org.artifactory.addon.LicenseAddonsManagerImplTest" name="testIsEntitlementSupportWithoutJFConnectOnPrem" time="0.010"/>
  <testcase classname="org.artifactory.addon.LicenseAddonsManagerImplTest" name="testInterceptResponse" time="0.087"/>
  <testcase classname="org.artifactory.addon.LicenseAddonsManagerImplTest" name="testIsEnterpriseLicensed" time="0.006"/>
  <testcase classname="org.artifactory.addon.LicenseAddonsManagerImplTest" name="testIsEntitlementSupportWithoutJFConnectOnPrem" time="0.007"/>
  <testcase classname="org.artifactory.addon.LicenseAddonsManagerImplTest" name="testIsEntitlementSupportWithoutJFConnectOnPrem" time="0.010"/>
  <testcase classname="org.artifactory.addon.LicenseAddonsManagerImplTest" name="testIsEntitlementSupportWithoutJFConnectOnPrem" time="0.007"/>
  <testcase classname="org.artifactory.addon.LicenseAddonsManagerImplTest" name="testIsEntitlementSupportWithoutJFConnectOnPrem" time="0.011"/>
  <testcase classname="org.artifactory.addon.LicenseAddonsManagerImplTest" name="testAddonByTypeWithLicense" time="0.010"/>
  <testcase classname="org.artifactory.addon.LicenseAddonsManagerImplTest" name="testAddonNotBlockedBySubscriptionType" time="0.006"/>
  <testcase classname="org.artifactory.addon.LicenseAddonsManagerImplTest" name="testIsP2pLicensed" time="0.006"/>
  <testcase classname="org.artifactory.addon.LicenseAddonsManagerImplTest" name="testAddonBlockedBySubscriptionTypeNoLicense" time="0.012"/>
  <testcase classname="org.artifactory.addon.LicenseAddonsManagerImplTest" name="testIsEntitlementSupportWithoutJFConnectOnPrem" time="0.005"/>
  <testcase classname="org.artifactory.addon.LicenseAddonsManagerImplTest" name="testIsEntitlementSupportWithoutJFConnectOnPrem" time="0.007"/>
  <testcase classname="org.artifactory.addon.LicenseAddonsManagerImplTest" name="testIsEntitlementSupportWithoutJFConnectOnPrem" time="0.010"/>
  <testcase classname="org.artifactory.addon.LicenseAddonsManagerImplTest" name="testIsP2pLicensed" time="0.010"/>
  <testcase classname="org.artifactory.addon.LicenseAddonsManagerImplTest" name="testAddonNotBlockedBySubscriptionType" time="0.007"/>
  <testcase classname="org.artifactory.addon.LicenseAddonsManagerImplTest" name="testAddonNotBlockedBySubscriptionType" time="0.006"/>
  <testcase classname="org.artifactory.addon.LicenseAddonsManagerImplTest" name="testIsXraySupported" time="0.014"/>
  <testcase classname="org.artifactory.addon.LicenseAddonsManagerImplTest" name="testIsEntitlementSupportWithoutJFConnectOnPrem" time="0.007"/>
  <testcase classname="org.artifactory.addon.LicenseAddonsManagerImplTest" name="testIsBlockedByLicense" time="0.008"/>
  <testcase classname="org.artifactory.addon.LicenseAddonsManagerImplTest" name="testConcurrentBlockedBySubscription" time="0.017"/>
  <testcase classname="org.artifactory.addon.LicenseAddonsManagerImplTest" name="testIsP2pLicensed" time="0.008"/>
  <testcase classname="org.artifactory.addon.LicenseAddonsManagerImplTest" name="testIsEntitlementSupportWithoutJFConnectOnPrem" time="0.010"/>
  <testcase classname="org.artifactory.addon.LicenseAddonsManagerImplTest" name="testLicenseToPlatformId" time="0.005"/>
  <testcase classname="org.artifactory.addon.LicenseAddonsManagerImplTest" name="testIsP2pLicensed" time="0.007"/>
  <testcase classname="org.artifactory.addon.LicenseAddonsManagerImplTest" name="testIsEntitlementSupportWithoutJFConnectOnPrem" time="0.007"/>
  <testcase classname="org.artifactory.addon.LicenseAddonsManagerImplTest" name="testExpiredLicenseFooterMessage" time="0.009"/>
  <testcase classname="org.artifactory.addon.LicenseAddonsManagerImplTest" name="testIsEntitlementSupportWithoutJFConnectOnPrem" time="0.006"/>
  <testcase classname="org.artifactory.addon.LicenseAddonsManagerImplTest" name="testIsEntitlementSupportWithoutJFConnectOnPrem" time="0.008"/>
  <testcase classname="org.artifactory.addon.LicenseAddonsManagerImplTest" name="testIsEntitlementSupportWithoutJFConnectOnPrem" time="0.007"/>
  <testcase classname="org.artifactory.addon.LicenseAddonsManagerImplTest" name="testIsFederatedSupported" time="0.006"/>
  <testcase classname="org.artifactory.addon.LicenseAddonsManagerImplTest" name="testIsFederatedSupportedForAol" time="0.007"/>
  <testcase classname="org.artifactory.addon.LicenseAddonsManagerImplTest" name="testIsEntitlementSupportWithoutJFConnectOnPrem" time="0.004"/>
  <testcase classname="org.artifactory.addon.LicenseAddonsManagerImplTest" name="testIsEntitlementSupportWithoutJFConnectOnPrem" time="0.005"/>
  <testcase classname="org.artifactory.addon.LicenseAddonsManagerImplTest" name="testIsEntitlementSupportWithoutJFConnectOnPrem" time="0.007"/>
  <testcase classname="org.artifactory.addon.LicenseAddonsManagerImplTest" name="testIsEntitlementSupportWithoutJFConnectOnPrem" time="0.007"/>
  <testcase classname="org.artifactory.addon.LicenseAddonsManagerImplTest" name="testIsEntitlementSupportWithoutJFConnectOnPrem" time="0.006"/>
  <testcase classname="org.artifactory.addon.LicenseAddonsManagerImplTest" name="testIsEntitlementSupportWithoutJFConnectOnPrem" time="0.005"/>
  <testcase classname="org.artifactory.addon.LicenseAddonsManagerImplTest" name="testIsEntitlementSupportWithoutJFConnectOnPrem" time="0.007"/>
  <testcase classname="org.artifactory.addon.LicenseAddonsManagerImplTest" name="testIsP2pLicensed" time="0.006"/>
  <testcase classname="org.artifactory.addon.LicenseAddonsManagerImplTest" name="testIsEntitledWithoutLicenseInstalled" time="0.032"/>
  <testcase classname="org.artifactory.addon.LicenseAddonsManagerImplTest" name="testAboutToExpireLicenseFooterMessage" time="0.005"/>
  <testcase classname="org.artifactory.addon.LicenseAddonsManagerImplTest" name="testIsFederatedSupported" time="0.004"/>
  <testcase classname="org.artifactory.addon.LicenseAddonsManagerImplTest" name="testIsEntitlementSupportWithoutJFConnectOnPrem" time="0.006"/>
  <testcase classname="org.artifactory.addon.LicenseAddonsManagerImplTest" name="testDeprecatedUrlsRemoteReposOnPrem" time="0.170"/>
  <testcase classname="org.artifactory.addon.LicenseAddonsManagerImplTest" name="testInterceptResponse" time="0.010"/>
  <testcase classname="org.artifactory.addon.LicenseAddonsManagerImplTest" name="testLicenseToPlatformId" time="0.006"/>
  <testcase classname="org.artifactory.addon.LicenseAddonsManagerImplTest" name="testConcurrentBlockedBySubscription" time="0.045"/>
  <testcase classname="org.artifactory.addon.LicenseAddonsManagerImplTest" name="testIsEntitlementSupportWithoutJFConnectOnPrem" time="0.017"/>
  <testcase classname="org.artifactory.addon.LicenseAddonsManagerImplTest" name="testIsEnterpriseLicensed" time="0.006"/>
  <testcase classname="org.artifactory.addon.LicenseAddonsManagerImplTest" name="testAddonByTypeWithLicense" time="0.018"/>
  <testcase classname="org.artifactory.addon.LicenseAddonsManagerImplTest" name="testIsEntitlementSupportWithoutJFConnectOnPrem" time="0.011"/>
  <testcase classname="org.artifactory.addon.LicenseAddonsManagerImplTest" name="testExpiredLicenseFooterMessage" time="0.007"/>
  <testcase classname="org.artifactory.addon.LicenseAddonsManagerImplTest" name="testInterceptResponse" time="0.013"/>
  <testcase classname="org.artifactory.addon.LicenseAddonsManagerImplTest" name="testIsEntitlementSupportWithoutJFConnectOnPrem" time="0.009"/>
  <testcase classname="org.artifactory.addon.LicenseAddonsManagerImplTest" name="testAddonByTypeWithLicense" time="0.005"/>
  <testcase classname="org.artifactory.addon.LicenseAddonsManagerImplTest" name="testInterceptResponse" time="0.007"/>
  <testcase classname="org.artifactory.addon.LicenseAddonsManagerImplTest" name="testInterceptResponse" time="0.007"/>
  <testcase classname="org.artifactory.addon.LicenseAddonsManagerImplTest" name="testConcurrentBlockedBySubscription" time="0.012"/>
  <testcase classname="org.artifactory.addon.LicenseAddonsManagerImplTest" name="testIsEntitlementSupportWithoutJFConnectOnPrem" time="0.005"/>
  <testcase classname="org.artifactory.addon.LicenseAddonsManagerImplTest" name="testIsEntitlementSupportWithoutJFConnectOnPrem" time="0.007"/>
  <testcase classname="org.artifactory.addon.LicenseAddonsManagerImplTest" name="testConcurrentBlockedBySubscription" time="0.021"/>
  <testcase classname="org.artifactory.addon.LicenseAddonsManagerImplTest" name="testIsEnterpriseLicensed" time="0.005"/>
  <testcase classname="org.artifactory.addon.LicenseAddonsManagerImplTest" name="testIsEnterpriseLicensed" time="0.006"/>
  <testcase classname="org.artifactory.addon.LicenseAddonsManagerImplTest" name="testInterceptResponse" time="0.016"/>
  <testcase classname="org.artifactory.addon.LicenseAddonsManagerImplTest" name="testAddonBlockedBySubscriptionType" time="0.010"/>
  <testcase classname="org.artifactory.addon.LicenseAddonsManagerImplTest" name="testIsEntitlementSupportWithoutJFConnectOnPrem" time="0.006"/>
  <testcase classname="org.artifactory.addon.LicenseAddonsManagerImplTest" name="testAddonBlockedBySubscriptionType" time="0.024"/>
  <testcase classname="org.artifactory.addon.LicenseAddonsManagerImplTest" name="testLicenseToPlatformId" time="0.005"/>
  <testcase classname="org.artifactory.addon.LicenseAddonsManagerImplTest" name="testIsEntitlementSupportWithoutJFConnectOnPrem" time="0.013"/>
  <testcase classname="org.artifactory.addon.LicenseAddonsManagerImplTest" name="testIsEntitlementSupportWithoutJFConnectOnPrem" time="0.007"/>
  <testcase classname="org.artifactory.addon.LicenseAddonsManagerImplTest" name="testGetProAndAolLicenseDetails" time="0.056"/>
  <testcase classname="org.artifactory.addon.LicenseAddonsManagerImplTest" name="testIsEntitlementSupportWithoutJFConnectOnPrem" time="0.016"/>
  <testcase classname="org.artifactory.addon.LicenseAddonsManagerImplTest" name="testInterceptResponse" time="0.008"/>
  <testcase classname="org.artifactory.addon.LicenseAddonsManagerImplTest" name="testIsEntitlementSupportWithoutJFConnectOnPrem" time="0.006"/>
  <testcase classname="org.artifactory.addon.LicenseAddonsManagerImplTest" name="testIsXraySupported" time="0.006"/>
  <testcase classname="org.artifactory.addon.LicenseAddonsManagerImplTest" name="testIsEntitlementSupportWithoutJFConnectOnPrem" time="0.007"/>
  <testcase classname="org.artifactory.addon.LicenseAddonsManagerImplTest" name="testIsEntitlementSupportWithoutJFConnectOnPrem" time="0.004"/>
  <testcase classname="org.artifactory.addon.LicenseAddonsManagerImplTest" name="testIsP2pLicensed" time="0.006"/>
  <testcase classname="org.artifactory.addon.LicenseAddonsManagerImplTest" name="testIsEntitlementSupportWithoutJFConnectOnPrem" time="0.006"/>
  <testcase classname="org.artifactory.addon.LicenseAddonsManagerImplTest" name="testIsEntitlementSupportWithoutJFConnectOnPrem" time="0.005"/>
  <testcase classname="org.artifactory.addon.LicenseAddonsManagerImplTest" name="testIsEntitlementSupportWithoutJFConnectOnPrem" time="0.007"/>
  <testcase classname="org.artifactory.addon.LicenseAddonsManagerImplTest" name="testIsEntitlementSupportWithoutJFConnectOnPrem" time="0.008"/>
  <testcase classname="org.artifactory.addon.LicenseAddonsManagerImplTest" name="testIsP2pLicensed" time="0.007"/>
  <testcase classname="org.artifactory.addon.LicenseAddonsManagerImplTest" name="testLicenseToPlatformId" time="0.006"/>
  <testcase classname="org.artifactory.addon.LicenseAddonsManagerImplTest" name="testIsEntitlementSupportWithoutJFConnectOnPrem" time="0.006"/>
  <testcase classname="org.artifactory.addon.LicenseAddonsManagerImplTest" name="testIsEntitlementSupportWithoutJFConnectOnAol" time="0.010"/>
  <testcase classname="org.artifactory.addon.LicenseAddonsManagerImplTest" name="testIsEntitlementSupportWithoutJFConnectOnPrem" time="0.009"/>
  <testcase classname="org.artifactory.addon.LicenseAddonsManagerImplTest" name="testConcurrentBlockedBySubscription" time="0.011"/>
  <testcase classname="org.artifactory.addon.LicenseAddonsManagerImplTest" name="testIsP2pLicensed" time="0.006"/>
  <testcase classname="org.artifactory.addon.LicenseAddonsManagerImplTest" name="testConcurrentBlockedBySubscription" time="0.025"/>
  <testcase classname="org.artifactory.addon.LicenseAddonsManagerImplTest" name="testIsEnterpriseLicensed" time="0.005"/>
  <testcase classname="org.artifactory.addon.LicenseAddonsManagerImplTest" name="testInterceptResponse" time="0.012"/>
  <testcase classname="org.artifactory.addon.LicenseAddonsManagerImplTest" name="testIsEntitlementSupportWithoutJFConnectOnPrem" time="0.005"/>
  <testcase classname="org.artifactory.addon.LicenseAddonsManagerImplTest" name="testIsXraySupported" time="0.008"/>
  <testcase classname="org.artifactory.addon.LicenseAddonsManagerImplTest" name="testIsEntitlementSupportWithoutJFConnectOnPrem" time="0.007"/>
  <testcase classname="org.artifactory.addon.LicenseAddonsManagerImplTest" name="testIsEntitlementSupportWithoutJFConnectOnPrem" time="0.005"/>
  <testcase classname="org.artifactory.addon.LicenseAddonsManagerImplTest" name="testAddonByTypeWithLicense" time="0.010"/>
  <testcase classname="org.artifactory.addon.LicenseAddonsManagerImplTest" name="testIsEntitlementSupportWithoutJFConnectOnAol" time="0.008"/>
  <testcase classname="org.artifactory.addon.LicenseAddonsManagerImplTest" name="testIsEntitlementSupportWithoutJFConnectOnPrem" time="0.009"/>
  <testcase classname="org.artifactory.addon.LicenseAddonsManagerImplTest" name="testIsEntitlementSupportWithoutJFConnectOnPrem" time="0.018"/>
  <testcase classname="org.artifactory.addon.LicenseAddonsManagerImplTest" name="testIsEntitlementSupportWithoutJFConnectOnPrem" time="0.006"/>
  <testcase classname="org.artifactory.addon.LicenseAddonsManagerImplTest" name="testAddonBlockedBySubscriptionType" time="0.011"/>
  <testcase classname="org.artifactory.addon.LicenseAddonsManagerImplTest" name="testIsEntitlementSupportWithoutJFConnectOnPrem" time="0.008"/>
  <testcase classname="org.artifactory.addon.LicenseAddonsManagerImplTest" name="testIsEntitlementSupportWithoutJFConnectOnPrem" time="0.009"/>
  <testcase classname="org.artifactory.addon.LicenseAddonsManagerImplTest" name="testIsEntitlementSupportWithoutJFConnectOnPrem" time="0.009"/>
  <testcase classname="org.artifactory.addon.LicenseAddonsManagerImplTest" name="testAddonBlockedBySubscriptionType" time="0.011"/>
  <testcase classname="org.artifactory.addon.LicenseAddonsManagerImplTest" name="testIsEntitlementSupportWithoutJFConnectOnPrem" time="0.008"/>
  <testcase classname="org.artifactory.addon.LicenseAddonsManagerImplTest" name="testIsXraySupported" time="0.007"/>
  <testcase classname="org.artifactory.addon.LicenseAddonsManagerImplTest" name="testIsEntitlementSupportWithoutJFConnectOnPrem" time="0.015"/>
  <testcase classname="org.artifactory.addon.LicenseAddonsManagerImplTest" name="testIsFederatedSupported" time="0.007"/>
  <testcase classname="org.artifactory.addon.LicenseAddonsManagerImplTest" name="testConcurrentBlockedBySubscription" time="0.018"/>
  <testcase classname="org.artifactory.addon.LicenseAddonsManagerImplTest" name="testIsEntitlementSupportWithoutJFConnectOnPrem" time="0.009"/>
  <testcase classname="org.artifactory.addon.LicenseAddonsManagerImplTest" name="testIsEntitlementSupportWithoutJFConnectOnPrem" time="0.006"/>
  <testcase classname="org.artifactory.addon.LicenseAddonsManagerImplTest" name="testConcurrentBlockedBySubscription" time="0.022"/>
  <testcase classname="org.artifactory.addon.LicenseAddonsManagerImplTest" name="testAddonByTypeWithLicense" time="0.005"/>
  <testcase classname="org.artifactory.addon.LicenseAddonsManagerImplTest" name="testAddonNotBlockedBySubscriptionType" time="0.020"/>
  <testcase classname="org.artifactory.addon.LicenseAddonsManagerImplTest" name="testIsEntitlementSupportWithoutJFConnectOnPrem" time="0.005"/>
  <testcase classname="org.artifactory.addon.LicenseAddonsManagerImplTest" name="testIsEntitlementSupportWithoutJFConnectOnPrem" time="0.010"/>
  <testcase classname="org.artifactory.addon.LicenseAddonsManagerImplTest" name="testAboutToExpireLicenseFooterMessage" time="0.007"/>
  <testcase classname="org.artifactory.addon.LicenseAddonsManagerImplTest" name="testIsFederatedSupported" time="0.005"/>
  <testcase classname="org.artifactory.addon.LicenseAddonsManagerImplTest" name="testIsXraySupported" time="0.017"/>
  <testcase classname="org.artifactory.addon.LicenseAddonsManagerImplTest" name="testIsEntitlementSupportWithoutJFConnectOnPrem" time="0.006"/>
  <testcase classname="org.artifactory.addon.LicenseAddonsManagerImplTest" name="testAddonNotBlockedBySubscriptionType" time="0.013"/>
  <testcase classname="org.artifactory.addon.LicenseAddonsManagerImplTest" name="testIsEntitlementSupportWithoutJFConnectOnPrem" time="0.520"/>
  <testcase classname="org.artifactory.addon.LicenseAddonsManagerImplTest" name="testLicenseToPlatformId" time="0.007"/>
  <testcase classname="org.artifactory.addon.LicenseAddonsManagerImplTest" name="testIsEnterpriseLicensed" time="0.008"/>
  <testcase classname="org.artifactory.addon.LicenseAddonsManagerImplTest" name="testIsEntitlementSupportWithoutJFConnectOnPrem" time="0.008"/>
  <testcase classname="org.artifactory.addon.LicenseAddonsManagerImplTest" name="testIsEntitlementSupportWithoutJFConnectOnPrem" time="0.006"/>
  <testcase classname="org.artifactory.addon.LicenseAddonsManagerImplTest" name="testIsEntitlementSupportWithoutJFConnectOnPrem" time="0.005"/>
  <testcase classname="org.artifactory.addon.LicenseAddonsManagerImplTest" name="testIsEntitlementSupportWithoutJFConnectOnPrem" time="0.006"/>
  <testcase classname="org.artifactory.addon.LicenseAddonsManagerImplTest" name="testIsEntitlementSupportWithoutJFConnectOnPrem" time="0.006"/>
  <testcase classname="org.artifactory.addon.LicenseAddonsManagerImplTest" name="testIsEntitlementSupportWithoutJFConnectOnPrem" time="0.006"/>
  <testcase classname="org.artifactory.addon.LicenseAddonsManagerImplTest" name="testIsEntitlementSupportWithoutJFConnectOnPrem" time="0.005"/>
  <testcase classname="org.artifactory.addon.LicenseAddonsManagerImplTest" name="testIsEntitlementSupportWithoutJFConnectOnPrem" time="0.008"/>
  <testcase classname="org.artifactory.addon.LicenseAddonsManagerImplTest" name="testIsEntitlementSupportWithoutJFConnectOnAol" time="0.006"/>
  <testcase classname="org.artifactory.addon.LicenseAddonsManagerImplTest" name="testLicenseToPlatformIdOnlyArtifactory" time="0.009"/>
  <testcase classname="org.artifactory.addon.LicenseAddonsManagerImplTest" name="testIsP2pLicensed" time="0.008"/>
  <testcase classname="org.artifactory.addon.LicenseAddonsManagerImplTest" name="testIsEntitlementSupportWithoutJFConnectOnPrem" time="0.019"/>
  <testcase classname="org.artifactory.addon.LicenseAddonsManagerImplTest" name="testIsEntitlementSupportWithoutJFConnectOnPrem" time="0.005"/>
  <testcase classname="org.artifactory.addon.LicenseAddonsManagerImplTest" name="testExpiredLicenseFooterMessage" time="0.006"/>
  <testcase classname="org.artifactory.addon.LicenseAddonsManagerImplTest" name="testIsEntitlementSupportWithoutJFConnectOnPrem" time="0.009"/>
  <testcase classname="org.artifactory.addon.LicenseAddonsManagerImplTest" name="testIsP2pLicensed" time="0.008"/>
  <testcase classname="org.artifactory.addon.LicenseAddonsManagerImplTest" name="testIsEnterpriseLicensed" time="0.012"/>
  <testcase classname="org.artifactory.addon.LicenseAddonsManagerImplTest" name="testIsFederatedSupported" time="0.022"/>
  <testcase classname="org.artifactory.addon.LicenseAddonsManagerImplTest" name="testIsEntitlementSupportWithoutJFConnectOnPrem" time="0.013"/>
  <testcase classname="org.artifactory.addon.LicenseAddonsManagerImplTest" name="testIsP2pLicensed" time="0.015"/>
  <testcase classname="org.artifactory.addon.LicenseAddonsManagerImplTest" name="testIsEntitlementSupportWithoutJFConnectOnPrem" time="0.017"/>
  <testcase classname="org.artifactory.addon.LicenseAddonsManagerImplTest" name="testIsEntitlementSupportWithoutJFConnectOnPrem" time="0.016"/>
  <testcase classname="org.artifactory.addon.LicenseAddonsManagerImplTest" name="testIsEntitlementSupportWithoutJFConnectOnPrem" time="0.007"/>
  <testcase classname="org.artifactory.addon.LicenseAddonsManagerImplTest" name="testIsXraySupported" time="0.010"/>
  <testcase classname="org.artifactory.addon.LicenseAddonsManagerImplTest" name="testAddonBlockedBySubscriptionType" time="0.011"/>
  <testcase classname="org.artifactory.addon.LicenseAddonsManagerImplTest" name="testIsEntitlementSupportWithoutJFConnectOnAol" time="0.006"/>
  <testcase classname="org.artifactory.addon.LicenseAddonsManagerImplTest" name="testIsEntitlementSupportWithoutJFConnectOnAol" time="0.015"/>
  <testcase classname="org.artifactory.addon.LicenseAddonsManagerImplTest" name="testIsEntitlementSupportWithoutJFConnectOnPrem" time="0.007"/>
  <testcase classname="org.artifactory.addon.LicenseAddonsManagerImplTest" name="testIsEntitlementSupportWithoutJFConnectOnPrem" time="0.006"/>
  <testcase classname="org.artifactory.addon.LicenseAddonsManagerImplTest" name="testIsEntitlementSupportWithoutJFConnectOnPrem" time="0.005"/>
  <testcase classname="org.artifactory.addon.LicenseAddonsManagerImplTest" name="testIsEntitlementSupportWithoutJFConnectOnPrem" time="0.015"/>
  <testcase classname="org.artifactory.addon.LicenseAddonsManagerImplTest" name="testAddonNotBlockedBySubscriptionType" time="0.007"/>
  <testcase classname="org.artifactory.addon.LicenseAddonsManagerImplTest" name="testIsEntitlementSupportWithoutJFConnectOnPrem" time="0.005"/>
  <testcase classname="org.artifactory.addon.LicenseAddonsManagerImplTest" name="testDeprecatedUrlsRemoteReposOnPremUnifiedMessage" time="0.006"/>
  <testcase classname="org.artifactory.addon.LicenseAddonsManagerImplTest" name="testIsEntitlementSupportWithoutJFConnectOnPrem" time="0.009"/>
  <testcase classname="org.artifactory.addon.LicenseAddonsManagerImplTest" name="testIsEntitlementSupportWithoutJFConnectOnPrem" time="0.008"/>
  <testcase classname="org.artifactory.addon.LicenseAddonsManagerImplTest" name="testIsXraySupported" time="0.008"/>
  <testcase classname="org.artifactory.addon.LicenseAddonsManagerImplTest" name="testIsEntitlementSupportWithoutJFConnectOnPrem" time="0.006"/>
  <testcase classname="org.artifactory.addon.LicenseAddonsManagerImplTest" name="testConcurrentBlockedBySubscription" time="0.030"/>
  <testcase classname="org.artifactory.addon.LicenseAddonsManagerImplTest" name="testIsEntitlementSupportWithoutJFConnectOnPrem" time="0.027"/>
  <testcase classname="org.artifactory.addon.LicenseAddonsManagerImplTest" name="testIsEntitlementSupportWithoutJFConnectOnPrem" time="0.021"/>
  <testcase classname="org.artifactory.addon.LicenseAddonsManagerImplTest" name="testIsP2pLicensed" time="0.007"/>
  <testcase classname="org.artifactory.addon.LicenseAddonsManagerImplTest" name="testConcurrentBlockedBySubscription" time="0.011"/>
  <testcase classname="org.artifactory.addon.LicenseAddonsManagerImplTest" name="testIsEntitlementSupportWithoutJFConnectOnPrem" time="0.006"/>
  <testcase classname="org.artifactory.addon.LicenseAddonsManagerImplTest" name="testExpiredLicenseFooterMessage" time="0.005"/>
  <testcase classname="org.artifactory.addon.LicenseAddonsManagerImplTest" name="testIsEntitlementSupportWithoutJFConnectOnPrem" time="0.005"/>
  <testcase classname="org.artifactory.addon.LicenseAddonsManagerImplTest" name="testInterceptResponse" time="0.007"/>
  <testcase classname="org.artifactory.addon.LicenseAddonsManagerImplTest" name="testIsEntitlementSupportWithoutJFConnectOnPrem" time="0.010"/>
  <testcase classname="org.artifactory.addon.LicenseAddonsManagerImplTest" name="testIsEntitlementSupportWithoutJFConnectOnPrem" time="0.007"/>
  <testcase classname="org.artifactory.addon.LicenseAddonsManagerImplTest" name="testExpiredLicenseFooterMessage" time="0.006"/>
  <testcase classname="org.artifactory.addon.LicenseAddonsManagerImplTest" name="testIsEntitlementSupportWithoutJFConnectOnPrem" time="0.005"/>
  <testcase classname="org.artifactory.addon.LicenseAddonsManagerImplTest" name="testConcurrentBlockedBySubscription" time="0.020"/>
  <testcase classname="org.artifactory.addon.LicenseAddonsManagerImplTest" name="testIsEnterpriseLicensed" time="0.006"/>
  <testcase classname="org.artifactory.addon.LicenseAddonsManagerImplTest" name="testIsEntitlementSupportWithoutJFConnectOnAol" time="0.010"/>
  <testcase classname="org.artifactory.addon.LicenseAddonsManagerImplTest" name="testIsEntitlementSupportWithoutJFConnectOnPrem" time="0.012"/>
  <testcase classname="org.artifactory.addon.LicenseAddonsManagerImplTest" name="testIsEntitlementSupportWithoutJFConnectOnAol" time="0.009"/>
  <testcase classname="org.artifactory.addon.LicenseAddonsManagerImplTest" name="testIsEntitlementSupportWithoutJFConnectOnPrem" time="0.005"/>
  <testcase classname="org.artifactory.addon.LicenseAddonsManagerImplTest" name="testIsP2pLicensed" time="0.011"/>
  <testcase classname="org.artifactory.addon.LicenseAddonsManagerImplTest" name="testAddonByTypeWithoutLicense" time="0.014"/>
  <testcase classname="org.artifactory.addon.LicenseAddonsManagerImplTest" name="testAddonNotBlockedBySubscriptionType" time="0.017"/>
  <testcase classname="org.artifactory.addon.LicenseAddonsManagerImplTest" name="testConcurrentBlockedBySubscription" time="0.038"/>
  <testcase classname="org.artifactory.addon.LicenseAddonsManagerImplTest" name="testIsEntitlementSupportWithoutJFConnectOnPrem" time="0.013"/>
  <testcase classname="org.artifactory.addon.LicenseAddonsManagerImplTest" name="testInterceptResponse" time="2.653"/>
  <testcase classname="org.artifactory.addon.LicenseAddonsManagerImplTest" name="testIsEntitlementSupportWithoutJFConnectOnPrem" time="0.010"/>
  <testcase classname="org.artifactory.addon.LicenseAddonsManagerImplTest" name="testIsEntitlementSupportWithoutJFConnectOnPrem" time="0.007"/>
  <testcase classname="org.artifactory.addon.LicenseAddonsManagerImplTest" name="testIsEntitlementSupportWithoutJFConnectOnPrem" time="0.007"/>
  <testcase classname="org.artifactory.addon.LicenseAddonsManagerImplTest" name="testIsEntitlementSupportWithoutJFConnectOnPrem" time="0.005"/>
  <testcase classname="org.artifactory.addon.LicenseAddonsManagerImplTest" name="testIsFederatedSupported" time="0.006"/>
  <testcase classname="org.artifactory.addon.LicenseAddonsManagerImplTest" name="testIsEntitlementSupportWithoutJFConnectOnPrem" time="0.007"/>
  <testcase classname="org.artifactory.addon.LicenseAddonsManagerImplTest" name="testConcurrentBlockedBySubscription" time="0.040"/>
  <testcase classname="org.artifactory.addon.LicenseAddonsManagerImplTest" name="testAddonBlockedBySubscriptionType" time="0.013"/>
  <testcase classname="org.artifactory.addon.LicenseAddonsManagerImplTest" name="testAboutToExpireLicenseFooterMessage" time="0.009"/>
  <testcase classname="org.artifactory.addon.LicenseAddonsManagerImplTest" name="testIsXraySupported" time="0.006"/>
  <testcase classname="org.artifactory.addon.LicenseAddonsManagerImplTest" name="testAddonByTypeWithLicense" time="0.012"/>
  <testcase classname="org.artifactory.addon.LicenseAddonsManagerImplTest" name="testIsEntitlementSupportWithoutJFConnectOnPrem" time="0.005"/>
  <testcase classname="org.artifactory.addon.LicenseAddonsManagerImplTest" name="testIsEntitlementSupportWithoutJFConnectOnPrem" time="0.006"/>
  <testcase classname="org.artifactory.addon.LicenseAddonsManagerImplTest" name="testIsEntitlementSupportWithoutJFConnectOnPrem" time="0.004"/>
  <testcase classname="org.artifactory.addon.LicenseAddonsManagerImplTest" name="testIsEntitlementSupportWithoutJFConnectOnPrem" time="0.008"/>
  <testcase classname="org.artifactory.addon.LicenseAddonsManagerImplTest" name="testIsEntitlementSupportWithoutJFConnectOnPrem" time="0.005"/>
  <testcase classname="org.artifactory.addon.LicenseAddonsManagerImplTest" name="testIsEntitlementSupportWithoutJFConnectOnPrem" time="0.007"/>
  <testcase classname="org.artifactory.addon.LicenseAddonsManagerImplTest" name="testIsEntitlementSupportWithoutJFConnectOnPrem" time="0.005"/>
  <testcase classname="org.artifactory.addon.LicenseAddonsManagerImplTest" name="testIsEntitlementSupportWithoutJFConnectOnPrem" time="0.005"/>
  <testcase classname="org.artifactory.addon.LicenseAddonsManagerImplTest" name="testIsEntitlementSupportWithoutJFConnectOnPrem" time="0.007"/>
  <testcase classname="org.artifactory.addon.LicenseAddonsManagerImplTest" name="testLicenseToPlatformId" time="0.012"/>
  <testcase classname="org.artifactory.addon.LicenseAddonsManagerImplTest" name="testIsEntitlementSupportWithoutJFConnectOnPrem" time="0.004"/>
  <testcase classname="org.artifactory.addon.LicenseAddonsManagerImplTest" name="testIsEntitlementSupportWithoutJFConnectOnPrem" time="0.005"/>
  <testcase classname="org.artifactory.addon.LicenseAddonsManagerImplTest" name="testIsEntitlementSupportWithoutJFConnectOnPrem" time="0.006"/>
  <testcase classname="org.artifactory.addon.LicenseAddonsManagerImplTest" name="testIsEntitlementSupportWithoutJFConnectOnPrem" time="0.008"/>
  <testcase classname="org.artifactory.addon.LicenseAddonsManagerImplTest" name="testIsEntitlementSupportWithoutJFConnectOnPrem" time="0.021"/>
  <testcase classname="org.artifactory.addon.LicenseAddonsManagerImplTest" name="testAboutToExpireLicenseFooterMessage" time="0.005"/>
  <testcase classname="org.artifactory.addon.LicenseAddonsManagerImplTest" name="testIsEntitlementSupportWithoutJFConnectOnPrem" time="0.006"/>
  <testcase classname="org.artifactory.addon.LicenseAddonsManagerImplTest" name="testIsOssLicensed" time="0.004"/>
  <testcase classname="org.artifactory.addon.LicenseAddonsManagerImplTest" name="testAddonByTypeWithLicense" time="0.018"/>
  <testcase classname="org.artifactory.addon.LicenseAddonsManagerImplTest" name="testIsEntitlementSupportWithoutJFConnectOnPrem" time="0.008"/>
  <testcase classname="org.artifactory.addon.LicenseAddonsManagerImplTest" name="testIsEntitlementSupportWithoutJFConnectOnPrem" time="0.007"/>
  <testcase classname="org.artifactory.addon.LicenseAddonsManagerImplTest" name="testAddonNotBlockedBySubscriptionType" time="0.007"/>
  <testcase classname="org.artifactory.addon.LicenseAddonsManagerImplTest" name="testIsP2pLicensed" time="0.014"/>
  <testcase classname="org.artifactory.addon.LicenseAddonsManagerImplTest" name="testIsEntitlementSupportWithoutJFConnectOnPrem" time="0.008"/>
  <testcase classname="org.artifactory.addon.LicenseAddonsManagerImplTest" name="testAddonByTypeWithLicense" time="0.018"/>
  <testcase classname="org.artifactory.addon.LicenseAddonsManagerImplTest" name="testIsEntitlementSupportWithoutJFConnectOnPrem" time="0.005"/>
  <testcase classname="org.artifactory.addon.LicenseAddonsManagerImplTest" name="testIsEntitlementSupportWithoutJFConnectOnPrem" time="0.006"/>
  <testcase classname="org.artifactory.addon.LicenseAddonsManagerImplTest" name="testIsEntitlementSupportWithoutJFConnectOnPrem" time="0.006"/>
  <testcase classname="org.artifactory.addon.LicenseAddonsManagerImplTest" name="testAboutToExpireLicenseFooterMessage" time="0.007"/>
  <testcase classname="org.artifactory.addon.LicenseAddonsManagerImplTest" name="testIsFederatedSupportedForAol" time="0.007"/>
  <testcase classname="org.artifactory.addon.LicenseAddonsManagerImplTest" name="testIsP2pLicensed" time="0.011"/>
  <testcase classname="org.artifactory.addon.LicenseAddonsManagerImplTest" name="testIsEntitlementSupportWithoutJFConnectOnPrem" time="0.023"/>
  <testcase classname="org.artifactory.addon.LicenseAddonsManagerImplTest" name="testIsEntitlementSupportWithoutJFConnectOnPrem" time="0.004"/>
  <testcase classname="org.artifactory.addon.LicenseAddonsManagerImplTest" name="testIsEntitlementSupportWithoutJFConnectOnPrem" time="0.004"/>
  <testcase classname="org.artifactory.addon.LicenseAddonsManagerImplTest" name="testLicenseToPlatformId" time="0.005"/>
  <testcase classname="org.artifactory.addon.LicenseAddonsManagerImplTest" name="testIsEnterpriseLicensed" time="0.007"/>
  <testcase classname="org.artifactory.addon.LicenseAddonsManagerImplTest" name="testIsEnterpriseLicensed" time="0.008"/>
  <testcase classname="org.artifactory.addon.LicenseAddonsManagerImplTest" name="testIsFederatedSupported" time="0.004"/>
  <testcase classname="org.artifactory.addon.LicenseAddonsManagerImplTest" name="testIsEntitlementSupportWithoutJFConnectOnPrem" time="0.004"/>
  <testcase classname="org.artifactory.addon.LicenseAddonsManagerImplTest" name="testIsEntitlementSupportWithoutJFConnectOnPrem" time="0.006"/>
  <testcase classname="org.artifactory.addon.LicenseAddonsManagerImplTest" name="testIsEntitlementSupportWithoutJFConnectOnPrem" time="0.006"/>
  <testcase classname="org.artifactory.addon.LicenseAddonsManagerImplTest" name="testConcurrentBlockedBySubscription" time="0.026"/>
  <testcase classname="org.artifactory.addon.LicenseAddonsManagerImplTest" name="testIsEntitlementSupportWithoutJFConnectOnPrem" time="0.006"/>
  <testcase classname="org.artifactory.addon.LicenseAddonsManagerImplTest" name="testIsEntitlementSupportWithoutJFConnectOnPrem" time="0.015"/>
  <testcase classname="org.artifactory.addon.LicenseAddonsManagerImplTest" name="testIsEntitlementSupportWithoutJFConnectOnPrem" time="0.004"/>
  <testcase classname="org.artifactory.addon.LicenseAddonsManagerImplTest" name="testIsEntitlementSupportWithoutJFConnectOnPrem" time="0.005"/>
  <testcase classname="org.artifactory.addon.LicenseAddonsManagerImplTest" name="testIsP2pLicensed" time="0.008"/>
  <testcase classname="org.artifactory.addon.LicenseAddonsManagerImplTest" name="testAboutToExpireLicenseFooterMessage" time="0.009"/>
  <testcase classname="org.artifactory.addon.LicenseAddonsManagerImplTest" name="testIsEnterpriseLicensed" time="0.006"/>
  <testcase classname="org.artifactory.addon.LicenseAddonsManagerImplTest" name="testIsEnterpriseLicensed" time="0.024"/>
  <testcase classname="org.artifactory.addon.LicenseAddonsManagerImplTest" name="testIsXraySupported" time="0.006"/>
  <testcase classname="org.artifactory.addon.LicenseAddonsManagerImplTest" name="testLicenseToPlatformId" time="0.005"/>
  <testcase classname="org.artifactory.addon.LicenseAddonsManagerImplTest" name="testIsEntitlementSupportWithoutJFConnectOnPrem" time="0.008"/>
  <testcase classname="org.artifactory.addon.LicenseAddonsManagerImplTest" name="testIsEntitlementSupportWithoutJFConnectOnPrem" time="0.007"/>
  <testcase classname="org.artifactory.addon.LicenseAddonsManagerImplTest" name="testExpiredLicenseFooterMessage" time="0.005"/>
  <testcase classname="org.artifactory.addon.LicenseAddonsManagerImplTest" name="testIsEntitlementSupportWithoutJFConnectOnPrem" time="0.007"/>
  <testcase classname="org.artifactory.addon.LicenseAddonsManagerImplTest" name="testIsEntitlementSupportWithoutJFConnectOnPrem" time="0.007"/>
  <testcase classname="org.artifactory.addon.LicenseAddonsManagerImplTest" name="testAddonBlockedBySubscriptionType" time="0.043"/>
  <testcase classname="org.artifactory.addon.LicenseAddonsManagerImplTest" name="testAddonNotBlockedBySubscriptionType" time="0.009"/>
  <testcase classname="org.artifactory.addon.LicenseAddonsManagerImplTest" name="testIsEntitlementSupportWithoutJFConnectOnAol" time="0.008"/>
  <testcase classname="org.artifactory.addon.LicenseAddonsManagerImplTest" name="testIsEntitlementSupportWithoutJFConnectOnPrem" time="0.008"/>
  <testcase classname="org.artifactory.addon.LicenseAddonsManagerImplTest" name="testIsEntitlementSupportWithoutJFConnectOnPrem" time="0.007"/>
</testsuite> <!-- org.artifactory.addon.LicenseAddonsManagerImplTest -->
