<?xml version="1.0" encoding="UTF-8"?>
<!-- Generated by org.testng.reporters.JUnitReportReporter -->
<testsuite ignored="0" hostname="fc3c13788461" failures="0" tests="9" name="org.artifactory.addon.replication.ReplicationRequestHandlerTest" time="0.854" errors="0" timestamp="25 Oct 2021 16:08:05 GMT" skipped="0">
  <testcase classname="org.artifactory.addon.replication.ReplicationRequestHandlerTest" name="testLocalWithNonExistingProxy" time="0.001"/>
  <testcase classname="org.artifactory.addon.replication.ReplicationRequestHandlerTest" name="testUnfoundRepoPath" time="0.096"/>
  <testcase classname="org.artifactory.addon.replication.ReplicationRequestHandlerTest" name="testLocalWithExistingProxy" time="0.591"/>
  <testcase classname="org.artifactory.addon.replication.ReplicationRequestHandlerTest" name="testLocalWithNoUsername" time="0.022"/>
  <testcase classname="org.artifactory.addon.replication.ReplicationRequestHandlerTest" name="testRemote" time="0.003"/>
  <testcase classname="org.artifactory.addon.replication.ReplicationRequestHandlerTest" name="testLocalWithNoPassword" time="0.010"/>
  <testcase classname="org.artifactory.addon.replication.ReplicationRequestHandlerTest" name="testLocalWithNoUrl" time="0.058"/>
  <testcase classname="org.artifactory.addon.replication.ReplicationRequestHandlerTest" name="testLocalWithNoProxy" time="0.004"/>
  <testcase classname="org.artifactory.addon.replication.ReplicationRequestHandlerTest" name="testUnfoundRepoKey" time="0.069"/>
</testsuite> <!-- org.artifactory.addon.replication.ReplicationRequestHandlerTest -->
