<?xml version="1.0" encoding="UTF-8"?>
<!-- Generated by org.testng.reporters.JUnitReportReporter -->
<testsuite ignored="0" hostname="fc3c13788461" failures="0" tests="70" name="org.artifactory.addon.projects.ProjectsServiceImplTest" time="4.178" errors="0" timestamp="25 Oct 2021 16:04:20 GMT" skipped="0">
  <testcase classname="org.artifactory.addon.projects.ProjectsServiceImplTest" name="testGetProjectOfRepositoryInternal" time="0.012"/>
  <testcase classname="org.artifactory.addon.projects.ProjectsServiceImplTest" name="testIsProjectAdmin" time="0.013"/>
  <testcase classname="org.artifactory.addon.projects.ProjectsServiceImplTest" name="testCanProjectAdminManageResources" time="0.013"/>
  <testcase classname="org.artifactory.addon.projects.ProjectsServiceImplTest" name="testRemoveRepositoryFromDefault" time="0.017"/>
  <testcase classname="org.artifactory.addon.projects.ProjectsServiceImplTest" name="testValidateRepoConfigIsMatchingToProjectSpec" time="0.015"/>
  <testcase classname="org.artifactory.addon.projects.ProjectsServiceImplTest" name="testAssertProjectStorageQuotaWhenAOLAndHardLimit" time="0.028"/>
  <testcase classname="org.artifactory.addon.projects.ProjectsServiceImplTest" name="testCanProjectAdminManageResources" time="0.013"/>
  <testcase classname="org.artifactory.addon.projects.ProjectsServiceImplTest" name="verifyProjectStorageQuotaNotificationJobStarted" time="0.024"/>
  <testcase classname="org.artifactory.addon.projects.ProjectsServiceImplTest" name="testCanMangeProjectResources" time="0.025"/>
  <testcase classname="org.artifactory.addon.projects.ProjectsServiceImplTest" name="testGetProjectRecourses" time="0.019"/>
  <testcase classname="org.artifactory.addon.projects.ProjectsServiceImplTest" name="testGetUserProjects" time="0.014"/>
  <testcase classname="org.artifactory.addon.projects.ProjectsServiceImplTest" name="testGetProjectOfRepository" time="0.023"/>
  <testcase classname="org.artifactory.addon.projects.ProjectsServiceImplTest" name="testGetAllProjectsRecourses" time="0.024"/>
  <testcase classname="org.artifactory.addon.projects.ProjectsServiceImplTest" name="testIsProjectAdmin" time="0.014"/>
  <testcase classname="org.artifactory.addon.projects.ProjectsServiceImplTest" name="testIsProjectAdmin" time="0.014"/>
  <testcase classname="org.artifactory.addon.projects.ProjectsServiceImplTest" name="testStorageQuotaPreconditionsAndGetProjQuotaSize" time="0.013"/>
  <testcase classname="org.artifactory.addon.projects.ProjectsServiceImplTest" name="testValidateRepoConfigIsMatchingToProjectSpec" time="0.017"/>
  <testcase classname="org.artifactory.addon.projects.ProjectsServiceImplTest" name="testCanProjectAdminManageResources" time="0.014"/>
  <testcase classname="org.artifactory.addon.projects.ProjectsServiceImplTest" name="testGetProjectRepositoryEntity" time="0.033"/>
  <testcase classname="org.artifactory.addon.projects.ProjectsServiceImplTest" name="testValidateRepoConfigIsMatchingToProjectSpec" time="0.013"/>
  <testcase classname="org.artifactory.addon.projects.ProjectsServiceImplTest" name="testCanProjectAdminManageResources" time="0.012"/>
  <testcase classname="org.artifactory.addon.projects.ProjectsServiceImplTest" name="testGetUserProjects" time="0.034"/>
  <testcase classname="org.artifactory.addon.projects.ProjectsServiceImplTest" name="testGetProjectRepositories" time="0.013"/>
  <testcase classname="org.artifactory.addon.projects.ProjectsServiceImplTest" name="testGetProjectOfRepositoryInternal" time="0.016"/>
  <testcase classname="org.artifactory.addon.projects.ProjectsServiceImplTest" name="testCanProjectAdminManageResources" time="0.014"/>
  <testcase classname="org.artifactory.addon.projects.ProjectsServiceImplTest" name="testGetProjectOfRepository" time="0.021"/>
  <testcase classname="org.artifactory.addon.projects.ProjectsServiceImplTest" name="testAssertProjectStorageQuotaForDefaultProject" time="0.063"/>
  <testcase classname="org.artifactory.addon.projects.ProjectsServiceImplTest" name="testValidateRepoConfigIsMatchingToProjectSpec" time="0.013"/>
  <testcase classname="org.artifactory.addon.projects.ProjectsServiceImplTest" name="testAssertProjectStorageQuotaForUnlimitedQuota" time="0.027"/>
  <testcase classname="org.artifactory.addon.projects.ProjectsServiceImplTest" name="testGetProjectOfRepository" time="0.010"/>
  <testcase classname="org.artifactory.addon.projects.ProjectsServiceImplTest" name="testIsProjectAdmin" time="0.024"/>
  <testcase classname="org.artifactory.addon.projects.ProjectsServiceImplTest" name="testCanProjectAdminManageResources" time="0.011"/>
  <testcase classname="org.artifactory.addon.projects.ProjectsServiceImplTest" name="testGetUserProjects" time="0.016"/>
  <testcase classname="org.artifactory.addon.projects.ProjectsServiceImplTest" name="testNpeWhenGettingGrpcClient" time="0.021"/>
  <testcase classname="org.artifactory.addon.projects.ProjectsServiceImplTest" name="testGetAllProjectsEntities" time="0.028"/>
  <testcase classname="org.artifactory.addon.projects.ProjectsServiceImplTest" name="testValidateRepoConfigIsMatchingToProjectSpec" time="0.020"/>
  <testcase classname="org.artifactory.addon.projects.ProjectsServiceImplTest" name="testGetProjectRepositories" time="0.011"/>
  <testcase classname="org.artifactory.addon.projects.ProjectsServiceImplTest" name="testGetAllProjectsRecourses" time="0.014"/>
  <testcase classname="org.artifactory.addon.projects.ProjectsServiceImplTest" name="testGetProjectOfRepositoryInternal" time="0.012"/>
  <testcase classname="org.artifactory.addon.projects.ProjectsServiceImplTest" name="testGetAllProjectsEntities" time="0.011"/>
  <testcase classname="org.artifactory.addon.projects.ProjectsServiceImplTest" name="testCanMangeProjectResources" time="0.055"/>
  <testcase classname="org.artifactory.addon.projects.ProjectsServiceImplTest" name="testGetUserProjects" time="0.011"/>
  <testcase classname="org.artifactory.addon.projects.ProjectsServiceImplTest" name="testgetRepoKeyToProjectMap" time="0.015"/>
  <testcase classname="org.artifactory.addon.projects.ProjectsServiceImplTest" name="testCanProjectAdminManageResources" time="0.021"/>
  <testcase classname="org.artifactory.addon.projects.ProjectsServiceImplTest" name="testGetProjectAdmins" time="0.084"/>
  <testcase classname="org.artifactory.addon.projects.ProjectsServiceImplTest" name="testIsProjectAdmin" time="0.014"/>
  <testcase classname="org.artifactory.addon.projects.ProjectsServiceImplTest" name="testGetUserProjects" time="0.020"/>
  <testcase classname="org.artifactory.addon.projects.ProjectsServiceImplTest" name="testIsProjectAdmin" time="0.010"/>
  <testcase classname="org.artifactory.addon.projects.ProjectsServiceImplTest" name="testAssertProjectStorageQuotaForLimitedQuota" time="1.154"/>
  <testcase classname="org.artifactory.addon.projects.ProjectsServiceImplTest" name="testCanMangeProjectResources" time="0.016"/>
  <testcase classname="org.artifactory.addon.projects.ProjectsServiceImplTest" name="testValidateRepoConfigIsMatchingToProjectSpec" time="0.014"/>
  <testcase classname="org.artifactory.addon.projects.ProjectsServiceImplTest" name="testCanProjectAdminManageResources" time="0.012"/>
  <testcase classname="org.artifactory.addon.projects.ProjectsServiceImplTest" name="testGetAllProjects" time="0.011"/>
  <testcase classname="org.artifactory.addon.projects.ProjectsServiceImplTest" name="testAssertProjectStorageQuotaWhenUsingMoveMultiStatusHolder" time="0.019"/>
  <testcase classname="org.artifactory.addon.projects.ProjectsServiceImplTest" name="testRemoveRepositoryFromProject" time="0.013"/>
  <testcase classname="org.artifactory.addon.projects.ProjectsServiceImplTest" name="testCanMangeProjectResources" time="0.012"/>
  <testcase classname="org.artifactory.addon.projects.ProjectsServiceImplTest" name="testGetProjectOfRepository" time="0.014"/>
  <testcase classname="org.artifactory.addon.projects.ProjectsServiceImplTest" name="testGetProjectOfRepositoryInternal" time="0.014"/>
  <testcase classname="org.artifactory.addon.projects.ProjectsServiceImplTest" name="testIsProjectAdmin" time="0.030"/>
  <testcase classname="org.artifactory.addon.projects.ProjectsServiceImplTest" name="testGetUserProjects" time="1.740"/>
  <testcase classname="org.artifactory.addon.projects.ProjectsServiceImplTest" name="testCanMangeProjectResources" time="0.013"/>
  <testcase classname="org.artifactory.addon.projects.ProjectsServiceImplTest" name="testGetProjectRecourses" time="0.011"/>
  <testcase classname="org.artifactory.addon.projects.ProjectsServiceImplTest" name="testIsProjectAdmin" time="0.010"/>
  <testcase classname="org.artifactory.addon.projects.ProjectsServiceImplTest" name="verifyProjectStorageQuotaNotificationJobStarted" time="0.013"/>
  <testcase classname="org.artifactory.addon.projects.ProjectsServiceImplTest" name="testGetAllProjects" time="0.019"/>
  <testcase classname="org.artifactory.addon.projects.ProjectsServiceImplTest" name="testGetUserProjects" time="0.009"/>
  <testcase classname="org.artifactory.addon.projects.ProjectsServiceImplTest" name="testCanMangeProjectResources" time="0.016"/>
  <testcase classname="org.artifactory.addon.projects.ProjectsServiceImplTest" name="testCanMangeProjectResources" time="0.024"/>
  <testcase classname="org.artifactory.addon.projects.ProjectsServiceImplTest" name="testGetUserProjects" time="0.014"/>
  <testcase classname="org.artifactory.addon.projects.ProjectsServiceImplTest" name="testCanMangeProjectResources" time="0.021"/>
</testsuite> <!-- org.artifactory.addon.projects.ProjectsServiceImplTest -->
