<?xml version="1.0" encoding="UTF-8"?>
<!-- Generated by org.testng.reporters.JUnitReportReporter -->
<testsuite ignored="0" hostname="fc3c13788461" failures="0" tests="2" name="org.artifactory.addon.replication.core.context.counter.ReplicationCounterTest" time="0.045" errors="0" timestamp="25 Oct 2021 16:09:55 GMT" skipped="0">
  <testcase classname="org.artifactory.addon.replication.core.context.counter.ReplicationCounterTest" name="testEventImpl" time="0.044"/>
  <testcase classname="org.artifactory.addon.replication.core.context.counter.ReplicationCounterTest" name="testFullImpl" time="0.001"/>
</testsuite> <!-- org.artifactory.addon.replication.core.context.counter.ReplicationCounterTest -->
