<?xml version="1.0" encoding="UTF-8"?>
<!-- Generated by org.testng.reporters.JUnitReportReporter -->
<testsuite ignored="1" hostname="fc3c13788461" failures="0" tests="14" name="org.artifactory.addon.docker.rest.v2.repo.cleanup.DockerTagTest" time="0.013" errors="0" timestamp="25 Oct 2021 16:05:04 GMT" skipped="0">
  <testcase classname="org.artifactory.addon.docker.rest.v2.repo.cleanup.DockerTagTest" name="testConstructorWithInvalidArgs" time="0.000"/>
  <testcase classname="org.artifactory.addon.docker.rest.v2.repo.cleanup.DockerTagTest" name="testConstructorWithInvalidArgs" time="0.001"/>
  <testcase classname="org.artifactory.addon.docker.rest.v2.repo.cleanup.DockerTagTest" name="testConstructorWithInvalidArgs" time="0.000"/>
  <testcase classname="org.artifactory.addon.docker.rest.v2.repo.cleanup.DockerTagTest" name="testConstructorWithInvalidArgs" time="0.001"/>
  <testcase classname="org.artifactory.addon.docker.rest.v2.repo.cleanup.DockerTagTest" name="testToRepoPath" time="0.000"/>
  <testcase classname="org.artifactory.addon.docker.rest.v2.repo.cleanup.DockerTagTest" name="testEqualsAndHashCode" time="0.002"/>
  <testcase classname="org.artifactory.addon.docker.rest.v2.repo.cleanup.DockerTagTest" name="testCreateDockerTagFromRepoPath" time="0.001"/>
  <testcase classname="org.artifactory.addon.docker.rest.v2.repo.cleanup.DockerTagTest" name="testCreateDockerTagFromRepoPath" time="0.003"/>
  <testcase classname="org.artifactory.addon.docker.rest.v2.repo.cleanup.DockerTagTest" name="testToRepoPath" time="0.000"/>
  <testcase classname="org.artifactory.addon.docker.rest.v2.repo.cleanup.DockerTagTest" name="testConstructorWithInvalidArgs" time="0.000"/>
  <testcase classname="org.artifactory.addon.docker.rest.v2.repo.cleanup.DockerTagTest" name="testConstructorWithInvalidArgs" time="0.001"/>
  <testcase classname="org.artifactory.addon.docker.rest.v2.repo.cleanup.DockerTagTest" name="testCreateDockerTagFromRepoPath" time="0.003"/>
  <testcase classname="org.artifactory.addon.docker.rest.v2.repo.cleanup.DockerTagTest" name="testGetters" time="0.000"/>
  <testcase classname="org.artifactory.addon.docker.rest.v2.repo.cleanup.DockerTagTest" name="testToRepoPath" time="0.001"/>
  <testcase classname="org.artifactory.addon.docker.indexer.CatalogIndexWorkItemTest" name="testDupWorkItemsHandledOnlyOnceMultithreaded">
    <skipped/>
  </testcase> <!-- testDupWorkItemsHandledOnlyOnceMultithreaded -->
</testsuite> <!-- org.artifactory.addon.docker.rest.v2.repo.cleanup.DockerTagTest -->
