<?xml version="1.0" encoding="UTF-8"?>
<!-- Generated by org.testng.reporters.JUnitReportReporter -->
<testsuite ignored="0" hostname="fc3c13788461" failures="0" tests="5" name="org.artifactory.addon.nuget.repo.NuGetVirtualRepoHandlerTest" time="10.610" errors="0" timestamp="25 Oct 2021 16:05:05 GMT" skipped="0">
  <testcase classname="org.artifactory.addon.nuget.repo.NuGetVirtualRepoHandlerTest" name="testDownloadDirectDownloadFromRemoteRepo" time="4.222"/>
  <testcase classname="org.artifactory.addon.nuget.repo.NuGetVirtualRepoHandlerTest" name="testDownloadWithRedirectFromRemoteRepo" time="4.628"/>
  <testcase classname="org.artifactory.addon.nuget.repo.NuGetVirtualRepoHandlerTest" name="testDownloadDirectDownloadFromLocalRepo" time="1.402"/>
  <testcase classname="org.artifactory.addon.nuget.repo.NuGetVirtualRepoHandlerTest" name="testDownloadWithRedirectFromLocalRepo" time="0.085"/>
  <testcase classname="org.artifactory.addon.nuget.repo.NuGetVirtualRepoHandlerTest" name="testDownloadNotFound" time="0.273"/>
</testsuite> <!-- org.artifactory.addon.nuget.repo.NuGetVirtualRepoHandlerTest -->
