<?xml version="1.0" encoding="UTF-8"?>
<!-- Generated by org.testng.reporters.JUnitReportReporter -->
<testsuite ignored="0" hostname="fc3c13788461" failures="0" tests="8" name="org.artifactory.addon.sso.saml.SamlSecurityEncryptedAssertionTest" time="2.212" errors="0" timestamp="25 Oct 2021 16:08:16 GMT" skipped="0">
  <testcase classname="org.artifactory.addon.sso.saml.SamlSecurityEncryptedAssertionTest" name="nonModifiedResponseVerificationTest" time="1.338"/>
  <testcase classname="org.artifactory.addon.sso.saml.SamlSecurityEncryptedAssertionTest" name="testContainsAssertionAndEncryptedAssertion" time="0.123"/>
  <testcase classname="org.artifactory.addon.sso.saml.SamlSecurityEncryptedAssertionTest" name="testWrongSignatureCertificate" time="0.150"/>
  <testcase classname="org.artifactory.addon.sso.saml.SamlSecurityEncryptedAssertionTest" name="testSuccessful" time="0.088"/>
  <testcase classname="org.artifactory.addon.sso.saml.SamlSecurityEncryptedAssertionTest" name="testMissingPrivateKey" time="0.140"/>
  <testcase classname="org.artifactory.addon.sso.saml.SamlSecurityEncryptedAssertionTest" name="testNegativePrivateKey" time="0.230"/>
  <testcase classname="org.artifactory.addon.sso.saml.SamlSecurityEncryptedAssertionTest" name="testSuccessfulInlineKey" time="0.072"/>
  <testcase classname="org.artifactory.addon.sso.saml.SamlSecurityEncryptedAssertionTest" name="testMissingPublicKey" time="0.071"/>
</testsuite> <!-- org.artifactory.addon.sso.saml.SamlSecurityEncryptedAssertionTest -->
