<?xml version="1.0" encoding="UTF-8"?>
<!-- Generated by org.testng.reporters.JUnitReportReporter -->
<testsuite ignored="0" hostname="fc3c13788461" failures="0" tests="4" name="org.artifactory.addon.nuget.odata.NugetVersionComparatorTest" time="2.573" errors="0" timestamp="25 Oct 2021 16:05:00 GMT" skipped="0">
  <testcase classname="org.artifactory.addon.nuget.odata.NugetVersionComparatorTest" name="testGetSemverComparatorDefaultBehavior" time="2.168"/>
  <testcase classname="org.artifactory.addon.nuget.odata.NugetVersionComparatorTest" name="testGetComparatorDisableSemver" time="0.122"/>
  <testcase classname="org.artifactory.addon.nuget.odata.NugetVersionComparatorTest" name="testSemverVersionComparator" time="0.225"/>
  <testcase classname="org.artifactory.addon.nuget.odata.NugetVersionComparatorTest" name="testVersionComparatorDisableSemver" time="0.058"/>
</testsuite> <!-- org.artifactory.addon.nuget.odata.NugetVersionComparatorTest -->
