<?xml version="1.0" encoding="UTF-8"?>
<!-- Generated by org.testng.reporters.JUnitReportReporter -->
<testsuite ignored="0" hostname="fc3c13788461" failures="0" tests="3" name="org.artifactory.addon.npm.repo.remote.external.NpmSemverUtilsTest" time="4.924" errors="0" timestamp="25 Oct 2021 16:09:03 GMT" skipped="0">
  <testcase classname="org.artifactory.addon.npm.repo.remote.external.NpmSemverUtilsTest" name="testValidSemver" time="0.220"/>
  <testcase classname="org.artifactory.addon.npm.repo.remote.external.NpmSemverUtilsTest" name="testInvalidTags" time="4.494"/>
  <testcase classname="org.artifactory.addon.npm.repo.remote.external.NpmSemverUtilsTest" name="testInvalidSemver" time="0.210"/>
</testsuite> <!-- org.artifactory.addon.npm.repo.remote.external.NpmSemverUtilsTest -->
