<?xml version="1.0" encoding="UTF-8"?>
<!-- Generated by org.testng.reporters.JUnitReportReporter -->
<testsuite ignored="1" hostname="fc3c13788461" failures="0" tests="15" name="org.artifactory.addon.docker.rest.v2.promotion.DockerV2RepoPromoterTest" time="0.757" errors="0" timestamp="25 Oct 2021 16:05:04 GMT" skipped="0">
  <testcase classname="org.artifactory.addon.docker.rest.v2.promotion.DockerV2RepoPromoterTest" name="testPromoteWhenSourcePathDoesntExist" time="0.000"/>
  <testcase classname="org.artifactory.addon.docker.rest.v2.promotion.DockerV2RepoPromoterTest" name="testPromoteWithInvalidManifestInSourceDirectoryNoParentOfParent" time="0.293"/>
  <testcase classname="org.artifactory.addon.docker.rest.v2.promotion.DockerV2RepoPromoterTest" name="testPromoteCopyWithForbiddenRequestError" time="0.028"/>
  <testcase classname="org.artifactory.addon.docker.rest.v2.promotion.DockerV2RepoPromoterTest" name="testPromoteNoManifestInSourceDirectoryEmptyIterator" time="0.001"/>
  <testcase classname="org.artifactory.addon.docker.rest.v2.promotion.DockerV2RepoPromoterTest" name="testPromoteCopyWithBadRequestError" time="0.145"/>
  <testcase classname="org.artifactory.addon.docker.rest.v2.promotion.DockerV2RepoPromoterTest" name="testDeletePreviousFiles" time="0.035"/>
  <testcase classname="org.artifactory.addon.docker.rest.v2.promotion.DockerV2RepoPromoterTest" name="testPromoteWithCopyOrWithoutIt" time="0.024"/>
  <testcase classname="org.artifactory.addon.docker.rest.v2.promotion.DockerV2RepoPromoterTest" name="testPromoteWhenNoWritePermissionToToRepo" time="0.003"/>
  <testcase classname="org.artifactory.addon.docker.rest.v2.promotion.DockerV2RepoPromoterTest" name="testPromoteCopyFailedUserCannotAnnotate" time="0.165"/>
  <testcase classname="org.artifactory.addon.docker.rest.v2.promotion.DockerV2RepoPromoterTest" name="testPromoteWithInvalidManifestInSourceDirectoryNoParent" time="0.005"/>
  <testcase classname="org.artifactory.addon.docker.rest.v2.promotion.DockerV2RepoPromoterTest" name="testPromoteWhenUserCannotReadSourcePath" time="0.002"/>
  <testcase classname="org.artifactory.addon.docker.rest.v2.promotion.DockerV2RepoPromoterTest" name="testPromoteWithInvalidManifestInSourceDirectoryEmptyParent" time="0.021"/>
  <testcase classname="org.artifactory.addon.docker.rest.v2.promotion.DockerV2RepoPromoterTest" name="testPromoteNoManifestInSourceDirectoryNullIterator" time="0.003"/>
  <testcase classname="org.artifactory.addon.docker.rest.v2.promotion.DockerV2RepoPromoterTest" name="testDeletePreviousFilesUserCannotDelete" time="0.014"/>
  <testcase classname="org.artifactory.addon.docker.rest.v2.promotion.DockerV2RepoPromoterTest" name="testDeletePreviousFiles" time="0.018"/>
  <testcase classname="org.artifactory.addon.docker.indexer.CatalogIndexWorkItemTest" name="testDupWorkItemsHandledOnlyOnceMultithreaded">
    <skipped/>
  </testcase> <!-- testDupWorkItemsHandledOnlyOnceMultithreaded -->
</testsuite> <!-- org.artifactory.addon.docker.rest.v2.promotion.DockerV2RepoPromoterTest -->
