<?xml version="1.0" encoding="UTF-8"?>
<!-- Generated by org.testng.reporters.JUnitReportReporter -->
<testsuite ignored="0" hostname="fc3c13788461" failures="0" tests="4" name="org.artifactory.addon.filestore.multiple.strategy.write.FreeSpaceWriteStrategyTest" time="13.507" errors="0" timestamp="25 Oct 2021 16:05:33 GMT" skipped="0">
  <testcase classname="org.artifactory.addon.filestore.multiple.strategy.write.FreeSpaceWriteStrategyTest" name="getProviders" time="0.083"/>
  <testcase classname="org.artifactory.addon.filestore.multiple.strategy.write.FreeSpaceWriteStrategyTest" name="testGetProvidersWithWriteDisabled" time="0.157"/>
  <testcase classname="org.artifactory.addon.filestore.multiple.strategy.write.FreeSpaceWriteStrategyTest" name="getProviders" time="13.138"/>
  <testcase classname="org.artifactory.addon.filestore.multiple.strategy.write.FreeSpaceWriteStrategyTest" name="testGetProvidersWithWriteDisabled" time="0.129"/>
</testsuite> <!-- org.artifactory.addon.filestore.multiple.strategy.write.FreeSpaceWriteStrategyTest -->
