<?xml version="1.0" encoding="UTF-8"?>
<!-- Generated by org.testng.reporters.JUnitReportReporter -->
<testsuite ignored="0" hostname="fc3c13788461" failures="0" tests="8" name="org.artifactory.addon.repository.RemoteRepositoryCreateUpdateHelperTest" time="11.641" errors="0" timestamp="25 Oct 2021 16:08:17 GMT" skipped="0">
  <testcase classname="org.artifactory.addon.repository.RemoteRepositoryCreateUpdateHelperTest" name="testValidateHelmVirtualExternalDependenciesEnabled1" time="0.049"/>
  <testcase classname="org.artifactory.addon.repository.RemoteRepositoryCreateUpdateHelperTest" name="testValidateMetadataTimeIsValidMetadataCacheIsLower" time="0.075"/>
  <testcase classname="org.artifactory.addon.repository.RemoteRepositoryCreateUpdateHelperTest" name="testValidateMetadataTimeIsValidSetToZero" time="0.017"/>
  <testcase classname="org.artifactory.addon.repository.RemoteRepositoryCreateUpdateHelperTest" name="testReplaceOrUpdateForDockerWithoutStoreArtifactsLocally" time="0.111"/>
  <testcase classname="org.artifactory.addon.repository.RemoteRepositoryCreateUpdateHelperTest" name="testValidateHelmVirtualExternalDependenciesEnabled2" time="0.033"/>
  <testcase classname="org.artifactory.addon.repository.RemoteRepositoryCreateUpdateHelperTest" name="testValidateHelmVirtualExternalDependenciesDisabled" time="0.173"/>
  <testcase classname="org.artifactory.addon.repository.RemoteRepositoryCreateUpdateHelperTest" name="testReplaceOrUpdate" time="4.093"/>
  <testcase classname="org.artifactory.addon.repository.RemoteRepositoryCreateUpdateHelperTest" name="testValidateMetadataTimeIsValid" time="7.090"/>
</testsuite> <!-- org.artifactory.addon.repository.RemoteRepositoryCreateUpdateHelperTest -->
