<?xml version="1.0" encoding="UTF-8"?>
<!-- Generated by org.testng.reporters.JUnitReportReporter -->
<testsuite ignored="1" hostname="fc3c13788461" failures="0" tests="24" name="org.artifactory.addon.docker.rest.v2.repo.interceptor.DockerRemoteInterceptorTest" time="0.558" errors="0" timestamp="25 Oct 2021 16:05:04 GMT" skipped="0">
  <testcase classname="org.artifactory.addon.docker.rest.v2.repo.interceptor.DockerRemoteInterceptorTest" name="shouldExpireRemoteContentDigestDiffTest" time="0.024"/>
  <testcase classname="org.artifactory.addon.docker.rest.v2.repo.interceptor.DockerRemoteInterceptorTest" name="getRemoteContentHeaderValuesTest" time="0.025"/>
  <testcase classname="org.artifactory.addon.docker.rest.v2.repo.interceptor.DockerRemoteInterceptorTest" name="shouldExpireMetadataCachedPropertyAndHeadersTest" time="0.023"/>
  <testcase classname="org.artifactory.addon.docker.rest.v2.repo.interceptor.DockerRemoteInterceptorTest" name="shouldExpireMetadataCachedPropertyAndHeadersTest" time="0.016"/>
  <testcase classname="org.artifactory.addon.docker.rest.v2.repo.interceptor.DockerRemoteInterceptorTest" name="shouldExpireRemoteContentDigestDiffTest" time="0.022"/>
  <testcase classname="org.artifactory.addon.docker.rest.v2.repo.interceptor.DockerRemoteInterceptorTest" name="getRemoteContentHeaderValuesTest" time="0.019"/>
  <testcase classname="org.artifactory.addon.docker.rest.v2.repo.interceptor.DockerRemoteInterceptorTest" name="shouldExpireRemoteContentDigestDiffTest" time="0.018"/>
  <testcase classname="org.artifactory.addon.docker.rest.v2.repo.interceptor.DockerRemoteInterceptorTest" name="shouldExpireMetadataCachedPropertyAndHeadersTest" time="0.037"/>
  <testcase classname="org.artifactory.addon.docker.rest.v2.repo.interceptor.DockerRemoteInterceptorTest" name="shouldExpireMetadataCachedPropertyAndHeadersTest" time="0.013"/>
  <testcase classname="org.artifactory.addon.docker.rest.v2.repo.interceptor.DockerRemoteInterceptorTest" name="shouldNotExpireMetadataWhenNotExpiredCachedResourceTest" time="0.051"/>
  <testcase classname="org.artifactory.addon.docker.rest.v2.repo.interceptor.DockerRemoteInterceptorTest" name="shouldExpireMetadataCachedPropertyAndHeadersTest" time="0.041"/>
  <testcase classname="org.artifactory.addon.docker.rest.v2.repo.interceptor.DockerRemoteInterceptorTest" name="shouldExpireRemoteContentDigestDiffTest" time="0.008"/>
  <testcase classname="org.artifactory.addon.docker.rest.v2.repo.interceptor.DockerRemoteInterceptorTest" name="shouldExpireRemoteContentDigestDiffTest" time="0.008"/>
  <testcase classname="org.artifactory.addon.docker.rest.v2.repo.interceptor.DockerRemoteInterceptorTest" name="shouldExpireMetadataWhenIsNotRemoteResourceTypeTest" time="0.008"/>
  <testcase classname="org.artifactory.addon.docker.rest.v2.repo.interceptor.DockerRemoteInterceptorTest" name="getRemoteContentHeaderValuesTest" time="0.024"/>
  <testcase classname="org.artifactory.addon.docker.rest.v2.repo.interceptor.DockerRemoteInterceptorTest" name="getRemoteContentHeaderValuesTest" time="0.025"/>
  <testcase classname="org.artifactory.addon.docker.rest.v2.repo.interceptor.DockerRemoteInterceptorTest" name="shouldExpireMetadataCachedPropertyAndHeadersTest" time="0.021"/>
  <testcase classname="org.artifactory.addon.docker.rest.v2.repo.interceptor.DockerRemoteInterceptorTest" name="shouldExpireMetadataCachedPropertyAndHeadersTest" time="0.026"/>
  <testcase classname="org.artifactory.addon.docker.rest.v2.repo.interceptor.DockerRemoteInterceptorTest" name="shouldExpireMetadataCachedPropertyAndHeadersTest" time="0.055"/>
  <testcase classname="org.artifactory.addon.docker.rest.v2.repo.interceptor.DockerRemoteInterceptorTest" name="shouldExpireMetadataWhenNotDockerRepoTest" time="0.020"/>
  <testcase classname="org.artifactory.addon.docker.rest.v2.repo.interceptor.DockerRemoteInterceptorTest" name="shouldExpireRemoteContentDigestDiffTest" time="0.010"/>
  <testcase classname="org.artifactory.addon.docker.rest.v2.repo.interceptor.DockerRemoteInterceptorTest" name="getRemoteContentHeaderValuesTest" time="0.009"/>
  <testcase classname="org.artifactory.addon.docker.rest.v2.repo.interceptor.DockerRemoteInterceptorTest" name="getRemoteContentHeaderValuesTest" time="0.007"/>
  <testcase classname="org.artifactory.addon.docker.rest.v2.repo.interceptor.DockerRemoteInterceptorTest" name="getRemoteContentHeaderValuesTest" time="0.048"/>
  <testcase classname="org.artifactory.addon.docker.indexer.CatalogIndexWorkItemTest" name="testDupWorkItemsHandledOnlyOnceMultithreaded">
    <skipped/>
  </testcase> <!-- testDupWorkItemsHandledOnlyOnceMultithreaded -->
</testsuite> <!-- org.artifactory.addon.docker.rest.v2.repo.interceptor.DockerRemoteInterceptorTest -->
