<?xml version="1.0" encoding="UTF-8"?>
<!-- Generated by org.testng.reporters.JUnitReportReporter -->
<testsuite ignored="0" hostname="fc3c13788461" failures="0" tests="2" name="org.artifactory.addon.yum.virtual.merge.AbstractYumMergerTest" time="7.517" errors="0" timestamp="25 Oct 2021 16:04:40 GMT" skipped="0">
  <testcase classname="org.artifactory.addon.yum.virtual.merge.AbstractYumMergerTest" name="testGetIndexInputStream" time="4.958"/>
  <testcase classname="org.artifactory.addon.yum.virtual.merge.AbstractYumMergerTest" name="testGetIndexInputStreamCloseStream" time="2.559"/>
</testsuite> <!-- org.artifactory.addon.yum.virtual.merge.AbstractYumMergerTest -->
