<?xml version="1.0" encoding="UTF-8"?>
<!-- Generated by org.testng.reporters.JUnitReportReporter -->
<testsuite ignored="0" hostname="fc3c13788461" failures="0" tests="5" name="org.artifactory.addon.ldap.provider.LdapGroupProviderBlackListTest" time="3.574" errors="0" timestamp="25 Oct 2021 16:03:34 GMT" skipped="0">
  <testcase classname="org.artifactory.addon.ldap.provider.LdapGroupProviderBlackListTest" name="whenPagedSearchEnabledThenSearchUsingPagingIsUsed" time="0.018"/>
  <testcase classname="org.artifactory.addon.ldap.provider.LdapGroupProviderBlackListTest" name="whenPagedSearchFailedForAnotherReasonThenExceptionRethrown" time="0.013"/>
  <testcase classname="org.artifactory.addon.ldap.provider.LdapGroupProviderBlackListTest" name="whenPagedSearchFailedThenLdapSettingsBlacklisted" time="0.046"/>
  <testcase classname="org.artifactory.addon.ldap.provider.LdapGroupProviderBlackListTest" name="whenPagedSearchEnabledButSearchUsingPagingFailedThenSearchWithoutPagingIsUsed" time="3.455"/>
  <testcase classname="org.artifactory.addon.ldap.provider.LdapGroupProviderBlackListTest" name="whenPagedSearchEnabledButSettingsIsBlacklistedThenSearchWithoutPagingIsUsed" time="0.042"/>
</testsuite> <!-- org.artifactory.addon.ldap.provider.LdapGroupProviderBlackListTest -->
