<?xml version="1.0" encoding="UTF-8"?>
<!-- Generated by org.testng.reporters.JUnitReportReporter -->
<testsuite ignored="0" hostname="fc3c13788461" failures="0" tests="4" name="org.artifactory.addon.conda.rest.handler.CondaRemoteRepoHandlerTest" time="0.426" errors="0" timestamp="25 Oct 2021 16:07:28 GMT" skipped="0">
  <testcase classname="org.artifactory.addon.conda.rest.handler.CondaRemoteRepoHandlerTest" name="testDownloadPackage" time="0.397"/>
  <testcase classname="org.artifactory.addon.conda.rest.handler.CondaRemoteRepoHandlerTest" name="testDownloadPackage" time="0.003"/>
  <testcase classname="org.artifactory.addon.conda.rest.handler.CondaRemoteRepoHandlerTest" name="testGetRepoData" time="0.024"/>
  <testcase classname="org.artifactory.addon.conda.rest.handler.CondaRemoteRepoHandlerTest" name="testGetRepoData" time="0.002"/>
</testsuite> <!-- org.artifactory.addon.conda.rest.handler.CondaRemoteRepoHandlerTest -->
