<?xml version="1.0" encoding="UTF-8"?>
<!-- Generated by org.testng.reporters.JUnitReportReporter -->
<testsuite ignored="0" hostname="fc3c13788461" failures="0" tests="4" name="org.artifactory.p2.test.P2XmlTransformerTest" time="1.384" errors="0" timestamp="25 Oct 2021 16:03:59 GMT" skipped="0">
  <testcase classname="org.artifactory.p2.test.P2XmlTransformerTest" name="testMainIndigoCompositeContent" time="0.003"/>
  <testcase classname="org.artifactory.p2.test.P2XmlTransformerTest" name="testEppIndigoRContent" time="1.183"/>
  <testcase classname="org.artifactory.p2.test.P2XmlTransformerTest" name="testMainIndigoAggregateArtifacts" time="0.171"/>
  <testcase classname="org.artifactory.p2.test.P2XmlTransformerTest" name="testMainIndigoCompositeArtifacts" time="0.027"/>
</testsuite> <!-- org.artifactory.p2.test.P2XmlTransformerTest -->
