<?xml version="1.0" encoding="UTF-8"?>
<!-- Generated by org.testng.reporters.JUnitReportReporter -->
<testsuite ignored="0" hostname="fc3c13788461" failures="0" tests="12" name="org.artifactory.addon.filestore.multiple.strategy.write.ZoneFreeSpaceWriteStrategyTest" time="3.414" errors="0" timestamp="25 Oct 2021 16:05:37 GMT" skipped="0">
  <testcase classname="org.artifactory.addon.filestore.multiple.strategy.write.ZoneFreeSpaceWriteStrategyTest" name="testGetProvidersWithWriteDisabled" time="0.164"/>
  <testcase classname="org.artifactory.addon.filestore.multiple.strategy.write.ZoneFreeSpaceWriteStrategyTest" name="testGetProviders" time="0.375"/>
  <testcase classname="org.artifactory.addon.filestore.multiple.strategy.write.ZoneFreeSpaceWriteStrategyTest" name="testGetProvidersWithWriteDisabled" time="0.290"/>
  <testcase classname="org.artifactory.addon.filestore.multiple.strategy.write.ZoneFreeSpaceWriteStrategyTest" name="testGetProviders" time="0.156"/>
  <testcase classname="org.artifactory.addon.filestore.multiple.strategy.write.ZoneFreeSpaceWriteStrategyTest" name="testGetProvidersWithWriteDisabled" time="0.163"/>
  <testcase classname="org.artifactory.addon.filestore.multiple.strategy.write.ZoneFreeSpaceWriteStrategyTest" name="testGetProviders" time="0.125"/>
  <testcase classname="org.artifactory.addon.filestore.multiple.strategy.write.ZoneFreeSpaceWriteStrategyTest" name="testGetProvidersWithWriteDisabled" time="0.184"/>
  <testcase classname="org.artifactory.addon.filestore.multiple.strategy.write.ZoneFreeSpaceWriteStrategyTest" name="testGetProvidersWithWriteDisabled" time="0.132"/>
  <testcase classname="org.artifactory.addon.filestore.multiple.strategy.write.ZoneFreeSpaceWriteStrategyTest" name="testGetProviders" time="0.175"/>
  <testcase classname="org.artifactory.addon.filestore.multiple.strategy.write.ZoneFreeSpaceWriteStrategyTest" name="testGetProviders" time="1.209"/>
  <testcase classname="org.artifactory.addon.filestore.multiple.strategy.write.ZoneFreeSpaceWriteStrategyTest" name="testGetProviders" time="0.244"/>
  <testcase classname="org.artifactory.addon.filestore.multiple.strategy.write.ZoneFreeSpaceWriteStrategyTest" name="testGetProvidersWithWriteDisabled" time="0.197"/>
</testsuite> <!-- org.artifactory.addon.filestore.multiple.strategy.write.ZoneFreeSpaceWriteStrategyTest -->
