<?xml version="1.0" encoding="UTF-8"?>
<!-- Generated by org.testng.reporters.JUnitReportReporter -->
<testsuite ignored="0" hostname="fc3c13788461" failures="0" tests="13" name="org.artifactory.addon.release.bundle.service.ReleaseBundleAddonServiceImplTest" time="10.448" errors="0" timestamp="25 Oct 2021 16:07:10 GMT" skipped="0">
  <testcase classname="org.artifactory.addon.release.bundle.service.ReleaseBundleAddonServiceImplTest" name="testCreateBundleTransactionWithMissingRepos_CreateMissingRepos" time="0.041"/>
  <testcase classname="org.artifactory.addon.release.bundle.service.ReleaseBundleAddonServiceImplTest" name="testVerifyReleaseBundleSignature" time="0.032"/>
  <testcase classname="org.artifactory.addon.release.bundle.service.ReleaseBundleAddonServiceImplTest" name="testCreateBundleTransactionExistingBundleNotCompleted" time="3.706"/>
  <testcase classname="org.artifactory.addon.release.bundle.service.ReleaseBundleAddonServiceImplTest" name="testCreateBundleTransactionInTransientRepoNeedsToBeCreated" time="0.445"/>
  <testcase classname="org.artifactory.addon.release.bundle.service.ReleaseBundleAddonServiceImplTest" name="testCreateBundleTransactionDryRunTrue" time="0.097"/>
  <testcase classname="org.artifactory.addon.release.bundle.service.ReleaseBundleAddonServiceImplTest" name="testCreateBundleTransactionWithMissingRepos_CreateMissingRepos_withMissingInfo" time="0.092"/>
  <testcase classname="org.artifactory.addon.release.bundle.service.ReleaseBundleAddonServiceImplTest" name="testCreateBundleTransactionFailOnRepoExistenceValidation" time="0.104"/>
  <testcase classname="org.artifactory.addon.release.bundle.service.ReleaseBundleAddonServiceImplTest" name="testCreateBundleTransactionFailOnSignatureVerification" time="0.073"/>
  <testcase classname="org.artifactory.addon.release.bundle.service.ReleaseBundleAddonServiceImplTest" name="testCreateBundleTransactionExistingBundleNotCompletedSucceededToRedistribute" time="0.158"/>
  <testcase classname="org.artifactory.addon.release.bundle.service.ReleaseBundleAddonServiceImplTest" name="testCreateBundleTransactionDryRunFalse" time="5.410"/>
  <testcase classname="org.artifactory.addon.release.bundle.service.ReleaseBundleAddonServiceImplTest" name="testCreateBundleTransactionExistingBundleUnmatchedSignature" time="0.045"/>
  <testcase classname="org.artifactory.addon.release.bundle.service.ReleaseBundleAddonServiceImplTest" name="testCreateBundleTransactionExistingBundleAlreadyCompleted" time="0.167"/>
  <testcase classname="org.artifactory.addon.release.bundle.service.ReleaseBundleAddonServiceImplTest" name="testGetAndValidateBundle" time="0.078"/>
</testsuite> <!-- org.artifactory.addon.release.bundle.service.ReleaseBundleAddonServiceImplTest -->
