<?xml version="1.0" encoding="UTF-8"?>
<!-- Generated by org.testng.reporters.JUnitReportReporter -->
<testsuite ignored="0" hostname="fc3c13788461" failures="0" tests="2" name="org.artifactory.addon.npm.repomd.NpmPackageWorkContextTest" time="1.253" errors="0" timestamp="25 Oct 2021 16:09:05 GMT" skipped="0">
  <testcase classname="org.artifactory.addon.npm.repomd.NpmPackageWorkContextTest" name="testOneOffThreadPool" time="0.978"/>
  <testcase classname="org.artifactory.addon.npm.repomd.NpmPackageWorkContextTest" name="testOneOffThreadPool" time="0.275"/>
</testsuite> <!-- org.artifactory.addon.npm.repomd.NpmPackageWorkContextTest -->
