<?xml version="1.0" encoding="UTF-8"?>
<!-- Generated by org.testng.reporters.JUnitReportReporter -->
<testsuite ignored="0" hostname="fc3c13788461" failures="0" tests="21" name="org.artifactory.addon.sso.oauth.OAuthHandlerImplTest" time="7.209" errors="0" timestamp="25 Oct 2021 16:08:18 GMT" skipped="0">
  <testcase classname="org.artifactory.addon.sso.oauth.OAuthHandlerImplTest" name="testGetActiveProvidersPlatform" time="0.046"/>
  <testcase classname="org.artifactory.addon.sso.oauth.OAuthHandlerImplTest" name="testGetActiveProviders" time="0.040"/>
  <testcase classname="org.artifactory.addon.sso.oauth.OAuthHandlerImplTest" name="testGetActiveProvidersPlatform" time="0.044"/>
  <testcase classname="org.artifactory.addon.sso.oauth.OAuthHandlerImplTest" name="testInitiatorNameStoredInACookie" time="0.116"/>
  <testcase classname="org.artifactory.addon.sso.oauth.OAuthHandlerImplTest" name="testGetRedirectUrlPlatform" time="0.056"/>
  <testcase classname="org.artifactory.addon.sso.oauth.OAuthHandlerImplTest" name="testInvalidReceivedToken" time="0.112"/>
  <testcase classname="org.artifactory.addon.sso.oauth.OAuthHandlerImplTest" name="testStateCookieDoesntMatchStateParam" time="0.065"/>
  <testcase classname="org.artifactory.addon.sso.oauth.OAuthHandlerImplTest" name="testGetActiveProvidersForDisabledIntegration" time="0.156"/>
  <testcase classname="org.artifactory.addon.sso.oauth.OAuthHandlerImplTest" name="testInitiatorUserIsUsedForBinding" time="3.777"/>
  <testcase classname="org.artifactory.addon.sso.oauth.OAuthHandlerImplTest" name="testGetRedirectUrlPlatform" time="0.049"/>
  <testcase classname="org.artifactory.addon.sso.oauth.OAuthHandlerImplTest" name="testHandleLoginResponseValidRedirectUrlToAnotherService" time="0.283"/>
  <testcase classname="org.artifactory.addon.sso.oauth.OAuthHandlerImplTest" name="testNoCookiesSent" time="0.085"/>
  <testcase classname="org.artifactory.addon.sso.oauth.OAuthHandlerImplTest" name="testStateIsNotPresentInCookie" time="0.099"/>
  <testcase classname="org.artifactory.addon.sso.oauth.OAuthHandlerImplTest" name="testGetActiveProviders" time="0.481"/>
  <testcase classname="org.artifactory.addon.sso.oauth.OAuthHandlerImplTest" name="testHandleLoginResponseValidNoRedirectUrl" time="1.355"/>
  <testcase classname="org.artifactory.addon.sso.oauth.OAuthHandlerImplTest" name="testAddClientRelatedQueryParams" time="0.107"/>
  <testcase classname="org.artifactory.addon.sso.oauth.OAuthHandlerImplTest" name="testGetActiveProviders" time="0.081"/>
  <testcase classname="org.artifactory.addon.sso.oauth.OAuthHandlerImplTest" name="testGetRedirectUrlPlatform" time="0.063"/>
  <testcase classname="org.artifactory.addon.sso.oauth.OAuthHandlerImplTest" name="testInvalidCreatedToken" time="0.061"/>
  <testcase classname="org.artifactory.addon.sso.oauth.OAuthHandlerImplTest" name="testGetRedirectUrlPlatform" time="0.059"/>
  <testcase classname="org.artifactory.addon.sso.oauth.OAuthHandlerImplTest" name="testStateIsNotPresentInRequest" time="0.074"/>
</testsuite> <!-- org.artifactory.addon.sso.oauth.OAuthHandlerImplTest -->
