<?xml version="1.0" encoding="UTF-8"?>
<!-- Generated by org.testng.reporters.JUnitReportReporter -->
<testsuite ignored="0" hostname="fc3c13788461" failures="0" tests="6" name="org.artifactory.addon.cran.repo.interceptor.CranVirtualInterceptorTest" time="1.945" errors="0" timestamp="25 Oct 2021 16:07:22 GMT" skipped="0">
  <testcase classname="org.artifactory.addon.cran.repo.interceptor.CranVirtualInterceptorTest" name="testInterceptGetInfoPacakgesExpired" time="0.420"/>
  <testcase classname="org.artifactory.addon.cran.repo.interceptor.CranVirtualInterceptorTest" name="testInterceptGetInfoPacakgesNotCached" time="0.027"/>
  <testcase classname="org.artifactory.addon.cran.repo.interceptor.CranVirtualInterceptorTest" name="testShouldReturnCachedResource" time="0.006"/>
  <testcase classname="org.artifactory.addon.cran.repo.interceptor.CranVirtualInterceptorTest" name="testInterceptGetInfoNotPacakges" time="1.451"/>
  <testcase classname="org.artifactory.addon.cran.repo.interceptor.CranVirtualInterceptorTest" name="testInterceptGetInfoPacakgesGz" time="0.017"/>
  <testcase classname="org.artifactory.addon.cran.repo.interceptor.CranVirtualInterceptorTest" name="testInterceptGetInfoPacakgesFromCache" time="0.024"/>
</testsuite> <!-- org.artifactory.addon.cran.repo.interceptor.CranVirtualInterceptorTest -->
