<?xml version="1.0" encoding="UTF-8"?>
<!-- Generated by org.testng.reporters.JUnitReportReporter -->
<testsuite ignored="0" hostname="fc3c13788461" failures="0" tests="7" name="org.artifactory.addon.conan.interceptor.ConanPropertiesUpdateTest" time="7.415" errors="0" timestamp="25 Oct 2021 16:06:43 GMT" skipped="0">
  <testcase classname="org.artifactory.addon.conan.interceptor.ConanPropertiesUpdateTest" name="testUpdateParametersAfterCopyWithInvalidPath" time="5.813"/>
  <testcase classname="org.artifactory.addon.conan.interceptor.ConanPropertiesUpdateTest" name="testUpdateParametersWithDifferentLayouts" time="1.251"/>
  <testcase classname="org.artifactory.addon.conan.interceptor.ConanPropertiesUpdateTest" name="testUpdateParametersWithDifferentLayouts" time="0.029"/>
  <testcase classname="org.artifactory.addon.conan.interceptor.ConanPropertiesUpdateTest" name="testUpdateParametersAfterMove" time="0.045"/>
  <testcase classname="org.artifactory.addon.conan.interceptor.ConanPropertiesUpdateTest" name="testUpdateParametersWithDifferentLayouts" time="0.047"/>
  <testcase classname="org.artifactory.addon.conan.interceptor.ConanPropertiesUpdateTest" name="testUpdateParametersWithDifferentLayouts" time="0.030"/>
  <testcase classname="org.artifactory.addon.conan.interceptor.ConanPropertiesUpdateTest" name="testUpdateParametersAfterCopy" time="0.200"/>
</testsuite> <!-- org.artifactory.addon.conan.interceptor.ConanPropertiesUpdateTest -->
