<?xml version="1.0" encoding="UTF-8"?>
<!-- Generated by org.testng.reporters.JUnitReportReporter -->
<testsuite ignored="0" hostname="fc3c13788461" failures="0" tests="28" name="org.artifactory.addon.nugetv3.repo.NuGetV3RemoteRepoUtilsTest" time="1.468" errors="0" timestamp="25 Oct 2021 16:05:04 GMT" skipped="0">
  <testcase classname="org.artifactory.addon.nugetv3.repo.NuGetV3RemoteRepoUtilsTest" name="testOriginalToArtifactoryResourceConverter" time="0.000"/>
  <testcase classname="org.artifactory.addon.nugetv3.repo.NuGetV3RemoteRepoUtilsTest" name="testRewriteRegistrationUrlsWithNulls" time="0.000"/>
  <testcase classname="org.artifactory.addon.nugetv3.repo.NuGetV3RemoteRepoUtilsTest" name="testOriginalToArtifactoryResourceConverter" time="0.000"/>
  <testcase classname="org.artifactory.addon.nugetv3.repo.NuGetV3RemoteRepoUtilsTest" name="testRewriteRegistrationPageUrlsWithNulls" time="0.001"/>
  <testcase classname="org.artifactory.addon.nugetv3.repo.NuGetV3RemoteRepoUtilsTest" name="testOriginalToArtifactoryResourceConverter" time="0.000"/>
  <testcase classname="org.artifactory.addon.nugetv3.repo.NuGetV3RemoteRepoUtilsTest" name="testOriginalToArtifactoryResourceConverter" time="0.000"/>
  <testcase classname="org.artifactory.addon.nugetv3.repo.NuGetV3RemoteRepoUtilsTest" name="testOriginalToArtifactoryResourceConverter" time="0.001"/>
  <testcase classname="org.artifactory.addon.nugetv3.repo.NuGetV3RemoteRepoUtilsTest" name="testRewriteRegistrationUrlsNonSemVer2NoGz" time="0.006"/>
  <testcase classname="org.artifactory.addon.nugetv3.repo.NuGetV3RemoteRepoUtilsTest" name="testRewriteRegistrationUrls" time="0.063"/>
  <testcase classname="org.artifactory.addon.nugetv3.repo.NuGetV3RemoteRepoUtilsTest" name="testOriginalToArtifactoryResourceConverter" time="0.033"/>
  <testcase classname="org.artifactory.addon.nugetv3.repo.NuGetV3RemoteRepoUtilsTest" name="testRewriteRegistrationPageUrlsPageWithLessThan64Version" time="0.029"/>
  <testcase classname="org.artifactory.addon.nugetv3.repo.NuGetV3RemoteRepoUtilsTest" name="testRewriteRegistrationPageUrlsPageWith64Versions" time="1.073"/>
  <testcase classname="org.artifactory.addon.nugetv3.repo.NuGetV3RemoteRepoUtilsTest" name="testOriginalToArtifactoryResourceConverter" time="0.001"/>
  <testcase classname="org.artifactory.addon.nugetv3.repo.NuGetV3RemoteRepoUtilsTest" name="testOriginalToArtifactoryResourceConverter" time="0.000"/>
  <testcase classname="org.artifactory.addon.nugetv3.repo.NuGetV3RemoteRepoUtilsTest" name="testOriginalToArtifactoryResourceConverter" time="0.001"/>
  <testcase classname="org.artifactory.addon.nugetv3.repo.NuGetV3RemoteRepoUtilsTest" name="testOriginalToArtifactoryResourceConverter" time="0.000"/>
  <testcase classname="org.artifactory.addon.nugetv3.repo.NuGetV3RemoteRepoUtilsTest" name="testOriginalToArtifactoryResourceConverter" time="0.000"/>
  <testcase classname="org.artifactory.addon.nugetv3.repo.NuGetV3RemoteRepoUtilsTest" name="testOriginalToArtifactoryResourceConverter" time="0.000"/>
  <testcase classname="org.artifactory.addon.nugetv3.repo.NuGetV3RemoteRepoUtilsTest" name="testRewriteRegistrationUrlsNonSemVer2" time="0.010"/>
  <testcase classname="org.artifactory.addon.nugetv3.repo.NuGetV3RemoteRepoUtilsTest" name="testRewriteRegistrationPageUrls" time="0.215"/>
  <testcase classname="org.artifactory.addon.nugetv3.repo.NuGetV3RemoteRepoUtilsTest" name="testRewriteRegistrationUrlsWith64Versions" time="0.022"/>
  <testcase classname="org.artifactory.addon.nugetv3.repo.NuGetV3RemoteRepoUtilsTest" name="testOriginalToArtifactoryResourceConverter" time="0.001"/>
  <testcase classname="org.artifactory.addon.nugetv3.repo.NuGetV3RemoteRepoUtilsTest" name="testOriginalToArtifactoryResourceConverter" time="0.000"/>
  <testcase classname="org.artifactory.addon.nugetv3.repo.NuGetV3RemoteRepoUtilsTest" name="testRewriteRegistrationUrlsWithMoreThan64Versions" time="0.010"/>
  <testcase classname="org.artifactory.addon.nugetv3.repo.NuGetV3RemoteRepoUtilsTest" name="testRewriteRegistrationPageUrls" time="0.001"/>
  <testcase classname="org.artifactory.addon.nugetv3.repo.NuGetV3RemoteRepoUtilsTest" name="testOriginalToArtifactoryResourceConverter" time="0.000"/>
  <testcase classname="org.artifactory.addon.nugetv3.repo.NuGetV3RemoteRepoUtilsTest" name="testOriginalToArtifactoryResourceConverter" time="0.001"/>
  <testcase classname="org.artifactory.addon.nugetv3.repo.NuGetV3RemoteRepoUtilsTest" name="testOriginalToArtifactoryResourceConverter" time="0.000"/>
</testsuite> <!-- org.artifactory.addon.nugetv3.repo.NuGetV3RemoteRepoUtilsTest -->
