<?xml version="1.0" encoding="UTF-8"?>
<!-- Generated by org.testng.reporters.JUnitReportReporter -->
<testsuite ignored="0" hostname="fc3c13788461" failures="0" tests="13" name="org.artifactory.addon.filestore.ConfigurableHaBinaryProviderTest" time="16.664" errors="0" timestamp="25 Oct 2021 16:05:38 GMT" skipped="0">
  <testcase classname="org.artifactory.addon.filestore.ConfigurableHaBinaryProviderTest" name="binaryProviderShardingWithOneSubProviderShouldFail" time="0.539"/>
  <testcase classname="org.artifactory.addon.filestore.ConfigurableHaBinaryProviderTest" name="binaryProviderTemplateS3" time="3.902"/>
  <testcase classname="org.artifactory.addon.filestore.ConfigurableHaBinaryProviderTest" name="binaryConfigXmlUserChainShardingZoneFreespace" time="1.458"/>
  <testcase classname="org.artifactory.addon.filestore.ConfigurableHaBinaryProviderTest" name="binaryProviderRedundantRedundancyOf1ShouldFail" time="0.794"/>
  <testcase classname="org.artifactory.addon.filestore.ConfigurableHaBinaryProviderTest" name="binaryConfXmlUserChainEventualTest" time="4.685"/>
  <testcase classname="org.artifactory.addon.filestore.ConfigurableHaBinaryProviderTest" name="binaryProviderShardingWrongWriteBehaviorShouldFail" time="0.468"/>
  <testcase classname="org.artifactory.addon.filestore.ConfigurableHaBinaryProviderTest" name="binaryProviderTemplateRedundantShards" time="0.416"/>
  <testcase classname="org.artifactory.addon.filestore.ConfigurableHaBinaryProviderTest" name="binaryProviderRedundantRedundancyAboveSubProvidersShouldFail" time="0.812"/>
  <testcase classname="org.artifactory.addon.filestore.ConfigurableHaBinaryProviderTest" name="binaryProviderRedundantRedundancyWithOneSubProviderShouldFail" time="0.557"/>
  <testcase classname="org.artifactory.addon.filestore.ConfigurableHaBinaryProviderTest" name="binaryProviderUserChainS3" time="1.047"/>
  <testcase classname="org.artifactory.addon.filestore.ConfigurableHaBinaryProviderTest" name="binaryProviderTemplateDoubleShardsFreeSpace" time="0.353"/>
  <testcase classname="org.artifactory.addon.filestore.ConfigurableHaBinaryProviderTest" name="binaryProviderTemplateDoubleShards" time="0.491"/>
  <testcase classname="org.artifactory.addon.filestore.ConfigurableHaBinaryProviderTest" name="binaryConfigXmlUserChainShardingZoneFreespaceAndHaNodeProps" time="1.142"/>
</testsuite> <!-- org.artifactory.addon.filestore.ConfigurableHaBinaryProviderTest -->
