<?xml version="1.0" encoding="UTF-8"?>
<!-- Generated by org.testng.reporters.JUnitReportReporter -->
<testsuite ignored="0" hostname="fc3c13788461" failures="0" tests="2" name="org.artifactory.addon.debian.index.DebianCalculationWorkItemTest" time="0.068" errors="0" timestamp="25 Oct 2021 16:08:28 GMT" skipped="0">
  <testcase classname="org.artifactory.addon.debian.index.DebianCalculationWorkItemTest" name="testNotEquals" time="0.002"/>
  <testcase classname="org.artifactory.addon.debian.index.DebianCalculationWorkItemTest" name="testEquals" time="0.066"/>
</testsuite> <!-- org.artifactory.addon.debian.index.DebianCalculationWorkItemTest -->
