<?xml version="1.0" encoding="UTF-8"?>
<!-- Generated by org.testng.reporters.JUnitReportReporter -->
<testsuite ignored="0" hostname="fc3c13788461" failures="0" tests="7" name="org.artifactory.addon.retention.core.aql.generator.ArtifactRetentionAqlGeneratorTest" time="0.157" errors="0" timestamp="25 Oct 2021 16:10:25 GMT" skipped="0">
  <testcase classname="org.artifactory.addon.retention.core.aql.generator.ArtifactRetentionAqlGeneratorTest" name="testGenerateAql" time="0.001"/>
  <testcase classname="org.artifactory.addon.retention.core.aql.generator.ArtifactRetentionAqlGeneratorTest" name="testGenerateAql" time="0.002"/>
  <testcase classname="org.artifactory.addon.retention.core.aql.generator.ArtifactRetentionAqlGeneratorTest" name="testGenerateAql" time="0.001"/>
  <testcase classname="org.artifactory.addon.retention.core.aql.generator.ArtifactRetentionAqlGeneratorTest" name="testGenerateAql" time="0.003"/>
  <testcase classname="org.artifactory.addon.retention.core.aql.generator.ArtifactRetentionAqlGeneratorTest" name="testGenerateAql" time="0.084"/>
  <testcase classname="org.artifactory.addon.retention.core.aql.generator.ArtifactRetentionAqlGeneratorTest" name="testGenerateAql" time="0.010"/>
  <testcase classname="org.artifactory.addon.retention.core.aql.generator.ArtifactRetentionAqlGeneratorTest" name="testRelativeTimeToNativeCriteria" time="0.056"/>
</testsuite> <!-- org.artifactory.addon.retention.core.aql.generator.ArtifactRetentionAqlGeneratorTest -->
