<?xml version="1.0" encoding="UTF-8"?>
<!-- Generated by org.testng.reporters.JUnitReportReporter -->
<testsuite ignored="0" hostname="fc3c13788461" failures="0" tests="6" name="org.artifactory.addon.go.repo.remote.fetcher.git.GoRemoteGitFetcherTest" time="3.723" errors="0" timestamp="25 Oct 2021 16:09:34 GMT" skipped="0">
  <testcase classname="org.artifactory.addon.go.repo.remote.fetcher.git.GoRemoteGitFetcherTest" name="extractVersionTest" time="0.140"/>
  <testcase classname="org.artifactory.addon.go.repo.remote.fetcher.git.GoRemoteGitFetcherTest" name="githubOwnerAndProjectNameFromPathTest" time="0.040"/>
  <testcase classname="org.artifactory.addon.go.repo.remote.fetcher.git.GoRemoteGitFetcherTest" name="testIsIncompatibleModule" time="0.432"/>
  <testcase classname="org.artifactory.addon.go.repo.remote.fetcher.git.GoRemoteGitFetcherTest" name="testShouldNotTag" time="2.940"/>
  <testcase classname="org.artifactory.addon.go.repo.remote.fetcher.git.GoRemoteGitFetcherTest" name="gopkgInOwnerAndProjectNameFromPathTest" time="0.097"/>
  <testcase classname="org.artifactory.addon.go.repo.remote.fetcher.git.GoRemoteGitFetcherTest" name="goGoogleSourceOwnerAndProjectNameFromPathTest" time="0.074"/>
</testsuite> <!-- org.artifactory.addon.go.repo.remote.fetcher.git.GoRemoteGitFetcherTest -->
