<?xml version="1.0" encoding="UTF-8"?>
<!-- Generated by org.testng.reporters.JUnitReportReporter -->
<testsuite ignored="6" hostname="fc3c13788461" failures="0" tests="9" name="org.artifactory.addon.gems.handlers.GemsRemoteRequestHandlerTest" time="5.849" errors="0" timestamp="25 Oct 2021 16:05:44 GMT" skipped="0">
  <testcase classname="org.artifactory.addon.gems.handlers.GemsRemoteRequestHandlerTest" name="testSplitDownloadDependenciesWithRetriesFailedWhenUnprocessableEntityError" time="0.121"/>
  <testcase classname="org.artifactory.addon.gems.handlers.GemsRemoteRequestHandlerTest" name="testSplitDownloadDependenciesWithRetriesFailedWhenBadGatewayError" time="0.134"/>
  <testcase classname="org.artifactory.addon.gems.handlers.GemsRemoteRequestHandlerTest" name="testHandleDependenciesWithHeadRequest" time="0.100"/>
  <testcase classname="org.artifactory.addon.gems.handlers.GemsRemoteRequestHandlerTest" name="testHandleDependenciesWithHeadRequest" time="2.767"/>
  <testcase classname="org.artifactory.addon.gems.handlers.GemsRemoteRequestHandlerTest" name="testHandleDependenciesWithHeadRequest" time="0.105"/>
  <testcase classname="org.artifactory.addon.gems.handlers.GemsRemoteRequestHandlerTest" name="testHandleDependenciesWithHeadRequest" time="0.124"/>
  <testcase classname="org.artifactory.addon.gems.handlers.GemsRemoteRequestHandlerTest" name="testHandleDependenciesWithHeadRequest" time="2.244"/>
  <testcase classname="org.artifactory.addon.gems.handlers.GemsRemoteRequestHandlerTest" name="testSplitDownloadDependencies" time="0.132"/>
  <testcase classname="org.artifactory.addon.gems.handlers.GemsRemoteRequestHandlerTest" name="testHandleDependenciesWithHeadRequest" time="0.122"/>
  <testcase classname="org.artifactory.addon.gems.handlers.GemsRemoteRequestHandlerTest" name="testSplitDownloadDependenciesWithRetriesSuccessAfter2SplitsWhenUnprocessableEntityError">
    <skipped/>
  </testcase> <!-- testSplitDownloadDependenciesWithRetriesSuccessAfter2SplitsWhenUnprocessableEntityError -->
  <testcase classname="org.artifactory.addon.gems.handlers.GemsRemoteRequestHandlerTest" name="testSplitDownloadDependenciesWithRetriesFailedAfter1SplitWhenUnprocessableEntityError">
    <skipped/>
  </testcase> <!-- testSplitDownloadDependenciesWithRetriesFailedAfter1SplitWhenUnprocessableEntityError -->
  <testcase classname="org.artifactory.addon.gems.handlers.GemsRemoteRequestHandlerTest" name="testSplitDownloadDependenciesWithRetriesFailedAfter1SplitWhenBadGatewayError">
    <skipped/>
  </testcase> <!-- testSplitDownloadDependenciesWithRetriesFailedAfter1SplitWhenBadGatewayError -->
  <testcase classname="org.artifactory.addon.gems.handlers.GemsRemoteRequestHandlerTest" name="testSplitDownloadDependenciesWithRetriesSuccessWhenBadGatewayError">
    <skipped/>
  </testcase> <!-- testSplitDownloadDependenciesWithRetriesSuccessWhenBadGatewayError -->
  <testcase classname="org.artifactory.addon.gems.handlers.GemsRemoteRequestHandlerTest" name="testSplitDownloadDependenciesWithRetriesSuccessAfter2SplitsWhenBadGatewayError">
    <skipped/>
  </testcase> <!-- testSplitDownloadDependenciesWithRetriesSuccessAfter2SplitsWhenBadGatewayError -->
  <testcase classname="org.artifactory.addon.gems.handlers.GemsRemoteRequestHandlerTest" name="testSplitDownloadDependenciesWithRetriesSuccessWhenUnprocessableEntityError">
    <skipped/>
  </testcase> <!-- testSplitDownloadDependenciesWithRetriesSuccessWhenUnprocessableEntityError -->
</testsuite> <!-- org.artifactory.addon.gems.handlers.GemsRemoteRequestHandlerTest -->
