<?xml version="1.0" encoding="UTF-8"?>
<!-- Generated by org.testng.reporters.JUnitReportReporter -->
<testsuite ignored="0" hostname="fc3c13788461" failures="0" tests="2" name="org.artifactory.addon.composer.helpers.Merger.ComposerListMergerTest" time="9.479" errors="0" timestamp="25 Oct 2021 16:09:28 GMT" skipped="0">
  <testcase classname="org.artifactory.addon.composer.helpers.Merger.ComposerListMergerTest" name="testListDuplicate" time="2.896"/>
  <testcase classname="org.artifactory.addon.composer.helpers.Merger.ComposerListMergerTest" name="testListCoupleResults" time="6.583"/>
</testsuite> <!-- org.artifactory.addon.composer.helpers.Merger.ComposerListMergerTest -->
