<?xml version="1.0" encoding="UTF-8"?>
<!-- Generated by org.testng.reporters.JUnitReportReporter -->
<testsuite ignored="0" hostname="fc3c13788461" failures="0" tests="5" name="org.artifactory.addon.filtered.RestoringInvalidReferenceExceptionHandlerTest" time="1.278" errors="0" timestamp="25 Oct 2021 16:03:46 GMT" skipped="0">
  <testcase classname="org.artifactory.addon.filtered.RestoringInvalidReferenceExceptionHandlerTest" name="testInvalidReferenceWithNullMessage" time="0.002"/>
  <testcase classname="org.artifactory.addon.filtered.RestoringInvalidReferenceExceptionHandlerTest" name="testInvalidReferenceWithValidMessage" time="0.001"/>
  <testcase classname="org.artifactory.addon.filtered.RestoringInvalidReferenceExceptionHandlerTest" name="testInvalidReferenceWithEmptyMessage" time="1.229"/>
  <testcase classname="org.artifactory.addon.filtered.RestoringInvalidReferenceExceptionHandlerTest" name="testInvalidReferenceWithMessageButNoVars" time="0.002"/>
  <testcase classname="org.artifactory.addon.filtered.RestoringInvalidReferenceExceptionHandlerTest" name="testTemplateException" time="0.044"/>
</testsuite> <!-- org.artifactory.addon.filtered.RestoringInvalidReferenceExceptionHandlerTest -->
