<?xml version="1.0" encoding="UTF-8"?>
<!-- Generated by org.testng.reporters.JUnitReportReporter -->
<testsuite ignored="0" hostname="fc3c13788461" failures="0" tests="10" name="org.artifactory.addon.xray.XrayServiceImplTest" time="8.230" errors="0" timestamp="25 Oct 2021 16:04:15 GMT" skipped="0">
  <testcase classname="org.artifactory.addon.xray.XrayServiceImplTest" name="shouldNotSendRepoEventForDisabledClient" time="5.939"/>
  <testcase classname="org.artifactory.addon.xray.XrayServiceImplTest" name="testCreatePolicyChangeNotificationAndPropagateNoXrayClient" time="0.032"/>
  <testcase classname="org.artifactory.addon.xray.XrayServiceImplTest" name="testCountPotentialExtensionsForIndexPerRepo" time="0.296"/>
  <testcase classname="org.artifactory.addon.xray.XrayServiceImplTest" name="testGetArtifactXrayInfo" time="0.176"/>
  <testcase classname="org.artifactory.addon.xray.XrayServiceImplTest" name="testHeartbeat" time="0.025"/>
  <testcase classname="org.artifactory.addon.xray.XrayServiceImplTest" name="shouldSendRepoEvent" time="0.552"/>
  <testcase classname="org.artifactory.addon.xray.XrayServiceImplTest" name="startWireMock" time="0.107"/>
  <testcase classname="org.artifactory.addon.xray.XrayServiceImplTest" name="testInitIfNeeded" time="0.400"/>
  <testcase classname="org.artifactory.addon.xray.XrayServiceImplTest" name="testFilterToStoredLocally" time="0.687"/>
  <testcase classname="org.artifactory.addon.xray.XrayServiceImplTest" name="testSetXraySettingsWithoutXray" time="0.016"/>
</testsuite> <!-- org.artifactory.addon.xray.XrayServiceImplTest -->
