<?xml version="1.0" encoding="UTF-8"?>
<!-- Generated by org.testng.reporters.JUnitReportReporter -->
<testsuite ignored="0" hostname="fc3c13788461" failures="0" tests="8" name="org.artifactory.addon.sso.saml.SamlSecurityTest" time="1.624" errors="0" timestamp="25 Oct 2021 16:08:14 GMT" skipped="0">
  <testcase classname="org.artifactory.addon.sso.saml.SamlSecurityTest" name="testShouldNotIgnorePartsOfNameCVE_2018_0489" time="0.180"/>
  <testcase classname="org.artifactory.addon.sso.saml.SamlSecurityTest" name="nonModifiedResponseVerificationTest" time="0.099"/>
  <testcase classname="org.artifactory.addon.sso.saml.SamlSecurityTest" name="testShouldNotVerifySignatureForCVE_2018_0489" time="0.173"/>
  <testcase classname="org.artifactory.addon.sso.saml.SamlSecurityTest" name="modifiedResponseOnlineVerificationTest" time="0.213"/>
  <testcase classname="org.artifactory.addon.sso.saml.SamlSecurityTest" name="notCompatibleCertificateVerificationTest" time="0.166"/>
  <testcase classname="org.artifactory.addon.sso.saml.SamlSecurityTest" name="compatibleCertificateVerificationWithWindowsFormatTest" time="0.148"/>
  <testcase classname="org.artifactory.addon.sso.saml.SamlSecurityTest" name="compatibleCertificateVerificationTest" time="0.531"/>
  <testcase classname="org.artifactory.addon.sso.saml.SamlSecurityTest" name="enforceSignedAssertionTest" time="0.114"/>
</testsuite> <!-- org.artifactory.addon.sso.saml.SamlSecurityTest -->
