<?xml version="1.0" encoding="UTF-8"?>
<!-- Generated by org.testng.reporters.JUnitReportReporter -->
<testsuite ignored="0" hostname="fc3c13788461" failures="0" tests="72" name="org.artifactory.addon.security.SecurityResourceAddonImplTest" time="1.520" errors="0" timestamp="25 Oct 2021 16:03:41 GMT" skipped="0">
  <testcase classname="org.artifactory.addon.security.SecurityResourceAddonImplTest" name="testGetSecurityEntity" time="0.005"/>
  <testcase classname="org.artifactory.addon.security.SecurityResourceAddonImplTest" name="testCreateOrReplaceSecurityEntity" time="0.002"/>
  <testcase classname="org.artifactory.addon.security.SecurityResourceAddonImplTest" name="testDeleteSecurityEntity" time="0.004"/>
  <testcase classname="org.artifactory.addon.security.SecurityResourceAddonImplTest" name="testCreateOrReplaceSecurityEntity" time="0.004"/>
  <testcase classname="org.artifactory.addon.security.SecurityResourceAddonImplTest" name="testDeleteSecurityEntity" time="0.003"/>
  <testcase classname="org.artifactory.addon.security.SecurityResourceAddonImplTest" name="testGetSecurityEntity" time="0.001"/>
  <testcase classname="org.artifactory.addon.security.SecurityResourceAddonImplTest" name="testCreateOrReplaceSecurityEntity" time="0.002"/>
  <testcase classname="org.artifactory.addon.security.SecurityResourceAddonImplTest" name="testGetSecurityEntities" time="0.003"/>
  <testcase classname="org.artifactory.addon.security.SecurityResourceAddonImplTest" name="testCreateOrReplaceSecurityEntity" time="0.018"/>
  <testcase classname="org.artifactory.addon.security.SecurityResourceAddonImplTest" name="testGetSecurityEntity" time="0.005"/>
  <testcase classname="org.artifactory.addon.security.SecurityResourceAddonImplTest" name="testGetSecurityEntities" time="0.006"/>
  <testcase classname="org.artifactory.addon.security.SecurityResourceAddonImplTest" name="testGetSecurityEntity" time="0.002"/>
  <testcase classname="org.artifactory.addon.security.SecurityResourceAddonImplTest" name="testDeleteSecurityEntity" time="0.010"/>
  <testcase classname="org.artifactory.addon.security.SecurityResourceAddonImplTest" name="testGetSecurityEntity" time="0.002"/>
  <testcase classname="org.artifactory.addon.security.SecurityResourceAddonImplTest" name="testAssertNotAol" time="0.002"/>
  <testcase classname="org.artifactory.addon.security.SecurityResourceAddonImplTest" name="testCreateOrReplaceSecurityEntity" time="0.004"/>
  <testcase classname="org.artifactory.addon.security.SecurityResourceAddonImplTest" name="testAssertNotAol" time="0.004"/>
  <testcase classname="org.artifactory.addon.security.SecurityResourceAddonImplTest" name="testCreateOrReplaceSecurityEntity" time="0.002"/>
  <testcase classname="org.artifactory.addon.security.SecurityResourceAddonImplTest" name="testGetSecurityEntity" time="0.002"/>
  <testcase classname="org.artifactory.addon.security.SecurityResourceAddonImplTest" name="testUpdateSecurityEntity" time="0.002"/>
  <testcase classname="org.artifactory.addon.security.SecurityResourceAddonImplTest" name="testAssertNotAol" time="0.212"/>
  <testcase classname="org.artifactory.addon.security.SecurityResourceAddonImplTest" name="testAssertNotAol" time="0.002"/>
  <testcase classname="org.artifactory.addon.security.SecurityResourceAddonImplTest" name="testGetSecurityEntity" time="0.002"/>
  <testcase classname="org.artifactory.addon.security.SecurityResourceAddonImplTest" name="testDeleteSecurityEntity" time="0.002"/>
  <testcase classname="org.artifactory.addon.security.SecurityResourceAddonImplTest" name="testAssertNotAol" time="0.004"/>
  <testcase classname="org.artifactory.addon.security.SecurityResourceAddonImplTest" name="testGetSecurityEntities" time="0.001"/>
  <testcase classname="org.artifactory.addon.security.SecurityResourceAddonImplTest" name="testGetSecurityEntities" time="0.002"/>
  <testcase classname="org.artifactory.addon.security.SecurityResourceAddonImplTest" name="testUpdateSecurityEntity" time="0.003"/>
  <testcase classname="org.artifactory.addon.security.SecurityResourceAddonImplTest" name="testDeleteSecurityEntity" time="0.004"/>
  <testcase classname="org.artifactory.addon.security.SecurityResourceAddonImplTest" name="testUpdateSecurityEntity" time="0.002"/>
  <testcase classname="org.artifactory.addon.security.SecurityResourceAddonImplTest" name="testAssertNotAol" time="0.002"/>
  <testcase classname="org.artifactory.addon.security.SecurityResourceAddonImplTest" name="testGetSecurityEntity" time="0.002"/>
  <testcase classname="org.artifactory.addon.security.SecurityResourceAddonImplTest" name="testCreateOrReplaceSecurityEntity" time="0.003"/>
  <testcase classname="org.artifactory.addon.security.SecurityResourceAddonImplTest" name="testUpdateSecurityEntity" time="0.005"/>
  <testcase classname="org.artifactory.addon.security.SecurityResourceAddonImplTest" name="testGetSecurityEntity" time="0.003"/>
  <testcase classname="org.artifactory.addon.security.SecurityResourceAddonImplTest" name="testDeleteSecurityEntity" time="0.012"/>
  <testcase classname="org.artifactory.addon.security.SecurityResourceAddonImplTest" name="testGetSecurityEntities" time="0.002"/>
  <testcase classname="org.artifactory.addon.security.SecurityResourceAddonImplTest" name="testDeleteSecurityEntity" time="0.001"/>
  <testcase classname="org.artifactory.addon.security.SecurityResourceAddonImplTest" name="testDeleteSecurityEntity" time="0.001"/>
  <testcase classname="org.artifactory.addon.security.SecurityResourceAddonImplTest" name="testUpdateSecurityEntity" time="0.002"/>
  <testcase classname="org.artifactory.addon.security.SecurityResourceAddonImplTest" name="testGetSecurityEntities" time="0.003"/>
  <testcase classname="org.artifactory.addon.security.SecurityResourceAddonImplTest" name="testUpdateSecurityEntity" time="0.002"/>
  <testcase classname="org.artifactory.addon.security.SecurityResourceAddonImplTest" name="testUpdateSecurityEntity" time="0.005"/>
  <testcase classname="org.artifactory.addon.security.SecurityResourceAddonImplTest" name="testGetSecurityEntities" time="0.002"/>
  <testcase classname="org.artifactory.addon.security.SecurityResourceAddonImplTest" name="testAssertNotAol" time="0.002"/>
  <testcase classname="org.artifactory.addon.security.SecurityResourceAddonImplTest" name="testUpdateSecurityEntity" time="0.002"/>
  <testcase classname="org.artifactory.addon.security.SecurityResourceAddonImplTest" name="testAssertNotAol" time="0.003"/>
  <testcase classname="org.artifactory.addon.security.SecurityResourceAddonImplTest" name="testAssertNotAol" time="0.001"/>
  <testcase classname="org.artifactory.addon.security.SecurityResourceAddonImplTest" name="testAssertNotAol" time="1.094"/>
  <testcase classname="org.artifactory.addon.security.SecurityResourceAddonImplTest" name="testGetSecurityEntity" time="0.002"/>
  <testcase classname="org.artifactory.addon.security.SecurityResourceAddonImplTest" name="testUpdateSecurityEntity" time="0.002"/>
  <testcase classname="org.artifactory.addon.security.SecurityResourceAddonImplTest" name="testDeleteSecurityEntity" time="0.002"/>
  <testcase classname="org.artifactory.addon.security.SecurityResourceAddonImplTest" name="testCreateOrReplaceSecurityEntity" time="0.005"/>
  <testcase classname="org.artifactory.addon.security.SecurityResourceAddonImplTest" name="testDeleteSecurityEntity" time="0.003"/>
  <testcase classname="org.artifactory.addon.security.SecurityResourceAddonImplTest" name="testUpdateSecurityEntity" time="0.004"/>
  <testcase classname="org.artifactory.addon.security.SecurityResourceAddonImplTest" name="testUpdateSecurityEntity" time="0.001"/>
  <testcase classname="org.artifactory.addon.security.SecurityResourceAddonImplTest" name="testGetSecurityEntities" time="0.002"/>
  <testcase classname="org.artifactory.addon.security.SecurityResourceAddonImplTest" name="testAssertNotAol" time="0.002"/>
  <testcase classname="org.artifactory.addon.security.SecurityResourceAddonImplTest" name="testDeleteSecurityEntity" time="0.002"/>
  <testcase classname="org.artifactory.addon.security.SecurityResourceAddonImplTest" name="testGetSecurityEntities" time="0.002"/>
  <testcase classname="org.artifactory.addon.security.SecurityResourceAddonImplTest" name="testUpdateSecurityEntity" time="0.002"/>
  <testcase classname="org.artifactory.addon.security.SecurityResourceAddonImplTest" name="testCreateOrReplaceSecurityEntity" time="0.002"/>
  <testcase classname="org.artifactory.addon.security.SecurityResourceAddonImplTest" name="testGetSecurityEntities" time="0.004"/>
  <testcase classname="org.artifactory.addon.security.SecurityResourceAddonImplTest" name="testGetSecurityEntity" time="0.002"/>
  <testcase classname="org.artifactory.addon.security.SecurityResourceAddonImplTest" name="testGetSecurityEntity" time="0.004"/>
  <testcase classname="org.artifactory.addon.security.SecurityResourceAddonImplTest" name="testGetSecurityEntities" time="0.003"/>
  <testcase classname="org.artifactory.addon.security.SecurityResourceAddonImplTest" name="testCreateOrReplaceSecurityEntity" time="0.002"/>
  <testcase classname="org.artifactory.addon.security.SecurityResourceAddonImplTest" name="testCreateOrReplaceSecurityEntity" time="0.002"/>
  <testcase classname="org.artifactory.addon.security.SecurityResourceAddonImplTest" name="testAssertNotAol" time="0.002"/>
  <testcase classname="org.artifactory.addon.security.SecurityResourceAddonImplTest" name="testCreateOrReplaceSecurityEntity" time="0.002"/>
  <testcase classname="org.artifactory.addon.security.SecurityResourceAddonImplTest" name="testDeleteSecurityEntity" time="0.002"/>
  <testcase classname="org.artifactory.addon.security.SecurityResourceAddonImplTest" name="testGetSecurityEntities" time="0.002"/>
</testsuite> <!-- org.artifactory.addon.security.SecurityResourceAddonImplTest -->
