<?xml version="1.0" encoding="UTF-8"?>
<!-- Generated by org.testng.reporters.JUnitReportReporter -->
<testsuite ignored="0" hostname="fc3c13788461" failures="0" tests="4" name="org.artifactory.addon.nuget.NugetUtilsTest" time="5.026" errors="0" timestamp="25 Oct 2021 16:04:55 GMT" skipped="0">
  <testcase classname="org.artifactory.addon.nuget.NugetUtilsTest" name="testUpdateNextRefLinkWithNextLink" time="1.281"/>
  <testcase classname="org.artifactory.addon.nuget.NugetUtilsTest" name="testUpdateNextRefLinkWithoutNextLink" time="0.524"/>
  <testcase classname="org.artifactory.addon.nuget.NugetUtilsTest" name="getPackageMetadataPathTest" time="0.156"/>
  <testcase classname="org.artifactory.addon.nuget.NugetUtilsTest" name="testBuildSearchUrl" time="3.065"/>
</testsuite> <!-- org.artifactory.addon.nuget.NugetUtilsTest -->
