<?xml version="1.0" encoding="UTF-8"?>
<!-- Generated by org.testng.reporters.JUnitReportReporter -->
<testsuite ignored="0" hostname="fc3c13788461" failures="0" tests="10" name="org.artifactory.addon.filestore.multiple.StateAwareFileBinaryProviderImplTest" time="3.033" errors="0" timestamp="25 Oct 2021 16:05:38 GMT" skipped="0">
  <testcase classname="org.artifactory.addon.filestore.multiple.StateAwareFileBinaryProviderImplTest" name="testDelete" time="0.165"/>
  <testcase classname="org.artifactory.addon.filestore.multiple.StateAwareFileBinaryProviderImplTest" name="testMarkInactiveUponExceptionOnAddStream" time="0.406"/>
  <testcase classname="org.artifactory.addon.filestore.multiple.StateAwareFileBinaryProviderImplTest" name="testVerifyState" time="0.049"/>
  <testcase classname="org.artifactory.addon.filestore.multiple.StateAwareFileBinaryProviderImplTest" name="testThrowExceptionUponAddingToWriteDisabledShard" time="0.138"/>
  <testcase classname="org.artifactory.addon.filestore.multiple.StateAwareFileBinaryProviderImplTest" name="testDelete" time="2.152"/>
  <testcase classname="org.artifactory.addon.filestore.multiple.StateAwareFileBinaryProviderImplTest" name="testIsWriteActive" time="0.020"/>
  <testcase classname="org.artifactory.addon.filestore.multiple.StateAwareFileBinaryProviderImplTest" name="testMarkInactive" time="0.043"/>
  <testcase classname="org.artifactory.addon.filestore.multiple.StateAwareFileBinaryProviderImplTest" name="testDelete" time="0.020"/>
  <testcase classname="org.artifactory.addon.filestore.multiple.StateAwareFileBinaryProviderImplTest" name="testIsWriteActive" time="0.018"/>
  <testcase classname="org.artifactory.addon.filestore.multiple.StateAwareFileBinaryProviderImplTest" name="testVerifyState" time="0.022"/>
</testsuite> <!-- org.artifactory.addon.filestore.multiple.StateAwareFileBinaryProviderImplTest -->
