<?xml version="1.0" encoding="UTF-8"?>
<!-- Generated by org.testng.reporters.JUnitReportReporter -->
<testsuite ignored="0" hostname="fc3c13788461" failures="0" tests="2" name="org.artifactory.addon.chef.ChefHeadGetTest" time="13.346" errors="0" timestamp="25 Oct 2021 16:06:43 GMT" skipped="0">
  <testcase classname="org.artifactory.addon.chef.ChefHeadGetTest" name="testDownloadCookbookVersion" time="13.328"/>
  <testcase classname="org.artifactory.addon.chef.ChefHeadGetTest" name="testDownloadCookbookVersion" time="0.018"/>
</testsuite> <!-- org.artifactory.addon.chef.ChefHeadGetTest -->
