<?xml version="1.0" encoding="UTF-8"?>
<!-- Generated by org.testng.reporters.JUnitReportReporter -->
<testsuite ignored="1" hostname="fc3c13788461" failures="0" tests="16" name="org.artifactory.addon.docker.repomd.DockerPackageWorkContextTest" time="1.669" errors="0" timestamp="25 Oct 2021 16:05:04 GMT" skipped="0">
  <testcase classname="org.artifactory.addon.docker.repomd.DockerPackageWorkContextTest" name="testSearchBlobGloballyNotExists" time="0.081"/>
  <testcase classname="org.artifactory.addon.docker.repomd.DockerPackageWorkContextTest" name="searchBlobByNameWithFallbackTest" time="0.050"/>
  <testcase classname="org.artifactory.addon.docker.repomd.DockerPackageWorkContextTest" name="getBlobWithFilterMissingOnFederationBinary" time="0.112"/>
  <testcase classname="org.artifactory.addon.docker.repomd.DockerPackageWorkContextTest" name="getBlobWithReadAccessOnTempPathTest" time="0.011"/>
  <testcase classname="org.artifactory.addon.docker.repomd.DockerPackageWorkContextTest" name="pushByBlobExistenceCheckEnabledByDefaultTest" time="0.013"/>
  <testcase classname="org.artifactory.addon.docker.repomd.DockerPackageWorkContextTest" name="findBlobGloballyByBlobSha2Test" time="0.026"/>
  <testcase classname="org.artifactory.addon.docker.repomd.DockerPackageWorkContextTest" name="pushByBlobExistenceCheckDisabledBySysPropTest" time="0.043"/>
  <testcase classname="org.artifactory.addon.docker.repomd.DockerPackageWorkContextTest" name="searchBlobBySha2WithFallbackTest" time="0.423"/>
  <testcase classname="org.artifactory.addon.docker.repomd.DockerPackageWorkContextTest" name="getBlobWithReadAccessTest" time="0.036"/>
  <testcase classname="org.artifactory.addon.docker.repomd.DockerPackageWorkContextTest" name="testSearchBlobGloballyExists" time="0.184"/>
  <testcase classname="org.artifactory.addon.docker.repomd.DockerPackageWorkContextTest" name="findBlobGloballyByBlobNameTest" time="0.550"/>
  <testcase classname="org.artifactory.addon.docker.repomd.DockerPackageWorkContextTest" name="findDockerRepositoriesWithReadAccessTest" time="0.024"/>
  <testcase classname="org.artifactory.addon.docker.repomd.DockerPackageWorkContextTest" name="findDockerRepositoriesWithReadAccessTestAllNotDocker" time="0.013"/>
  <testcase classname="org.artifactory.addon.docker.repomd.DockerPackageWorkContextTest" name="testSearchBlobGloballyNonFederatedRepo" time="0.039"/>
  <testcase classname="org.artifactory.addon.docker.repomd.DockerPackageWorkContextTest" name="getBlobWithReadAccessMissingPermissionsTest" time="0.014"/>
  <testcase classname="org.artifactory.addon.docker.repomd.DockerPackageWorkContextTest" name="testSearchBlobGloballyNoBinary" time="0.050"/>
  <testcase classname="org.artifactory.addon.docker.indexer.CatalogIndexWorkItemTest" name="testDupWorkItemsHandledOnlyOnceMultithreaded">
    <skipped/>
  </testcase> <!-- testDupWorkItemsHandledOnlyOnceMultithreaded -->
</testsuite> <!-- org.artifactory.addon.docker.repomd.DockerPackageWorkContextTest -->
