<?xml version="1.0" encoding="UTF-8"?>
<!-- Generated by org.testng.reporters.JUnitReportReporter -->
<testsuite ignored="0" hostname="fc3c13788461" failures="0" tests="11" name="org.artifactory.addon.retention.core.task.ArchiveDeployRunnableTest" time="17.229" errors="0" timestamp="25 Oct 2021 16:10:44 GMT" skipped="0">
  <testcase classname="org.artifactory.addon.retention.core.task.ArchiveDeployRunnableTest" name="testDeployWithProperties" time="0.063"/>
  <testcase classname="org.artifactory.addon.retention.core.task.ArchiveDeployRunnableTest" name="unexpectedChecksumDeployResponseTest" time="7.032"/>
  <testcase classname="org.artifactory.addon.retention.core.task.ArchiveDeployRunnableTest" name="testDeployWithProperties" time="0.084"/>
  <testcase classname="org.artifactory.addon.retention.core.task.ArchiveDeployRunnableTest" name="unexpectedChecksumDeployResponseTest" time="7.959"/>
  <testcase classname="org.artifactory.addon.retention.core.task.ArchiveDeployRunnableTest" name="undeployFileAfterSuccessfulChecksumDeployTest" time="0.409"/>
  <testcase classname="org.artifactory.addon.retention.core.task.ArchiveDeployRunnableTest" name="testDeployWithProperties" time="0.056"/>
  <testcase classname="org.artifactory.addon.retention.core.task.ArchiveDeployRunnableTest" name="unexpectedChecksumDeployResponseTest" time="0.722"/>
  <testcase classname="org.artifactory.addon.retention.core.task.ArchiveDeployRunnableTest" name="undeployFileWithSkipTrashcanConfigTest" time="0.130"/>
  <testcase classname="org.artifactory.addon.retention.core.task.ArchiveDeployRunnableTest" name="testDeployWithProperties" time="0.554"/>
  <testcase classname="org.artifactory.addon.retention.core.task.ArchiveDeployRunnableTest" name="unexpectedChecksumDeployResponseTest" time="0.117"/>
  <testcase classname="org.artifactory.addon.retention.core.task.ArchiveDeployRunnableTest" name="unexpectedChecksumDeployResponseTest" time="0.103"/>
</testsuite> <!-- org.artifactory.addon.retention.core.task.ArchiveDeployRunnableTest -->
