<?xml version="1.0" encoding="UTF-8"?>
<!-- Generated by org.testng.reporters.JUnitReportReporter -->
<testsuite ignored="0" hostname="fc3c13788461" failures="0" tests="20" name="org.artifactory.addon.replication.core.ReplicationAddonImplTest" time="3.774" errors="0" timestamp="25 Oct 2021 16:10:17 GMT" skipped="0">
  <testcase classname="org.artifactory.addon.replication.core.ReplicationAddonImplTest" name="testItemWithNoProperties" time="0.066"/>
  <testcase classname="org.artifactory.addon.replication.core.ReplicationAddonImplTest" name="testOfferLocalReplicationDeleteEvent" time="0.199"/>
  <testcase classname="org.artifactory.addon.replication.core.ReplicationAddonImplTest" name="testOfferLocalReplicationMetadataDeploymentEvent" time="0.033"/>
  <testcase classname="org.artifactory.addon.replication.core.ReplicationAddonImplTest" name="testStartRemote" time="0.050"/>
  <testcase classname="org.artifactory.addon.replication.core.ReplicationAddonImplTest" name="testErrorOnSync" time="0.026"/>
  <testcase classname="org.artifactory.addon.replication.core.ReplicationAddonImplTest" name="testValidLocalTargetInstance" time="1.240"/>
  <testcase classname="org.artifactory.addon.replication.core.ReplicationAddonImplTest" name="testValidRemoteTargetInstance" time="0.061"/>
  <testcase classname="org.artifactory.addon.replication.core.ReplicationAddonImplTest" name="testValidStartAndEndTime" time="0.022"/>
  <testcase classname="org.artifactory.addon.replication.core.ReplicationAddonImplTest" name="testOfferLocalReplicationDeploymentEvent" time="0.033"/>
  <testcase classname="org.artifactory.addon.replication.core.ReplicationAddonImplTest" name="testOfferLocalReplicationMkDirEvent" time="0.034"/>
  <testcase classname="org.artifactory.addon.replication.core.ReplicationAddonImplTest" name="testIsChildOf" time="0.076"/>
  <testcase classname="org.artifactory.addon.replication.core.ReplicationAddonImplTest" name="testCantStartLocal" time="0.351"/>
  <testcase classname="org.artifactory.addon.replication.core.ReplicationAddonImplTest" name="testItemWithEmptyProperties" time="0.044"/>
  <testcase classname="org.artifactory.addon.replication.core.ReplicationAddonImplTest" name="testStartLocal" time="1.170"/>
  <testcase classname="org.artifactory.addon.replication.core.ReplicationAddonImplTest" name="testValidStartTimeAndNoEndTime" time="0.030"/>
  <testcase classname="org.artifactory.addon.replication.core.ReplicationAddonImplTest" name="testValidEndTimeAndNoStartTime" time="0.055"/>
  <testcase classname="org.artifactory.addon.replication.core.ReplicationAddonImplTest" name="testEndTimeAndLaterStartTime" time="0.150"/>
  <testcase classname="org.artifactory.addon.replication.core.ReplicationAddonImplTest" name="testOfferLocalReplicationMetadataDeleteEvent" time="0.062"/>
  <testcase classname="org.artifactory.addon.replication.core.ReplicationAddonImplTest" name="testCantStartRemote" time="0.039"/>
  <testcase classname="org.artifactory.addon.replication.core.ReplicationAddonImplTest" name="testTargetRepoStatus" time="0.033"/>
</testsuite> <!-- org.artifactory.addon.replication.core.ReplicationAddonImplTest -->
