<?xml version="1.0" encoding="UTF-8"?>
<!-- Generated by org.testng.reporters.JUnitReportReporter -->
<testsuite ignored="0" hostname="fc3c13788461" failures="0" tests="6" name="org.artifactory.addon.xray.XrayServiceImplIndexingTest" time="4.595" errors="0" timestamp="25 Oct 2021 16:04:11 GMT" skipped="0">
  <testcase classname="org.artifactory.addon.xray.XrayServiceImplIndexingTest" name="testNoNeedToRemove" time="0.020"/>
  <testcase classname="org.artifactory.addon.xray.XrayServiceImplIndexingTest" name="testChangeStatusToUnIndexed" time="0.014"/>
  <testcase classname="org.artifactory.addon.xray.XrayServiceImplIndexingTest" name="testRemoved" time="0.023"/>
  <testcase classname="org.artifactory.addon.xray.XrayServiceImplIndexingTest" name="testChangeStatusToIndexed" time="0.026"/>
  <testcase classname="org.artifactory.addon.xray.XrayServiceImplIndexingTest" name="testUnchanged" time="0.009"/>
  <testcase classname="org.artifactory.addon.xray.XrayServiceImplIndexingTest" name="testAddNewItems" time="4.503"/>
</testsuite> <!-- org.artifactory.addon.xray.XrayServiceImplIndexingTest -->
