<?xml version="1.0" encoding="UTF-8"?>
<!-- Generated by org.testng.reporters.JUnitReportReporter -->
<testsuite ignored="0" hostname="fc3c13788461" failures="0" tests="3" name="org.artifactory.addon.xray.XrayScanBuildTest" time="0.547" errors="0" timestamp="25 Oct 2021 16:04:11 GMT" skipped="0">
  <testcase classname="org.artifactory.addon.xray.XrayScanBuildTest" name="testScanBuildWithNoLicense" time="0.001"/>
  <testcase classname="org.artifactory.addon.xray.XrayScanBuildTest" name="testScanBuildWithXrayNotEnable" time="0.000"/>
  <testcase classname="org.artifactory.addon.xray.XrayScanBuildTest" name="testScanBuild" time="0.546"/>
</testsuite> <!-- org.artifactory.addon.xray.XrayScanBuildTest -->
