<?xml version="1.0" encoding="UTF-8"?>
<!-- Generated by org.testng.reporters.JUnitReportReporter -->
<testsuite ignored="0" hostname="fc3c13788461" failures="0" tests="6" name="org.artifactory.addon.sso.saml.SamlSecurityAttackTests" time="5.461" errors="0" timestamp="25 Oct 2021 16:08:17 GMT" skipped="0">
  <testcase classname="org.artifactory.addon.sso.saml.SamlSecurityAttackTests" name="attack7" time="0.451"/>
  <testcase classname="org.artifactory.addon.sso.saml.SamlSecurityAttackTests" name="attack5" time="0.353"/>
  <testcase classname="org.artifactory.addon.sso.saml.SamlSecurityAttackTests" name="attack6" time="0.359"/>
  <testcase classname="org.artifactory.addon.sso.saml.SamlSecurityAttackTests" name="attack4" time="0.609"/>
  <testcase classname="org.artifactory.addon.sso.saml.SamlSecurityAttackTests" name="attack8" time="0.497"/>
  <testcase classname="org.artifactory.addon.sso.saml.SamlSecurityAttackTests" name="attack3" time="3.192"/>
</testsuite> <!-- org.artifactory.addon.sso.saml.SamlSecurityAttackTests -->
