<?xml version="1.0" encoding="UTF-8"?>
<!-- Generated by org.testng.reporters.JUnitReportReporter -->
<testsuite ignored="1" hostname="fc3c13788461" failures="0" tests="5" name="org.artifactory.addon.docker.DockerAddonImplTest" time="0.206" errors="0" timestamp="25 Oct 2021 16:05:04 GMT" skipped="0">
  <testcase classname="org.artifactory.addon.docker.DockerAddonImplTest" name="testCleanupWithAsync" time="0.008"/>
  <testcase classname="org.artifactory.addon.docker.DockerAddonImplTest" name="testCleanupWithSync" time="0.032"/>
  <testcase classname="org.artifactory.addon.docker.DockerAddonImplTest" name="testFindArtifactsInTempFoldersNumberOfResultsLowerThanChunkSize" time="0.031"/>
  <testcase classname="org.artifactory.addon.docker.DockerAddonImplTest" name="testFindArtifactsInTempFoldersNumberOfResultsEqualsToChunkSize" time="0.110"/>
  <testcase classname="org.artifactory.addon.docker.DockerAddonImplTest" name="testFindArtifactsInTempFoldersNumberOfResultsHigherEqualsToChunkSizeMultipleTimes" time="0.025"/>
  <testcase classname="org.artifactory.addon.docker.indexer.CatalogIndexWorkItemTest" name="testDupWorkItemsHandledOnlyOnceMultithreaded">
    <skipped/>
  </testcase> <!-- testDupWorkItemsHandledOnlyOnceMultithreaded -->
</testsuite> <!-- org.artifactory.addon.docker.DockerAddonImplTest -->
