<?xml version="1.0" encoding="UTF-8"?>
<!-- Generated by org.testng.reporters.JUnitReportReporter -->
<testsuite ignored="0" hostname="fc3c13788461" failures="0" tests="2" name="org.artifactory.addon.puppet.repo.PuppetIndexCheckerTest" time="0.045" errors="0" timestamp="25 Oct 2021 16:06:14 GMT" skipped="0">
  <testcase classname="org.artifactory.addon.puppet.repo.PuppetIndexCheckerTest" name="testIsMetadata" time="0.030"/>
  <testcase classname="org.artifactory.addon.puppet.repo.PuppetIndexCheckerTest" name="testShouldExcludePropertyOnReplication" time="0.015"/>
</testsuite> <!-- org.artifactory.addon.puppet.repo.PuppetIndexCheckerTest -->
