<?xml version="1.0" encoding="UTF-8"?>
<!-- Generated by org.testng.reporters.JUnitReportReporter -->
<testsuite ignored="0" hostname="fc3c13788461" failures="0" tests="6" name="org.artifactory.addon.retention.core.validator.ArtifactRetentionLicenseValidatorTest" time="5.777" errors="0" timestamp="25 Oct 2021 16:10:40 GMT" skipped="0">
  <testcase classname="org.artifactory.addon.retention.core.validator.ArtifactRetentionLicenseValidatorTest" name="testValidateWarmAndColdLicensesDifferFalse" time="0.040"/>
  <testcase classname="org.artifactory.addon.retention.core.validator.ArtifactRetentionLicenseValidatorTest" name="testIsWarmAndColdLicensesDifferIOExceptionFailsOperation" time="0.021"/>
  <testcase classname="org.artifactory.addon.retention.core.validator.ArtifactRetentionLicenseValidatorTest" name="testColdInstanceMissingLicenseHash" time="3.908"/>
  <testcase classname="org.artifactory.addon.retention.core.validator.ArtifactRetentionLicenseValidatorTest" name="testIsWarmAndColdLicensesDifferGetVersionRequestFails" time="1.242"/>
  <testcase classname="org.artifactory.addon.retention.core.validator.ArtifactRetentionLicenseValidatorTest" name="testIsWarmAndColdLicensesDifferTrue" time="0.008"/>
  <testcase classname="org.artifactory.addon.retention.core.validator.ArtifactRetentionLicenseValidatorTest" name="testColdInstanceUnderMinRequiredVersion" time="0.558"/>
</testsuite> <!-- org.artifactory.addon.retention.core.validator.ArtifactRetentionLicenseValidatorTest -->
