<?xml version="1.0" encoding="UTF-8"?>
<!-- Generated by org.testng.reporters.JUnitReportReporter -->
<testsuite ignored="0" hostname="fc3c13788461" failures="0" tests="3" name="org.artifactory.addon.federated.binary.PersistedTaskQueueTest" time="3.936" errors="0" timestamp="25 Oct 2021 16:11:02 GMT" skipped="0">
  <testcase classname="org.artifactory.addon.federated.binary.PersistedTaskQueueTest" name="insertRemoveTest" time="0.001"/>
  <testcase classname="org.artifactory.addon.federated.binary.PersistedTaskQueueTest" name="sequentialPoll" time="0.040"/>
  <testcase classname="org.artifactory.addon.federated.binary.PersistedTaskQueueTest" name="blocking" time="3.895"/>
</testsuite> <!-- org.artifactory.addon.federated.binary.PersistedTaskQueueTest -->
