<?xml version="1.0" encoding="UTF-8"?>
<!-- Generated by org.testng.reporters.JUnitReportReporter -->
<testsuite ignored="0" hostname="fc3c13788461" failures="0" tests="4" name="org.artifactory.addon.bower.util.BowerRemoteRepoProviderTest" time="1.267" errors="0" timestamp="25 Oct 2021 16:10:40 GMT" skipped="0">
  <testcase classname="org.artifactory.addon.bower.util.BowerRemoteRepoProviderTest" name="testGithub" time="0.084"/>
  <testcase classname="org.artifactory.addon.bower.util.BowerRemoteRepoProviderTest" name="testArtifactory" time="1.136"/>
  <testcase classname="org.artifactory.addon.bower.util.BowerRemoteRepoProviderTest" name="testBitbucket" time="0.008"/>
  <testcase classname="org.artifactory.addon.bower.util.BowerRemoteRepoProviderTest" name="testRandomStuff" time="0.039"/>
</testsuite> <!-- org.artifactory.addon.bower.util.BowerRemoteRepoProviderTest -->
