<?xml version="1.0" encoding="UTF-8"?>
<!-- Generated by org.testng.reporters.JUnitReportReporter -->
<testsuite ignored="0" hostname="fc3c13788461" failures="0" tests="2" name="org.artifactory.p2.P2IndexCheckerTest" time="0.858" errors="0" timestamp="25 Oct 2021 16:03:58 GMT" skipped="0">
  <testcase classname="org.artifactory.p2.P2IndexCheckerTest" name="testIsExpirable" time="0.858"/>
  <testcase classname="org.artifactory.p2.P2IndexCheckerTest" name="testIsExpirableOnNoP2Supported" time="0.000"/>
</testsuite> <!-- org.artifactory.p2.P2IndexCheckerTest -->
