<?xml version="1.0" encoding="UTF-8"?>
<!-- Generated by org.testng.reporters.JUnitReportReporter -->
<testsuite ignored="0" hostname="fc3c13788461" failures="0" tests="5" name="org.artifactory.addon.jfevent.interceptor.JfEventBuildInterceptorTest" time="6.922" errors="0" timestamp="25 Oct 2021 16:08:50 GMT" skipped="0">
  <testcase classname="org.artifactory.addon.jfevent.interceptor.JfEventBuildInterceptorTest" name="shouldSendUploadedEventForValidBuildFile" time="5.397"/>
  <testcase classname="org.artifactory.addon.jfevent.interceptor.JfEventBuildInterceptorTest" name="shouldNotSendDeletedEventForWhenAvoidBuildDeleteEnabled" time="0.016"/>
  <testcase classname="org.artifactory.addon.jfevent.interceptor.JfEventBuildInterceptorTest" name="shouldNotSendEventForNotBuildJsonFile" time="0.080"/>
  <testcase classname="org.artifactory.addon.jfevent.interceptor.JfEventBuildInterceptorTest" name="shouldSendDeletedEventForValidBuildFile" time="0.709"/>
  <testcase classname="org.artifactory.addon.jfevent.interceptor.JfEventBuildInterceptorTest" name="shouldNotSendDeleteEventForNotJsonFile" time="0.720"/>
</testsuite> <!-- org.artifactory.addon.jfevent.interceptor.JfEventBuildInterceptorTest -->
