<?xml version="1.0" encoding="UTF-8"?>
<!-- Generated by org.testng.reporters.JUnitReportReporter -->
<testsuite ignored="0" hostname="fc3c13788461" failures="0" tests="10" name="org.artifactory.addon.filestore.type.s3.S3AwsBinaryProviderTest" time="7.246" errors="0" timestamp="25 Oct 2021 16:05:55 GMT" skipped="0">
  <testcase classname="org.artifactory.addon.filestore.type.s3.S3AwsBinaryProviderTest" name="testAddStreamWithStream" time="0.138"/>
  <testcase classname="org.artifactory.addon.filestore.type.s3.S3AwsBinaryProviderTest" name="supportsRedirection" time="0.108"/>
  <testcase classname="org.artifactory.addon.filestore.type.s3.S3AwsBinaryProviderTest" name="testAddStreamWithFile" time="0.148"/>
  <testcase classname="org.artifactory.addon.filestore.type.s3.S3AwsBinaryProviderTest" name="testDelete" time="0.254"/>
  <testcase classname="org.artifactory.addon.filestore.type.s3.S3AwsBinaryProviderTest" name="testSkipContentDispositionHeader" time="0.372"/>
  <testcase classname="org.artifactory.addon.filestore.type.s3.S3AwsBinaryProviderTest" name="testCanGenerateRedirection" time="0.095"/>
  <testcase classname="org.artifactory.addon.filestore.type.s3.S3AwsBinaryProviderTest" name="testDeleteWithException" time="1.338"/>
  <testcase classname="org.artifactory.addon.filestore.type.s3.S3AwsBinaryProviderTest" name="getStream" time="1.201"/>
  <testcase classname="org.artifactory.addon.filestore.type.s3.S3AwsBinaryProviderTest" name="testAddStreamWithStreamNoLength" time="0.240"/>
  <testcase classname="org.artifactory.addon.filestore.type.s3.S3AwsBinaryProviderTest" name="testAddStreamWithZeroLengthContent" time="3.352"/>
</testsuite> <!-- org.artifactory.addon.filestore.type.s3.S3AwsBinaryProviderTest -->
