<?xml version="1.0" encoding="UTF-8"?>
<!-- Generated by org.testng.reporters.JUnitReportReporter -->
<testsuite ignored="0" hostname="fc3c13788461" failures="0" tests="2" name="org.artifactory.addon.projects.job.SyncRepositoriesWithAccessJobTest" time="2.842" errors="0" timestamp="25 Oct 2021 16:04:17 GMT" skipped="0">
  <testcase classname="org.artifactory.addon.projects.job.SyncRepositoriesWithAccessJobTest" name="syncRemoteReposRemoveDashCache" time="0.009"/>
  <testcase classname="org.artifactory.addon.projects.job.SyncRepositoriesWithAccessJobTest" name="syncLocalRepos" time="2.833"/>
</testsuite> <!-- org.artifactory.addon.projects.job.SyncRepositoriesWithAccessJobTest -->
