<?xml version="1.0" encoding="UTF-8"?>
<!-- Generated by org.testng.reporters.JUnitReportReporter -->
<testsuite ignored="0" hostname="fc3c13788461" failures="0" tests="14" name="org.artifactory.addon.ArtifactoryLicensePoolTest" time="12.255" errors="0" timestamp="25 Oct 2021 16:03:16 GMT" skipped="0">
  <testcase classname="org.artifactory.addon.ArtifactoryLicensePoolTest" name="proPoolAddLicenseTest" time="0.011"/>
  <testcase classname="org.artifactory.addon.ArtifactoryLicensePoolTest" name="proPoolAddLicenseWhenLicenseExistTest" time="0.009"/>
  <testcase classname="org.artifactory.addon.ArtifactoryLicensePoolTest" name="proPoolHasChangeTest" time="2.208"/>
  <testcase classname="org.artifactory.addon.ArtifactoryLicensePoolTest" name="proPoolGetLicenseFromEmptyPoolTest" time="0.008"/>
  <testcase classname="org.artifactory.addon.ArtifactoryLicensePoolTest" name="clusterPoolHasChangeTest" time="2.279"/>
  <testcase classname="org.artifactory.addon.ArtifactoryLicensePoolTest" name="clusterPoolGetLicenseFromEmptyPoolTest" time="0.007"/>
  <testcase classname="org.artifactory.addon.ArtifactoryLicensePoolTest" name="proPoolAddLicenseWhenLicenseExistTest" time="0.709"/>
  <testcase classname="org.artifactory.addon.ArtifactoryLicensePoolTest" name="poolHasChangeMethodWhenLicenseFileExistTest" time="2.232"/>
  <testcase classname="org.artifactory.addon.ArtifactoryLicensePoolTest" name="clusterPoolDeleteLicenseTest" time="0.080"/>
  <testcase classname="org.artifactory.addon.ArtifactoryLicensePoolTest" name="proPoolDeleteLicenseTest" time="0.006"/>
  <testcase classname="org.artifactory.addon.ArtifactoryLicensePoolTest" name="proPoolAddLicenseWhenLicenseExistTest" time="0.018"/>
  <testcase classname="org.artifactory.addon.ArtifactoryLicensePoolTest" name="clusterPoolAddLicenseTest" time="0.257"/>
  <testcase classname="org.artifactory.addon.ArtifactoryLicensePoolTest" name="poolHasChangeMethodWhenLicenseFileExistTest" time="2.223"/>
  <testcase classname="org.artifactory.addon.ArtifactoryLicensePoolTest" name="poolHasChangeMethodWhenLicenseFileExistTest" time="2.208"/>
</testsuite> <!-- org.artifactory.addon.ArtifactoryLicensePoolTest -->
