<?xml version="1.0" encoding="UTF-8"?>
<!-- Generated by org.testng.reporters.JUnitReportReporter -->
<testsuite ignored="0" hostname="fc3c13788461" failures="0" tests="5" name="org.artifactory.addon.rest.CopyMoveHelperTest" time="0.574" errors="0" timestamp="25 Oct 2021 16:08:03 GMT" skipped="0">
  <testcase classname="org.artifactory.addon.rest.CopyMoveHelperTest" name="testResponseFromMoveCopyResultMultipleErrorsLastNot413Return413Case" time="0.020"/>
  <testcase classname="org.artifactory.addon.rest.CopyMoveHelperTest" name="testResponseFromMoveCopyResult200Case" time="0.518"/>
  <testcase classname="org.artifactory.addon.rest.CopyMoveHelperTest" name="testResponseFromMoveCopyResult409Case" time="0.006"/>
  <testcase classname="org.artifactory.addon.rest.CopyMoveHelperTest" name="testResponseFromMoveCopyResultSingleErrorReturn413Case" time="0.012"/>
  <testcase classname="org.artifactory.addon.rest.CopyMoveHelperTest" name="testResponseFromMoveCopyResultMultipleErrorsLast413Return413Case" time="0.018"/>
</testsuite> <!-- org.artifactory.addon.rest.CopyMoveHelperTest -->
