<?xml version="1.0" encoding="UTF-8"?>
<!-- Generated by org.testng.reporters.JUnitReportReporter -->
<testsuite ignored="0" hostname="fc3c13788461" failures="0" tests="2" name="org.artifactory.addon.retention.core.service.ArtifactoryRetentionTokenProviderTest" time="5.664" errors="0" timestamp="25 Oct 2021 16:10:41 GMT" skipped="0">
  <testcase classname="org.artifactory.addon.retention.core.service.ArtifactoryRetentionTokenProviderTest" name="provideTokenWhenCacheIsEmpty" time="5.076"/>
  <testcase classname="org.artifactory.addon.retention.core.service.ArtifactoryRetentionTokenProviderTest" name="provideTokenWhenCacheIsEmpty" time="0.588"/>
</testsuite> <!-- org.artifactory.addon.retention.core.service.ArtifactoryRetentionTokenProviderTest -->
