<?xml version="1.0" encoding="UTF-8"?>
<!-- Generated by org.testng.reporters.JUnitReportReporter -->
<testsuite ignored="0" hostname="fc3c13788461" failures="0" tests="1" name="org.artifactory.addon.filestore.type.jets3t.s3.AWSEC2IAMSessionCredentialsNewTest" time="7.964" errors="0" timestamp="25 Oct 2021 16:05:45 GMT" skipped="0">
  <testcase classname="org.artifactory.addon.filestore.type.jets3t.s3.AWSEC2IAMSessionCredentialsNewTest" name="testRefreshCredentialsWorksWithCustomUrl" time="7.964"/>
</testsuite> <!-- org.artifactory.addon.filestore.type.jets3t.s3.AWSEC2IAMSessionCredentialsNewTest -->
